[2025-07-30T00:21:20.739+0000] {processor.py:161} INFO - Started process (PID=34235) to work on /home/azureuser/.pyenv/versions/3.11.9/envs/airflow-venv/lib/python3.11/site-packages/airflow/example_dags/example_latest_only_with_trigger.py
[2025-07-30T00:21:20.740+0000] {processor.py:830} INFO - Processing file /home/azureuser/.pyenv/versions/3.11.9/envs/airflow-venv/lib/python3.11/site-packages/airflow/example_dags/example_latest_only_with_trigger.py for tasks to queue
[2025-07-30T00:21:20.741+0000] {logging_mixin.py:188} INFO - [2025-07-30T00:21:20.740+0000] {dagbag.py:538} INFO - Filling up the DagBag from /home/azureuser/.pyenv/versions/3.11.9/envs/airflow-venv/lib/python3.11/site-packages/airflow/example_dags/example_latest_only_with_trigger.py
[2025-07-30T00:21:20.750+0000] {processor.py:840} INFO - DAG(s) 'latest_only_with_trigger' retrieved from /home/azureuser/.pyenv/versions/3.11.9/envs/airflow-venv/lib/python3.11/site-packages/airflow/example_dags/example_latest_only_with_trigger.py
[2025-07-30T00:21:20.913+0000] {logging_mixin.py:188} INFO - [2025-07-30T00:21:20.913+0000] {override.py:1769} INFO - Created Permission View: can delete on DAG:latest_only_with_trigger
[2025-07-30T00:21:20.944+0000] {logging_mixin.py:188} INFO - [2025-07-30T00:21:20.943+0000] {override.py:1769} INFO - Created Permission View: can read on DAG:latest_only_with_trigger
[2025-07-30T00:21:20.966+0000] {logging_mixin.py:188} INFO - [2025-07-30T00:21:20.966+0000] {override.py:1769} INFO - Created Permission View: can edit on DAG:latest_only_with_trigger
[2025-07-30T00:21:20.967+0000] {logging_mixin.py:188} INFO - [2025-07-30T00:21:20.967+0000] {dag.py:3036} INFO - Sync 1 DAGs
[2025-07-30T00:21:20.982+0000] {logging_mixin.py:188} INFO - [2025-07-30T00:21:20.982+0000] {dag.py:3058} INFO - Creating ORM DAG for latest_only_with_trigger
[2025-07-30T00:21:20.992+0000] {logging_mixin.py:188} INFO - [2025-07-30T00:21:20.992+0000] {dag.py:3823} INFO - Setting next_dagrun for latest_only_with_trigger to 2025-07-29 20:00:00+00:00, run_after=2025-07-30 00:00:00+00:00
[2025-07-30T00:21:21.028+0000] {processor.py:183} INFO - Processing /home/azureuser/.pyenv/versions/3.11.9/envs/airflow-venv/lib/python3.11/site-packages/airflow/example_dags/example_latest_only_with_trigger.py took 0.293 seconds
[2025-07-30T00:22:14.890+0000] {processor.py:161} INFO - Started process (PID=34320) to work on /home/azureuser/.pyenv/versions/3.11.9/envs/airflow-venv/lib/python3.11/site-packages/airflow/example_dags/example_latest_only_with_trigger.py
[2025-07-30T00:22:14.892+0000] {processor.py:830} INFO - Processing file /home/azureuser/.pyenv/versions/3.11.9/envs/airflow-venv/lib/python3.11/site-packages/airflow/example_dags/example_latest_only_with_trigger.py for tasks to queue
[2025-07-30T00:22:14.893+0000] {logging_mixin.py:188} INFO - [2025-07-30T00:22:14.892+0000] {dagbag.py:538} INFO - Filling up the DagBag from /home/azureuser/.pyenv/versions/3.11.9/envs/airflow-venv/lib/python3.11/site-packages/airflow/example_dags/example_latest_only_with_trigger.py
[2025-07-30T00:22:14.902+0000] {processor.py:840} INFO - DAG(s) 'latest_only_with_trigger' retrieved from /home/azureuser/.pyenv/versions/3.11.9/envs/airflow-venv/lib/python3.11/site-packages/airflow/example_dags/example_latest_only_with_trigger.py
[2025-07-30T00:22:14.923+0000] {logging_mixin.py:188} INFO - [2025-07-30T00:22:14.922+0000] {dag.py:3036} INFO - Sync 1 DAGs
[2025-07-30T00:22:14.945+0000] {logging_mixin.py:188} INFO - [2025-07-30T00:22:14.945+0000] {dag.py:3823} INFO - Setting next_dagrun for latest_only_with_trigger to 2025-07-29 20:00:00+00:00, run_after=2025-07-30 00:00:00+00:00
[2025-07-30T00:22:14.985+0000] {processor.py:183} INFO - Processing /home/azureuser/.pyenv/versions/3.11.9/envs/airflow-venv/lib/python3.11/site-packages/airflow/example_dags/example_latest_only_with_trigger.py took 0.099 seconds
[2025-07-30T00:23:04.749+0000] {processor.py:161} INFO - Started process (PID=34390) to work on /home/azureuser/.pyenv/versions/3.11.9/envs/airflow-venv/lib/python3.11/site-packages/airflow/example_dags/example_latest_only_with_trigger.py
[2025-07-30T00:23:04.750+0000] {processor.py:830} INFO - Processing file /home/azureuser/.pyenv/versions/3.11.9/envs/airflow-venv/lib/python3.11/site-packages/airflow/example_dags/example_latest_only_with_trigger.py for tasks to queue
[2025-07-30T00:23:04.752+0000] {logging_mixin.py:188} INFO - [2025-07-30T00:23:04.751+0000] {dagbag.py:538} INFO - Filling up the DagBag from /home/azureuser/.pyenv/versions/3.11.9/envs/airflow-venv/lib/python3.11/site-packages/airflow/example_dags/example_latest_only_with_trigger.py
[2025-07-30T00:23:04.760+0000] {processor.py:840} INFO - DAG(s) 'latest_only_with_trigger' retrieved from /home/azureuser/.pyenv/versions/3.11.9/envs/airflow-venv/lib/python3.11/site-packages/airflow/example_dags/example_latest_only_with_trigger.py
[2025-07-30T00:23:04.789+0000] {logging_mixin.py:188} INFO - [2025-07-30T00:23:04.789+0000] {dag.py:3036} INFO - Sync 1 DAGs
[2025-07-30T00:23:04.813+0000] {logging_mixin.py:188} INFO - [2025-07-30T00:23:04.812+0000] {dag.py:3823} INFO - Setting next_dagrun for latest_only_with_trigger to 2025-07-29 20:00:00+00:00, run_after=2025-07-30 00:00:00+00:00
[2025-07-30T00:23:04.853+0000] {processor.py:183} INFO - Processing /home/azureuser/.pyenv/versions/3.11.9/envs/airflow-venv/lib/python3.11/site-packages/airflow/example_dags/example_latest_only_with_trigger.py took 0.108 seconds
[2025-07-30T00:24:05.197+0000] {processor.py:161} INFO - Started process (PID=34481) to work on /home/azureuser/.pyenv/versions/3.11.9/envs/airflow-venv/lib/python3.11/site-packages/airflow/example_dags/example_latest_only_with_trigger.py
[2025-07-30T00:24:05.199+0000] {processor.py:830} INFO - Processing file /home/azureuser/.pyenv/versions/3.11.9/envs/airflow-venv/lib/python3.11/site-packages/airflow/example_dags/example_latest_only_with_trigger.py for tasks to queue
[2025-07-30T00:24:05.200+0000] {logging_mixin.py:188} INFO - [2025-07-30T00:24:05.199+0000] {dagbag.py:538} INFO - Filling up the DagBag from /home/azureuser/.pyenv/versions/3.11.9/envs/airflow-venv/lib/python3.11/site-packages/airflow/example_dags/example_latest_only_with_trigger.py
[2025-07-30T00:24:05.210+0000] {processor.py:840} INFO - DAG(s) 'latest_only_with_trigger' retrieved from /home/azureuser/.pyenv/versions/3.11.9/envs/airflow-venv/lib/python3.11/site-packages/airflow/example_dags/example_latest_only_with_trigger.py
[2025-07-30T00:24:05.233+0000] {logging_mixin.py:188} INFO - [2025-07-30T00:24:05.232+0000] {dag.py:3036} INFO - Sync 1 DAGs
[2025-07-30T00:24:05.260+0000] {logging_mixin.py:188} INFO - [2025-07-30T00:24:05.259+0000] {dag.py:3823} INFO - Setting next_dagrun for latest_only_with_trigger to 2025-07-29 20:00:00+00:00, run_after=2025-07-30 00:00:00+00:00
[2025-07-30T00:24:05.506+0000] {processor.py:183} INFO - Processing /home/azureuser/.pyenv/versions/3.11.9/envs/airflow-venv/lib/python3.11/site-packages/airflow/example_dags/example_latest_only_with_trigger.py took 0.314 seconds
[2025-07-30T00:24:56.146+0000] {processor.py:161} INFO - Started process (PID=34551) to work on /home/azureuser/.pyenv/versions/3.11.9/envs/airflow-venv/lib/python3.11/site-packages/airflow/example_dags/example_latest_only_with_trigger.py
[2025-07-30T00:24:56.147+0000] {processor.py:830} INFO - Processing file /home/azureuser/.pyenv/versions/3.11.9/envs/airflow-venv/lib/python3.11/site-packages/airflow/example_dags/example_latest_only_with_trigger.py for tasks to queue
[2025-07-30T00:24:56.149+0000] {logging_mixin.py:188} INFO - [2025-07-30T00:24:56.148+0000] {dagbag.py:538} INFO - Filling up the DagBag from /home/azureuser/.pyenv/versions/3.11.9/envs/airflow-venv/lib/python3.11/site-packages/airflow/example_dags/example_latest_only_with_trigger.py
[2025-07-30T00:24:56.158+0000] {processor.py:840} INFO - DAG(s) 'latest_only_with_trigger' retrieved from /home/azureuser/.pyenv/versions/3.11.9/envs/airflow-venv/lib/python3.11/site-packages/airflow/example_dags/example_latest_only_with_trigger.py
[2025-07-30T00:24:56.182+0000] {logging_mixin.py:188} INFO - [2025-07-30T00:24:56.182+0000] {dag.py:3036} INFO - Sync 1 DAGs
[2025-07-30T00:24:56.209+0000] {logging_mixin.py:188} INFO - [2025-07-30T00:24:56.209+0000] {dag.py:3823} INFO - Setting next_dagrun for latest_only_with_trigger to 2025-07-29 20:00:00+00:00, run_after=2025-07-30 00:00:00+00:00
[2025-07-30T00:24:56.256+0000] {processor.py:183} INFO - Processing /home/azureuser/.pyenv/versions/3.11.9/envs/airflow-venv/lib/python3.11/site-packages/airflow/example_dags/example_latest_only_with_trigger.py took 0.115 seconds
[2025-07-30T00:25:41.753+0000] {processor.py:161} INFO - Started process (PID=34620) to work on /home/azureuser/.pyenv/versions/3.11.9/envs/airflow-venv/lib/python3.11/site-packages/airflow/example_dags/example_latest_only_with_trigger.py
[2025-07-30T00:25:41.754+0000] {processor.py:830} INFO - Processing file /home/azureuser/.pyenv/versions/3.11.9/envs/airflow-venv/lib/python3.11/site-packages/airflow/example_dags/example_latest_only_with_trigger.py for tasks to queue
[2025-07-30T00:25:41.756+0000] {logging_mixin.py:188} INFO - [2025-07-30T00:25:41.755+0000] {dagbag.py:538} INFO - Filling up the DagBag from /home/azureuser/.pyenv/versions/3.11.9/envs/airflow-venv/lib/python3.11/site-packages/airflow/example_dags/example_latest_only_with_trigger.py
[2025-07-30T00:25:41.765+0000] {processor.py:840} INFO - DAG(s) 'latest_only_with_trigger' retrieved from /home/azureuser/.pyenv/versions/3.11.9/envs/airflow-venv/lib/python3.11/site-packages/airflow/example_dags/example_latest_only_with_trigger.py
[2025-07-30T00:25:41.786+0000] {logging_mixin.py:188} INFO - [2025-07-30T00:25:41.786+0000] {dag.py:3036} INFO - Sync 1 DAGs
[2025-07-30T00:25:41.815+0000] {logging_mixin.py:188} INFO - [2025-07-30T00:25:41.815+0000] {dag.py:3823} INFO - Setting next_dagrun for latest_only_with_trigger to 2025-07-29 20:00:00+00:00, run_after=2025-07-30 00:00:00+00:00
[2025-07-30T00:25:41.856+0000] {processor.py:183} INFO - Processing /home/azureuser/.pyenv/versions/3.11.9/envs/airflow-venv/lib/python3.11/site-packages/airflow/example_dags/example_latest_only_with_trigger.py took 0.108 seconds
[2025-07-30T20:45:58.065+0000] {processor.py:161} INFO - Started process (PID=1354) to work on /home/azureuser/.pyenv/versions/3.11.9/envs/airflow-venv/lib/python3.11/site-packages/airflow/example_dags/example_latest_only_with_trigger.py
[2025-07-30T20:45:58.066+0000] {processor.py:830} INFO - Processing file /home/azureuser/.pyenv/versions/3.11.9/envs/airflow-venv/lib/python3.11/site-packages/airflow/example_dags/example_latest_only_with_trigger.py for tasks to queue
[2025-07-30T20:45:58.067+0000] {logging_mixin.py:188} INFO - [2025-07-30T20:45:58.067+0000] {dagbag.py:538} INFO - Filling up the DagBag from /home/azureuser/.pyenv/versions/3.11.9/envs/airflow-venv/lib/python3.11/site-packages/airflow/example_dags/example_latest_only_with_trigger.py
[2025-07-30T20:45:58.074+0000] {processor.py:840} INFO - DAG(s) 'latest_only_with_trigger' retrieved from /home/azureuser/.pyenv/versions/3.11.9/envs/airflow-venv/lib/python3.11/site-packages/airflow/example_dags/example_latest_only_with_trigger.py
[2025-07-30T20:45:58.177+0000] {logging_mixin.py:188} INFO - [2025-07-30T20:45:58.176+0000] {dag.py:3036} INFO - Sync 1 DAGs
[2025-07-30T20:45:58.193+0000] {logging_mixin.py:188} INFO - [2025-07-30T20:45:58.193+0000] {dag.py:3823} INFO - Setting next_dagrun for latest_only_with_trigger to 2025-07-30 16:00:00+00:00, run_after=2025-07-30 20:00:00+00:00
[2025-07-30T20:45:58.221+0000] {processor.py:183} INFO - Processing /home/azureuser/.pyenv/versions/3.11.9/envs/airflow-venv/lib/python3.11/site-packages/airflow/example_dags/example_latest_only_with_trigger.py took 0.160 seconds
[2025-07-30T20:46:46.587+0000] {processor.py:161} INFO - Started process (PID=1409) to work on /home/azureuser/.pyenv/versions/3.11.9/envs/airflow-venv/lib/python3.11/site-packages/airflow/example_dags/example_latest_only_with_trigger.py
[2025-07-30T20:46:46.588+0000] {processor.py:830} INFO - Processing file /home/azureuser/.pyenv/versions/3.11.9/envs/airflow-venv/lib/python3.11/site-packages/airflow/example_dags/example_latest_only_with_trigger.py for tasks to queue
[2025-07-30T20:46:46.589+0000] {logging_mixin.py:188} INFO - [2025-07-30T20:46:46.589+0000] {dagbag.py:538} INFO - Filling up the DagBag from /home/azureuser/.pyenv/versions/3.11.9/envs/airflow-venv/lib/python3.11/site-packages/airflow/example_dags/example_latest_only_with_trigger.py
[2025-07-30T20:46:46.597+0000] {processor.py:840} INFO - DAG(s) 'latest_only_with_trigger' retrieved from /home/azureuser/.pyenv/versions/3.11.9/envs/airflow-venv/lib/python3.11/site-packages/airflow/example_dags/example_latest_only_with_trigger.py
[2025-07-30T20:46:46.616+0000] {logging_mixin.py:188} INFO - [2025-07-30T20:46:46.616+0000] {dag.py:3036} INFO - Sync 1 DAGs
[2025-07-30T20:46:46.636+0000] {logging_mixin.py:188} INFO - [2025-07-30T20:46:46.636+0000] {dag.py:3823} INFO - Setting next_dagrun for latest_only_with_trigger to 2025-07-30 16:00:00+00:00, run_after=2025-07-30 20:00:00+00:00
[2025-07-30T20:46:46.662+0000] {processor.py:183} INFO - Processing /home/azureuser/.pyenv/versions/3.11.9/envs/airflow-venv/lib/python3.11/site-packages/airflow/example_dags/example_latest_only_with_trigger.py took 0.079 seconds
[2025-07-30T20:54:34.494+0000] {processor.py:161} INFO - Started process (PID=1513) to work on /home/azureuser/.pyenv/versions/3.11.9/envs/airflow-venv/lib/python3.11/site-packages/airflow/example_dags/example_latest_only_with_trigger.py
[2025-07-30T20:54:37.186+0000] {processor.py:830} INFO - Processing file /home/azureuser/.pyenv/versions/3.11.9/envs/airflow-venv/lib/python3.11/site-packages/airflow/example_dags/example_latest_only_with_trigger.py for tasks to queue
[2025-07-30T20:55:51.839+0000] {logging_mixin.py:188} INFO - [2025-07-30T20:55:07.334+0000] {dagbag.py:538} INFO - Filling up the DagBag from /home/azureuser/.pyenv/versions/3.11.9/envs/airflow-venv/lib/python3.11/site-packages/airflow/example_dags/example_latest_only_with_trigger.py
[2025-07-30T21:02:04.352+0000] {processor.py:840} INFO - DAG(s) 'latest_only_with_trigger' retrieved from /home/azureuser/.pyenv/versions/3.11.9/envs/airflow-venv/lib/python3.11/site-packages/airflow/example_dags/example_latest_only_with_trigger.py
[2025-07-30T21:02:08.898+0000] {logging_mixin.py:188} INFO - [2025-07-30T21:02:08.398+0000] {dag.py:3036} INFO - Sync 1 DAGs
[2025-07-30T21:03:02.991+0000] {logging_mixin.py:188} INFO - [2025-07-30T21:03:02.943+0000] {dag.py:3823} INFO - Setting next_dagrun for latest_only_with_trigger to 2025-07-30 16:00:00+00:00, run_after=2025-07-30 20:00:00+00:00
[2025-07-30T21:03:03.552+0000] {processor.py:183} INFO - Processing /home/azureuser/.pyenv/versions/3.11.9/envs/airflow-venv/lib/python3.11/site-packages/airflow/example_dags/example_latest_only_with_trigger.py took 509.158 seconds
[2025-07-30T21:04:04.764+0000] {processor.py:161} INFO - Started process (PID=1696) to work on /home/azureuser/.pyenv/versions/3.11.9/envs/airflow-venv/lib/python3.11/site-packages/airflow/example_dags/example_latest_only_with_trigger.py
[2025-07-30T21:04:04.765+0000] {processor.py:830} INFO - Processing file /home/azureuser/.pyenv/versions/3.11.9/envs/airflow-venv/lib/python3.11/site-packages/airflow/example_dags/example_latest_only_with_trigger.py for tasks to queue
[2025-07-30T21:04:04.767+0000] {logging_mixin.py:188} INFO - [2025-07-30T21:04:04.766+0000] {dagbag.py:538} INFO - Filling up the DagBag from /home/azureuser/.pyenv/versions/3.11.9/envs/airflow-venv/lib/python3.11/site-packages/airflow/example_dags/example_latest_only_with_trigger.py
[2025-07-30T21:04:04.776+0000] {processor.py:840} INFO - DAG(s) 'latest_only_with_trigger' retrieved from /home/azureuser/.pyenv/versions/3.11.9/envs/airflow-venv/lib/python3.11/site-packages/airflow/example_dags/example_latest_only_with_trigger.py
[2025-07-30T21:04:04.797+0000] {logging_mixin.py:188} INFO - [2025-07-30T21:04:04.797+0000] {dag.py:3036} INFO - Sync 1 DAGs
[2025-07-30T21:04:04.820+0000] {logging_mixin.py:188} INFO - [2025-07-30T21:04:04.820+0000] {dag.py:3823} INFO - Setting next_dagrun for latest_only_with_trigger to 2025-07-30 16:00:00+00:00, run_after=2025-07-30 20:00:00+00:00
[2025-07-30T21:04:05.079+0000] {processor.py:183} INFO - Processing /home/azureuser/.pyenv/versions/3.11.9/envs/airflow-venv/lib/python3.11/site-packages/airflow/example_dags/example_latest_only_with_trigger.py took 0.319 seconds
[2025-07-30T21:04:57.760+0000] {processor.py:161} INFO - Started process (PID=1741) to work on /home/azureuser/.pyenv/versions/3.11.9/envs/airflow-venv/lib/python3.11/site-packages/airflow/example_dags/example_latest_only_with_trigger.py
[2025-07-30T21:04:57.761+0000] {processor.py:830} INFO - Processing file /home/azureuser/.pyenv/versions/3.11.9/envs/airflow-venv/lib/python3.11/site-packages/airflow/example_dags/example_latest_only_with_trigger.py for tasks to queue
[2025-07-30T21:04:57.762+0000] {logging_mixin.py:188} INFO - [2025-07-30T21:04:57.761+0000] {dagbag.py:538} INFO - Filling up the DagBag from /home/azureuser/.pyenv/versions/3.11.9/envs/airflow-venv/lib/python3.11/site-packages/airflow/example_dags/example_latest_only_with_trigger.py
[2025-07-30T21:04:57.770+0000] {processor.py:840} INFO - DAG(s) 'latest_only_with_trigger' retrieved from /home/azureuser/.pyenv/versions/3.11.9/envs/airflow-venv/lib/python3.11/site-packages/airflow/example_dags/example_latest_only_with_trigger.py
[2025-07-30T21:04:57.792+0000] {logging_mixin.py:188} INFO - [2025-07-30T21:04:57.792+0000] {dag.py:3036} INFO - Sync 1 DAGs
[2025-07-30T21:04:57.818+0000] {logging_mixin.py:188} INFO - [2025-07-30T21:04:57.817+0000] {dag.py:3823} INFO - Setting next_dagrun for latest_only_with_trigger to 2025-07-30 16:00:00+00:00, run_after=2025-07-30 20:00:00+00:00
[2025-07-30T21:04:57.854+0000] {processor.py:183} INFO - Processing /home/azureuser/.pyenv/versions/3.11.9/envs/airflow-venv/lib/python3.11/site-packages/airflow/example_dags/example_latest_only_with_trigger.py took 0.098 seconds
[2025-07-30T21:05:41.537+0000] {processor.py:161} INFO - Started process (PID=1787) to work on /home/azureuser/.pyenv/versions/3.11.9/envs/airflow-venv/lib/python3.11/site-packages/airflow/example_dags/example_latest_only_with_trigger.py
[2025-07-30T21:05:41.539+0000] {processor.py:830} INFO - Processing file /home/azureuser/.pyenv/versions/3.11.9/envs/airflow-venv/lib/python3.11/site-packages/airflow/example_dags/example_latest_only_with_trigger.py for tasks to queue
[2025-07-30T21:05:41.541+0000] {logging_mixin.py:188} INFO - [2025-07-30T21:05:41.540+0000] {dagbag.py:538} INFO - Filling up the DagBag from /home/azureuser/.pyenv/versions/3.11.9/envs/airflow-venv/lib/python3.11/site-packages/airflow/example_dags/example_latest_only_with_trigger.py
[2025-07-30T21:05:41.549+0000] {processor.py:840} INFO - DAG(s) 'latest_only_with_trigger' retrieved from /home/azureuser/.pyenv/versions/3.11.9/envs/airflow-venv/lib/python3.11/site-packages/airflow/example_dags/example_latest_only_with_trigger.py
[2025-07-30T21:05:41.568+0000] {logging_mixin.py:188} INFO - [2025-07-30T21:05:41.568+0000] {dag.py:3036} INFO - Sync 1 DAGs
[2025-07-30T21:05:41.590+0000] {logging_mixin.py:188} INFO - [2025-07-30T21:05:41.590+0000] {dag.py:3823} INFO - Setting next_dagrun for latest_only_with_trigger to 2025-07-30 16:00:00+00:00, run_after=2025-07-30 20:00:00+00:00
[2025-07-30T21:05:41.620+0000] {processor.py:183} INFO - Processing /home/azureuser/.pyenv/versions/3.11.9/envs/airflow-venv/lib/python3.11/site-packages/airflow/example_dags/example_latest_only_with_trigger.py took 0.087 seconds
[2025-07-30T21:06:35.931+0000] {processor.py:161} INFO - Started process (PID=1842) to work on /home/azureuser/.pyenv/versions/3.11.9/envs/airflow-venv/lib/python3.11/site-packages/airflow/example_dags/example_latest_only_with_trigger.py
[2025-07-30T21:06:35.933+0000] {processor.py:830} INFO - Processing file /home/azureuser/.pyenv/versions/3.11.9/envs/airflow-venv/lib/python3.11/site-packages/airflow/example_dags/example_latest_only_with_trigger.py for tasks to queue
[2025-07-30T21:06:35.934+0000] {logging_mixin.py:188} INFO - [2025-07-30T21:06:35.934+0000] {dagbag.py:538} INFO - Filling up the DagBag from /home/azureuser/.pyenv/versions/3.11.9/envs/airflow-venv/lib/python3.11/site-packages/airflow/example_dags/example_latest_only_with_trigger.py
[2025-07-30T21:06:35.943+0000] {processor.py:840} INFO - DAG(s) 'latest_only_with_trigger' retrieved from /home/azureuser/.pyenv/versions/3.11.9/envs/airflow-venv/lib/python3.11/site-packages/airflow/example_dags/example_latest_only_with_trigger.py
[2025-07-30T21:06:35.962+0000] {logging_mixin.py:188} INFO - [2025-07-30T21:06:35.962+0000] {dag.py:3036} INFO - Sync 1 DAGs
[2025-07-30T21:06:35.984+0000] {logging_mixin.py:188} INFO - [2025-07-30T21:06:35.983+0000] {dag.py:3823} INFO - Setting next_dagrun for latest_only_with_trigger to 2025-07-30 16:00:00+00:00, run_after=2025-07-30 20:00:00+00:00
[2025-07-30T21:06:36.012+0000] {processor.py:183} INFO - Processing /home/azureuser/.pyenv/versions/3.11.9/envs/airflow-venv/lib/python3.11/site-packages/airflow/example_dags/example_latest_only_with_trigger.py took 0.085 seconds
