[2025-07-30T00:20:56.485+0000] {processor.py:161} INFO - Started process (PID=34137) to work on /home/azureuser/.pyenv/versions/3.11.9/envs/airflow-venv/lib/python3.11/site-packages/airflow/example_dags/example_xcomargs.py
[2025-07-30T00:20:56.487+0000] {processor.py:830} INFO - Processing file /home/azureuser/.pyenv/versions/3.11.9/envs/airflow-venv/lib/python3.11/site-packages/airflow/example_dags/example_xcomargs.py for tasks to queue
[2025-07-30T00:20:56.488+0000] {logging_mixin.py:188} INFO - [2025-07-30T00:20:56.487+0000] {dagbag.py:538} INFO - Filling up the DagBag from /home/azureuser/.pyenv/versions/3.11.9/envs/airflow-venv/lib/python3.11/site-packages/airflow/example_dags/example_xcomargs.py
[2025-07-30T00:20:56.504+0000] {processor.py:840} INFO - DAG(s) 'example_xcom_args_with_operators', 'example_xcom_args' retrieved from /home/azureuser/.pyenv/versions/3.11.9/envs/airflow-venv/lib/python3.11/site-packages/airflow/example_dags/example_xcomargs.py
[2025-07-30T00:20:56.665+0000] {logging_mixin.py:188} INFO - [2025-07-30T00:20:56.664+0000] {override.py:1769} INFO - Created Permission View: can delete on DAG:example_xcom_args_with_operators
[2025-07-30T00:20:56.696+0000] {logging_mixin.py:188} INFO - [2025-07-30T00:20:56.694+0000] {override.py:1769} INFO - Created Permission View: can read on DAG:example_xcom_args_with_operators
[2025-07-30T00:20:56.721+0000] {logging_mixin.py:188} INFO - [2025-07-30T00:20:56.720+0000] {override.py:1769} INFO - Created Permission View: can edit on DAG:example_xcom_args_with_operators
[2025-07-30T00:20:56.779+0000] {logging_mixin.py:188} INFO - [2025-07-30T00:20:56.778+0000] {override.py:1769} INFO - Created Permission View: can delete on DAG:example_xcom_args
[2025-07-30T00:20:56.802+0000] {logging_mixin.py:188} INFO - [2025-07-30T00:20:56.801+0000] {override.py:1769} INFO - Created Permission View: can read on DAG:example_xcom_args
[2025-07-30T00:20:56.825+0000] {logging_mixin.py:188} INFO - [2025-07-30T00:20:56.825+0000] {override.py:1769} INFO - Created Permission View: can edit on DAG:example_xcom_args
[2025-07-30T00:20:56.826+0000] {logging_mixin.py:188} INFO - [2025-07-30T00:20:56.826+0000] {dag.py:3036} INFO - Sync 2 DAGs
[2025-07-30T00:20:56.840+0000] {logging_mixin.py:188} INFO - [2025-07-30T00:20:56.839+0000] {dag.py:3058} INFO - Creating ORM DAG for example_xcom_args_with_operators
[2025-07-30T00:20:56.840+0000] {logging_mixin.py:188} INFO - [2025-07-30T00:20:56.840+0000] {dag.py:3058} INFO - Creating ORM DAG for example_xcom_args
[2025-07-30T00:20:56.841+0000] {logging_mixin.py:188} INFO - [2025-07-30T00:20:56.841+0000] {dag.py:3823} INFO - Setting next_dagrun for example_xcom_args to None, run_after=None
[2025-07-30T00:20:56.842+0000] {logging_mixin.py:188} INFO - [2025-07-30T00:20:56.842+0000] {dag.py:3823} INFO - Setting next_dagrun for example_xcom_args_with_operators to None, run_after=None
[2025-07-30T00:20:56.883+0000] {processor.py:183} INFO - Processing /home/azureuser/.pyenv/versions/3.11.9/envs/airflow-venv/lib/python3.11/site-packages/airflow/example_dags/example_xcomargs.py took 0.404 seconds
[2025-07-30T00:21:53.886+0000] {processor.py:161} INFO - Started process (PID=34285) to work on /home/azureuser/.pyenv/versions/3.11.9/envs/airflow-venv/lib/python3.11/site-packages/airflow/example_dags/example_xcomargs.py
[2025-07-30T00:21:53.888+0000] {processor.py:830} INFO - Processing file /home/azureuser/.pyenv/versions/3.11.9/envs/airflow-venv/lib/python3.11/site-packages/airflow/example_dags/example_xcomargs.py for tasks to queue
[2025-07-30T00:21:53.889+0000] {logging_mixin.py:188} INFO - [2025-07-30T00:21:53.888+0000] {dagbag.py:538} INFO - Filling up the DagBag from /home/azureuser/.pyenv/versions/3.11.9/envs/airflow-venv/lib/python3.11/site-packages/airflow/example_dags/example_xcomargs.py
[2025-07-30T00:21:53.901+0000] {processor.py:840} INFO - DAG(s) 'example_xcom_args_with_operators', 'example_xcom_args' retrieved from /home/azureuser/.pyenv/versions/3.11.9/envs/airflow-venv/lib/python3.11/site-packages/airflow/example_dags/example_xcomargs.py
[2025-07-30T00:21:53.924+0000] {logging_mixin.py:188} INFO - [2025-07-30T00:21:53.924+0000] {dag.py:3036} INFO - Sync 2 DAGs
[2025-07-30T00:21:53.937+0000] {logging_mixin.py:188} INFO - [2025-07-30T00:21:53.937+0000] {dag.py:3823} INFO - Setting next_dagrun for example_xcom_args to None, run_after=None
[2025-07-30T00:21:53.944+0000] {logging_mixin.py:188} INFO - [2025-07-30T00:21:53.944+0000] {dag.py:3823} INFO - Setting next_dagrun for example_xcom_args_with_operators to None, run_after=None
[2025-07-30T00:21:53.988+0000] {processor.py:183} INFO - Processing /home/azureuser/.pyenv/versions/3.11.9/envs/airflow-venv/lib/python3.11/site-packages/airflow/example_dags/example_xcomargs.py took 0.106 seconds
[2025-07-30T00:22:40.785+0000] {processor.py:161} INFO - Started process (PID=34356) to work on /home/azureuser/.pyenv/versions/3.11.9/envs/airflow-venv/lib/python3.11/site-packages/airflow/example_dags/example_xcomargs.py
[2025-07-30T00:22:40.787+0000] {processor.py:830} INFO - Processing file /home/azureuser/.pyenv/versions/3.11.9/envs/airflow-venv/lib/python3.11/site-packages/airflow/example_dags/example_xcomargs.py for tasks to queue
[2025-07-30T00:22:40.788+0000] {logging_mixin.py:188} INFO - [2025-07-30T00:22:40.787+0000] {dagbag.py:538} INFO - Filling up the DagBag from /home/azureuser/.pyenv/versions/3.11.9/envs/airflow-venv/lib/python3.11/site-packages/airflow/example_dags/example_xcomargs.py
[2025-07-30T00:22:40.800+0000] {processor.py:840} INFO - DAG(s) 'example_xcom_args_with_operators', 'example_xcom_args' retrieved from /home/azureuser/.pyenv/versions/3.11.9/envs/airflow-venv/lib/python3.11/site-packages/airflow/example_dags/example_xcomargs.py
[2025-07-30T00:22:40.824+0000] {logging_mixin.py:188} INFO - [2025-07-30T00:22:40.823+0000] {dag.py:3036} INFO - Sync 2 DAGs
[2025-07-30T00:22:40.838+0000] {logging_mixin.py:188} INFO - [2025-07-30T00:22:40.837+0000] {dag.py:3823} INFO - Setting next_dagrun for example_xcom_args to None, run_after=None
[2025-07-30T00:22:40.842+0000] {logging_mixin.py:188} INFO - [2025-07-30T00:22:40.841+0000] {dag.py:3823} INFO - Setting next_dagrun for example_xcom_args_with_operators to None, run_after=None
[2025-07-30T00:22:40.881+0000] {processor.py:183} INFO - Processing /home/azureuser/.pyenv/versions/3.11.9/envs/airflow-venv/lib/python3.11/site-packages/airflow/example_dags/example_xcomargs.py took 0.099 seconds
[2025-07-30T00:23:22.595+0000] {processor.py:161} INFO - Started process (PID=34415) to work on /home/azureuser/.pyenv/versions/3.11.9/envs/airflow-venv/lib/python3.11/site-packages/airflow/example_dags/example_xcomargs.py
[2025-07-30T00:23:22.596+0000] {processor.py:830} INFO - Processing file /home/azureuser/.pyenv/versions/3.11.9/envs/airflow-venv/lib/python3.11/site-packages/airflow/example_dags/example_xcomargs.py for tasks to queue
[2025-07-30T00:23:22.597+0000] {logging_mixin.py:188} INFO - [2025-07-30T00:23:22.597+0000] {dagbag.py:538} INFO - Filling up the DagBag from /home/azureuser/.pyenv/versions/3.11.9/envs/airflow-venv/lib/python3.11/site-packages/airflow/example_dags/example_xcomargs.py
[2025-07-30T00:23:22.609+0000] {processor.py:840} INFO - DAG(s) 'example_xcom_args', 'example_xcom_args_with_operators' retrieved from /home/azureuser/.pyenv/versions/3.11.9/envs/airflow-venv/lib/python3.11/site-packages/airflow/example_dags/example_xcomargs.py
[2025-07-30T00:23:22.633+0000] {logging_mixin.py:188} INFO - [2025-07-30T00:23:22.633+0000] {dag.py:3036} INFO - Sync 2 DAGs
[2025-07-30T00:23:22.648+0000] {logging_mixin.py:188} INFO - [2025-07-30T00:23:22.648+0000] {dag.py:3823} INFO - Setting next_dagrun for example_xcom_args to None, run_after=None
[2025-07-30T00:23:22.652+0000] {logging_mixin.py:188} INFO - [2025-07-30T00:23:22.651+0000] {dag.py:3823} INFO - Setting next_dagrun for example_xcom_args_with_operators to None, run_after=None
[2025-07-30T00:23:22.689+0000] {processor.py:183} INFO - Processing /home/azureuser/.pyenv/versions/3.11.9/envs/airflow-venv/lib/python3.11/site-packages/airflow/example_dags/example_xcomargs.py took 0.099 seconds
[2025-07-30T00:24:02.056+0000] {processor.py:161} INFO - Started process (PID=34477) to work on /home/azureuser/.pyenv/versions/3.11.9/envs/airflow-venv/lib/python3.11/site-packages/airflow/example_dags/example_xcomargs.py
[2025-07-30T00:24:02.058+0000] {processor.py:830} INFO - Processing file /home/azureuser/.pyenv/versions/3.11.9/envs/airflow-venv/lib/python3.11/site-packages/airflow/example_dags/example_xcomargs.py for tasks to queue
[2025-07-30T00:24:02.059+0000] {logging_mixin.py:188} INFO - [2025-07-30T00:24:02.058+0000] {dagbag.py:538} INFO - Filling up the DagBag from /home/azureuser/.pyenv/versions/3.11.9/envs/airflow-venv/lib/python3.11/site-packages/airflow/example_dags/example_xcomargs.py
[2025-07-30T00:24:02.073+0000] {processor.py:840} INFO - DAG(s) 'example_xcom_args_with_operators', 'example_xcom_args' retrieved from /home/azureuser/.pyenv/versions/3.11.9/envs/airflow-venv/lib/python3.11/site-packages/airflow/example_dags/example_xcomargs.py
[2025-07-30T00:24:02.098+0000] {logging_mixin.py:188} INFO - [2025-07-30T00:24:02.097+0000] {dag.py:3036} INFO - Sync 2 DAGs
[2025-07-30T00:24:02.113+0000] {logging_mixin.py:188} INFO - [2025-07-30T00:24:02.113+0000] {dag.py:3823} INFO - Setting next_dagrun for example_xcom_args to None, run_after=None
[2025-07-30T00:24:02.121+0000] {logging_mixin.py:188} INFO - [2025-07-30T00:24:02.121+0000] {dag.py:3823} INFO - Setting next_dagrun for example_xcom_args_with_operators to None, run_after=None
[2025-07-30T00:24:02.161+0000] {processor.py:183} INFO - Processing /home/azureuser/.pyenv/versions/3.11.9/envs/airflow-venv/lib/python3.11/site-packages/airflow/example_dags/example_xcomargs.py took 0.109 seconds
[2025-07-30T00:24:50.979+0000] {processor.py:161} INFO - Started process (PID=34538) to work on /home/azureuser/.pyenv/versions/3.11.9/envs/airflow-venv/lib/python3.11/site-packages/airflow/example_dags/example_xcomargs.py
[2025-07-30T00:24:50.981+0000] {processor.py:830} INFO - Processing file /home/azureuser/.pyenv/versions/3.11.9/envs/airflow-venv/lib/python3.11/site-packages/airflow/example_dags/example_xcomargs.py for tasks to queue
[2025-07-30T00:24:50.982+0000] {logging_mixin.py:188} INFO - [2025-07-30T00:24:50.981+0000] {dagbag.py:538} INFO - Filling up the DagBag from /home/azureuser/.pyenv/versions/3.11.9/envs/airflow-venv/lib/python3.11/site-packages/airflow/example_dags/example_xcomargs.py
[2025-07-30T00:24:51.158+0000] {processor.py:840} INFO - DAG(s) 'example_xcom_args_with_operators', 'example_xcom_args' retrieved from /home/azureuser/.pyenv/versions/3.11.9/envs/airflow-venv/lib/python3.11/site-packages/airflow/example_dags/example_xcomargs.py
[2025-07-30T00:24:51.174+0000] {logging_mixin.py:188} INFO - [2025-07-30T00:24:51.174+0000] {dag.py:3036} INFO - Sync 2 DAGs
[2025-07-30T00:24:51.186+0000] {logging_mixin.py:188} INFO - [2025-07-30T00:24:51.186+0000] {dag.py:3823} INFO - Setting next_dagrun for example_xcom_args to None, run_after=None
[2025-07-30T00:24:51.190+0000] {logging_mixin.py:188} INFO - [2025-07-30T00:24:51.189+0000] {dag.py:3823} INFO - Setting next_dagrun for example_xcom_args_with_operators to None, run_after=None
[2025-07-30T00:24:51.230+0000] {processor.py:183} INFO - Processing /home/azureuser/.pyenv/versions/3.11.9/envs/airflow-venv/lib/python3.11/site-packages/airflow/example_dags/example_xcomargs.py took 0.255 seconds
[2025-07-30T00:25:36.483+0000] {processor.py:161} INFO - Started process (PID=34613) to work on /home/azureuser/.pyenv/versions/3.11.9/envs/airflow-venv/lib/python3.11/site-packages/airflow/example_dags/example_xcomargs.py
[2025-07-30T00:25:36.485+0000] {processor.py:830} INFO - Processing file /home/azureuser/.pyenv/versions/3.11.9/envs/airflow-venv/lib/python3.11/site-packages/airflow/example_dags/example_xcomargs.py for tasks to queue
[2025-07-30T00:25:36.486+0000] {logging_mixin.py:188} INFO - [2025-07-30T00:25:36.485+0000] {dagbag.py:538} INFO - Filling up the DagBag from /home/azureuser/.pyenv/versions/3.11.9/envs/airflow-venv/lib/python3.11/site-packages/airflow/example_dags/example_xcomargs.py
[2025-07-30T00:25:36.498+0000] {processor.py:840} INFO - DAG(s) 'example_xcom_args', 'example_xcom_args_with_operators' retrieved from /home/azureuser/.pyenv/versions/3.11.9/envs/airflow-venv/lib/python3.11/site-packages/airflow/example_dags/example_xcomargs.py
[2025-07-30T00:25:36.522+0000] {logging_mixin.py:188} INFO - [2025-07-30T00:25:36.522+0000] {dag.py:3036} INFO - Sync 2 DAGs
[2025-07-30T00:25:36.536+0000] {logging_mixin.py:188} INFO - [2025-07-30T00:25:36.535+0000] {dag.py:3823} INFO - Setting next_dagrun for example_xcom_args to None, run_after=None
[2025-07-30T00:25:36.540+0000] {logging_mixin.py:188} INFO - [2025-07-30T00:25:36.539+0000] {dag.py:3823} INFO - Setting next_dagrun for example_xcom_args_with_operators to None, run_after=None
[2025-07-30T00:25:36.581+0000] {processor.py:183} INFO - Processing /home/azureuser/.pyenv/versions/3.11.9/envs/airflow-venv/lib/python3.11/site-packages/airflow/example_dags/example_xcomargs.py took 0.102 seconds
[2025-07-30T00:26:23.256+0000] {processor.py:161} INFO - Started process (PID=34684) to work on /home/azureuser/.pyenv/versions/3.11.9/envs/airflow-venv/lib/python3.11/site-packages/airflow/example_dags/example_xcomargs.py
[2025-07-30T00:26:23.260+0000] {processor.py:830} INFO - Processing file /home/azureuser/.pyenv/versions/3.11.9/envs/airflow-venv/lib/python3.11/site-packages/airflow/example_dags/example_xcomargs.py for tasks to queue
[2025-07-30T00:26:23.264+0000] {logging_mixin.py:188} INFO - [2025-07-30T00:26:23.260+0000] {dagbag.py:538} INFO - Filling up the DagBag from /home/azureuser/.pyenv/versions/3.11.9/envs/airflow-venv/lib/python3.11/site-packages/airflow/example_dags/example_xcomargs.py
[2025-07-30T00:26:23.287+0000] {processor.py:840} INFO - DAG(s) 'example_xcom_args', 'example_xcom_args_with_operators' retrieved from /home/azureuser/.pyenv/versions/3.11.9/envs/airflow-venv/lib/python3.11/site-packages/airflow/example_dags/example_xcomargs.py
[2025-07-30T00:26:23.308+0000] {logging_mixin.py:188} INFO - [2025-07-30T00:26:23.308+0000] {dag.py:3036} INFO - Sync 2 DAGs
[2025-07-30T00:26:23.329+0000] {logging_mixin.py:188} INFO - [2025-07-30T00:26:23.329+0000] {dag.py:3823} INFO - Setting next_dagrun for example_xcom_args to None, run_after=None
[2025-07-30T00:26:23.333+0000] {logging_mixin.py:188} INFO - [2025-07-30T00:26:23.333+0000] {dag.py:3823} INFO - Setting next_dagrun for example_xcom_args_with_operators to None, run_after=None
[2025-07-30T00:26:23.370+0000] {processor.py:183} INFO - Processing /home/azureuser/.pyenv/versions/3.11.9/envs/airflow-venv/lib/python3.11/site-packages/airflow/example_dags/example_xcomargs.py took 0.122 seconds
[2025-07-30T20:45:37.046+0000] {processor.py:161} INFO - Started process (PID=1271) to work on /home/azureuser/.pyenv/versions/3.11.9/envs/airflow-venv/lib/python3.11/site-packages/airflow/example_dags/example_xcomargs.py
[2025-07-30T20:45:37.050+0000] {processor.py:830} INFO - Processing file /home/azureuser/.pyenv/versions/3.11.9/envs/airflow-venv/lib/python3.11/site-packages/airflow/example_dags/example_xcomargs.py for tasks to queue
[2025-07-30T20:45:37.051+0000] {logging_mixin.py:188} INFO - [2025-07-30T20:45:37.050+0000] {dagbag.py:538} INFO - Filling up the DagBag from /home/azureuser/.pyenv/versions/3.11.9/envs/airflow-venv/lib/python3.11/site-packages/airflow/example_dags/example_xcomargs.py
[2025-07-30T20:45:37.063+0000] {processor.py:840} INFO - DAG(s) 'example_xcom_args', 'example_xcom_args_with_operators' retrieved from /home/azureuser/.pyenv/versions/3.11.9/envs/airflow-venv/lib/python3.11/site-packages/airflow/example_dags/example_xcomargs.py
[2025-07-30T20:45:37.178+0000] {logging_mixin.py:188} INFO - [2025-07-30T20:45:37.178+0000] {dag.py:3036} INFO - Sync 2 DAGs
[2025-07-30T20:45:37.188+0000] {logging_mixin.py:188} INFO - [2025-07-30T20:45:37.188+0000] {dag.py:3823} INFO - Setting next_dagrun for example_xcom_args to None, run_after=None
[2025-07-30T20:45:37.190+0000] {logging_mixin.py:188} INFO - [2025-07-30T20:45:37.190+0000] {dag.py:3823} INFO - Setting next_dagrun for example_xcom_args_with_operators to None, run_after=None
[2025-07-30T20:45:37.229+0000] {processor.py:183} INFO - Processing /home/azureuser/.pyenv/versions/3.11.9/envs/airflow-venv/lib/python3.11/site-packages/airflow/example_dags/example_xcomargs.py took 0.187 seconds
[2025-07-30T20:46:28.024+0000] {processor.py:161} INFO - Started process (PID=1389) to work on /home/azureuser/.pyenv/versions/3.11.9/envs/airflow-venv/lib/python3.11/site-packages/airflow/example_dags/example_xcomargs.py
[2025-07-30T20:46:28.026+0000] {processor.py:830} INFO - Processing file /home/azureuser/.pyenv/versions/3.11.9/envs/airflow-venv/lib/python3.11/site-packages/airflow/example_dags/example_xcomargs.py for tasks to queue
[2025-07-30T20:46:28.027+0000] {logging_mixin.py:188} INFO - [2025-07-30T20:46:28.026+0000] {dagbag.py:538} INFO - Filling up the DagBag from /home/azureuser/.pyenv/versions/3.11.9/envs/airflow-venv/lib/python3.11/site-packages/airflow/example_dags/example_xcomargs.py
[2025-07-30T20:46:28.038+0000] {processor.py:840} INFO - DAG(s) 'example_xcom_args', 'example_xcom_args_with_operators' retrieved from /home/azureuser/.pyenv/versions/3.11.9/envs/airflow-venv/lib/python3.11/site-packages/airflow/example_dags/example_xcomargs.py
[2025-07-30T20:46:28.058+0000] {logging_mixin.py:188} INFO - [2025-07-30T20:46:28.058+0000] {dag.py:3036} INFO - Sync 2 DAGs
[2025-07-30T20:46:28.071+0000] {logging_mixin.py:188} INFO - [2025-07-30T20:46:28.070+0000] {dag.py:3823} INFO - Setting next_dagrun for example_xcom_args to None, run_after=None
[2025-07-30T20:46:28.074+0000] {logging_mixin.py:188} INFO - [2025-07-30T20:46:28.074+0000] {dag.py:3823} INFO - Setting next_dagrun for example_xcom_args_with_operators to None, run_after=None
[2025-07-30T20:46:28.108+0000] {processor.py:183} INFO - Processing /home/azureuser/.pyenv/versions/3.11.9/envs/airflow-venv/lib/python3.11/site-packages/airflow/example_dags/example_xcomargs.py took 0.087 seconds
[2025-07-30T20:47:06.887+0000] {processor.py:161} INFO - Started process (PID=1429) to work on /home/azureuser/.pyenv/versions/3.11.9/envs/airflow-venv/lib/python3.11/site-packages/airflow/example_dags/example_xcomargs.py
[2025-07-30T20:47:06.889+0000] {processor.py:830} INFO - Processing file /home/azureuser/.pyenv/versions/3.11.9/envs/airflow-venv/lib/python3.11/site-packages/airflow/example_dags/example_xcomargs.py for tasks to queue
[2025-07-30T20:47:06.890+0000] {logging_mixin.py:188} INFO - [2025-07-30T20:47:06.889+0000] {dagbag.py:538} INFO - Filling up the DagBag from /home/azureuser/.pyenv/versions/3.11.9/envs/airflow-venv/lib/python3.11/site-packages/airflow/example_dags/example_xcomargs.py
[2025-07-30T20:47:06.902+0000] {processor.py:840} INFO - DAG(s) 'example_xcom_args', 'example_xcom_args_with_operators' retrieved from /home/azureuser/.pyenv/versions/3.11.9/envs/airflow-venv/lib/python3.11/site-packages/airflow/example_dags/example_xcomargs.py
[2025-07-30T20:47:06.922+0000] {logging_mixin.py:188} INFO - [2025-07-30T20:47:06.921+0000] {dag.py:3036} INFO - Sync 2 DAGs
[2025-07-30T20:47:06.934+0000] {logging_mixin.py:188} INFO - [2025-07-30T20:47:06.934+0000] {dag.py:3823} INFO - Setting next_dagrun for example_xcom_args to None, run_after=None
[2025-07-30T20:47:06.938+0000] {logging_mixin.py:188} INFO - [2025-07-30T20:47:06.937+0000] {dag.py:3823} INFO - Setting next_dagrun for example_xcom_args_with_operators to None, run_after=None
[2025-07-30T20:47:06.965+0000] {processor.py:183} INFO - Processing /home/azureuser/.pyenv/versions/3.11.9/envs/airflow-venv/lib/python3.11/site-packages/airflow/example_dags/example_xcomargs.py took 0.081 seconds
[2025-07-30T21:03:24.933+0000] {processor.py:161} INFO - Started process (PID=1652) to work on /home/azureuser/.pyenv/versions/3.11.9/envs/airflow-venv/lib/python3.11/site-packages/airflow/example_dags/example_xcomargs.py
[2025-07-30T21:03:24.935+0000] {processor.py:830} INFO - Processing file /home/azureuser/.pyenv/versions/3.11.9/envs/airflow-venv/lib/python3.11/site-packages/airflow/example_dags/example_xcomargs.py for tasks to queue
[2025-07-30T21:03:24.937+0000] {logging_mixin.py:188} INFO - [2025-07-30T21:03:24.936+0000] {dagbag.py:538} INFO - Filling up the DagBag from /home/azureuser/.pyenv/versions/3.11.9/envs/airflow-venv/lib/python3.11/site-packages/airflow/example_dags/example_xcomargs.py
[2025-07-30T21:03:24.947+0000] {processor.py:840} INFO - DAG(s) 'example_xcom_args', 'example_xcom_args_with_operators' retrieved from /home/azureuser/.pyenv/versions/3.11.9/envs/airflow-venv/lib/python3.11/site-packages/airflow/example_dags/example_xcomargs.py
[2025-07-30T21:03:24.967+0000] {logging_mixin.py:188} INFO - [2025-07-30T21:03:24.967+0000] {dag.py:3036} INFO - Sync 2 DAGs
[2025-07-30T21:03:24.979+0000] {logging_mixin.py:188} INFO - [2025-07-30T21:03:24.979+0000] {dag.py:3823} INFO - Setting next_dagrun for example_xcom_args to None, run_after=None
[2025-07-30T21:03:24.983+0000] {logging_mixin.py:188} INFO - [2025-07-30T21:03:24.982+0000] {dag.py:3823} INFO - Setting next_dagrun for example_xcom_args_with_operators to None, run_after=None
[2025-07-30T21:03:25.008+0000] {processor.py:183} INFO - Processing /home/azureuser/.pyenv/versions/3.11.9/envs/airflow-venv/lib/python3.11/site-packages/airflow/example_dags/example_xcomargs.py took 0.078 seconds
[2025-07-30T21:04:04.130+0000] {processor.py:161} INFO - Started process (PID=1695) to work on /home/azureuser/.pyenv/versions/3.11.9/envs/airflow-venv/lib/python3.11/site-packages/airflow/example_dags/example_xcomargs.py
[2025-07-30T21:04:04.131+0000] {processor.py:830} INFO - Processing file /home/azureuser/.pyenv/versions/3.11.9/envs/airflow-venv/lib/python3.11/site-packages/airflow/example_dags/example_xcomargs.py for tasks to queue
[2025-07-30T21:04:04.132+0000] {logging_mixin.py:188} INFO - [2025-07-30T21:04:04.132+0000] {dagbag.py:538} INFO - Filling up the DagBag from /home/azureuser/.pyenv/versions/3.11.9/envs/airflow-venv/lib/python3.11/site-packages/airflow/example_dags/example_xcomargs.py
[2025-07-30T21:04:04.147+0000] {processor.py:840} INFO - DAG(s) 'example_xcom_args', 'example_xcom_args_with_operators' retrieved from /home/azureuser/.pyenv/versions/3.11.9/envs/airflow-venv/lib/python3.11/site-packages/airflow/example_dags/example_xcomargs.py
[2025-07-30T21:04:04.169+0000] {logging_mixin.py:188} INFO - [2025-07-30T21:04:04.168+0000] {dag.py:3036} INFO - Sync 2 DAGs
[2025-07-30T21:04:04.182+0000] {logging_mixin.py:188} INFO - [2025-07-30T21:04:04.182+0000] {dag.py:3823} INFO - Setting next_dagrun for example_xcom_args to None, run_after=None
[2025-07-30T21:04:04.185+0000] {logging_mixin.py:188} INFO - [2025-07-30T21:04:04.185+0000] {dag.py:3823} INFO - Setting next_dagrun for example_xcom_args_with_operators to None, run_after=None
[2025-07-30T21:04:04.417+0000] {processor.py:183} INFO - Processing /home/azureuser/.pyenv/versions/3.11.9/envs/airflow-venv/lib/python3.11/site-packages/airflow/example_dags/example_xcomargs.py took 0.291 seconds
[2025-07-30T21:04:56.622+0000] {processor.py:161} INFO - Started process (PID=1740) to work on /home/azureuser/.pyenv/versions/3.11.9/envs/airflow-venv/lib/python3.11/site-packages/airflow/example_dags/example_xcomargs.py
[2025-07-30T21:04:56.624+0000] {processor.py:830} INFO - Processing file /home/azureuser/.pyenv/versions/3.11.9/envs/airflow-venv/lib/python3.11/site-packages/airflow/example_dags/example_xcomargs.py for tasks to queue
[2025-07-30T21:04:56.625+0000] {logging_mixin.py:188} INFO - [2025-07-30T21:04:56.624+0000] {dagbag.py:538} INFO - Filling up the DagBag from /home/azureuser/.pyenv/versions/3.11.9/envs/airflow-venv/lib/python3.11/site-packages/airflow/example_dags/example_xcomargs.py
[2025-07-30T21:04:56.637+0000] {processor.py:840} INFO - DAG(s) 'example_xcom_args', 'example_xcom_args_with_operators' retrieved from /home/azureuser/.pyenv/versions/3.11.9/envs/airflow-venv/lib/python3.11/site-packages/airflow/example_dags/example_xcomargs.py
[2025-07-30T21:04:56.658+0000] {logging_mixin.py:188} INFO - [2025-07-30T21:04:56.658+0000] {dag.py:3036} INFO - Sync 2 DAGs
[2025-07-30T21:04:56.671+0000] {logging_mixin.py:188} INFO - [2025-07-30T21:04:56.670+0000] {dag.py:3823} INFO - Setting next_dagrun for example_xcom_args to None, run_after=None
[2025-07-30T21:04:56.674+0000] {logging_mixin.py:188} INFO - [2025-07-30T21:04:56.674+0000] {dag.py:3823} INFO - Setting next_dagrun for example_xcom_args_with_operators to None, run_after=None
[2025-07-30T21:04:56.700+0000] {processor.py:183} INFO - Processing /home/azureuser/.pyenv/versions/3.11.9/envs/airflow-venv/lib/python3.11/site-packages/airflow/example_dags/example_xcomargs.py took 0.082 seconds
[2025-07-30T21:05:38.130+0000] {processor.py:161} INFO - Started process (PID=1784) to work on /home/azureuser/.pyenv/versions/3.11.9/envs/airflow-venv/lib/python3.11/site-packages/airflow/example_dags/example_xcomargs.py
[2025-07-30T21:05:38.132+0000] {processor.py:830} INFO - Processing file /home/azureuser/.pyenv/versions/3.11.9/envs/airflow-venv/lib/python3.11/site-packages/airflow/example_dags/example_xcomargs.py for tasks to queue
[2025-07-30T21:05:38.133+0000] {logging_mixin.py:188} INFO - [2025-07-30T21:05:38.132+0000] {dagbag.py:538} INFO - Filling up the DagBag from /home/azureuser/.pyenv/versions/3.11.9/envs/airflow-venv/lib/python3.11/site-packages/airflow/example_dags/example_xcomargs.py
[2025-07-30T21:05:38.145+0000] {processor.py:840} INFO - DAG(s) 'example_xcom_args_with_operators', 'example_xcom_args' retrieved from /home/azureuser/.pyenv/versions/3.11.9/envs/airflow-venv/lib/python3.11/site-packages/airflow/example_dags/example_xcomargs.py
[2025-07-30T21:05:38.166+0000] {logging_mixin.py:188} INFO - [2025-07-30T21:05:38.166+0000] {dag.py:3036} INFO - Sync 2 DAGs
[2025-07-30T21:05:38.179+0000] {logging_mixin.py:188} INFO - [2025-07-30T21:05:38.179+0000] {dag.py:3823} INFO - Setting next_dagrun for example_xcom_args to None, run_after=None
[2025-07-30T21:05:38.182+0000] {logging_mixin.py:188} INFO - [2025-07-30T21:05:38.182+0000] {dag.py:3823} INFO - Setting next_dagrun for example_xcom_args_with_operators to None, run_after=None
[2025-07-30T21:05:38.216+0000] {processor.py:183} INFO - Processing /home/azureuser/.pyenv/versions/3.11.9/envs/airflow-venv/lib/python3.11/site-packages/airflow/example_dags/example_xcomargs.py took 0.089 seconds
[2025-07-30T21:06:25.827+0000] {processor.py:161} INFO - Started process (PID=1832) to work on /home/azureuser/.pyenv/versions/3.11.9/envs/airflow-venv/lib/python3.11/site-packages/airflow/example_dags/example_xcomargs.py
[2025-07-30T21:06:25.828+0000] {processor.py:830} INFO - Processing file /home/azureuser/.pyenv/versions/3.11.9/envs/airflow-venv/lib/python3.11/site-packages/airflow/example_dags/example_xcomargs.py for tasks to queue
[2025-07-30T21:06:25.829+0000] {logging_mixin.py:188} INFO - [2025-07-30T21:06:25.828+0000] {dagbag.py:538} INFO - Filling up the DagBag from /home/azureuser/.pyenv/versions/3.11.9/envs/airflow-venv/lib/python3.11/site-packages/airflow/example_dags/example_xcomargs.py
[2025-07-30T21:06:25.841+0000] {processor.py:840} INFO - DAG(s) 'example_xcom_args', 'example_xcom_args_with_operators' retrieved from /home/azureuser/.pyenv/versions/3.11.9/envs/airflow-venv/lib/python3.11/site-packages/airflow/example_dags/example_xcomargs.py
[2025-07-30T21:06:25.863+0000] {logging_mixin.py:188} INFO - [2025-07-30T21:06:25.863+0000] {dag.py:3036} INFO - Sync 2 DAGs
[2025-07-30T21:06:25.876+0000] {logging_mixin.py:188} INFO - [2025-07-30T21:06:25.876+0000] {dag.py:3823} INFO - Setting next_dagrun for example_xcom_args to None, run_after=None
[2025-07-30T21:06:25.879+0000] {logging_mixin.py:188} INFO - [2025-07-30T21:06:25.879+0000] {dag.py:3823} INFO - Setting next_dagrun for example_xcom_args_with_operators to None, run_after=None
[2025-07-30T21:06:25.904+0000] {processor.py:183} INFO - Processing /home/azureuser/.pyenv/versions/3.11.9/envs/airflow-venv/lib/python3.11/site-packages/airflow/example_dags/example_xcomargs.py took 0.082 seconds
[2025-07-30T21:07:03.101+0000] {processor.py:161} INFO - Started process (PID=1871) to work on /home/azureuser/.pyenv/versions/3.11.9/envs/airflow-venv/lib/python3.11/site-packages/airflow/example_dags/example_xcomargs.py
[2025-07-30T21:07:03.102+0000] {processor.py:830} INFO - Processing file /home/azureuser/.pyenv/versions/3.11.9/envs/airflow-venv/lib/python3.11/site-packages/airflow/example_dags/example_xcomargs.py for tasks to queue
[2025-07-30T21:07:03.104+0000] {logging_mixin.py:188} INFO - [2025-07-30T21:07:03.103+0000] {dagbag.py:538} INFO - Filling up the DagBag from /home/azureuser/.pyenv/versions/3.11.9/envs/airflow-venv/lib/python3.11/site-packages/airflow/example_dags/example_xcomargs.py
[2025-07-30T21:07:03.117+0000] {processor.py:840} INFO - DAG(s) 'example_xcom_args', 'example_xcom_args_with_operators' retrieved from /home/azureuser/.pyenv/versions/3.11.9/envs/airflow-venv/lib/python3.11/site-packages/airflow/example_dags/example_xcomargs.py
[2025-07-30T21:07:03.148+0000] {logging_mixin.py:188} INFO - [2025-07-30T21:07:03.148+0000] {dag.py:3036} INFO - Sync 2 DAGs
[2025-07-30T21:07:03.163+0000] {logging_mixin.py:188} INFO - [2025-07-30T21:07:03.162+0000] {dag.py:3823} INFO - Setting next_dagrun for example_xcom_args to None, run_after=None
[2025-07-30T21:07:03.167+0000] {logging_mixin.py:188} INFO - [2025-07-30T21:07:03.166+0000] {dag.py:3823} INFO - Setting next_dagrun for example_xcom_args_with_operators to None, run_after=None
[2025-07-30T21:07:03.204+0000] {processor.py:183} INFO - Processing /home/azureuser/.pyenv/versions/3.11.9/envs/airflow-venv/lib/python3.11/site-packages/airflow/example_dags/example_xcomargs.py took 0.107 seconds
