[2025-07-30T00:21:02.985+0000] {processor.py:161} INFO - Started process (PID=34147) to work on /home/azureuser/.pyenv/versions/3.11.9/envs/airflow-venv/lib/python3.11/site-packages/airflow/example_dags/example_task_group_decorator.py
[2025-07-30T00:21:02.987+0000] {processor.py:830} INFO - Processing file /home/azureuser/.pyenv/versions/3.11.9/envs/airflow-venv/lib/python3.11/site-packages/airflow/example_dags/example_task_group_decorator.py for tasks to queue
[2025-07-30T00:21:02.988+0000] {logging_mixin.py:188} INFO - [2025-07-30T00:21:02.987+0000] {dagbag.py:538} INFO - Filling up the DagBag from /home/azureuser/.pyenv/versions/3.11.9/envs/airflow-venv/lib/python3.11/site-packages/airflow/example_dags/example_task_group_decorator.py
[2025-07-30T00:21:03.008+0000] {processor.py:840} INFO - DAG(s) 'example_task_group_decorator' retrieved from /home/azureuser/.pyenv/versions/3.11.9/envs/airflow-venv/lib/python3.11/site-packages/airflow/example_dags/example_task_group_decorator.py
[2025-07-30T00:21:03.180+0000] {logging_mixin.py:188} INFO - [2025-07-30T00:21:03.179+0000] {override.py:1769} INFO - Created Permission View: can delete on DAG:example_task_group_decorator
[2025-07-30T00:21:03.209+0000] {logging_mixin.py:188} INFO - [2025-07-30T00:21:03.208+0000] {override.py:1769} INFO - Created Permission View: can read on DAG:example_task_group_decorator
[2025-07-30T00:21:03.233+0000] {logging_mixin.py:188} INFO - [2025-07-30T00:21:03.233+0000] {override.py:1769} INFO - Created Permission View: can edit on DAG:example_task_group_decorator
[2025-07-30T00:21:03.234+0000] {logging_mixin.py:188} INFO - [2025-07-30T00:21:03.234+0000] {dag.py:3036} INFO - Sync 1 DAGs
[2025-07-30T00:21:03.249+0000] {logging_mixin.py:188} INFO - [2025-07-30T00:21:03.248+0000] {dag.py:3058} INFO - Creating ORM DAG for example_task_group_decorator
[2025-07-30T00:21:03.260+0000] {logging_mixin.py:188} INFO - [2025-07-30T00:21:03.260+0000] {dag.py:3823} INFO - Setting next_dagrun for example_task_group_decorator to 2025-07-29 00:00:00+00:00, run_after=2025-07-30 00:00:00+00:00
[2025-07-30T00:21:03.301+0000] {processor.py:183} INFO - Processing /home/azureuser/.pyenv/versions/3.11.9/envs/airflow-venv/lib/python3.11/site-packages/airflow/example_dags/example_task_group_decorator.py took 0.321 seconds
[2025-07-30T00:22:00.168+0000] {processor.py:161} INFO - Started process (PID=34296) to work on /home/azureuser/.pyenv/versions/3.11.9/envs/airflow-venv/lib/python3.11/site-packages/airflow/example_dags/example_task_group_decorator.py
[2025-07-30T00:22:00.170+0000] {processor.py:830} INFO - Processing file /home/azureuser/.pyenv/versions/3.11.9/envs/airflow-venv/lib/python3.11/site-packages/airflow/example_dags/example_task_group_decorator.py for tasks to queue
[2025-07-30T00:22:00.172+0000] {logging_mixin.py:188} INFO - [2025-07-30T00:22:00.171+0000] {dagbag.py:538} INFO - Filling up the DagBag from /home/azureuser/.pyenv/versions/3.11.9/envs/airflow-venv/lib/python3.11/site-packages/airflow/example_dags/example_task_group_decorator.py
[2025-07-30T00:22:00.196+0000] {processor.py:840} INFO - DAG(s) 'example_task_group_decorator' retrieved from /home/azureuser/.pyenv/versions/3.11.9/envs/airflow-venv/lib/python3.11/site-packages/airflow/example_dags/example_task_group_decorator.py
[2025-07-30T00:22:00.226+0000] {logging_mixin.py:188} INFO - [2025-07-30T00:22:00.226+0000] {dag.py:3036} INFO - Sync 1 DAGs
[2025-07-30T00:22:00.255+0000] {logging_mixin.py:188} INFO - [2025-07-30T00:22:00.255+0000] {dag.py:3823} INFO - Setting next_dagrun for example_task_group_decorator to 2025-07-29 00:00:00+00:00, run_after=2025-07-30 00:00:00+00:00
[2025-07-30T00:22:00.296+0000] {processor.py:183} INFO - Processing /home/azureuser/.pyenv/versions/3.11.9/envs/airflow-venv/lib/python3.11/site-packages/airflow/example_dags/example_task_group_decorator.py took 0.133 seconds
[2025-07-30T00:22:47.187+0000] {processor.py:161} INFO - Started process (PID=34364) to work on /home/azureuser/.pyenv/versions/3.11.9/envs/airflow-venv/lib/python3.11/site-packages/airflow/example_dags/example_task_group_decorator.py
[2025-07-30T00:22:47.188+0000] {processor.py:830} INFO - Processing file /home/azureuser/.pyenv/versions/3.11.9/envs/airflow-venv/lib/python3.11/site-packages/airflow/example_dags/example_task_group_decorator.py for tasks to queue
[2025-07-30T00:22:47.189+0000] {logging_mixin.py:188} INFO - [2025-07-30T00:22:47.189+0000] {dagbag.py:538} INFO - Filling up the DagBag from /home/azureuser/.pyenv/versions/3.11.9/envs/airflow-venv/lib/python3.11/site-packages/airflow/example_dags/example_task_group_decorator.py
[2025-07-30T00:22:47.209+0000] {processor.py:840} INFO - DAG(s) 'example_task_group_decorator' retrieved from /home/azureuser/.pyenv/versions/3.11.9/envs/airflow-venv/lib/python3.11/site-packages/airflow/example_dags/example_task_group_decorator.py
[2025-07-30T00:22:47.233+0000] {logging_mixin.py:188} INFO - [2025-07-30T00:22:47.233+0000] {dag.py:3036} INFO - Sync 1 DAGs
[2025-07-30T00:22:47.257+0000] {logging_mixin.py:188} INFO - [2025-07-30T00:22:47.257+0000] {dag.py:3823} INFO - Setting next_dagrun for example_task_group_decorator to 2025-07-29 00:00:00+00:00, run_after=2025-07-30 00:00:00+00:00
[2025-07-30T00:22:47.296+0000] {processor.py:183} INFO - Processing /home/azureuser/.pyenv/versions/3.11.9/envs/airflow-venv/lib/python3.11/site-packages/airflow/example_dags/example_task_group_decorator.py took 0.114 seconds
[2025-07-30T00:23:35.903+0000] {processor.py:161} INFO - Started process (PID=34440) to work on /home/azureuser/.pyenv/versions/3.11.9/envs/airflow-venv/lib/python3.11/site-packages/airflow/example_dags/example_task_group_decorator.py
[2025-07-30T00:23:35.905+0000] {processor.py:830} INFO - Processing file /home/azureuser/.pyenv/versions/3.11.9/envs/airflow-venv/lib/python3.11/site-packages/airflow/example_dags/example_task_group_decorator.py for tasks to queue
[2025-07-30T00:23:35.906+0000] {logging_mixin.py:188} INFO - [2025-07-30T00:23:35.906+0000] {dagbag.py:538} INFO - Filling up the DagBag from /home/azureuser/.pyenv/versions/3.11.9/envs/airflow-venv/lib/python3.11/site-packages/airflow/example_dags/example_task_group_decorator.py
[2025-07-30T00:23:35.926+0000] {processor.py:840} INFO - DAG(s) 'example_task_group_decorator' retrieved from /home/azureuser/.pyenv/versions/3.11.9/envs/airflow-venv/lib/python3.11/site-packages/airflow/example_dags/example_task_group_decorator.py
[2025-07-30T00:23:35.950+0000] {logging_mixin.py:188} INFO - [2025-07-30T00:23:35.949+0000] {dag.py:3036} INFO - Sync 1 DAGs
[2025-07-30T00:23:35.974+0000] {logging_mixin.py:188} INFO - [2025-07-30T00:23:35.973+0000] {dag.py:3823} INFO - Setting next_dagrun for example_task_group_decorator to 2025-07-29 00:00:00+00:00, run_after=2025-07-30 00:00:00+00:00
[2025-07-30T00:23:36.013+0000] {processor.py:183} INFO - Processing /home/azureuser/.pyenv/versions/3.11.9/envs/airflow-venv/lib/python3.11/site-packages/airflow/example_dags/example_task_group_decorator.py took 0.114 seconds
[2025-07-30T00:24:21.715+0000] {processor.py:161} INFO - Started process (PID=34500) to work on /home/azureuser/.pyenv/versions/3.11.9/envs/airflow-venv/lib/python3.11/site-packages/airflow/example_dags/example_task_group_decorator.py
[2025-07-30T00:24:21.716+0000] {processor.py:830} INFO - Processing file /home/azureuser/.pyenv/versions/3.11.9/envs/airflow-venv/lib/python3.11/site-packages/airflow/example_dags/example_task_group_decorator.py for tasks to queue
[2025-07-30T00:24:21.717+0000] {logging_mixin.py:188} INFO - [2025-07-30T00:24:21.717+0000] {dagbag.py:538} INFO - Filling up the DagBag from /home/azureuser/.pyenv/versions/3.11.9/envs/airflow-venv/lib/python3.11/site-packages/airflow/example_dags/example_task_group_decorator.py
[2025-07-30T00:24:21.737+0000] {processor.py:840} INFO - DAG(s) 'example_task_group_decorator' retrieved from /home/azureuser/.pyenv/versions/3.11.9/envs/airflow-venv/lib/python3.11/site-packages/airflow/example_dags/example_task_group_decorator.py
[2025-07-30T00:24:21.761+0000] {logging_mixin.py:188} INFO - [2025-07-30T00:24:21.761+0000] {dag.py:3036} INFO - Sync 1 DAGs
[2025-07-30T00:24:21.942+0000] {logging_mixin.py:188} INFO - [2025-07-30T00:24:21.942+0000] {dag.py:3823} INFO - Setting next_dagrun for example_task_group_decorator to 2025-07-29 00:00:00+00:00, run_after=2025-07-30 00:00:00+00:00
[2025-07-30T00:24:21.980+0000] {processor.py:183} INFO - Processing /home/azureuser/.pyenv/versions/3.11.9/envs/airflow-venv/lib/python3.11/site-packages/airflow/example_dags/example_task_group_decorator.py took 0.270 seconds
[2025-07-30T00:25:12.873+0000] {processor.py:161} INFO - Started process (PID=34577) to work on /home/azureuser/.pyenv/versions/3.11.9/envs/airflow-venv/lib/python3.11/site-packages/airflow/example_dags/example_task_group_decorator.py
[2025-07-30T00:25:12.875+0000] {processor.py:830} INFO - Processing file /home/azureuser/.pyenv/versions/3.11.9/envs/airflow-venv/lib/python3.11/site-packages/airflow/example_dags/example_task_group_decorator.py for tasks to queue
[2025-07-30T00:25:12.877+0000] {logging_mixin.py:188} INFO - [2025-07-30T00:25:12.876+0000] {dagbag.py:538} INFO - Filling up the DagBag from /home/azureuser/.pyenv/versions/3.11.9/envs/airflow-venv/lib/python3.11/site-packages/airflow/example_dags/example_task_group_decorator.py
[2025-07-30T00:25:12.910+0000] {processor.py:840} INFO - DAG(s) 'example_task_group_decorator' retrieved from /home/azureuser/.pyenv/versions/3.11.9/envs/airflow-venv/lib/python3.11/site-packages/airflow/example_dags/example_task_group_decorator.py
[2025-07-30T00:25:12.934+0000] {logging_mixin.py:188} INFO - [2025-07-30T00:25:12.934+0000] {dag.py:3036} INFO - Sync 1 DAGs
[2025-07-30T00:25:12.957+0000] {logging_mixin.py:188} INFO - [2025-07-30T00:25:12.957+0000] {dag.py:3823} INFO - Setting next_dagrun for example_task_group_decorator to 2025-07-29 00:00:00+00:00, run_after=2025-07-30 00:00:00+00:00
[2025-07-30T00:25:13.002+0000] {processor.py:183} INFO - Processing /home/azureuser/.pyenv/versions/3.11.9/envs/airflow-venv/lib/python3.11/site-packages/airflow/example_dags/example_task_group_decorator.py took 0.133 seconds
[2025-07-30T00:25:53.724+0000] {processor.py:161} INFO - Started process (PID=34638) to work on /home/azureuser/.pyenv/versions/3.11.9/envs/airflow-venv/lib/python3.11/site-packages/airflow/example_dags/example_task_group_decorator.py
[2025-07-30T00:25:53.726+0000] {processor.py:830} INFO - Processing file /home/azureuser/.pyenv/versions/3.11.9/envs/airflow-venv/lib/python3.11/site-packages/airflow/example_dags/example_task_group_decorator.py for tasks to queue
[2025-07-30T00:25:53.730+0000] {logging_mixin.py:188} INFO - [2025-07-30T00:25:53.727+0000] {dagbag.py:538} INFO - Filling up the DagBag from /home/azureuser/.pyenv/versions/3.11.9/envs/airflow-venv/lib/python3.11/site-packages/airflow/example_dags/example_task_group_decorator.py
[2025-07-30T00:25:53.774+0000] {processor.py:840} INFO - DAG(s) 'example_task_group_decorator' retrieved from /home/azureuser/.pyenv/versions/3.11.9/envs/airflow-venv/lib/python3.11/site-packages/airflow/example_dags/example_task_group_decorator.py
[2025-07-30T00:25:53.824+0000] {logging_mixin.py:188} INFO - [2025-07-30T00:25:53.823+0000] {dag.py:3036} INFO - Sync 1 DAGs
[2025-07-30T00:25:53.869+0000] {logging_mixin.py:188} INFO - [2025-07-30T00:25:53.869+0000] {dag.py:3823} INFO - Setting next_dagrun for example_task_group_decorator to 2025-07-29 00:00:00+00:00, run_after=2025-07-30 00:00:00+00:00
[2025-07-30T00:25:53.930+0000] {processor.py:183} INFO - Processing /home/azureuser/.pyenv/versions/3.11.9/envs/airflow-venv/lib/python3.11/site-packages/airflow/example_dags/example_task_group_decorator.py took 0.217 seconds
[2025-07-30T20:45:43.024+0000] {processor.py:161} INFO - Started process (PID=1277) to work on /home/azureuser/.pyenv/versions/3.11.9/envs/airflow-venv/lib/python3.11/site-packages/airflow/example_dags/example_task_group_decorator.py
[2025-07-30T20:45:43.025+0000] {processor.py:830} INFO - Processing file /home/azureuser/.pyenv/versions/3.11.9/envs/airflow-venv/lib/python3.11/site-packages/airflow/example_dags/example_task_group_decorator.py for tasks to queue
[2025-07-30T20:45:43.026+0000] {logging_mixin.py:188} INFO - [2025-07-30T20:45:43.026+0000] {dagbag.py:538} INFO - Filling up the DagBag from /home/azureuser/.pyenv/versions/3.11.9/envs/airflow-venv/lib/python3.11/site-packages/airflow/example_dags/example_task_group_decorator.py
[2025-07-30T20:45:43.043+0000] {processor.py:840} INFO - DAG(s) 'example_task_group_decorator' retrieved from /home/azureuser/.pyenv/versions/3.11.9/envs/airflow-venv/lib/python3.11/site-packages/airflow/example_dags/example_task_group_decorator.py
[2025-07-30T20:45:43.146+0000] {logging_mixin.py:188} INFO - [2025-07-30T20:45:43.145+0000] {dag.py:3036} INFO - Sync 1 DAGs
[2025-07-30T20:45:43.163+0000] {logging_mixin.py:188} INFO - [2025-07-30T20:45:43.163+0000] {dag.py:3823} INFO - Setting next_dagrun for example_task_group_decorator to 2025-07-29 00:00:00+00:00, run_after=2025-07-30 00:00:00+00:00
[2025-07-30T20:45:43.191+0000] {processor.py:183} INFO - Processing /home/azureuser/.pyenv/versions/3.11.9/envs/airflow-venv/lib/python3.11/site-packages/airflow/example_dags/example_task_group_decorator.py took 0.170 seconds
[2025-07-30T20:46:33.525+0000] {processor.py:161} INFO - Started process (PID=1395) to work on /home/azureuser/.pyenv/versions/3.11.9/envs/airflow-venv/lib/python3.11/site-packages/airflow/example_dags/example_task_group_decorator.py
[2025-07-30T20:46:33.527+0000] {processor.py:830} INFO - Processing file /home/azureuser/.pyenv/versions/3.11.9/envs/airflow-venv/lib/python3.11/site-packages/airflow/example_dags/example_task_group_decorator.py for tasks to queue
[2025-07-30T20:46:33.528+0000] {logging_mixin.py:188} INFO - [2025-07-30T20:46:33.527+0000] {dagbag.py:538} INFO - Filling up the DagBag from /home/azureuser/.pyenv/versions/3.11.9/envs/airflow-venv/lib/python3.11/site-packages/airflow/example_dags/example_task_group_decorator.py
[2025-07-30T20:46:33.545+0000] {processor.py:840} INFO - DAG(s) 'example_task_group_decorator' retrieved from /home/azureuser/.pyenv/versions/3.11.9/envs/airflow-venv/lib/python3.11/site-packages/airflow/example_dags/example_task_group_decorator.py
[2025-07-30T20:46:33.568+0000] {logging_mixin.py:188} INFO - [2025-07-30T20:46:33.568+0000] {dag.py:3036} INFO - Sync 1 DAGs
[2025-07-30T20:46:33.589+0000] {logging_mixin.py:188} INFO - [2025-07-30T20:46:33.589+0000] {dag.py:3823} INFO - Setting next_dagrun for example_task_group_decorator to 2025-07-29 00:00:00+00:00, run_after=2025-07-30 00:00:00+00:00
[2025-07-30T20:46:33.618+0000] {processor.py:183} INFO - Processing /home/azureuser/.pyenv/versions/3.11.9/envs/airflow-venv/lib/python3.11/site-packages/airflow/example_dags/example_task_group_decorator.py took 0.096 seconds
[2025-07-30T20:47:21.303+0000] {processor.py:161} INFO - Started process (PID=1443) to work on /home/azureuser/.pyenv/versions/3.11.9/envs/airflow-venv/lib/python3.11/site-packages/airflow/example_dags/example_task_group_decorator.py
[2025-07-30T20:47:21.304+0000] {processor.py:830} INFO - Processing file /home/azureuser/.pyenv/versions/3.11.9/envs/airflow-venv/lib/python3.11/site-packages/airflow/example_dags/example_task_group_decorator.py for tasks to queue
[2025-07-30T20:47:21.305+0000] {logging_mixin.py:188} INFO - [2025-07-30T20:47:21.305+0000] {dagbag.py:538} INFO - Filling up the DagBag from /home/azureuser/.pyenv/versions/3.11.9/envs/airflow-venv/lib/python3.11/site-packages/airflow/example_dags/example_task_group_decorator.py
[2025-07-30T20:47:21.322+0000] {processor.py:840} INFO - DAG(s) 'example_task_group_decorator' retrieved from /home/azureuser/.pyenv/versions/3.11.9/envs/airflow-venv/lib/python3.11/site-packages/airflow/example_dags/example_task_group_decorator.py
[2025-07-30T20:47:21.343+0000] {logging_mixin.py:188} INFO - [2025-07-30T20:47:21.343+0000] {dag.py:3036} INFO - Sync 1 DAGs
[2025-07-30T20:47:21.363+0000] {logging_mixin.py:188} INFO - [2025-07-30T20:47:21.363+0000] {dag.py:3823} INFO - Setting next_dagrun for example_task_group_decorator to 2025-07-29 00:00:00+00:00, run_after=2025-07-30 00:00:00+00:00
[2025-07-30T20:47:21.390+0000] {processor.py:183} INFO - Processing /home/azureuser/.pyenv/versions/3.11.9/envs/airflow-venv/lib/python3.11/site-packages/airflow/example_dags/example_task_group_decorator.py took 0.090 seconds
[2025-07-30T21:03:31.331+0000] {processor.py:161} INFO - Started process (PID=1658) to work on /home/azureuser/.pyenv/versions/3.11.9/envs/airflow-venv/lib/python3.11/site-packages/airflow/example_dags/example_task_group_decorator.py
[2025-07-30T21:03:31.332+0000] {processor.py:830} INFO - Processing file /home/azureuser/.pyenv/versions/3.11.9/envs/airflow-venv/lib/python3.11/site-packages/airflow/example_dags/example_task_group_decorator.py for tasks to queue
[2025-07-30T21:03:31.333+0000] {logging_mixin.py:188} INFO - [2025-07-30T21:03:31.333+0000] {dagbag.py:538} INFO - Filling up the DagBag from /home/azureuser/.pyenv/versions/3.11.9/envs/airflow-venv/lib/python3.11/site-packages/airflow/example_dags/example_task_group_decorator.py
[2025-07-30T21:03:31.351+0000] {processor.py:840} INFO - DAG(s) 'example_task_group_decorator' retrieved from /home/azureuser/.pyenv/versions/3.11.9/envs/airflow-venv/lib/python3.11/site-packages/airflow/example_dags/example_task_group_decorator.py
[2025-07-30T21:03:31.372+0000] {logging_mixin.py:188} INFO - [2025-07-30T21:03:31.371+0000] {dag.py:3036} INFO - Sync 1 DAGs
[2025-07-30T21:03:31.392+0000] {logging_mixin.py:188} INFO - [2025-07-30T21:03:31.392+0000] {dag.py:3823} INFO - Setting next_dagrun for example_task_group_decorator to 2025-07-29 00:00:00+00:00, run_after=2025-07-30 00:00:00+00:00
[2025-07-30T21:03:31.425+0000] {processor.py:183} INFO - Processing /home/azureuser/.pyenv/versions/3.11.9/envs/airflow-venv/lib/python3.11/site-packages/airflow/example_dags/example_task_group_decorator.py took 0.098 seconds
[2025-07-30T21:04:26.944+0000] {processor.py:161} INFO - Started process (PID=1713) to work on /home/azureuser/.pyenv/versions/3.11.9/envs/airflow-venv/lib/python3.11/site-packages/airflow/example_dags/example_task_group_decorator.py
[2025-07-30T21:04:26.945+0000] {processor.py:830} INFO - Processing file /home/azureuser/.pyenv/versions/3.11.9/envs/airflow-venv/lib/python3.11/site-packages/airflow/example_dags/example_task_group_decorator.py for tasks to queue
[2025-07-30T21:04:26.946+0000] {logging_mixin.py:188} INFO - [2025-07-30T21:04:26.945+0000] {dagbag.py:538} INFO - Filling up the DagBag from /home/azureuser/.pyenv/versions/3.11.9/envs/airflow-venv/lib/python3.11/site-packages/airflow/example_dags/example_task_group_decorator.py
[2025-07-30T21:04:26.964+0000] {processor.py:840} INFO - DAG(s) 'example_task_group_decorator' retrieved from /home/azureuser/.pyenv/versions/3.11.9/envs/airflow-venv/lib/python3.11/site-packages/airflow/example_dags/example_task_group_decorator.py
[2025-07-30T21:04:26.986+0000] {logging_mixin.py:188} INFO - [2025-07-30T21:04:26.986+0000] {dag.py:3036} INFO - Sync 1 DAGs
[2025-07-30T21:04:27.135+0000] {logging_mixin.py:188} INFO - [2025-07-30T21:04:27.135+0000] {dag.py:3823} INFO - Setting next_dagrun for example_task_group_decorator to 2025-07-29 00:00:00+00:00, run_after=2025-07-30 00:00:00+00:00
[2025-07-30T21:04:27.169+0000] {processor.py:183} INFO - Processing /home/azureuser/.pyenv/versions/3.11.9/envs/airflow-venv/lib/python3.11/site-packages/airflow/example_dags/example_task_group_decorator.py took 0.229 seconds
[2025-07-30T21:05:15.776+0000] {processor.py:161} INFO - Started process (PID=1762) to work on /home/azureuser/.pyenv/versions/3.11.9/envs/airflow-venv/lib/python3.11/site-packages/airflow/example_dags/example_task_group_decorator.py
[2025-07-30T21:05:15.778+0000] {processor.py:830} INFO - Processing file /home/azureuser/.pyenv/versions/3.11.9/envs/airflow-venv/lib/python3.11/site-packages/airflow/example_dags/example_task_group_decorator.py for tasks to queue
[2025-07-30T21:05:15.779+0000] {logging_mixin.py:188} INFO - [2025-07-30T21:05:15.778+0000] {dagbag.py:538} INFO - Filling up the DagBag from /home/azureuser/.pyenv/versions/3.11.9/envs/airflow-venv/lib/python3.11/site-packages/airflow/example_dags/example_task_group_decorator.py
[2025-07-30T21:05:15.798+0000] {processor.py:840} INFO - DAG(s) 'example_task_group_decorator' retrieved from /home/azureuser/.pyenv/versions/3.11.9/envs/airflow-venv/lib/python3.11/site-packages/airflow/example_dags/example_task_group_decorator.py
[2025-07-30T21:05:15.821+0000] {logging_mixin.py:188} INFO - [2025-07-30T21:05:15.821+0000] {dag.py:3036} INFO - Sync 1 DAGs
[2025-07-30T21:05:15.845+0000] {logging_mixin.py:188} INFO - [2025-07-30T21:05:15.844+0000] {dag.py:3823} INFO - Setting next_dagrun for example_task_group_decorator to 2025-07-29 00:00:00+00:00, run_after=2025-07-30 00:00:00+00:00
[2025-07-30T21:05:15.878+0000] {processor.py:183} INFO - Processing /home/azureuser/.pyenv/versions/3.11.9/envs/airflow-venv/lib/python3.11/site-packages/airflow/example_dags/example_task_group_decorator.py took 0.105 seconds
[2025-07-30T21:05:52.228+0000] {processor.py:161} INFO - Started process (PID=1799) to work on /home/azureuser/.pyenv/versions/3.11.9/envs/airflow-venv/lib/python3.11/site-packages/airflow/example_dags/example_task_group_decorator.py
[2025-07-30T21:05:52.230+0000] {processor.py:830} INFO - Processing file /home/azureuser/.pyenv/versions/3.11.9/envs/airflow-venv/lib/python3.11/site-packages/airflow/example_dags/example_task_group_decorator.py for tasks to queue
[2025-07-30T21:05:52.231+0000] {logging_mixin.py:188} INFO - [2025-07-30T21:05:52.230+0000] {dagbag.py:538} INFO - Filling up the DagBag from /home/azureuser/.pyenv/versions/3.11.9/envs/airflow-venv/lib/python3.11/site-packages/airflow/example_dags/example_task_group_decorator.py
[2025-07-30T21:05:52.249+0000] {processor.py:840} INFO - DAG(s) 'example_task_group_decorator' retrieved from /home/azureuser/.pyenv/versions/3.11.9/envs/airflow-venv/lib/python3.11/site-packages/airflow/example_dags/example_task_group_decorator.py
[2025-07-30T21:05:52.272+0000] {logging_mixin.py:188} INFO - [2025-07-30T21:05:52.272+0000] {dag.py:3036} INFO - Sync 1 DAGs
[2025-07-30T21:05:52.294+0000] {logging_mixin.py:188} INFO - [2025-07-30T21:05:52.294+0000] {dag.py:3823} INFO - Setting next_dagrun for example_task_group_decorator to 2025-07-29 00:00:00+00:00, run_after=2025-07-30 00:00:00+00:00
[2025-07-30T21:05:52.347+0000] {processor.py:183} INFO - Processing /home/azureuser/.pyenv/versions/3.11.9/envs/airflow-venv/lib/python3.11/site-packages/airflow/example_dags/example_task_group_decorator.py took 0.122 seconds
[2025-07-30T21:06:31.271+0000] {processor.py:161} INFO - Started process (PID=1838) to work on /home/azureuser/.pyenv/versions/3.11.9/envs/airflow-venv/lib/python3.11/site-packages/airflow/example_dags/example_task_group_decorator.py
[2025-07-30T21:06:31.273+0000] {processor.py:830} INFO - Processing file /home/azureuser/.pyenv/versions/3.11.9/envs/airflow-venv/lib/python3.11/site-packages/airflow/example_dags/example_task_group_decorator.py for tasks to queue
[2025-07-30T21:06:31.274+0000] {logging_mixin.py:188} INFO - [2025-07-30T21:06:31.273+0000] {dagbag.py:538} INFO - Filling up the DagBag from /home/azureuser/.pyenv/versions/3.11.9/envs/airflow-venv/lib/python3.11/site-packages/airflow/example_dags/example_task_group_decorator.py
[2025-07-30T21:06:31.293+0000] {processor.py:840} INFO - DAG(s) 'example_task_group_decorator' retrieved from /home/azureuser/.pyenv/versions/3.11.9/envs/airflow-venv/lib/python3.11/site-packages/airflow/example_dags/example_task_group_decorator.py
[2025-07-30T21:06:31.316+0000] {logging_mixin.py:188} INFO - [2025-07-30T21:06:31.316+0000] {dag.py:3036} INFO - Sync 1 DAGs
[2025-07-30T21:06:31.338+0000] {logging_mixin.py:188} INFO - [2025-07-30T21:06:31.337+0000] {dag.py:3823} INFO - Setting next_dagrun for example_task_group_decorator to 2025-07-29 00:00:00+00:00, run_after=2025-07-30 00:00:00+00:00
[2025-07-30T21:06:31.369+0000] {processor.py:183} INFO - Processing /home/azureuser/.pyenv/versions/3.11.9/envs/airflow-venv/lib/python3.11/site-packages/airflow/example_dags/example_task_group_decorator.py took 0.101 seconds
