[2025-07-30T00:21:08.434+0000] {processor.py:161} INFO - Started process (PID=34219) to work on /home/azureuser/.pyenv/versions/3.11.9/envs/airflow-venv/lib/python3.11/site-packages/airflow/example_dags/example_setup_teardown.py
[2025-07-30T00:21:08.435+0000] {processor.py:830} INFO - Processing file /home/azureuser/.pyenv/versions/3.11.9/envs/airflow-venv/lib/python3.11/site-packages/airflow/example_dags/example_setup_teardown.py for tasks to queue
[2025-07-30T00:21:08.436+0000] {logging_mixin.py:188} INFO - [2025-07-30T00:21:08.435+0000] {dagbag.py:538} INFO - Filling up the DagBag from /home/azureuser/.pyenv/versions/3.11.9/envs/airflow-venv/lib/python3.11/site-packages/airflow/example_dags/example_setup_teardown.py
[2025-07-30T00:21:08.446+0000] {processor.py:840} INFO - DAG(s) 'example_setup_teardown' retrieved from /home/azureuser/.pyenv/versions/3.11.9/envs/airflow-venv/lib/python3.11/site-packages/airflow/example_dags/example_setup_teardown.py
[2025-07-30T00:21:08.614+0000] {logging_mixin.py:188} INFO - [2025-07-30T00:21:08.613+0000] {override.py:1769} INFO - Created Permission View: can delete on DAG:example_setup_teardown
[2025-07-30T00:21:08.646+0000] {logging_mixin.py:188} INFO - [2025-07-30T00:21:08.645+0000] {override.py:1769} INFO - Created Permission View: can read on DAG:example_setup_teardown
[2025-07-30T00:21:08.674+0000] {logging_mixin.py:188} INFO - [2025-07-30T00:21:08.673+0000] {override.py:1769} INFO - Created Permission View: can edit on DAG:example_setup_teardown
[2025-07-30T00:21:08.674+0000] {logging_mixin.py:188} INFO - [2025-07-30T00:21:08.674+0000] {dag.py:3036} INFO - Sync 1 DAGs
[2025-07-30T00:21:08.691+0000] {logging_mixin.py:188} INFO - [2025-07-30T00:21:08.691+0000] {dag.py:3058} INFO - Creating ORM DAG for example_setup_teardown
[2025-07-30T00:21:08.704+0000] {logging_mixin.py:188} INFO - [2025-07-30T00:21:08.704+0000] {dag.py:3823} INFO - Setting next_dagrun for example_setup_teardown to 2025-07-29 00:00:00+00:00, run_after=2025-07-30 00:00:00+00:00
[2025-07-30T00:21:08.747+0000] {processor.py:183} INFO - Processing /home/azureuser/.pyenv/versions/3.11.9/envs/airflow-venv/lib/python3.11/site-packages/airflow/example_dags/example_setup_teardown.py took 0.318 seconds
[2025-07-30T00:22:03.499+0000] {processor.py:161} INFO - Started process (PID=34303) to work on /home/azureuser/.pyenv/versions/3.11.9/envs/airflow-venv/lib/python3.11/site-packages/airflow/example_dags/example_setup_teardown.py
[2025-07-30T00:22:03.500+0000] {processor.py:830} INFO - Processing file /home/azureuser/.pyenv/versions/3.11.9/envs/airflow-venv/lib/python3.11/site-packages/airflow/example_dags/example_setup_teardown.py for tasks to queue
[2025-07-30T00:22:03.502+0000] {logging_mixin.py:188} INFO - [2025-07-30T00:22:03.501+0000] {dagbag.py:538} INFO - Filling up the DagBag from /home/azureuser/.pyenv/versions/3.11.9/envs/airflow-venv/lib/python3.11/site-packages/airflow/example_dags/example_setup_teardown.py
[2025-07-30T00:22:03.513+0000] {processor.py:840} INFO - DAG(s) 'example_setup_teardown' retrieved from /home/azureuser/.pyenv/versions/3.11.9/envs/airflow-venv/lib/python3.11/site-packages/airflow/example_dags/example_setup_teardown.py
[2025-07-30T00:22:03.533+0000] {logging_mixin.py:188} INFO - [2025-07-30T00:22:03.532+0000] {dag.py:3036} INFO - Sync 1 DAGs
[2025-07-30T00:22:03.556+0000] {logging_mixin.py:188} INFO - [2025-07-30T00:22:03.555+0000] {dag.py:3823} INFO - Setting next_dagrun for example_setup_teardown to 2025-07-29 00:00:00+00:00, run_after=2025-07-30 00:00:00+00:00
[2025-07-30T00:22:03.593+0000] {processor.py:183} INFO - Processing /home/azureuser/.pyenv/versions/3.11.9/envs/airflow-venv/lib/python3.11/site-packages/airflow/example_dags/example_setup_teardown.py took 0.099 seconds
[2025-07-30T00:22:55.479+0000] {processor.py:161} INFO - Started process (PID=34376) to work on /home/azureuser/.pyenv/versions/3.11.9/envs/airflow-venv/lib/python3.11/site-packages/airflow/example_dags/example_setup_teardown.py
[2025-07-30T00:22:55.481+0000] {processor.py:830} INFO - Processing file /home/azureuser/.pyenv/versions/3.11.9/envs/airflow-venv/lib/python3.11/site-packages/airflow/example_dags/example_setup_teardown.py for tasks to queue
[2025-07-30T00:22:55.482+0000] {logging_mixin.py:188} INFO - [2025-07-30T00:22:55.481+0000] {dagbag.py:538} INFO - Filling up the DagBag from /home/azureuser/.pyenv/versions/3.11.9/envs/airflow-venv/lib/python3.11/site-packages/airflow/example_dags/example_setup_teardown.py
[2025-07-30T00:22:55.492+0000] {processor.py:840} INFO - DAG(s) 'example_setup_teardown' retrieved from /home/azureuser/.pyenv/versions/3.11.9/envs/airflow-venv/lib/python3.11/site-packages/airflow/example_dags/example_setup_teardown.py
[2025-07-30T00:22:55.512+0000] {logging_mixin.py:188} INFO - [2025-07-30T00:22:55.511+0000] {dag.py:3036} INFO - Sync 1 DAGs
[2025-07-30T00:22:55.534+0000] {logging_mixin.py:188} INFO - [2025-07-30T00:22:55.534+0000] {dag.py:3823} INFO - Setting next_dagrun for example_setup_teardown to 2025-07-29 00:00:00+00:00, run_after=2025-07-30 00:00:00+00:00
[2025-07-30T00:22:55.577+0000] {processor.py:183} INFO - Processing /home/azureuser/.pyenv/versions/3.11.9/envs/airflow-venv/lib/python3.11/site-packages/airflow/example_dags/example_setup_teardown.py took 0.102 seconds
[2025-07-30T00:23:40.729+0000] {processor.py:161} INFO - Started process (PID=34446) to work on /home/azureuser/.pyenv/versions/3.11.9/envs/airflow-venv/lib/python3.11/site-packages/airflow/example_dags/example_setup_teardown.py
[2025-07-30T00:23:40.731+0000] {processor.py:830} INFO - Processing file /home/azureuser/.pyenv/versions/3.11.9/envs/airflow-venv/lib/python3.11/site-packages/airflow/example_dags/example_setup_teardown.py for tasks to queue
[2025-07-30T00:23:40.732+0000] {logging_mixin.py:188} INFO - [2025-07-30T00:23:40.731+0000] {dagbag.py:538} INFO - Filling up the DagBag from /home/azureuser/.pyenv/versions/3.11.9/envs/airflow-venv/lib/python3.11/site-packages/airflow/example_dags/example_setup_teardown.py
[2025-07-30T00:23:40.745+0000] {processor.py:840} INFO - DAG(s) 'example_setup_teardown' retrieved from /home/azureuser/.pyenv/versions/3.11.9/envs/airflow-venv/lib/python3.11/site-packages/airflow/example_dags/example_setup_teardown.py
[2025-07-30T00:23:40.766+0000] {logging_mixin.py:188} INFO - [2025-07-30T00:23:40.766+0000] {dag.py:3036} INFO - Sync 1 DAGs
[2025-07-30T00:23:40.791+0000] {logging_mixin.py:188} INFO - [2025-07-30T00:23:40.790+0000] {dag.py:3823} INFO - Setting next_dagrun for example_setup_teardown to 2025-07-29 00:00:00+00:00, run_after=2025-07-30 00:00:00+00:00
[2025-07-30T00:23:40.827+0000] {processor.py:183} INFO - Processing /home/azureuser/.pyenv/versions/3.11.9/envs/airflow-venv/lib/python3.11/site-packages/airflow/example_dags/example_setup_teardown.py took 0.103 seconds
[2025-07-30T00:24:27.122+0000] {processor.py:161} INFO - Started process (PID=34506) to work on /home/azureuser/.pyenv/versions/3.11.9/envs/airflow-venv/lib/python3.11/site-packages/airflow/example_dags/example_setup_teardown.py
[2025-07-30T00:24:27.124+0000] {processor.py:830} INFO - Processing file /home/azureuser/.pyenv/versions/3.11.9/envs/airflow-venv/lib/python3.11/site-packages/airflow/example_dags/example_setup_teardown.py for tasks to queue
[2025-07-30T00:24:27.125+0000] {logging_mixin.py:188} INFO - [2025-07-30T00:24:27.124+0000] {dagbag.py:538} INFO - Filling up the DagBag from /home/azureuser/.pyenv/versions/3.11.9/envs/airflow-venv/lib/python3.11/site-packages/airflow/example_dags/example_setup_teardown.py
[2025-07-30T00:24:27.135+0000] {processor.py:840} INFO - DAG(s) 'example_setup_teardown' retrieved from /home/azureuser/.pyenv/versions/3.11.9/envs/airflow-venv/lib/python3.11/site-packages/airflow/example_dags/example_setup_teardown.py
[2025-07-30T00:24:27.155+0000] {logging_mixin.py:188} INFO - [2025-07-30T00:24:27.155+0000] {dag.py:3036} INFO - Sync 1 DAGs
[2025-07-30T00:24:27.338+0000] {logging_mixin.py:188} INFO - [2025-07-30T00:24:27.338+0000] {dag.py:3823} INFO - Setting next_dagrun for example_setup_teardown to 2025-07-29 00:00:00+00:00, run_after=2025-07-30 00:00:00+00:00
[2025-07-30T00:24:27.376+0000] {processor.py:183} INFO - Processing /home/azureuser/.pyenv/versions/3.11.9/envs/airflow-venv/lib/python3.11/site-packages/airflow/example_dags/example_setup_teardown.py took 0.258 seconds
[2025-07-30T00:25:16.899+0000] {processor.py:161} INFO - Started process (PID=34585) to work on /home/azureuser/.pyenv/versions/3.11.9/envs/airflow-venv/lib/python3.11/site-packages/airflow/example_dags/example_setup_teardown.py
[2025-07-30T00:25:16.901+0000] {processor.py:830} INFO - Processing file /home/azureuser/.pyenv/versions/3.11.9/envs/airflow-venv/lib/python3.11/site-packages/airflow/example_dags/example_setup_teardown.py for tasks to queue
[2025-07-30T00:25:16.902+0000] {logging_mixin.py:188} INFO - [2025-07-30T00:25:16.901+0000] {dagbag.py:538} INFO - Filling up the DagBag from /home/azureuser/.pyenv/versions/3.11.9/envs/airflow-venv/lib/python3.11/site-packages/airflow/example_dags/example_setup_teardown.py
[2025-07-30T00:25:16.913+0000] {processor.py:840} INFO - DAG(s) 'example_setup_teardown' retrieved from /home/azureuser/.pyenv/versions/3.11.9/envs/airflow-venv/lib/python3.11/site-packages/airflow/example_dags/example_setup_teardown.py
[2025-07-30T00:25:16.934+0000] {logging_mixin.py:188} INFO - [2025-07-30T00:25:16.934+0000] {dag.py:3036} INFO - Sync 1 DAGs
[2025-07-30T00:25:16.958+0000] {logging_mixin.py:188} INFO - [2025-07-30T00:25:16.957+0000] {dag.py:3823} INFO - Setting next_dagrun for example_setup_teardown to 2025-07-29 00:00:00+00:00, run_after=2025-07-30 00:00:00+00:00
[2025-07-30T00:25:16.995+0000] {processor.py:183} INFO - Processing /home/azureuser/.pyenv/versions/3.11.9/envs/airflow-venv/lib/python3.11/site-packages/airflow/example_dags/example_setup_teardown.py took 0.100 seconds
[2025-07-30T00:25:57.699+0000] {processor.py:161} INFO - Started process (PID=34644) to work on /home/azureuser/.pyenv/versions/3.11.9/envs/airflow-venv/lib/python3.11/site-packages/airflow/example_dags/example_setup_teardown.py
[2025-07-30T00:25:57.700+0000] {processor.py:830} INFO - Processing file /home/azureuser/.pyenv/versions/3.11.9/envs/airflow-venv/lib/python3.11/site-packages/airflow/example_dags/example_setup_teardown.py for tasks to queue
[2025-07-30T00:25:57.701+0000] {logging_mixin.py:188} INFO - [2025-07-30T00:25:57.701+0000] {dagbag.py:538} INFO - Filling up the DagBag from /home/azureuser/.pyenv/versions/3.11.9/envs/airflow-venv/lib/python3.11/site-packages/airflow/example_dags/example_setup_teardown.py
[2025-07-30T00:25:57.712+0000] {processor.py:840} INFO - DAG(s) 'example_setup_teardown' retrieved from /home/azureuser/.pyenv/versions/3.11.9/envs/airflow-venv/lib/python3.11/site-packages/airflow/example_dags/example_setup_teardown.py
[2025-07-30T00:25:57.722+0000] {logging_mixin.py:188} INFO - [2025-07-30T00:25:57.722+0000] {dag.py:3036} INFO - Sync 1 DAGs
[2025-07-30T00:25:57.747+0000] {logging_mixin.py:188} INFO - [2025-07-30T00:25:57.747+0000] {dag.py:3823} INFO - Setting next_dagrun for example_setup_teardown to 2025-07-29 00:00:00+00:00, run_after=2025-07-30 00:00:00+00:00
[2025-07-30T00:25:57.786+0000] {processor.py:183} INFO - Processing /home/azureuser/.pyenv/versions/3.11.9/envs/airflow-venv/lib/python3.11/site-packages/airflow/example_dags/example_setup_teardown.py took 0.091 seconds
[2025-07-30T20:45:47.663+0000] {processor.py:161} INFO - Started process (PID=1344) to work on /home/azureuser/.pyenv/versions/3.11.9/envs/airflow-venv/lib/python3.11/site-packages/airflow/example_dags/example_setup_teardown.py
[2025-07-30T20:45:47.664+0000] {processor.py:830} INFO - Processing file /home/azureuser/.pyenv/versions/3.11.9/envs/airflow-venv/lib/python3.11/site-packages/airflow/example_dags/example_setup_teardown.py for tasks to queue
[2025-07-30T20:45:47.665+0000] {logging_mixin.py:188} INFO - [2025-07-30T20:45:47.664+0000] {dagbag.py:538} INFO - Filling up the DagBag from /home/azureuser/.pyenv/versions/3.11.9/envs/airflow-venv/lib/python3.11/site-packages/airflow/example_dags/example_setup_teardown.py
[2025-07-30T20:45:47.674+0000] {processor.py:840} INFO - DAG(s) 'example_setup_teardown' retrieved from /home/azureuser/.pyenv/versions/3.11.9/envs/airflow-venv/lib/python3.11/site-packages/airflow/example_dags/example_setup_teardown.py
[2025-07-30T20:45:47.778+0000] {logging_mixin.py:188} INFO - [2025-07-30T20:45:47.778+0000] {dag.py:3036} INFO - Sync 1 DAGs
[2025-07-30T20:45:47.796+0000] {logging_mixin.py:188} INFO - [2025-07-30T20:45:47.795+0000] {dag.py:3823} INFO - Setting next_dagrun for example_setup_teardown to 2025-07-29 00:00:00+00:00, run_after=2025-07-30 00:00:00+00:00
[2025-07-30T20:45:47.825+0000] {processor.py:183} INFO - Processing /home/azureuser/.pyenv/versions/3.11.9/envs/airflow-venv/lib/python3.11/site-packages/airflow/example_dags/example_setup_teardown.py took 0.166 seconds
[2025-07-30T20:46:37.440+0000] {processor.py:161} INFO - Started process (PID=1399) to work on /home/azureuser/.pyenv/versions/3.11.9/envs/airflow-venv/lib/python3.11/site-packages/airflow/example_dags/example_setup_teardown.py
[2025-07-30T20:46:37.442+0000] {processor.py:830} INFO - Processing file /home/azureuser/.pyenv/versions/3.11.9/envs/airflow-venv/lib/python3.11/site-packages/airflow/example_dags/example_setup_teardown.py for tasks to queue
[2025-07-30T20:46:37.443+0000] {logging_mixin.py:188} INFO - [2025-07-30T20:46:37.442+0000] {dagbag.py:538} INFO - Filling up the DagBag from /home/azureuser/.pyenv/versions/3.11.9/envs/airflow-venv/lib/python3.11/site-packages/airflow/example_dags/example_setup_teardown.py
[2025-07-30T20:46:37.452+0000] {processor.py:840} INFO - DAG(s) 'example_setup_teardown' retrieved from /home/azureuser/.pyenv/versions/3.11.9/envs/airflow-venv/lib/python3.11/site-packages/airflow/example_dags/example_setup_teardown.py
[2025-07-30T20:46:37.470+0000] {logging_mixin.py:188} INFO - [2025-07-30T20:46:37.470+0000] {dag.py:3036} INFO - Sync 1 DAGs
[2025-07-30T20:46:37.490+0000] {logging_mixin.py:188} INFO - [2025-07-30T20:46:37.490+0000] {dag.py:3823} INFO - Setting next_dagrun for example_setup_teardown to 2025-07-29 00:00:00+00:00, run_after=2025-07-30 00:00:00+00:00
[2025-07-30T20:46:37.519+0000] {processor.py:183} INFO - Processing /home/azureuser/.pyenv/versions/3.11.9/envs/airflow-venv/lib/python3.11/site-packages/airflow/example_dags/example_setup_teardown.py took 0.083 seconds
[2025-07-30T20:47:25.212+0000] {processor.py:161} INFO - Started process (PID=1447) to work on /home/azureuser/.pyenv/versions/3.11.9/envs/airflow-venv/lib/python3.11/site-packages/airflow/example_dags/example_setup_teardown.py
[2025-07-30T20:47:25.213+0000] {processor.py:830} INFO - Processing file /home/azureuser/.pyenv/versions/3.11.9/envs/airflow-venv/lib/python3.11/site-packages/airflow/example_dags/example_setup_teardown.py for tasks to queue
[2025-07-30T20:47:25.214+0000] {logging_mixin.py:188} INFO - [2025-07-30T20:47:25.213+0000] {dagbag.py:538} INFO - Filling up the DagBag from /home/azureuser/.pyenv/versions/3.11.9/envs/airflow-venv/lib/python3.11/site-packages/airflow/example_dags/example_setup_teardown.py
[2025-07-30T20:47:25.223+0000] {processor.py:840} INFO - DAG(s) 'example_setup_teardown' retrieved from /home/azureuser/.pyenv/versions/3.11.9/envs/airflow-venv/lib/python3.11/site-packages/airflow/example_dags/example_setup_teardown.py
[2025-07-30T20:47:25.241+0000] {logging_mixin.py:188} INFO - [2025-07-30T20:47:25.240+0000] {dag.py:3036} INFO - Sync 1 DAGs
[2025-07-30T20:47:25.261+0000] {logging_mixin.py:188} INFO - [2025-07-30T20:47:25.261+0000] {dag.py:3823} INFO - Setting next_dagrun for example_setup_teardown to 2025-07-29 00:00:00+00:00, run_after=2025-07-30 00:00:00+00:00
[2025-07-30T20:47:25.288+0000] {processor.py:183} INFO - Processing /home/azureuser/.pyenv/versions/3.11.9/envs/airflow-venv/lib/python3.11/site-packages/airflow/example_dags/example_setup_teardown.py took 0.079 seconds
[2025-07-30T21:03:35.331+0000] {processor.py:161} INFO - Started process (PID=1662) to work on /home/azureuser/.pyenv/versions/3.11.9/envs/airflow-venv/lib/python3.11/site-packages/airflow/example_dags/example_setup_teardown.py
[2025-07-30T21:03:35.332+0000] {processor.py:830} INFO - Processing file /home/azureuser/.pyenv/versions/3.11.9/envs/airflow-venv/lib/python3.11/site-packages/airflow/example_dags/example_setup_teardown.py for tasks to queue
[2025-07-30T21:03:35.333+0000] {logging_mixin.py:188} INFO - [2025-07-30T21:03:35.333+0000] {dagbag.py:538} INFO - Filling up the DagBag from /home/azureuser/.pyenv/versions/3.11.9/envs/airflow-venv/lib/python3.11/site-packages/airflow/example_dags/example_setup_teardown.py
[2025-07-30T21:03:35.343+0000] {processor.py:840} INFO - DAG(s) 'example_setup_teardown' retrieved from /home/azureuser/.pyenv/versions/3.11.9/envs/airflow-venv/lib/python3.11/site-packages/airflow/example_dags/example_setup_teardown.py
[2025-07-30T21:03:35.360+0000] {logging_mixin.py:188} INFO - [2025-07-30T21:03:35.360+0000] {dag.py:3036} INFO - Sync 1 DAGs
[2025-07-30T21:03:35.381+0000] {logging_mixin.py:188} INFO - [2025-07-30T21:03:35.381+0000] {dag.py:3823} INFO - Setting next_dagrun for example_setup_teardown to 2025-07-29 00:00:00+00:00, run_after=2025-07-30 00:00:00+00:00
[2025-07-30T21:03:35.410+0000] {processor.py:183} INFO - Processing /home/azureuser/.pyenv/versions/3.11.9/envs/airflow-venv/lib/python3.11/site-packages/airflow/example_dags/example_setup_teardown.py took 0.083 seconds
[2025-07-30T21:04:31.246+0000] {processor.py:161} INFO - Started process (PID=1717) to work on /home/azureuser/.pyenv/versions/3.11.9/envs/airflow-venv/lib/python3.11/site-packages/airflow/example_dags/example_setup_teardown.py
[2025-07-30T21:04:31.247+0000] {processor.py:830} INFO - Processing file /home/azureuser/.pyenv/versions/3.11.9/envs/airflow-venv/lib/python3.11/site-packages/airflow/example_dags/example_setup_teardown.py for tasks to queue
[2025-07-30T21:04:31.248+0000] {logging_mixin.py:188} INFO - [2025-07-30T21:04:31.247+0000] {dagbag.py:538} INFO - Filling up the DagBag from /home/azureuser/.pyenv/versions/3.11.9/envs/airflow-venv/lib/python3.11/site-packages/airflow/example_dags/example_setup_teardown.py
[2025-07-30T21:04:31.257+0000] {processor.py:840} INFO - DAG(s) 'example_setup_teardown' retrieved from /home/azureuser/.pyenv/versions/3.11.9/envs/airflow-venv/lib/python3.11/site-packages/airflow/example_dags/example_setup_teardown.py
[2025-07-30T21:04:31.275+0000] {logging_mixin.py:188} INFO - [2025-07-30T21:04:31.275+0000] {dag.py:3036} INFO - Sync 1 DAGs
[2025-07-30T21:04:31.416+0000] {logging_mixin.py:188} INFO - [2025-07-30T21:04:31.416+0000] {dag.py:3823} INFO - Setting next_dagrun for example_setup_teardown to 2025-07-29 00:00:00+00:00, run_after=2025-07-30 00:00:00+00:00
[2025-07-30T21:04:31.440+0000] {processor.py:183} INFO - Processing /home/azureuser/.pyenv/versions/3.11.9/envs/airflow-venv/lib/python3.11/site-packages/airflow/example_dags/example_setup_teardown.py took 0.198 seconds
[2025-07-30T21:05:19.776+0000] {processor.py:161} INFO - Started process (PID=1766) to work on /home/azureuser/.pyenv/versions/3.11.9/envs/airflow-venv/lib/python3.11/site-packages/airflow/example_dags/example_setup_teardown.py
[2025-07-30T21:05:19.777+0000] {processor.py:830} INFO - Processing file /home/azureuser/.pyenv/versions/3.11.9/envs/airflow-venv/lib/python3.11/site-packages/airflow/example_dags/example_setup_teardown.py for tasks to queue
[2025-07-30T21:05:19.778+0000] {logging_mixin.py:188} INFO - [2025-07-30T21:05:19.778+0000] {dagbag.py:538} INFO - Filling up the DagBag from /home/azureuser/.pyenv/versions/3.11.9/envs/airflow-venv/lib/python3.11/site-packages/airflow/example_dags/example_setup_teardown.py
[2025-07-30T21:05:19.788+0000] {processor.py:840} INFO - DAG(s) 'example_setup_teardown' retrieved from /home/azureuser/.pyenv/versions/3.11.9/envs/airflow-venv/lib/python3.11/site-packages/airflow/example_dags/example_setup_teardown.py
[2025-07-30T21:05:19.807+0000] {logging_mixin.py:188} INFO - [2025-07-30T21:05:19.807+0000] {dag.py:3036} INFO - Sync 1 DAGs
[2025-07-30T21:05:19.828+0000] {logging_mixin.py:188} INFO - [2025-07-30T21:05:19.828+0000] {dag.py:3823} INFO - Setting next_dagrun for example_setup_teardown to 2025-07-29 00:00:00+00:00, run_after=2025-07-30 00:00:00+00:00
[2025-07-30T21:05:19.862+0000] {processor.py:183} INFO - Processing /home/azureuser/.pyenv/versions/3.11.9/envs/airflow-venv/lib/python3.11/site-packages/airflow/example_dags/example_setup_teardown.py took 0.090 seconds
[2025-07-30T21:06:14.805+0000] {processor.py:161} INFO - Started process (PID=1821) to work on /home/azureuser/.pyenv/versions/3.11.9/envs/airflow-venv/lib/python3.11/site-packages/airflow/example_dags/example_setup_teardown.py
[2025-07-30T21:06:14.806+0000] {processor.py:830} INFO - Processing file /home/azureuser/.pyenv/versions/3.11.9/envs/airflow-venv/lib/python3.11/site-packages/airflow/example_dags/example_setup_teardown.py for tasks to queue
[2025-07-30T21:06:14.807+0000] {logging_mixin.py:188} INFO - [2025-07-30T21:06:14.807+0000] {dagbag.py:538} INFO - Filling up the DagBag from /home/azureuser/.pyenv/versions/3.11.9/envs/airflow-venv/lib/python3.11/site-packages/airflow/example_dags/example_setup_teardown.py
[2025-07-30T21:06:14.818+0000] {processor.py:840} INFO - DAG(s) 'example_setup_teardown' retrieved from /home/azureuser/.pyenv/versions/3.11.9/envs/airflow-venv/lib/python3.11/site-packages/airflow/example_dags/example_setup_teardown.py
[2025-07-30T21:06:14.836+0000] {logging_mixin.py:188} INFO - [2025-07-30T21:06:14.836+0000] {dag.py:3036} INFO - Sync 1 DAGs
[2025-07-30T21:06:14.858+0000] {logging_mixin.py:188} INFO - [2025-07-30T21:06:14.857+0000] {dag.py:3823} INFO - Setting next_dagrun for example_setup_teardown to 2025-07-29 00:00:00+00:00, run_after=2025-07-30 00:00:00+00:00
[2025-07-30T21:06:14.889+0000] {processor.py:183} INFO - Processing /home/azureuser/.pyenv/versions/3.11.9/envs/airflow-venv/lib/python3.11/site-packages/airflow/example_dags/example_setup_teardown.py took 0.088 seconds
[2025-07-30T21:07:08.382+0000] {processor.py:161} INFO - Started process (PID=1882) to work on /home/azureuser/.pyenv/versions/3.11.9/envs/airflow-venv/lib/python3.11/site-packages/airflow/example_dags/example_setup_teardown.py
[2025-07-30T21:07:08.383+0000] {processor.py:830} INFO - Processing file /home/azureuser/.pyenv/versions/3.11.9/envs/airflow-venv/lib/python3.11/site-packages/airflow/example_dags/example_setup_teardown.py for tasks to queue
[2025-07-30T21:07:08.384+0000] {logging_mixin.py:188} INFO - [2025-07-30T21:07:08.384+0000] {dagbag.py:538} INFO - Filling up the DagBag from /home/azureuser/.pyenv/versions/3.11.9/envs/airflow-venv/lib/python3.11/site-packages/airflow/example_dags/example_setup_teardown.py
[2025-07-30T21:07:08.397+0000] {processor.py:840} INFO - DAG(s) 'example_setup_teardown' retrieved from /home/azureuser/.pyenv/versions/3.11.9/envs/airflow-venv/lib/python3.11/site-packages/airflow/example_dags/example_setup_teardown.py
[2025-07-30T21:07:08.420+0000] {logging_mixin.py:188} INFO - [2025-07-30T21:07:08.419+0000] {dag.py:3036} INFO - Sync 1 DAGs
[2025-07-30T21:07:08.444+0000] {logging_mixin.py:188} INFO - [2025-07-30T21:07:08.444+0000] {dag.py:3823} INFO - Setting next_dagrun for example_setup_teardown to 2025-07-29 00:00:00+00:00, run_after=2025-07-30 00:00:00+00:00
[2025-07-30T21:07:08.476+0000] {processor.py:183} INFO - Processing /home/azureuser/.pyenv/versions/3.11.9/envs/airflow-venv/lib/python3.11/site-packages/airflow/example_dags/example_setup_teardown.py took 0.098 seconds
