[2025-07-30T00:21:45.196+0000] {processor.py:161} INFO - Started process (PID=34272) to work on /home/azureuser/.pyenv/versions/3.11.9/envs/airflow-venv/lib/python3.11/site-packages/airflow/example_dags/example_branch_datetime_operator.py
[2025-07-30T00:21:45.197+0000] {processor.py:830} INFO - Processing file /home/azureuser/.pyenv/versions/3.11.9/envs/airflow-venv/lib/python3.11/site-packages/airflow/example_dags/example_branch_datetime_operator.py for tasks to queue
[2025-07-30T00:21:45.198+0000] {logging_mixin.py:188} INFO - [2025-07-30T00:21:45.198+0000] {dagbag.py:538} INFO - Filling up the DagBag from /home/azureuser/.pyenv/versions/3.11.9/envs/airflow-venv/lib/python3.11/site-packages/airflow/example_dags/example_branch_datetime_operator.py
[2025-07-30T00:21:45.212+0000] {processor.py:840} INFO - DAG(s) 'example_branch_datetime_operator_2', 'example_branch_datetime_operator', 'example_branch_datetime_operator_3' retrieved from /home/azureuser/.pyenv/versions/3.11.9/envs/airflow-venv/lib/python3.11/site-packages/airflow/example_dags/example_branch_datetime_operator.py
[2025-07-30T00:21:45.376+0000] {logging_mixin.py:188} INFO - [2025-07-30T00:21:45.375+0000] {override.py:1769} INFO - Created Permission View: can delete on DAG:example_branch_datetime_operator_2
[2025-07-30T00:21:45.408+0000] {logging_mixin.py:188} INFO - [2025-07-30T00:21:45.407+0000] {override.py:1769} INFO - Created Permission View: can read on DAG:example_branch_datetime_operator_2
[2025-07-30T00:21:45.436+0000] {logging_mixin.py:188} INFO - [2025-07-30T00:21:45.435+0000] {override.py:1769} INFO - Created Permission View: can edit on DAG:example_branch_datetime_operator_2
[2025-07-30T00:21:45.489+0000] {logging_mixin.py:188} INFO - [2025-07-30T00:21:45.489+0000] {override.py:1769} INFO - Created Permission View: can delete on DAG:example_branch_datetime_operator
[2025-07-30T00:21:45.515+0000] {logging_mixin.py:188} INFO - [2025-07-30T00:21:45.515+0000] {override.py:1769} INFO - Created Permission View: can read on DAG:example_branch_datetime_operator
[2025-07-30T00:21:45.540+0000] {logging_mixin.py:188} INFO - [2025-07-30T00:21:45.540+0000] {override.py:1769} INFO - Created Permission View: can edit on DAG:example_branch_datetime_operator
[2025-07-30T00:21:45.593+0000] {logging_mixin.py:188} INFO - [2025-07-30T00:21:45.592+0000] {override.py:1769} INFO - Created Permission View: can delete on DAG:example_branch_datetime_operator_3
[2025-07-30T00:21:45.619+0000] {logging_mixin.py:188} INFO - [2025-07-30T00:21:45.619+0000] {override.py:1769} INFO - Created Permission View: can read on DAG:example_branch_datetime_operator_3
[2025-07-30T00:21:45.644+0000] {logging_mixin.py:188} INFO - [2025-07-30T00:21:45.643+0000] {override.py:1769} INFO - Created Permission View: can edit on DAG:example_branch_datetime_operator_3
[2025-07-30T00:21:45.644+0000] {logging_mixin.py:188} INFO - [2025-07-30T00:21:45.644+0000] {dag.py:3036} INFO - Sync 3 DAGs
[2025-07-30T00:21:45.656+0000] {logging_mixin.py:188} INFO - [2025-07-30T00:21:45.656+0000] {dag.py:3058} INFO - Creating ORM DAG for example_branch_datetime_operator
[2025-07-30T00:21:45.657+0000] {logging_mixin.py:188} INFO - [2025-07-30T00:21:45.657+0000] {dag.py:3058} INFO - Creating ORM DAG for example_branch_datetime_operator_3
[2025-07-30T00:21:45.658+0000] {logging_mixin.py:188} INFO - [2025-07-30T00:21:45.658+0000] {dag.py:3058} INFO - Creating ORM DAG for example_branch_datetime_operator_2
[2025-07-30T00:21:45.669+0000] {logging_mixin.py:188} INFO - [2025-07-30T00:21:45.669+0000] {dag.py:3823} INFO - Setting next_dagrun for example_branch_datetime_operator to 2025-07-29 00:00:00+00:00, run_after=2025-07-30 00:00:00+00:00
[2025-07-30T00:21:45.672+0000] {logging_mixin.py:188} INFO - [2025-07-30T00:21:45.671+0000] {dag.py:3823} INFO - Setting next_dagrun for example_branch_datetime_operator_2 to 2025-07-29 00:00:00+00:00, run_after=2025-07-30 00:00:00+00:00
[2025-07-30T00:21:45.674+0000] {logging_mixin.py:188} INFO - [2025-07-30T00:21:45.673+0000] {dag.py:3823} INFO - Setting next_dagrun for example_branch_datetime_operator_3 to 2025-07-29 00:00:00+00:00, run_after=2025-07-30 00:00:00+00:00
[2025-07-30T00:21:45.712+0000] {processor.py:183} INFO - Processing /home/azureuser/.pyenv/versions/3.11.9/envs/airflow-venv/lib/python3.11/site-packages/airflow/example_dags/example_branch_datetime_operator.py took 0.521 seconds
[2025-07-30T00:22:53.516+0000] {processor.py:161} INFO - Started process (PID=34372) to work on /home/azureuser/.pyenv/versions/3.11.9/envs/airflow-venv/lib/python3.11/site-packages/airflow/example_dags/example_branch_datetime_operator.py
[2025-07-30T00:22:53.517+0000] {processor.py:830} INFO - Processing file /home/azureuser/.pyenv/versions/3.11.9/envs/airflow-venv/lib/python3.11/site-packages/airflow/example_dags/example_branch_datetime_operator.py for tasks to queue
[2025-07-30T00:22:53.518+0000] {logging_mixin.py:188} INFO - [2025-07-30T00:22:53.518+0000] {dagbag.py:538} INFO - Filling up the DagBag from /home/azureuser/.pyenv/versions/3.11.9/envs/airflow-venv/lib/python3.11/site-packages/airflow/example_dags/example_branch_datetime_operator.py
[2025-07-30T00:22:53.532+0000] {processor.py:840} INFO - DAG(s) 'example_branch_datetime_operator_2', 'example_branch_datetime_operator', 'example_branch_datetime_operator_3' retrieved from /home/azureuser/.pyenv/versions/3.11.9/envs/airflow-venv/lib/python3.11/site-packages/airflow/example_dags/example_branch_datetime_operator.py
[2025-07-30T00:22:53.559+0000] {logging_mixin.py:188} INFO - [2025-07-30T00:22:53.559+0000] {dag.py:3036} INFO - Sync 3 DAGs
[2025-07-30T00:22:53.584+0000] {logging_mixin.py:188} INFO - [2025-07-30T00:22:53.584+0000] {dag.py:3823} INFO - Setting next_dagrun for example_branch_datetime_operator to 2025-07-29 00:00:00+00:00, run_after=2025-07-30 00:00:00+00:00
[2025-07-30T00:22:53.590+0000] {logging_mixin.py:188} INFO - [2025-07-30T00:22:53.589+0000] {dag.py:3823} INFO - Setting next_dagrun for example_branch_datetime_operator_2 to 2025-07-29 00:00:00+00:00, run_after=2025-07-30 00:00:00+00:00
[2025-07-30T00:22:53.592+0000] {logging_mixin.py:188} INFO - [2025-07-30T00:22:53.592+0000] {dag.py:3823} INFO - Setting next_dagrun for example_branch_datetime_operator_3 to 2025-07-29 00:00:00+00:00, run_after=2025-07-30 00:00:00+00:00
[2025-07-30T00:22:53.631+0000] {processor.py:183} INFO - Processing /home/azureuser/.pyenv/versions/3.11.9/envs/airflow-venv/lib/python3.11/site-packages/airflow/example_dags/example_branch_datetime_operator.py took 0.120 seconds
[2025-07-30T00:23:52.881+0000] {processor.py:161} INFO - Started process (PID=34464) to work on /home/azureuser/.pyenv/versions/3.11.9/envs/airflow-venv/lib/python3.11/site-packages/airflow/example_dags/example_branch_datetime_operator.py
[2025-07-30T00:23:52.882+0000] {processor.py:830} INFO - Processing file /home/azureuser/.pyenv/versions/3.11.9/envs/airflow-venv/lib/python3.11/site-packages/airflow/example_dags/example_branch_datetime_operator.py for tasks to queue
[2025-07-30T00:23:52.884+0000] {logging_mixin.py:188} INFO - [2025-07-30T00:23:52.883+0000] {dagbag.py:538} INFO - Filling up the DagBag from /home/azureuser/.pyenv/versions/3.11.9/envs/airflow-venv/lib/python3.11/site-packages/airflow/example_dags/example_branch_datetime_operator.py
[2025-07-30T00:23:52.899+0000] {processor.py:840} INFO - DAG(s) 'example_branch_datetime_operator_2', 'example_branch_datetime_operator', 'example_branch_datetime_operator_3' retrieved from /home/azureuser/.pyenv/versions/3.11.9/envs/airflow-venv/lib/python3.11/site-packages/airflow/example_dags/example_branch_datetime_operator.py
[2025-07-30T00:23:52.929+0000] {logging_mixin.py:188} INFO - [2025-07-30T00:23:52.929+0000] {dag.py:3036} INFO - Sync 3 DAGs
[2025-07-30T00:23:52.954+0000] {logging_mixin.py:188} INFO - [2025-07-30T00:23:52.954+0000] {dag.py:3823} INFO - Setting next_dagrun for example_branch_datetime_operator to 2025-07-29 00:00:00+00:00, run_after=2025-07-30 00:00:00+00:00
[2025-07-30T00:23:52.959+0000] {logging_mixin.py:188} INFO - [2025-07-30T00:23:52.959+0000] {dag.py:3823} INFO - Setting next_dagrun for example_branch_datetime_operator_2 to 2025-07-29 00:00:00+00:00, run_after=2025-07-30 00:00:00+00:00
[2025-07-30T00:23:52.962+0000] {logging_mixin.py:188} INFO - [2025-07-30T00:23:52.961+0000] {dag.py:3823} INFO - Setting next_dagrun for example_branch_datetime_operator_3 to 2025-07-29 00:00:00+00:00, run_after=2025-07-30 00:00:00+00:00
[2025-07-30T00:23:53.002+0000] {processor.py:183} INFO - Processing /home/azureuser/.pyenv/versions/3.11.9/envs/airflow-venv/lib/python3.11/site-packages/airflow/example_dags/example_branch_datetime_operator.py took 0.125 seconds
[2025-07-30T00:25:06.874+0000] {processor.py:161} INFO - Started process (PID=34570) to work on /home/azureuser/.pyenv/versions/3.11.9/envs/airflow-venv/lib/python3.11/site-packages/airflow/example_dags/example_branch_datetime_operator.py
[2025-07-30T00:25:06.876+0000] {processor.py:830} INFO - Processing file /home/azureuser/.pyenv/versions/3.11.9/envs/airflow-venv/lib/python3.11/site-packages/airflow/example_dags/example_branch_datetime_operator.py for tasks to queue
[2025-07-30T00:25:06.877+0000] {logging_mixin.py:188} INFO - [2025-07-30T00:25:06.876+0000] {dagbag.py:538} INFO - Filling up the DagBag from /home/azureuser/.pyenv/versions/3.11.9/envs/airflow-venv/lib/python3.11/site-packages/airflow/example_dags/example_branch_datetime_operator.py
[2025-07-30T00:25:06.891+0000] {processor.py:840} INFO - DAG(s) 'example_branch_datetime_operator', 'example_branch_datetime_operator_2', 'example_branch_datetime_operator_3' retrieved from /home/azureuser/.pyenv/versions/3.11.9/envs/airflow-venv/lib/python3.11/site-packages/airflow/example_dags/example_branch_datetime_operator.py
[2025-07-30T00:25:06.918+0000] {logging_mixin.py:188} INFO - [2025-07-30T00:25:06.918+0000] {dag.py:3036} INFO - Sync 3 DAGs
[2025-07-30T00:25:06.943+0000] {logging_mixin.py:188} INFO - [2025-07-30T00:25:06.942+0000] {dag.py:3823} INFO - Setting next_dagrun for example_branch_datetime_operator to 2025-07-29 00:00:00+00:00, run_after=2025-07-30 00:00:00+00:00
[2025-07-30T00:25:06.948+0000] {logging_mixin.py:188} INFO - [2025-07-30T00:25:06.948+0000] {dag.py:3823} INFO - Setting next_dagrun for example_branch_datetime_operator_2 to 2025-07-29 00:00:00+00:00, run_after=2025-07-30 00:00:00+00:00
[2025-07-30T00:25:06.951+0000] {logging_mixin.py:188} INFO - [2025-07-30T00:25:06.951+0000] {dag.py:3823} INFO - Setting next_dagrun for example_branch_datetime_operator_3 to 2025-07-29 00:00:00+00:00, run_after=2025-07-30 00:00:00+00:00
[2025-07-30T00:25:06.989+0000] {processor.py:183} INFO - Processing /home/azureuser/.pyenv/versions/3.11.9/envs/airflow-venv/lib/python3.11/site-packages/airflow/example_dags/example_branch_datetime_operator.py took 0.119 seconds
[2025-07-30T00:26:09.278+0000] {processor.py:161} INFO - Started process (PID=34662) to work on /home/azureuser/.pyenv/versions/3.11.9/envs/airflow-venv/lib/python3.11/site-packages/airflow/example_dags/example_branch_datetime_operator.py
[2025-07-30T00:26:09.280+0000] {processor.py:830} INFO - Processing file /home/azureuser/.pyenv/versions/3.11.9/envs/airflow-venv/lib/python3.11/site-packages/airflow/example_dags/example_branch_datetime_operator.py for tasks to queue
[2025-07-30T00:26:09.282+0000] {logging_mixin.py:188} INFO - [2025-07-30T00:26:09.281+0000] {dagbag.py:538} INFO - Filling up the DagBag from /home/azureuser/.pyenv/versions/3.11.9/envs/airflow-venv/lib/python3.11/site-packages/airflow/example_dags/example_branch_datetime_operator.py
[2025-07-30T00:26:09.315+0000] {processor.py:840} INFO - DAG(s) 'example_branch_datetime_operator', 'example_branch_datetime_operator_3', 'example_branch_datetime_operator_2' retrieved from /home/azureuser/.pyenv/versions/3.11.9/envs/airflow-venv/lib/python3.11/site-packages/airflow/example_dags/example_branch_datetime_operator.py
[2025-07-30T00:26:09.352+0000] {logging_mixin.py:188} INFO - [2025-07-30T00:26:09.351+0000] {dag.py:3036} INFO - Sync 3 DAGs
[2025-07-30T00:26:09.423+0000] {logging_mixin.py:188} INFO - [2025-07-30T00:26:09.416+0000] {dag.py:3823} INFO - Setting next_dagrun for example_branch_datetime_operator to 2025-07-29 00:00:00+00:00, run_after=2025-07-30 00:00:00+00:00
[2025-07-30T00:26:09.436+0000] {logging_mixin.py:188} INFO - [2025-07-30T00:26:09.436+0000] {dag.py:3823} INFO - Setting next_dagrun for example_branch_datetime_operator_2 to 2025-07-29 00:00:00+00:00, run_after=2025-07-30 00:00:00+00:00
[2025-07-30T00:26:09.442+0000] {logging_mixin.py:188} INFO - [2025-07-30T00:26:09.441+0000] {dag.py:3823} INFO - Setting next_dagrun for example_branch_datetime_operator_3 to 2025-07-29 00:00:00+00:00, run_after=2025-07-30 00:00:00+00:00
[2025-07-30T00:26:09.525+0000] {processor.py:183} INFO - Processing /home/azureuser/.pyenv/versions/3.11.9/envs/airflow-venv/lib/python3.11/site-packages/airflow/example_dags/example_branch_datetime_operator.py took 0.257 seconds
[2025-07-30T20:46:19.123+0000] {processor.py:161} INFO - Started process (PID=1380) to work on /home/azureuser/.pyenv/versions/3.11.9/envs/airflow-venv/lib/python3.11/site-packages/airflow/example_dags/example_branch_datetime_operator.py
[2025-07-30T20:46:19.124+0000] {processor.py:830} INFO - Processing file /home/azureuser/.pyenv/versions/3.11.9/envs/airflow-venv/lib/python3.11/site-packages/airflow/example_dags/example_branch_datetime_operator.py for tasks to queue
[2025-07-30T20:46:19.125+0000] {logging_mixin.py:188} INFO - [2025-07-30T20:46:19.124+0000] {dagbag.py:538} INFO - Filling up the DagBag from /home/azureuser/.pyenv/versions/3.11.9/envs/airflow-venv/lib/python3.11/site-packages/airflow/example_dags/example_branch_datetime_operator.py
[2025-07-30T20:46:19.137+0000] {processor.py:840} INFO - DAG(s) 'example_branch_datetime_operator', 'example_branch_datetime_operator_2', 'example_branch_datetime_operator_3' retrieved from /home/azureuser/.pyenv/versions/3.11.9/envs/airflow-venv/lib/python3.11/site-packages/airflow/example_dags/example_branch_datetime_operator.py
[2025-07-30T20:46:19.258+0000] {logging_mixin.py:188} INFO - [2025-07-30T20:46:19.258+0000] {dag.py:3036} INFO - Sync 3 DAGs
[2025-07-30T20:46:19.276+0000] {logging_mixin.py:188} INFO - [2025-07-30T20:46:19.276+0000] {dag.py:3823} INFO - Setting next_dagrun for example_branch_datetime_operator to 2025-07-29 00:00:00+00:00, run_after=2025-07-30 00:00:00+00:00
[2025-07-30T20:46:19.280+0000] {logging_mixin.py:188} INFO - [2025-07-30T20:46:19.280+0000] {dag.py:3823} INFO - Setting next_dagrun for example_branch_datetime_operator_2 to 2025-07-29 00:00:00+00:00, run_after=2025-07-30 00:00:00+00:00
[2025-07-30T20:46:19.282+0000] {logging_mixin.py:188} INFO - [2025-07-30T20:46:19.282+0000] {dag.py:3823} INFO - Setting next_dagrun for example_branch_datetime_operator_3 to 2025-07-29 00:00:00+00:00, run_after=2025-07-30 00:00:00+00:00
[2025-07-30T20:46:19.308+0000] {processor.py:183} INFO - Processing /home/azureuser/.pyenv/versions/3.11.9/envs/airflow-venv/lib/python3.11/site-packages/airflow/example_dags/example_branch_datetime_operator.py took 0.189 seconds
[2025-07-30T20:47:15.433+0000] {processor.py:161} INFO - Started process (PID=1438) to work on /home/azureuser/.pyenv/versions/3.11.9/envs/airflow-venv/lib/python3.11/site-packages/airflow/example_dags/example_branch_datetime_operator.py
[2025-07-30T20:47:15.434+0000] {processor.py:830} INFO - Processing file /home/azureuser/.pyenv/versions/3.11.9/envs/airflow-venv/lib/python3.11/site-packages/airflow/example_dags/example_branch_datetime_operator.py for tasks to queue
[2025-07-30T20:47:15.435+0000] {logging_mixin.py:188} INFO - [2025-07-30T20:47:15.435+0000] {dagbag.py:538} INFO - Filling up the DagBag from /home/azureuser/.pyenv/versions/3.11.9/envs/airflow-venv/lib/python3.11/site-packages/airflow/example_dags/example_branch_datetime_operator.py
[2025-07-30T20:47:15.447+0000] {processor.py:840} INFO - DAG(s) 'example_branch_datetime_operator', 'example_branch_datetime_operator_3', 'example_branch_datetime_operator_2' retrieved from /home/azureuser/.pyenv/versions/3.11.9/envs/airflow-venv/lib/python3.11/site-packages/airflow/example_dags/example_branch_datetime_operator.py
[2025-07-30T20:47:15.472+0000] {logging_mixin.py:188} INFO - [2025-07-30T20:47:15.472+0000] {dag.py:3036} INFO - Sync 3 DAGs
[2025-07-30T20:47:15.495+0000] {logging_mixin.py:188} INFO - [2025-07-30T20:47:15.495+0000] {dag.py:3823} INFO - Setting next_dagrun for example_branch_datetime_operator to 2025-07-29 00:00:00+00:00, run_after=2025-07-30 00:00:00+00:00
[2025-07-30T20:47:15.500+0000] {logging_mixin.py:188} INFO - [2025-07-30T20:47:15.500+0000] {dag.py:3823} INFO - Setting next_dagrun for example_branch_datetime_operator_2 to 2025-07-29 00:00:00+00:00, run_after=2025-07-30 00:00:00+00:00
[2025-07-30T20:47:15.502+0000] {logging_mixin.py:188} INFO - [2025-07-30T20:47:15.502+0000] {dag.py:3823} INFO - Setting next_dagrun for example_branch_datetime_operator_3 to 2025-07-29 00:00:00+00:00, run_after=2025-07-30 00:00:00+00:00
[2025-07-30T20:47:15.531+0000] {processor.py:183} INFO - Processing /home/azureuser/.pyenv/versions/3.11.9/envs/airflow-venv/lib/python3.11/site-packages/airflow/example_dags/example_branch_datetime_operator.py took 0.102 seconds
[2025-07-30T21:03:54.420+0000] {processor.py:161} INFO - Started process (PID=1683) to work on /home/azureuser/.pyenv/versions/3.11.9/envs/airflow-venv/lib/python3.11/site-packages/airflow/example_dags/example_branch_datetime_operator.py
[2025-07-30T21:03:54.421+0000] {processor.py:830} INFO - Processing file /home/azureuser/.pyenv/versions/3.11.9/envs/airflow-venv/lib/python3.11/site-packages/airflow/example_dags/example_branch_datetime_operator.py for tasks to queue
[2025-07-30T21:03:54.422+0000] {logging_mixin.py:188} INFO - [2025-07-30T21:03:54.421+0000] {dagbag.py:538} INFO - Filling up the DagBag from /home/azureuser/.pyenv/versions/3.11.9/envs/airflow-venv/lib/python3.11/site-packages/airflow/example_dags/example_branch_datetime_operator.py
[2025-07-30T21:03:54.434+0000] {processor.py:840} INFO - DAG(s) 'example_branch_datetime_operator', 'example_branch_datetime_operator_2', 'example_branch_datetime_operator_3' retrieved from /home/azureuser/.pyenv/versions/3.11.9/envs/airflow-venv/lib/python3.11/site-packages/airflow/example_dags/example_branch_datetime_operator.py
[2025-07-30T21:03:54.460+0000] {logging_mixin.py:188} INFO - [2025-07-30T21:03:54.459+0000] {dag.py:3036} INFO - Sync 3 DAGs
[2025-07-30T21:03:54.482+0000] {logging_mixin.py:188} INFO - [2025-07-30T21:03:54.482+0000] {dag.py:3823} INFO - Setting next_dagrun for example_branch_datetime_operator to 2025-07-29 00:00:00+00:00, run_after=2025-07-30 00:00:00+00:00
[2025-07-30T21:03:54.488+0000] {logging_mixin.py:188} INFO - [2025-07-30T21:03:54.488+0000] {dag.py:3823} INFO - Setting next_dagrun for example_branch_datetime_operator_2 to 2025-07-29 00:00:00+00:00, run_after=2025-07-30 00:00:00+00:00
[2025-07-30T21:03:54.490+0000] {logging_mixin.py:188} INFO - [2025-07-30T21:03:54.490+0000] {dag.py:3823} INFO - Setting next_dagrun for example_branch_datetime_operator_3 to 2025-07-29 00:00:00+00:00, run_after=2025-07-30 00:00:00+00:00
[2025-07-30T21:03:54.657+0000] {processor.py:183} INFO - Processing /home/azureuser/.pyenv/versions/3.11.9/envs/airflow-venv/lib/python3.11/site-packages/airflow/example_dags/example_branch_datetime_operator.py took 0.242 seconds
[2025-07-30T21:05:09.266+0000] {processor.py:161} INFO - Started process (PID=1756) to work on /home/azureuser/.pyenv/versions/3.11.9/envs/airflow-venv/lib/python3.11/site-packages/airflow/example_dags/example_branch_datetime_operator.py
[2025-07-30T21:05:09.267+0000] {processor.py:830} INFO - Processing file /home/azureuser/.pyenv/versions/3.11.9/envs/airflow-venv/lib/python3.11/site-packages/airflow/example_dags/example_branch_datetime_operator.py for tasks to queue
[2025-07-30T21:05:09.268+0000] {logging_mixin.py:188} INFO - [2025-07-30T21:05:09.268+0000] {dagbag.py:538} INFO - Filling up the DagBag from /home/azureuser/.pyenv/versions/3.11.9/envs/airflow-venv/lib/python3.11/site-packages/airflow/example_dags/example_branch_datetime_operator.py
[2025-07-30T21:05:09.281+0000] {processor.py:840} INFO - DAG(s) 'example_branch_datetime_operator_3', 'example_branch_datetime_operator_2', 'example_branch_datetime_operator' retrieved from /home/azureuser/.pyenv/versions/3.11.9/envs/airflow-venv/lib/python3.11/site-packages/airflow/example_dags/example_branch_datetime_operator.py
[2025-07-30T21:05:09.307+0000] {logging_mixin.py:188} INFO - [2025-07-30T21:05:09.306+0000] {dag.py:3036} INFO - Sync 3 DAGs
[2025-07-30T21:05:09.329+0000] {logging_mixin.py:188} INFO - [2025-07-30T21:05:09.329+0000] {dag.py:3823} INFO - Setting next_dagrun for example_branch_datetime_operator to 2025-07-29 00:00:00+00:00, run_after=2025-07-30 00:00:00+00:00
[2025-07-30T21:05:09.334+0000] {logging_mixin.py:188} INFO - [2025-07-30T21:05:09.334+0000] {dag.py:3823} INFO - Setting next_dagrun for example_branch_datetime_operator_2 to 2025-07-29 00:00:00+00:00, run_after=2025-07-30 00:00:00+00:00
[2025-07-30T21:05:09.336+0000] {logging_mixin.py:188} INFO - [2025-07-30T21:05:09.336+0000] {dag.py:3823} INFO - Setting next_dagrun for example_branch_datetime_operator_3 to 2025-07-29 00:00:00+00:00, run_after=2025-07-30 00:00:00+00:00
[2025-07-30T21:05:09.364+0000] {processor.py:183} INFO - Processing /home/azureuser/.pyenv/versions/3.11.9/envs/airflow-venv/lib/python3.11/site-packages/airflow/example_dags/example_branch_datetime_operator.py took 0.101 seconds
[2025-07-30T21:06:05.859+0000] {processor.py:161} INFO - Started process (PID=1812) to work on /home/azureuser/.pyenv/versions/3.11.9/envs/airflow-venv/lib/python3.11/site-packages/airflow/example_dags/example_branch_datetime_operator.py
[2025-07-30T21:06:05.861+0000] {processor.py:830} INFO - Processing file /home/azureuser/.pyenv/versions/3.11.9/envs/airflow-venv/lib/python3.11/site-packages/airflow/example_dags/example_branch_datetime_operator.py for tasks to queue
[2025-07-30T21:06:05.862+0000] {logging_mixin.py:188} INFO - [2025-07-30T21:06:05.861+0000] {dagbag.py:538} INFO - Filling up the DagBag from /home/azureuser/.pyenv/versions/3.11.9/envs/airflow-venv/lib/python3.11/site-packages/airflow/example_dags/example_branch_datetime_operator.py
[2025-07-30T21:06:05.874+0000] {processor.py:840} INFO - DAG(s) 'example_branch_datetime_operator_2', 'example_branch_datetime_operator_3', 'example_branch_datetime_operator' retrieved from /home/azureuser/.pyenv/versions/3.11.9/envs/airflow-venv/lib/python3.11/site-packages/airflow/example_dags/example_branch_datetime_operator.py
[2025-07-30T21:06:05.900+0000] {logging_mixin.py:188} INFO - [2025-07-30T21:06:05.900+0000] {dag.py:3036} INFO - Sync 3 DAGs
[2025-07-30T21:06:05.923+0000] {logging_mixin.py:188} INFO - [2025-07-30T21:06:05.923+0000] {dag.py:3823} INFO - Setting next_dagrun for example_branch_datetime_operator to 2025-07-29 00:00:00+00:00, run_after=2025-07-30 00:00:00+00:00
[2025-07-30T21:06:05.928+0000] {logging_mixin.py:188} INFO - [2025-07-30T21:06:05.928+0000] {dag.py:3823} INFO - Setting next_dagrun for example_branch_datetime_operator_2 to 2025-07-29 00:00:00+00:00, run_after=2025-07-30 00:00:00+00:00
[2025-07-30T21:06:05.930+0000] {logging_mixin.py:188} INFO - [2025-07-30T21:06:05.930+0000] {dag.py:3823} INFO - Setting next_dagrun for example_branch_datetime_operator_3 to 2025-07-29 00:00:00+00:00, run_after=2025-07-30 00:00:00+00:00
[2025-07-30T21:06:05.965+0000] {processor.py:183} INFO - Processing /home/azureuser/.pyenv/versions/3.11.9/envs/airflow-venv/lib/python3.11/site-packages/airflow/example_dags/example_branch_datetime_operator.py took 0.110 seconds
[2025-07-30T21:06:59.383+0000] {processor.py:161} INFO - Started process (PID=1866) to work on /home/azureuser/.pyenv/versions/3.11.9/envs/airflow-venv/lib/python3.11/site-packages/airflow/example_dags/example_branch_datetime_operator.py
[2025-07-30T21:06:59.385+0000] {processor.py:830} INFO - Processing file /home/azureuser/.pyenv/versions/3.11.9/envs/airflow-venv/lib/python3.11/site-packages/airflow/example_dags/example_branch_datetime_operator.py for tasks to queue
[2025-07-30T21:06:59.386+0000] {logging_mixin.py:188} INFO - [2025-07-30T21:06:59.386+0000] {dagbag.py:538} INFO - Filling up the DagBag from /home/azureuser/.pyenv/versions/3.11.9/envs/airflow-venv/lib/python3.11/site-packages/airflow/example_dags/example_branch_datetime_operator.py
[2025-07-30T21:06:59.399+0000] {processor.py:840} INFO - DAG(s) 'example_branch_datetime_operator_3', 'example_branch_datetime_operator_2', 'example_branch_datetime_operator' retrieved from /home/azureuser/.pyenv/versions/3.11.9/envs/airflow-venv/lib/python3.11/site-packages/airflow/example_dags/example_branch_datetime_operator.py
[2025-07-30T21:06:59.425+0000] {logging_mixin.py:188} INFO - [2025-07-30T21:06:59.424+0000] {dag.py:3036} INFO - Sync 3 DAGs
[2025-07-30T21:06:59.453+0000] {logging_mixin.py:188} INFO - [2025-07-30T21:06:59.452+0000] {dag.py:3823} INFO - Setting next_dagrun for example_branch_datetime_operator to 2025-07-29 00:00:00+00:00, run_after=2025-07-30 00:00:00+00:00
[2025-07-30T21:06:59.458+0000] {logging_mixin.py:188} INFO - [2025-07-30T21:06:59.458+0000] {dag.py:3823} INFO - Setting next_dagrun for example_branch_datetime_operator_2 to 2025-07-29 00:00:00+00:00, run_after=2025-07-30 00:00:00+00:00
[2025-07-30T21:06:59.461+0000] {logging_mixin.py:188} INFO - [2025-07-30T21:06:59.461+0000] {dag.py:3823} INFO - Setting next_dagrun for example_branch_datetime_operator_3 to 2025-07-29 00:00:00+00:00, run_after=2025-07-30 00:00:00+00:00
[2025-07-30T21:06:59.488+0000] {processor.py:183} INFO - Processing /home/azureuser/.pyenv/versions/3.11.9/envs/airflow-venv/lib/python3.11/site-packages/airflow/example_dags/example_branch_datetime_operator.py took 0.109 seconds
