[2025-07-30T00:21:04.438+0000] {processor.py:161} INFO - Started process (PID=34148) to work on /home/azureuser/.pyenv/versions/3.11.9/envs/airflow-venv/lib/python3.11/site-packages/airflow/example_dags/example_task_group.py
[2025-07-30T00:21:04.439+0000] {processor.py:830} INFO - Processing file /home/azureuser/.pyenv/versions/3.11.9/envs/airflow-venv/lib/python3.11/site-packages/airflow/example_dags/example_task_group.py for tasks to queue
[2025-07-30T00:21:04.440+0000] {logging_mixin.py:188} INFO - [2025-07-30T00:21:04.440+0000] {dagbag.py:538} INFO - Filling up the DagBag from /home/azureuser/.pyenv/versions/3.11.9/envs/airflow-venv/lib/python3.11/site-packages/airflow/example_dags/example_task_group.py
[2025-07-30T00:21:04.451+0000] {processor.py:840} INFO - DAG(s) 'example_task_group' retrieved from /home/azureuser/.pyenv/versions/3.11.9/envs/airflow-venv/lib/python3.11/site-packages/airflow/example_dags/example_task_group.py
[2025-07-30T00:21:04.626+0000] {logging_mixin.py:188} INFO - [2025-07-30T00:21:04.625+0000] {override.py:1769} INFO - Created Permission View: can delete on DAG:example_task_group
[2025-07-30T00:21:04.653+0000] {logging_mixin.py:188} INFO - [2025-07-30T00:21:04.653+0000] {override.py:1769} INFO - Created Permission View: can read on DAG:example_task_group
[2025-07-30T00:21:04.679+0000] {logging_mixin.py:188} INFO - [2025-07-30T00:21:04.679+0000] {override.py:1769} INFO - Created Permission View: can edit on DAG:example_task_group
[2025-07-30T00:21:04.680+0000] {logging_mixin.py:188} INFO - [2025-07-30T00:21:04.680+0000] {dag.py:3036} INFO - Sync 1 DAGs
[2025-07-30T00:21:04.694+0000] {logging_mixin.py:188} INFO - [2025-07-30T00:21:04.694+0000] {dag.py:3058} INFO - Creating ORM DAG for example_task_group
[2025-07-30T00:21:04.704+0000] {logging_mixin.py:188} INFO - [2025-07-30T00:21:04.704+0000] {dag.py:3823} INFO - Setting next_dagrun for example_task_group to 2025-07-29 00:00:00+00:00, run_after=2025-07-30 00:00:00+00:00
[2025-07-30T00:21:04.747+0000] {processor.py:183} INFO - Processing /home/azureuser/.pyenv/versions/3.11.9/envs/airflow-venv/lib/python3.11/site-packages/airflow/example_dags/example_task_group.py took 0.313 seconds
[2025-07-30T00:22:01.410+0000] {processor.py:161} INFO - Started process (PID=34297) to work on /home/azureuser/.pyenv/versions/3.11.9/envs/airflow-venv/lib/python3.11/site-packages/airflow/example_dags/example_task_group.py
[2025-07-30T00:22:01.412+0000] {processor.py:830} INFO - Processing file /home/azureuser/.pyenv/versions/3.11.9/envs/airflow-venv/lib/python3.11/site-packages/airflow/example_dags/example_task_group.py for tasks to queue
[2025-07-30T00:22:01.413+0000] {logging_mixin.py:188} INFO - [2025-07-30T00:22:01.413+0000] {dagbag.py:538} INFO - Filling up the DagBag from /home/azureuser/.pyenv/versions/3.11.9/envs/airflow-venv/lib/python3.11/site-packages/airflow/example_dags/example_task_group.py
[2025-07-30T00:22:01.426+0000] {processor.py:840} INFO - DAG(s) 'example_task_group' retrieved from /home/azureuser/.pyenv/versions/3.11.9/envs/airflow-venv/lib/python3.11/site-packages/airflow/example_dags/example_task_group.py
[2025-07-30T00:22:01.450+0000] {logging_mixin.py:188} INFO - [2025-07-30T00:22:01.449+0000] {dag.py:3036} INFO - Sync 1 DAGs
[2025-07-30T00:22:01.479+0000] {logging_mixin.py:188} INFO - [2025-07-30T00:22:01.479+0000] {dag.py:3823} INFO - Setting next_dagrun for example_task_group to 2025-07-29 00:00:00+00:00, run_after=2025-07-30 00:00:00+00:00
[2025-07-30T00:22:01.526+0000] {processor.py:183} INFO - Processing /home/azureuser/.pyenv/versions/3.11.9/envs/airflow-venv/lib/python3.11/site-packages/airflow/example_dags/example_task_group.py took 0.120 seconds
[2025-07-30T00:22:48.442+0000] {processor.py:161} INFO - Started process (PID=34365) to work on /home/azureuser/.pyenv/versions/3.11.9/envs/airflow-venv/lib/python3.11/site-packages/airflow/example_dags/example_task_group.py
[2025-07-30T00:22:48.443+0000] {processor.py:830} INFO - Processing file /home/azureuser/.pyenv/versions/3.11.9/envs/airflow-venv/lib/python3.11/site-packages/airflow/example_dags/example_task_group.py for tasks to queue
[2025-07-30T00:22:48.444+0000] {logging_mixin.py:188} INFO - [2025-07-30T00:22:48.444+0000] {dagbag.py:538} INFO - Filling up the DagBag from /home/azureuser/.pyenv/versions/3.11.9/envs/airflow-venv/lib/python3.11/site-packages/airflow/example_dags/example_task_group.py
[2025-07-30T00:22:48.456+0000] {processor.py:840} INFO - DAG(s) 'example_task_group' retrieved from /home/azureuser/.pyenv/versions/3.11.9/envs/airflow-venv/lib/python3.11/site-packages/airflow/example_dags/example_task_group.py
[2025-07-30T00:22:48.477+0000] {logging_mixin.py:188} INFO - [2025-07-30T00:22:48.477+0000] {dag.py:3036} INFO - Sync 1 DAGs
[2025-07-30T00:22:48.500+0000] {logging_mixin.py:188} INFO - [2025-07-30T00:22:48.500+0000] {dag.py:3823} INFO - Setting next_dagrun for example_task_group to 2025-07-29 00:00:00+00:00, run_after=2025-07-30 00:00:00+00:00
[2025-07-30T00:22:48.544+0000] {processor.py:183} INFO - Processing /home/azureuser/.pyenv/versions/3.11.9/envs/airflow-venv/lib/python3.11/site-packages/airflow/example_dags/example_task_group.py took 0.106 seconds
[2025-07-30T00:23:37.170+0000] {processor.py:161} INFO - Started process (PID=34441) to work on /home/azureuser/.pyenv/versions/3.11.9/envs/airflow-venv/lib/python3.11/site-packages/airflow/example_dags/example_task_group.py
[2025-07-30T00:23:37.172+0000] {processor.py:830} INFO - Processing file /home/azureuser/.pyenv/versions/3.11.9/envs/airflow-venv/lib/python3.11/site-packages/airflow/example_dags/example_task_group.py for tasks to queue
[2025-07-30T00:23:37.173+0000] {logging_mixin.py:188} INFO - [2025-07-30T00:23:37.173+0000] {dagbag.py:538} INFO - Filling up the DagBag from /home/azureuser/.pyenv/versions/3.11.9/envs/airflow-venv/lib/python3.11/site-packages/airflow/example_dags/example_task_group.py
[2025-07-30T00:23:37.184+0000] {processor.py:840} INFO - DAG(s) 'example_task_group' retrieved from /home/azureuser/.pyenv/versions/3.11.9/envs/airflow-venv/lib/python3.11/site-packages/airflow/example_dags/example_task_group.py
[2025-07-30T00:23:37.205+0000] {logging_mixin.py:188} INFO - [2025-07-30T00:23:37.205+0000] {dag.py:3036} INFO - Sync 1 DAGs
[2025-07-30T00:23:37.228+0000] {logging_mixin.py:188} INFO - [2025-07-30T00:23:37.228+0000] {dag.py:3823} INFO - Setting next_dagrun for example_task_group to 2025-07-29 00:00:00+00:00, run_after=2025-07-30 00:00:00+00:00
[2025-07-30T00:23:37.267+0000] {processor.py:183} INFO - Processing /home/azureuser/.pyenv/versions/3.11.9/envs/airflow-venv/lib/python3.11/site-packages/airflow/example_dags/example_task_group.py took 0.101 seconds
[2025-07-30T00:24:23.063+0000] {processor.py:161} INFO - Started process (PID=34503) to work on /home/azureuser/.pyenv/versions/3.11.9/envs/airflow-venv/lib/python3.11/site-packages/airflow/example_dags/example_task_group.py
[2025-07-30T00:24:23.064+0000] {processor.py:830} INFO - Processing file /home/azureuser/.pyenv/versions/3.11.9/envs/airflow-venv/lib/python3.11/site-packages/airflow/example_dags/example_task_group.py for tasks to queue
[2025-07-30T00:24:23.065+0000] {logging_mixin.py:188} INFO - [2025-07-30T00:24:23.065+0000] {dagbag.py:538} INFO - Filling up the DagBag from /home/azureuser/.pyenv/versions/3.11.9/envs/airflow-venv/lib/python3.11/site-packages/airflow/example_dags/example_task_group.py
[2025-07-30T00:24:23.077+0000] {processor.py:840} INFO - DAG(s) 'example_task_group' retrieved from /home/azureuser/.pyenv/versions/3.11.9/envs/airflow-venv/lib/python3.11/site-packages/airflow/example_dags/example_task_group.py
[2025-07-30T00:24:23.098+0000] {logging_mixin.py:188} INFO - [2025-07-30T00:24:23.098+0000] {dag.py:3036} INFO - Sync 1 DAGs
[2025-07-30T00:24:23.282+0000] {logging_mixin.py:188} INFO - [2025-07-30T00:24:23.281+0000] {dag.py:3823} INFO - Setting next_dagrun for example_task_group to 2025-07-29 00:00:00+00:00, run_after=2025-07-30 00:00:00+00:00
[2025-07-30T00:24:23.319+0000] {processor.py:183} INFO - Processing /home/azureuser/.pyenv/versions/3.11.9/envs/airflow-venv/lib/python3.11/site-packages/airflow/example_dags/example_task_group.py took 0.261 seconds
[2025-07-30T00:25:13.404+0000] {processor.py:161} INFO - Started process (PID=34580) to work on /home/azureuser/.pyenv/versions/3.11.9/envs/airflow-venv/lib/python3.11/site-packages/airflow/example_dags/example_task_group.py
[2025-07-30T00:25:13.406+0000] {processor.py:830} INFO - Processing file /home/azureuser/.pyenv/versions/3.11.9/envs/airflow-venv/lib/python3.11/site-packages/airflow/example_dags/example_task_group.py for tasks to queue
[2025-07-30T00:25:13.407+0000] {logging_mixin.py:188} INFO - [2025-07-30T00:25:13.406+0000] {dagbag.py:538} INFO - Filling up the DagBag from /home/azureuser/.pyenv/versions/3.11.9/envs/airflow-venv/lib/python3.11/site-packages/airflow/example_dags/example_task_group.py
[2025-07-30T00:25:13.418+0000] {processor.py:840} INFO - DAG(s) 'example_task_group' retrieved from /home/azureuser/.pyenv/versions/3.11.9/envs/airflow-venv/lib/python3.11/site-packages/airflow/example_dags/example_task_group.py
[2025-07-30T00:25:13.440+0000] {logging_mixin.py:188} INFO - [2025-07-30T00:25:13.440+0000] {dag.py:3036} INFO - Sync 1 DAGs
[2025-07-30T00:25:13.464+0000] {logging_mixin.py:188} INFO - [2025-07-30T00:25:13.463+0000] {dag.py:3823} INFO - Setting next_dagrun for example_task_group to 2025-07-29 00:00:00+00:00, run_after=2025-07-30 00:00:00+00:00
[2025-07-30T00:25:13.502+0000] {processor.py:183} INFO - Processing /home/azureuser/.pyenv/versions/3.11.9/envs/airflow-venv/lib/python3.11/site-packages/airflow/example_dags/example_task_group.py took 0.102 seconds
[2025-07-30T00:25:54.295+0000] {processor.py:161} INFO - Started process (PID=34639) to work on /home/azureuser/.pyenv/versions/3.11.9/envs/airflow-venv/lib/python3.11/site-packages/airflow/example_dags/example_task_group.py
[2025-07-30T00:25:54.297+0000] {processor.py:830} INFO - Processing file /home/azureuser/.pyenv/versions/3.11.9/envs/airflow-venv/lib/python3.11/site-packages/airflow/example_dags/example_task_group.py for tasks to queue
[2025-07-30T00:25:54.299+0000] {logging_mixin.py:188} INFO - [2025-07-30T00:25:54.298+0000] {dagbag.py:538} INFO - Filling up the DagBag from /home/azureuser/.pyenv/versions/3.11.9/envs/airflow-venv/lib/python3.11/site-packages/airflow/example_dags/example_task_group.py
[2025-07-30T00:25:54.323+0000] {processor.py:840} INFO - DAG(s) 'example_task_group' retrieved from /home/azureuser/.pyenv/versions/3.11.9/envs/airflow-venv/lib/python3.11/site-packages/airflow/example_dags/example_task_group.py
[2025-07-30T00:25:54.366+0000] {logging_mixin.py:188} INFO - [2025-07-30T00:25:54.366+0000] {dag.py:3036} INFO - Sync 1 DAGs
[2025-07-30T00:25:54.416+0000] {logging_mixin.py:188} INFO - [2025-07-30T00:25:54.416+0000] {dag.py:3823} INFO - Setting next_dagrun for example_task_group to 2025-07-29 00:00:00+00:00, run_after=2025-07-30 00:00:00+00:00
[2025-07-30T00:25:54.484+0000] {processor.py:183} INFO - Processing /home/azureuser/.pyenv/versions/3.11.9/envs/airflow-venv/lib/python3.11/site-packages/airflow/example_dags/example_task_group.py took 0.195 seconds
[2025-07-30T20:45:43.720+0000] {processor.py:161} INFO - Started process (PID=1295) to work on /home/azureuser/.pyenv/versions/3.11.9/envs/airflow-venv/lib/python3.11/site-packages/airflow/example_dags/example_task_group.py
[2025-07-30T20:45:43.724+0000] {processor.py:830} INFO - Processing file /home/azureuser/.pyenv/versions/3.11.9/envs/airflow-venv/lib/python3.11/site-packages/airflow/example_dags/example_task_group.py for tasks to queue
[2025-07-30T20:45:43.726+0000] {logging_mixin.py:188} INFO - [2025-07-30T20:45:43.725+0000] {dagbag.py:538} INFO - Filling up the DagBag from /home/azureuser/.pyenv/versions/3.11.9/envs/airflow-venv/lib/python3.11/site-packages/airflow/example_dags/example_task_group.py
[2025-07-30T20:45:43.747+0000] {processor.py:840} INFO - DAG(s) 'example_task_group' retrieved from /home/azureuser/.pyenv/versions/3.11.9/envs/airflow-venv/lib/python3.11/site-packages/airflow/example_dags/example_task_group.py
[2025-07-30T20:45:43.969+0000] {logging_mixin.py:188} INFO - [2025-07-30T20:45:43.969+0000] {dag.py:3036} INFO - Sync 1 DAGs
[2025-07-30T20:45:44.008+0000] {logging_mixin.py:188} INFO - [2025-07-30T20:45:44.007+0000] {dag.py:3823} INFO - Setting next_dagrun for example_task_group to 2025-07-29 00:00:00+00:00, run_after=2025-07-30 00:00:00+00:00
[2025-07-30T20:45:44.054+0000] {processor.py:183} INFO - Processing /home/azureuser/.pyenv/versions/3.11.9/envs/airflow-venv/lib/python3.11/site-packages/airflow/example_dags/example_task_group.py took 0.341 seconds
[2025-07-30T20:46:34.664+0000] {processor.py:161} INFO - Started process (PID=1396) to work on /home/azureuser/.pyenv/versions/3.11.9/envs/airflow-venv/lib/python3.11/site-packages/airflow/example_dags/example_task_group.py
[2025-07-30T20:46:34.665+0000] {processor.py:830} INFO - Processing file /home/azureuser/.pyenv/versions/3.11.9/envs/airflow-venv/lib/python3.11/site-packages/airflow/example_dags/example_task_group.py for tasks to queue
[2025-07-30T20:46:34.666+0000] {logging_mixin.py:188} INFO - [2025-07-30T20:46:34.666+0000] {dagbag.py:538} INFO - Filling up the DagBag from /home/azureuser/.pyenv/versions/3.11.9/envs/airflow-venv/lib/python3.11/site-packages/airflow/example_dags/example_task_group.py
[2025-07-30T20:46:34.676+0000] {processor.py:840} INFO - DAG(s) 'example_task_group' retrieved from /home/azureuser/.pyenv/versions/3.11.9/envs/airflow-venv/lib/python3.11/site-packages/airflow/example_dags/example_task_group.py
[2025-07-30T20:46:34.695+0000] {logging_mixin.py:188} INFO - [2025-07-30T20:46:34.695+0000] {dag.py:3036} INFO - Sync 1 DAGs
[2025-07-30T20:46:34.716+0000] {logging_mixin.py:188} INFO - [2025-07-30T20:46:34.715+0000] {dag.py:3823} INFO - Setting next_dagrun for example_task_group to 2025-07-29 00:00:00+00:00, run_after=2025-07-30 00:00:00+00:00
[2025-07-30T20:46:34.744+0000] {processor.py:183} INFO - Processing /home/azureuser/.pyenv/versions/3.11.9/envs/airflow-venv/lib/python3.11/site-packages/airflow/example_dags/example_task_group.py took 0.084 seconds
[2025-07-30T20:47:22.437+0000] {processor.py:161} INFO - Started process (PID=1444) to work on /home/azureuser/.pyenv/versions/3.11.9/envs/airflow-venv/lib/python3.11/site-packages/airflow/example_dags/example_task_group.py
[2025-07-30T20:47:22.439+0000] {processor.py:830} INFO - Processing file /home/azureuser/.pyenv/versions/3.11.9/envs/airflow-venv/lib/python3.11/site-packages/airflow/example_dags/example_task_group.py for tasks to queue
[2025-07-30T20:47:22.440+0000] {logging_mixin.py:188} INFO - [2025-07-30T20:47:22.439+0000] {dagbag.py:538} INFO - Filling up the DagBag from /home/azureuser/.pyenv/versions/3.11.9/envs/airflow-venv/lib/python3.11/site-packages/airflow/example_dags/example_task_group.py
[2025-07-30T20:47:22.450+0000] {processor.py:840} INFO - DAG(s) 'example_task_group' retrieved from /home/azureuser/.pyenv/versions/3.11.9/envs/airflow-venv/lib/python3.11/site-packages/airflow/example_dags/example_task_group.py
[2025-07-30T20:47:22.469+0000] {logging_mixin.py:188} INFO - [2025-07-30T20:47:22.468+0000] {dag.py:3036} INFO - Sync 1 DAGs
[2025-07-30T20:47:22.489+0000] {logging_mixin.py:188} INFO - [2025-07-30T20:47:22.489+0000] {dag.py:3823} INFO - Setting next_dagrun for example_task_group to 2025-07-29 00:00:00+00:00, run_after=2025-07-30 00:00:00+00:00
[2025-07-30T20:47:22.516+0000] {processor.py:183} INFO - Processing /home/azureuser/.pyenv/versions/3.11.9/envs/airflow-venv/lib/python3.11/site-packages/airflow/example_dags/example_task_group.py took 0.083 seconds
[2025-07-30T21:03:32.568+0000] {processor.py:161} INFO - Started process (PID=1659) to work on /home/azureuser/.pyenv/versions/3.11.9/envs/airflow-venv/lib/python3.11/site-packages/airflow/example_dags/example_task_group.py
[2025-07-30T21:03:32.569+0000] {processor.py:830} INFO - Processing file /home/azureuser/.pyenv/versions/3.11.9/envs/airflow-venv/lib/python3.11/site-packages/airflow/example_dags/example_task_group.py for tasks to queue
[2025-07-30T21:03:32.570+0000] {logging_mixin.py:188} INFO - [2025-07-30T21:03:32.570+0000] {dagbag.py:538} INFO - Filling up the DagBag from /home/azureuser/.pyenv/versions/3.11.9/envs/airflow-venv/lib/python3.11/site-packages/airflow/example_dags/example_task_group.py
[2025-07-30T21:03:32.582+0000] {processor.py:840} INFO - DAG(s) 'example_task_group' retrieved from /home/azureuser/.pyenv/versions/3.11.9/envs/airflow-venv/lib/python3.11/site-packages/airflow/example_dags/example_task_group.py
[2025-07-30T21:03:32.601+0000] {logging_mixin.py:188} INFO - [2025-07-30T21:03:32.601+0000] {dag.py:3036} INFO - Sync 1 DAGs
[2025-07-30T21:03:32.621+0000] {logging_mixin.py:188} INFO - [2025-07-30T21:03:32.621+0000] {dag.py:3823} INFO - Setting next_dagrun for example_task_group to 2025-07-29 00:00:00+00:00, run_after=2025-07-30 00:00:00+00:00
[2025-07-30T21:03:32.648+0000] {processor.py:183} INFO - Processing /home/azureuser/.pyenv/versions/3.11.9/envs/airflow-venv/lib/python3.11/site-packages/airflow/example_dags/example_task_group.py took 0.084 seconds
[2025-07-30T21:04:27.318+0000] {processor.py:161} INFO - Started process (PID=1714) to work on /home/azureuser/.pyenv/versions/3.11.9/envs/airflow-venv/lib/python3.11/site-packages/airflow/example_dags/example_task_group.py
[2025-07-30T21:04:27.320+0000] {processor.py:830} INFO - Processing file /home/azureuser/.pyenv/versions/3.11.9/envs/airflow-venv/lib/python3.11/site-packages/airflow/example_dags/example_task_group.py for tasks to queue
[2025-07-30T21:04:27.321+0000] {logging_mixin.py:188} INFO - [2025-07-30T21:04:27.320+0000] {dagbag.py:538} INFO - Filling up the DagBag from /home/azureuser/.pyenv/versions/3.11.9/envs/airflow-venv/lib/python3.11/site-packages/airflow/example_dags/example_task_group.py
[2025-07-30T21:04:27.331+0000] {processor.py:840} INFO - DAG(s) 'example_task_group' retrieved from /home/azureuser/.pyenv/versions/3.11.9/envs/airflow-venv/lib/python3.11/site-packages/airflow/example_dags/example_task_group.py
[2025-07-30T21:04:27.351+0000] {logging_mixin.py:188} INFO - [2025-07-30T21:04:27.351+0000] {dag.py:3036} INFO - Sync 1 DAGs
[2025-07-30T21:04:27.501+0000] {logging_mixin.py:188} INFO - [2025-07-30T21:04:27.501+0000] {dag.py:3823} INFO - Setting next_dagrun for example_task_group to 2025-07-29 00:00:00+00:00, run_after=2025-07-30 00:00:00+00:00
[2025-07-30T21:04:27.524+0000] {processor.py:183} INFO - Processing /home/azureuser/.pyenv/versions/3.11.9/envs/airflow-venv/lib/python3.11/site-packages/airflow/example_dags/example_task_group.py took 0.210 seconds
[2025-07-30T21:05:16.854+0000] {processor.py:161} INFO - Started process (PID=1763) to work on /home/azureuser/.pyenv/versions/3.11.9/envs/airflow-venv/lib/python3.11/site-packages/airflow/example_dags/example_task_group.py
[2025-07-30T21:05:16.855+0000] {processor.py:830} INFO - Processing file /home/azureuser/.pyenv/versions/3.11.9/envs/airflow-venv/lib/python3.11/site-packages/airflow/example_dags/example_task_group.py for tasks to queue
[2025-07-30T21:05:16.856+0000] {logging_mixin.py:188} INFO - [2025-07-30T21:05:16.856+0000] {dagbag.py:538} INFO - Filling up the DagBag from /home/azureuser/.pyenv/versions/3.11.9/envs/airflow-venv/lib/python3.11/site-packages/airflow/example_dags/example_task_group.py
[2025-07-30T21:05:16.867+0000] {processor.py:840} INFO - DAG(s) 'example_task_group' retrieved from /home/azureuser/.pyenv/versions/3.11.9/envs/airflow-venv/lib/python3.11/site-packages/airflow/example_dags/example_task_group.py
[2025-07-30T21:05:16.887+0000] {logging_mixin.py:188} INFO - [2025-07-30T21:05:16.886+0000] {dag.py:3036} INFO - Sync 1 DAGs
[2025-07-30T21:05:16.908+0000] {logging_mixin.py:188} INFO - [2025-07-30T21:05:16.908+0000] {dag.py:3823} INFO - Setting next_dagrun for example_task_group to 2025-07-29 00:00:00+00:00, run_after=2025-07-30 00:00:00+00:00
[2025-07-30T21:05:16.938+0000] {processor.py:183} INFO - Processing /home/azureuser/.pyenv/versions/3.11.9/envs/airflow-venv/lib/python3.11/site-packages/airflow/example_dags/example_task_group.py took 0.088 seconds
[2025-07-30T21:05:53.464+0000] {processor.py:161} INFO - Started process (PID=1800) to work on /home/azureuser/.pyenv/versions/3.11.9/envs/airflow-venv/lib/python3.11/site-packages/airflow/example_dags/example_task_group.py
[2025-07-30T21:05:53.466+0000] {processor.py:830} INFO - Processing file /home/azureuser/.pyenv/versions/3.11.9/envs/airflow-venv/lib/python3.11/site-packages/airflow/example_dags/example_task_group.py for tasks to queue
[2025-07-30T21:05:53.467+0000] {logging_mixin.py:188} INFO - [2025-07-30T21:05:53.466+0000] {dagbag.py:538} INFO - Filling up the DagBag from /home/azureuser/.pyenv/versions/3.11.9/envs/airflow-venv/lib/python3.11/site-packages/airflow/example_dags/example_task_group.py
[2025-07-30T21:05:53.478+0000] {processor.py:840} INFO - DAG(s) 'example_task_group' retrieved from /home/azureuser/.pyenv/versions/3.11.9/envs/airflow-venv/lib/python3.11/site-packages/airflow/example_dags/example_task_group.py
[2025-07-30T21:05:53.497+0000] {logging_mixin.py:188} INFO - [2025-07-30T21:05:53.497+0000] {dag.py:3036} INFO - Sync 1 DAGs
[2025-07-30T21:05:53.518+0000] {logging_mixin.py:188} INFO - [2025-07-30T21:05:53.518+0000] {dag.py:3823} INFO - Setting next_dagrun for example_task_group to 2025-07-29 00:00:00+00:00, run_after=2025-07-30 00:00:00+00:00
[2025-07-30T21:05:53.547+0000] {processor.py:183} INFO - Processing /home/azureuser/.pyenv/versions/3.11.9/envs/airflow-venv/lib/python3.11/site-packages/airflow/example_dags/example_task_group.py took 0.087 seconds
[2025-07-30T21:06:32.508+0000] {processor.py:161} INFO - Started process (PID=1839) to work on /home/azureuser/.pyenv/versions/3.11.9/envs/airflow-venv/lib/python3.11/site-packages/airflow/example_dags/example_task_group.py
[2025-07-30T21:06:32.509+0000] {processor.py:830} INFO - Processing file /home/azureuser/.pyenv/versions/3.11.9/envs/airflow-venv/lib/python3.11/site-packages/airflow/example_dags/example_task_group.py for tasks to queue
[2025-07-30T21:06:32.510+0000] {logging_mixin.py:188} INFO - [2025-07-30T21:06:32.510+0000] {dagbag.py:538} INFO - Filling up the DagBag from /home/azureuser/.pyenv/versions/3.11.9/envs/airflow-venv/lib/python3.11/site-packages/airflow/example_dags/example_task_group.py
[2025-07-30T21:06:32.522+0000] {processor.py:840} INFO - DAG(s) 'example_task_group' retrieved from /home/azureuser/.pyenv/versions/3.11.9/envs/airflow-venv/lib/python3.11/site-packages/airflow/example_dags/example_task_group.py
[2025-07-30T21:06:32.541+0000] {logging_mixin.py:188} INFO - [2025-07-30T21:06:32.540+0000] {dag.py:3036} INFO - Sync 1 DAGs
[2025-07-30T21:06:32.561+0000] {logging_mixin.py:188} INFO - [2025-07-30T21:06:32.561+0000] {dag.py:3823} INFO - Setting next_dagrun for example_task_group to 2025-07-29 00:00:00+00:00, run_after=2025-07-30 00:00:00+00:00
[2025-07-30T21:06:32.594+0000] {processor.py:183} INFO - Processing /home/azureuser/.pyenv/versions/3.11.9/envs/airflow-venv/lib/python3.11/site-packages/airflow/example_dags/example_task_group.py took 0.090 seconds
