[2025-07-30T00:20:58.991+0000] {processor.py:161} INFO - Started process (PID=34140) to work on /home/azureuser/.pyenv/versions/3.11.9/envs/airflow-venv/lib/python3.11/site-packages/airflow/example_dags/example_trigger_controller_dag.py
[2025-07-30T00:20:58.992+0000] {processor.py:830} INFO - Processing file /home/azureuser/.pyenv/versions/3.11.9/envs/airflow-venv/lib/python3.11/site-packages/airflow/example_dags/example_trigger_controller_dag.py for tasks to queue
[2025-07-30T00:20:58.993+0000] {logging_mixin.py:188} INFO - [2025-07-30T00:20:58.992+0000] {dagbag.py:538} INFO - Filling up the DagBag from /home/azureuser/.pyenv/versions/3.11.9/envs/airflow-venv/lib/python3.11/site-packages/airflow/example_dags/example_trigger_controller_dag.py
[2025-07-30T00:20:59.002+0000] {processor.py:840} INFO - DAG(s) 'example_trigger_controller_dag' retrieved from /home/azureuser/.pyenv/versions/3.11.9/envs/airflow-venv/lib/python3.11/site-packages/airflow/example_dags/example_trigger_controller_dag.py
[2025-07-30T00:20:59.214+0000] {logging_mixin.py:188} INFO - [2025-07-30T00:20:59.213+0000] {override.py:1769} INFO - Created Permission View: can delete on DAG:example_trigger_controller_dag
[2025-07-30T00:20:59.248+0000] {logging_mixin.py:188} INFO - [2025-07-30T00:20:59.246+0000] {override.py:1769} INFO - Created Permission View: can read on DAG:example_trigger_controller_dag
[2025-07-30T00:20:59.283+0000] {logging_mixin.py:188} INFO - [2025-07-30T00:20:59.282+0000] {override.py:1769} INFO - Created Permission View: can edit on DAG:example_trigger_controller_dag
[2025-07-30T00:20:59.283+0000] {logging_mixin.py:188} INFO - [2025-07-30T00:20:59.283+0000] {dag.py:3036} INFO - Sync 1 DAGs
[2025-07-30T00:20:59.296+0000] {logging_mixin.py:188} INFO - [2025-07-30T00:20:59.296+0000] {dag.py:3058} INFO - Creating ORM DAG for example_trigger_controller_dag
[2025-07-30T00:20:59.308+0000] {logging_mixin.py:188} INFO - [2025-07-30T00:20:59.308+0000] {dag.py:3823} INFO - Setting next_dagrun for example_trigger_controller_dag to 2021-01-01 00:00:00+00:00, run_after=2021-01-01 00:00:00+00:00
[2025-07-30T00:20:59.358+0000] {processor.py:183} INFO - Processing /home/azureuser/.pyenv/versions/3.11.9/envs/airflow-venv/lib/python3.11/site-packages/airflow/example_dags/example_trigger_controller_dag.py took 0.371 seconds
[2025-07-30T00:21:56.740+0000] {processor.py:161} INFO - Started process (PID=34290) to work on /home/azureuser/.pyenv/versions/3.11.9/envs/airflow-venv/lib/python3.11/site-packages/airflow/example_dags/example_trigger_controller_dag.py
[2025-07-30T00:21:56.742+0000] {processor.py:830} INFO - Processing file /home/azureuser/.pyenv/versions/3.11.9/envs/airflow-venv/lib/python3.11/site-packages/airflow/example_dags/example_trigger_controller_dag.py for tasks to queue
[2025-07-30T00:21:56.743+0000] {logging_mixin.py:188} INFO - [2025-07-30T00:21:56.742+0000] {dagbag.py:538} INFO - Filling up the DagBag from /home/azureuser/.pyenv/versions/3.11.9/envs/airflow-venv/lib/python3.11/site-packages/airflow/example_dags/example_trigger_controller_dag.py
[2025-07-30T00:21:56.752+0000] {processor.py:840} INFO - DAG(s) 'example_trigger_controller_dag' retrieved from /home/azureuser/.pyenv/versions/3.11.9/envs/airflow-venv/lib/python3.11/site-packages/airflow/example_dags/example_trigger_controller_dag.py
[2025-07-30T00:21:56.777+0000] {logging_mixin.py:188} INFO - [2025-07-30T00:21:56.777+0000] {dag.py:3036} INFO - Sync 1 DAGs
[2025-07-30T00:21:56.802+0000] {logging_mixin.py:188} INFO - [2025-07-30T00:21:56.801+0000] {dag.py:3823} INFO - Setting next_dagrun for example_trigger_controller_dag to 2021-01-01 00:00:00+00:00, run_after=2021-01-01 00:00:00+00:00
[2025-07-30T00:21:56.839+0000] {processor.py:183} INFO - Processing /home/azureuser/.pyenv/versions/3.11.9/envs/airflow-venv/lib/python3.11/site-packages/airflow/example_dags/example_trigger_controller_dag.py took 0.103 seconds
[2025-07-30T00:22:43.829+0000] {processor.py:161} INFO - Started process (PID=34359) to work on /home/azureuser/.pyenv/versions/3.11.9/envs/airflow-venv/lib/python3.11/site-packages/airflow/example_dags/example_trigger_controller_dag.py
[2025-07-30T00:22:43.831+0000] {processor.py:830} INFO - Processing file /home/azureuser/.pyenv/versions/3.11.9/envs/airflow-venv/lib/python3.11/site-packages/airflow/example_dags/example_trigger_controller_dag.py for tasks to queue
[2025-07-30T00:22:43.832+0000] {logging_mixin.py:188} INFO - [2025-07-30T00:22:43.831+0000] {dagbag.py:538} INFO - Filling up the DagBag from /home/azureuser/.pyenv/versions/3.11.9/envs/airflow-venv/lib/python3.11/site-packages/airflow/example_dags/example_trigger_controller_dag.py
[2025-07-30T00:22:43.839+0000] {processor.py:840} INFO - DAG(s) 'example_trigger_controller_dag' retrieved from /home/azureuser/.pyenv/versions/3.11.9/envs/airflow-venv/lib/python3.11/site-packages/airflow/example_dags/example_trigger_controller_dag.py
[2025-07-30T00:22:43.865+0000] {logging_mixin.py:188} INFO - [2025-07-30T00:22:43.864+0000] {dag.py:3036} INFO - Sync 1 DAGs
[2025-07-30T00:22:43.887+0000] {logging_mixin.py:188} INFO - [2025-07-30T00:22:43.887+0000] {dag.py:3823} INFO - Setting next_dagrun for example_trigger_controller_dag to 2021-01-01 00:00:00+00:00, run_after=2021-01-01 00:00:00+00:00
[2025-07-30T00:22:43.928+0000] {processor.py:183} INFO - Processing /home/azureuser/.pyenv/versions/3.11.9/envs/airflow-venv/lib/python3.11/site-packages/airflow/example_dags/example_trigger_controller_dag.py took 0.104 seconds
[2025-07-30T00:23:25.456+0000] {processor.py:161} INFO - Started process (PID=34420) to work on /home/azureuser/.pyenv/versions/3.11.9/envs/airflow-venv/lib/python3.11/site-packages/airflow/example_dags/example_trigger_controller_dag.py
[2025-07-30T00:23:25.457+0000] {processor.py:830} INFO - Processing file /home/azureuser/.pyenv/versions/3.11.9/envs/airflow-venv/lib/python3.11/site-packages/airflow/example_dags/example_trigger_controller_dag.py for tasks to queue
[2025-07-30T00:23:25.458+0000] {logging_mixin.py:188} INFO - [2025-07-30T00:23:25.458+0000] {dagbag.py:538} INFO - Filling up the DagBag from /home/azureuser/.pyenv/versions/3.11.9/envs/airflow-venv/lib/python3.11/site-packages/airflow/example_dags/example_trigger_controller_dag.py
[2025-07-30T00:23:25.467+0000] {processor.py:840} INFO - DAG(s) 'example_trigger_controller_dag' retrieved from /home/azureuser/.pyenv/versions/3.11.9/envs/airflow-venv/lib/python3.11/site-packages/airflow/example_dags/example_trigger_controller_dag.py
[2025-07-30T00:23:25.487+0000] {logging_mixin.py:188} INFO - [2025-07-30T00:23:25.487+0000] {dag.py:3036} INFO - Sync 1 DAGs
[2025-07-30T00:23:25.510+0000] {logging_mixin.py:188} INFO - [2025-07-30T00:23:25.509+0000] {dag.py:3823} INFO - Setting next_dagrun for example_trigger_controller_dag to 2021-01-01 00:00:00+00:00, run_after=2021-01-01 00:00:00+00:00
[2025-07-30T00:23:25.549+0000] {processor.py:183} INFO - Processing /home/azureuser/.pyenv/versions/3.11.9/envs/airflow-venv/lib/python3.11/site-packages/airflow/example_dags/example_trigger_controller_dag.py took 0.099 seconds
[2025-07-30T00:24:17.919+0000] {processor.py:161} INFO - Started process (PID=34497) to work on /home/azureuser/.pyenv/versions/3.11.9/envs/airflow-venv/lib/python3.11/site-packages/airflow/example_dags/example_trigger_controller_dag.py
[2025-07-30T00:24:17.920+0000] {processor.py:830} INFO - Processing file /home/azureuser/.pyenv/versions/3.11.9/envs/airflow-venv/lib/python3.11/site-packages/airflow/example_dags/example_trigger_controller_dag.py for tasks to queue
[2025-07-30T00:24:17.921+0000] {logging_mixin.py:188} INFO - [2025-07-30T00:24:17.921+0000] {dagbag.py:538} INFO - Filling up the DagBag from /home/azureuser/.pyenv/versions/3.11.9/envs/airflow-venv/lib/python3.11/site-packages/airflow/example_dags/example_trigger_controller_dag.py
[2025-07-30T00:24:17.928+0000] {processor.py:840} INFO - DAG(s) 'example_trigger_controller_dag' retrieved from /home/azureuser/.pyenv/versions/3.11.9/envs/airflow-venv/lib/python3.11/site-packages/airflow/example_dags/example_trigger_controller_dag.py
[2025-07-30T00:24:17.948+0000] {logging_mixin.py:188} INFO - [2025-07-30T00:24:17.948+0000] {dag.py:3036} INFO - Sync 1 DAGs
[2025-07-30T00:24:18.142+0000] {logging_mixin.py:188} INFO - [2025-07-30T00:24:18.142+0000] {dag.py:3823} INFO - Setting next_dagrun for example_trigger_controller_dag to 2021-01-01 00:00:00+00:00, run_after=2021-01-01 00:00:00+00:00
[2025-07-30T00:24:18.177+0000] {processor.py:183} INFO - Processing /home/azureuser/.pyenv/versions/3.11.9/envs/airflow-venv/lib/python3.11/site-packages/airflow/example_dags/example_trigger_controller_dag.py took 0.263 seconds
[2025-07-30T00:25:09.360+0000] {processor.py:161} INFO - Started process (PID=34572) to work on /home/azureuser/.pyenv/versions/3.11.9/envs/airflow-venv/lib/python3.11/site-packages/airflow/example_dags/example_trigger_controller_dag.py
[2025-07-30T00:25:09.362+0000] {processor.py:830} INFO - Processing file /home/azureuser/.pyenv/versions/3.11.9/envs/airflow-venv/lib/python3.11/site-packages/airflow/example_dags/example_trigger_controller_dag.py for tasks to queue
[2025-07-30T00:25:09.363+0000] {logging_mixin.py:188} INFO - [2025-07-30T00:25:09.362+0000] {dagbag.py:538} INFO - Filling up the DagBag from /home/azureuser/.pyenv/versions/3.11.9/envs/airflow-venv/lib/python3.11/site-packages/airflow/example_dags/example_trigger_controller_dag.py
[2025-07-30T00:25:09.371+0000] {processor.py:840} INFO - DAG(s) 'example_trigger_controller_dag' retrieved from /home/azureuser/.pyenv/versions/3.11.9/envs/airflow-venv/lib/python3.11/site-packages/airflow/example_dags/example_trigger_controller_dag.py
[2025-07-30T00:25:09.391+0000] {logging_mixin.py:188} INFO - [2025-07-30T00:25:09.391+0000] {dag.py:3036} INFO - Sync 1 DAGs
[2025-07-30T00:25:09.414+0000] {logging_mixin.py:188} INFO - [2025-07-30T00:25:09.413+0000] {dag.py:3823} INFO - Setting next_dagrun for example_trigger_controller_dag to 2021-01-01 00:00:00+00:00, run_after=2021-01-01 00:00:00+00:00
[2025-07-30T00:25:09.467+0000] {processor.py:183} INFO - Processing /home/azureuser/.pyenv/versions/3.11.9/envs/airflow-venv/lib/python3.11/site-packages/airflow/example_dags/example_trigger_controller_dag.py took 0.112 seconds
[2025-07-30T00:25:50.464+0000] {processor.py:161} INFO - Started process (PID=34632) to work on /home/azureuser/.pyenv/versions/3.11.9/envs/airflow-venv/lib/python3.11/site-packages/airflow/example_dags/example_trigger_controller_dag.py
[2025-07-30T00:25:50.465+0000] {processor.py:830} INFO - Processing file /home/azureuser/.pyenv/versions/3.11.9/envs/airflow-venv/lib/python3.11/site-packages/airflow/example_dags/example_trigger_controller_dag.py for tasks to queue
[2025-07-30T00:25:50.466+0000] {logging_mixin.py:188} INFO - [2025-07-30T00:25:50.466+0000] {dagbag.py:538} INFO - Filling up the DagBag from /home/azureuser/.pyenv/versions/3.11.9/envs/airflow-venv/lib/python3.11/site-packages/airflow/example_dags/example_trigger_controller_dag.py
[2025-07-30T00:25:50.476+0000] {processor.py:840} INFO - DAG(s) 'example_trigger_controller_dag' retrieved from /home/azureuser/.pyenv/versions/3.11.9/envs/airflow-venv/lib/python3.11/site-packages/airflow/example_dags/example_trigger_controller_dag.py
[2025-07-30T00:25:50.497+0000] {logging_mixin.py:188} INFO - [2025-07-30T00:25:50.497+0000] {dag.py:3036} INFO - Sync 1 DAGs
[2025-07-30T00:25:50.521+0000] {logging_mixin.py:188} INFO - [2025-07-30T00:25:50.521+0000] {dag.py:3823} INFO - Setting next_dagrun for example_trigger_controller_dag to 2021-01-01 00:00:00+00:00, run_after=2021-01-01 00:00:00+00:00
[2025-07-30T00:25:50.561+0000] {processor.py:183} INFO - Processing /home/azureuser/.pyenv/versions/3.11.9/envs/airflow-venv/lib/python3.11/site-packages/airflow/example_dags/example_trigger_controller_dag.py took 0.102 seconds
[2025-07-30T20:45:39.709+0000] {processor.py:161} INFO - Started process (PID=1274) to work on /home/azureuser/.pyenv/versions/3.11.9/envs/airflow-venv/lib/python3.11/site-packages/airflow/example_dags/example_trigger_controller_dag.py
[2025-07-30T20:45:39.712+0000] {processor.py:830} INFO - Processing file /home/azureuser/.pyenv/versions/3.11.9/envs/airflow-venv/lib/python3.11/site-packages/airflow/example_dags/example_trigger_controller_dag.py for tasks to queue
[2025-07-30T20:45:39.713+0000] {logging_mixin.py:188} INFO - [2025-07-30T20:45:39.713+0000] {dagbag.py:538} INFO - Filling up the DagBag from /home/azureuser/.pyenv/versions/3.11.9/envs/airflow-venv/lib/python3.11/site-packages/airflow/example_dags/example_trigger_controller_dag.py
[2025-07-30T20:45:39.721+0000] {processor.py:840} INFO - DAG(s) 'example_trigger_controller_dag' retrieved from /home/azureuser/.pyenv/versions/3.11.9/envs/airflow-venv/lib/python3.11/site-packages/airflow/example_dags/example_trigger_controller_dag.py
[2025-07-30T20:45:39.818+0000] {logging_mixin.py:188} INFO - [2025-07-30T20:45:39.818+0000] {dag.py:3036} INFO - Sync 1 DAGs
[2025-07-30T20:45:39.835+0000] {logging_mixin.py:188} INFO - [2025-07-30T20:45:39.835+0000] {dag.py:3823} INFO - Setting next_dagrun for example_trigger_controller_dag to 2021-01-01 00:00:00+00:00, run_after=2021-01-01 00:00:00+00:00
[2025-07-30T20:45:39.866+0000] {processor.py:183} INFO - Processing /home/azureuser/.pyenv/versions/3.11.9/envs/airflow-venv/lib/python3.11/site-packages/airflow/example_dags/example_trigger_controller_dag.py took 0.161 seconds
[2025-07-30T20:46:30.495+0000] {processor.py:161} INFO - Started process (PID=1392) to work on /home/azureuser/.pyenv/versions/3.11.9/envs/airflow-venv/lib/python3.11/site-packages/airflow/example_dags/example_trigger_controller_dag.py
[2025-07-30T20:46:30.496+0000] {processor.py:830} INFO - Processing file /home/azureuser/.pyenv/versions/3.11.9/envs/airflow-venv/lib/python3.11/site-packages/airflow/example_dags/example_trigger_controller_dag.py for tasks to queue
[2025-07-30T20:46:30.497+0000] {logging_mixin.py:188} INFO - [2025-07-30T20:46:30.497+0000] {dagbag.py:538} INFO - Filling up the DagBag from /home/azureuser/.pyenv/versions/3.11.9/envs/airflow-venv/lib/python3.11/site-packages/airflow/example_dags/example_trigger_controller_dag.py
[2025-07-30T20:46:30.504+0000] {processor.py:840} INFO - DAG(s) 'example_trigger_controller_dag' retrieved from /home/azureuser/.pyenv/versions/3.11.9/envs/airflow-venv/lib/python3.11/site-packages/airflow/example_dags/example_trigger_controller_dag.py
[2025-07-30T20:46:30.521+0000] {logging_mixin.py:188} INFO - [2025-07-30T20:46:30.521+0000] {dag.py:3036} INFO - Sync 1 DAGs
[2025-07-30T20:46:30.541+0000] {logging_mixin.py:188} INFO - [2025-07-30T20:46:30.541+0000] {dag.py:3823} INFO - Setting next_dagrun for example_trigger_controller_dag to 2021-01-01 00:00:00+00:00, run_after=2021-01-01 00:00:00+00:00
[2025-07-30T20:46:30.567+0000] {processor.py:183} INFO - Processing /home/azureuser/.pyenv/versions/3.11.9/envs/airflow-venv/lib/python3.11/site-packages/airflow/example_dags/example_trigger_controller_dag.py took 0.076 seconds
[2025-07-30T20:47:17.781+0000] {processor.py:161} INFO - Started process (PID=1440) to work on /home/azureuser/.pyenv/versions/3.11.9/envs/airflow-venv/lib/python3.11/site-packages/airflow/example_dags/example_trigger_controller_dag.py
[2025-07-30T20:47:17.783+0000] {processor.py:830} INFO - Processing file /home/azureuser/.pyenv/versions/3.11.9/envs/airflow-venv/lib/python3.11/site-packages/airflow/example_dags/example_trigger_controller_dag.py for tasks to queue
[2025-07-30T20:47:17.786+0000] {logging_mixin.py:188} INFO - [2025-07-30T20:47:17.785+0000] {dagbag.py:538} INFO - Filling up the DagBag from /home/azureuser/.pyenv/versions/3.11.9/envs/airflow-venv/lib/python3.11/site-packages/airflow/example_dags/example_trigger_controller_dag.py
[2025-07-30T20:47:17.792+0000] {processor.py:840} INFO - DAG(s) 'example_trigger_controller_dag' retrieved from /home/azureuser/.pyenv/versions/3.11.9/envs/airflow-venv/lib/python3.11/site-packages/airflow/example_dags/example_trigger_controller_dag.py
[2025-07-30T20:47:17.813+0000] {logging_mixin.py:188} INFO - [2025-07-30T20:47:17.813+0000] {dag.py:3036} INFO - Sync 1 DAGs
[2025-07-30T20:47:17.839+0000] {logging_mixin.py:188} INFO - [2025-07-30T20:47:17.838+0000] {dag.py:3823} INFO - Setting next_dagrun for example_trigger_controller_dag to 2021-01-01 00:00:00+00:00, run_after=2021-01-01 00:00:00+00:00
[2025-07-30T20:47:17.868+0000] {processor.py:183} INFO - Processing /home/azureuser/.pyenv/versions/3.11.9/envs/airflow-venv/lib/python3.11/site-packages/airflow/example_dags/example_trigger_controller_dag.py took 0.092 seconds
[2025-07-30T21:03:28.351+0000] {processor.py:161} INFO - Started process (PID=1655) to work on /home/azureuser/.pyenv/versions/3.11.9/envs/airflow-venv/lib/python3.11/site-packages/airflow/example_dags/example_trigger_controller_dag.py
[2025-07-30T21:03:28.352+0000] {processor.py:830} INFO - Processing file /home/azureuser/.pyenv/versions/3.11.9/envs/airflow-venv/lib/python3.11/site-packages/airflow/example_dags/example_trigger_controller_dag.py for tasks to queue
[2025-07-30T21:03:28.353+0000] {logging_mixin.py:188} INFO - [2025-07-30T21:03:28.353+0000] {dagbag.py:538} INFO - Filling up the DagBag from /home/azureuser/.pyenv/versions/3.11.9/envs/airflow-venv/lib/python3.11/site-packages/airflow/example_dags/example_trigger_controller_dag.py
[2025-07-30T21:03:28.360+0000] {processor.py:840} INFO - DAG(s) 'example_trigger_controller_dag' retrieved from /home/azureuser/.pyenv/versions/3.11.9/envs/airflow-venv/lib/python3.11/site-packages/airflow/example_dags/example_trigger_controller_dag.py
[2025-07-30T21:03:28.377+0000] {logging_mixin.py:188} INFO - [2025-07-30T21:03:28.377+0000] {dag.py:3036} INFO - Sync 1 DAGs
[2025-07-30T21:03:28.397+0000] {logging_mixin.py:188} INFO - [2025-07-30T21:03:28.397+0000] {dag.py:3823} INFO - Setting next_dagrun for example_trigger_controller_dag to 2021-01-01 00:00:00+00:00, run_after=2021-01-01 00:00:00+00:00
[2025-07-30T21:03:28.431+0000] {processor.py:183} INFO - Processing /home/azureuser/.pyenv/versions/3.11.9/envs/airflow-venv/lib/python3.11/site-packages/airflow/example_dags/example_trigger_controller_dag.py took 0.084 seconds
[2025-07-30T21:04:23.319+0000] {processor.py:161} INFO - Started process (PID=1710) to work on /home/azureuser/.pyenv/versions/3.11.9/envs/airflow-venv/lib/python3.11/site-packages/airflow/example_dags/example_trigger_controller_dag.py
[2025-07-30T21:04:23.321+0000] {processor.py:830} INFO - Processing file /home/azureuser/.pyenv/versions/3.11.9/envs/airflow-venv/lib/python3.11/site-packages/airflow/example_dags/example_trigger_controller_dag.py for tasks to queue
[2025-07-30T21:04:23.322+0000] {logging_mixin.py:188} INFO - [2025-07-30T21:04:23.321+0000] {dagbag.py:538} INFO - Filling up the DagBag from /home/azureuser/.pyenv/versions/3.11.9/envs/airflow-venv/lib/python3.11/site-packages/airflow/example_dags/example_trigger_controller_dag.py
[2025-07-30T21:04:23.331+0000] {processor.py:840} INFO - DAG(s) 'example_trigger_controller_dag' retrieved from /home/azureuser/.pyenv/versions/3.11.9/envs/airflow-venv/lib/python3.11/site-packages/airflow/example_dags/example_trigger_controller_dag.py
[2025-07-30T21:04:23.350+0000] {logging_mixin.py:188} INFO - [2025-07-30T21:04:23.350+0000] {dag.py:3036} INFO - Sync 1 DAGs
[2025-07-30T21:04:23.505+0000] {logging_mixin.py:188} INFO - [2025-07-30T21:04:23.504+0000] {dag.py:3823} INFO - Setting next_dagrun for example_trigger_controller_dag to 2021-01-01 00:00:00+00:00, run_after=2021-01-01 00:00:00+00:00
[2025-07-30T21:04:23.542+0000] {processor.py:183} INFO - Processing /home/azureuser/.pyenv/versions/3.11.9/envs/airflow-venv/lib/python3.11/site-packages/airflow/example_dags/example_trigger_controller_dag.py took 0.227 seconds
[2025-07-30T21:05:12.789+0000] {processor.py:161} INFO - Started process (PID=1759) to work on /home/azureuser/.pyenv/versions/3.11.9/envs/airflow-venv/lib/python3.11/site-packages/airflow/example_dags/example_trigger_controller_dag.py
[2025-07-30T21:05:12.791+0000] {processor.py:830} INFO - Processing file /home/azureuser/.pyenv/versions/3.11.9/envs/airflow-venv/lib/python3.11/site-packages/airflow/example_dags/example_trigger_controller_dag.py for tasks to queue
[2025-07-30T21:05:12.792+0000] {logging_mixin.py:188} INFO - [2025-07-30T21:05:12.791+0000] {dagbag.py:538} INFO - Filling up the DagBag from /home/azureuser/.pyenv/versions/3.11.9/envs/airflow-venv/lib/python3.11/site-packages/airflow/example_dags/example_trigger_controller_dag.py
[2025-07-30T21:05:12.798+0000] {processor.py:840} INFO - DAG(s) 'example_trigger_controller_dag' retrieved from /home/azureuser/.pyenv/versions/3.11.9/envs/airflow-venv/lib/python3.11/site-packages/airflow/example_dags/example_trigger_controller_dag.py
[2025-07-30T21:05:12.816+0000] {logging_mixin.py:188} INFO - [2025-07-30T21:05:12.816+0000] {dag.py:3036} INFO - Sync 1 DAGs
[2025-07-30T21:05:12.837+0000] {logging_mixin.py:188} INFO - [2025-07-30T21:05:12.837+0000] {dag.py:3823} INFO - Setting next_dagrun for example_trigger_controller_dag to 2021-01-01 00:00:00+00:00, run_after=2021-01-01 00:00:00+00:00
[2025-07-30T21:05:12.867+0000] {processor.py:183} INFO - Processing /home/azureuser/.pyenv/versions/3.11.9/envs/airflow-venv/lib/python3.11/site-packages/airflow/example_dags/example_trigger_controller_dag.py took 0.082 seconds
[2025-07-30T21:05:50.536+0000] {processor.py:161} INFO - Started process (PID=1796) to work on /home/azureuser/.pyenv/versions/3.11.9/envs/airflow-venv/lib/python3.11/site-packages/airflow/example_dags/example_trigger_controller_dag.py
[2025-07-30T21:05:50.537+0000] {processor.py:830} INFO - Processing file /home/azureuser/.pyenv/versions/3.11.9/envs/airflow-venv/lib/python3.11/site-packages/airflow/example_dags/example_trigger_controller_dag.py for tasks to queue
[2025-07-30T21:05:50.538+0000] {logging_mixin.py:188} INFO - [2025-07-30T21:05:50.538+0000] {dagbag.py:538} INFO - Filling up the DagBag from /home/azureuser/.pyenv/versions/3.11.9/envs/airflow-venv/lib/python3.11/site-packages/airflow/example_dags/example_trigger_controller_dag.py
[2025-07-30T21:05:50.545+0000] {processor.py:840} INFO - DAG(s) 'example_trigger_controller_dag' retrieved from /home/azureuser/.pyenv/versions/3.11.9/envs/airflow-venv/lib/python3.11/site-packages/airflow/example_dags/example_trigger_controller_dag.py
[2025-07-30T21:05:50.564+0000] {logging_mixin.py:188} INFO - [2025-07-30T21:05:50.564+0000] {dag.py:3036} INFO - Sync 1 DAGs
[2025-07-30T21:05:50.585+0000] {logging_mixin.py:188} INFO - [2025-07-30T21:05:50.585+0000] {dag.py:3823} INFO - Setting next_dagrun for example_trigger_controller_dag to 2021-01-01 00:00:00+00:00, run_after=2021-01-01 00:00:00+00:00
[2025-07-30T21:05:50.613+0000] {processor.py:183} INFO - Processing /home/azureuser/.pyenv/versions/3.11.9/envs/airflow-venv/lib/python3.11/site-packages/airflow/example_dags/example_trigger_controller_dag.py took 0.081 seconds
[2025-07-30T21:06:27.763+0000] {processor.py:161} INFO - Started process (PID=1835) to work on /home/azureuser/.pyenv/versions/3.11.9/envs/airflow-venv/lib/python3.11/site-packages/airflow/example_dags/example_trigger_controller_dag.py
[2025-07-30T21:06:27.764+0000] {processor.py:830} INFO - Processing file /home/azureuser/.pyenv/versions/3.11.9/envs/airflow-venv/lib/python3.11/site-packages/airflow/example_dags/example_trigger_controller_dag.py for tasks to queue
[2025-07-30T21:06:27.765+0000] {logging_mixin.py:188} INFO - [2025-07-30T21:06:27.765+0000] {dagbag.py:538} INFO - Filling up the DagBag from /home/azureuser/.pyenv/versions/3.11.9/envs/airflow-venv/lib/python3.11/site-packages/airflow/example_dags/example_trigger_controller_dag.py
[2025-07-30T21:06:27.772+0000] {processor.py:840} INFO - DAG(s) 'example_trigger_controller_dag' retrieved from /home/azureuser/.pyenv/versions/3.11.9/envs/airflow-venv/lib/python3.11/site-packages/airflow/example_dags/example_trigger_controller_dag.py
[2025-07-30T21:06:27.791+0000] {logging_mixin.py:188} INFO - [2025-07-30T21:06:27.791+0000] {dag.py:3036} INFO - Sync 1 DAGs
[2025-07-30T21:06:27.812+0000] {logging_mixin.py:188} INFO - [2025-07-30T21:06:27.812+0000] {dag.py:3823} INFO - Setting next_dagrun for example_trigger_controller_dag to 2021-01-01 00:00:00+00:00, run_after=2021-01-01 00:00:00+00:00
[2025-07-30T21:06:27.840+0000] {processor.py:183} INFO - Processing /home/azureuser/.pyenv/versions/3.11.9/envs/airflow-venv/lib/python3.11/site-packages/airflow/example_dags/example_trigger_controller_dag.py took 0.081 seconds
[2025-07-30T21:07:04.858+0000] {processor.py:161} INFO - Started process (PID=1874) to work on /home/azureuser/.pyenv/versions/3.11.9/envs/airflow-venv/lib/python3.11/site-packages/airflow/example_dags/example_trigger_controller_dag.py
[2025-07-30T21:07:04.859+0000] {processor.py:830} INFO - Processing file /home/azureuser/.pyenv/versions/3.11.9/envs/airflow-venv/lib/python3.11/site-packages/airflow/example_dags/example_trigger_controller_dag.py for tasks to queue
[2025-07-30T21:07:04.860+0000] {logging_mixin.py:188} INFO - [2025-07-30T21:07:04.860+0000] {dagbag.py:538} INFO - Filling up the DagBag from /home/azureuser/.pyenv/versions/3.11.9/envs/airflow-venv/lib/python3.11/site-packages/airflow/example_dags/example_trigger_controller_dag.py
[2025-07-30T21:07:04.869+0000] {processor.py:840} INFO - DAG(s) 'example_trigger_controller_dag' retrieved from /home/azureuser/.pyenv/versions/3.11.9/envs/airflow-venv/lib/python3.11/site-packages/airflow/example_dags/example_trigger_controller_dag.py
[2025-07-30T21:07:04.895+0000] {logging_mixin.py:188} INFO - [2025-07-30T21:07:04.894+0000] {dag.py:3036} INFO - Sync 1 DAGs
[2025-07-30T21:07:04.917+0000] {logging_mixin.py:188} INFO - [2025-07-30T21:07:04.917+0000] {dag.py:3823} INFO - Setting next_dagrun for example_trigger_controller_dag to 2021-01-01 00:00:00+00:00, run_after=2021-01-01 00:00:00+00:00
[2025-07-30T21:07:04.956+0000] {processor.py:183} INFO - Processing /home/azureuser/.pyenv/versions/3.11.9/envs/airflow-venv/lib/python3.11/site-packages/airflow/example_dags/example_trigger_controller_dag.py took 0.102 seconds
