[2025-07-30T00:21:11.326+0000] {processor.py:161} INFO - Started process (PID=34221) to work on /home/azureuser/.pyenv/versions/3.11.9/envs/airflow-venv/lib/python3.11/site-packages/airflow/example_dags/example_short_circuit_operator.py
[2025-07-30T00:21:11.327+0000] {processor.py:830} INFO - Processing file /home/azureuser/.pyenv/versions/3.11.9/envs/airflow-venv/lib/python3.11/site-packages/airflow/example_dags/example_short_circuit_operator.py for tasks to queue
[2025-07-30T00:21:11.329+0000] {logging_mixin.py:188} INFO - [2025-07-30T00:21:11.328+0000] {dagbag.py:538} INFO - Filling up the DagBag from /home/azureuser/.pyenv/versions/3.11.9/envs/airflow-venv/lib/python3.11/site-packages/airflow/example_dags/example_short_circuit_operator.py
[2025-07-30T00:21:11.345+0000] {processor.py:840} INFO - DAG(s) 'example_short_circuit_operator' retrieved from /home/azureuser/.pyenv/versions/3.11.9/envs/airflow-venv/lib/python3.11/site-packages/airflow/example_dags/example_short_circuit_operator.py
[2025-07-30T00:21:11.537+0000] {logging_mixin.py:188} INFO - [2025-07-30T00:21:11.536+0000] {override.py:1769} INFO - Created Permission View: can delete on DAG:example_short_circuit_operator
[2025-07-30T00:21:11.566+0000] {logging_mixin.py:188} INFO - [2025-07-30T00:21:11.566+0000] {override.py:1769} INFO - Created Permission View: can read on DAG:example_short_circuit_operator
[2025-07-30T00:21:11.594+0000] {logging_mixin.py:188} INFO - [2025-07-30T00:21:11.593+0000] {override.py:1769} INFO - Created Permission View: can edit on DAG:example_short_circuit_operator
[2025-07-30T00:21:11.594+0000] {logging_mixin.py:188} INFO - [2025-07-30T00:21:11.594+0000] {dag.py:3036} INFO - Sync 1 DAGs
[2025-07-30T00:21:11.608+0000] {logging_mixin.py:188} INFO - [2025-07-30T00:21:11.608+0000] {dag.py:3058} INFO - Creating ORM DAG for example_short_circuit_operator
[2025-07-30T00:21:11.620+0000] {logging_mixin.py:188} INFO - [2025-07-30T00:21:11.620+0000] {dag.py:3823} INFO - Setting next_dagrun for example_short_circuit_operator to 2025-07-29 00:00:00+00:00, run_after=2025-07-30 00:00:00+00:00
[2025-07-30T00:21:11.662+0000] {processor.py:183} INFO - Processing /home/azureuser/.pyenv/versions/3.11.9/envs/airflow-venv/lib/python3.11/site-packages/airflow/example_dags/example_short_circuit_operator.py took 0.340 seconds
[2025-07-30T00:22:05.984+0000] {processor.py:161} INFO - Started process (PID=34305) to work on /home/azureuser/.pyenv/versions/3.11.9/envs/airflow-venv/lib/python3.11/site-packages/airflow/example_dags/example_short_circuit_operator.py
[2025-07-30T00:22:05.986+0000] {processor.py:830} INFO - Processing file /home/azureuser/.pyenv/versions/3.11.9/envs/airflow-venv/lib/python3.11/site-packages/airflow/example_dags/example_short_circuit_operator.py for tasks to queue
[2025-07-30T00:22:05.987+0000] {logging_mixin.py:188} INFO - [2025-07-30T00:22:05.987+0000] {dagbag.py:538} INFO - Filling up the DagBag from /home/azureuser/.pyenv/versions/3.11.9/envs/airflow-venv/lib/python3.11/site-packages/airflow/example_dags/example_short_circuit_operator.py
[2025-07-30T00:22:05.999+0000] {processor.py:840} INFO - DAG(s) 'example_short_circuit_operator' retrieved from /home/azureuser/.pyenv/versions/3.11.9/envs/airflow-venv/lib/python3.11/site-packages/airflow/example_dags/example_short_circuit_operator.py
[2025-07-30T00:22:06.021+0000] {logging_mixin.py:188} INFO - [2025-07-30T00:22:06.021+0000] {dag.py:3036} INFO - Sync 1 DAGs
[2025-07-30T00:22:06.044+0000] {logging_mixin.py:188} INFO - [2025-07-30T00:22:06.044+0000] {dag.py:3823} INFO - Setting next_dagrun for example_short_circuit_operator to 2025-07-29 00:00:00+00:00, run_after=2025-07-30 00:00:00+00:00
[2025-07-30T00:22:06.083+0000] {processor.py:183} INFO - Processing /home/azureuser/.pyenv/versions/3.11.9/envs/airflow-venv/lib/python3.11/site-packages/airflow/example_dags/example_short_circuit_operator.py took 0.102 seconds
[2025-07-30T00:22:57.965+0000] {processor.py:161} INFO - Started process (PID=34378) to work on /home/azureuser/.pyenv/versions/3.11.9/envs/airflow-venv/lib/python3.11/site-packages/airflow/example_dags/example_short_circuit_operator.py
[2025-07-30T00:22:57.968+0000] {processor.py:830} INFO - Processing file /home/azureuser/.pyenv/versions/3.11.9/envs/airflow-venv/lib/python3.11/site-packages/airflow/example_dags/example_short_circuit_operator.py for tasks to queue
[2025-07-30T00:22:57.969+0000] {logging_mixin.py:188} INFO - [2025-07-30T00:22:57.968+0000] {dagbag.py:538} INFO - Filling up the DagBag from /home/azureuser/.pyenv/versions/3.11.9/envs/airflow-venv/lib/python3.11/site-packages/airflow/example_dags/example_short_circuit_operator.py
[2025-07-30T00:22:57.983+0000] {processor.py:840} INFO - DAG(s) 'example_short_circuit_operator' retrieved from /home/azureuser/.pyenv/versions/3.11.9/envs/airflow-venv/lib/python3.11/site-packages/airflow/example_dags/example_short_circuit_operator.py
[2025-07-30T00:22:58.007+0000] {logging_mixin.py:188} INFO - [2025-07-30T00:22:58.007+0000] {dag.py:3036} INFO - Sync 1 DAGs
[2025-07-30T00:22:58.032+0000] {logging_mixin.py:188} INFO - [2025-07-30T00:22:58.031+0000] {dag.py:3823} INFO - Setting next_dagrun for example_short_circuit_operator to 2025-07-29 00:00:00+00:00, run_after=2025-07-30 00:00:00+00:00
[2025-07-30T00:22:58.071+0000] {processor.py:183} INFO - Processing /home/azureuser/.pyenv/versions/3.11.9/envs/airflow-venv/lib/python3.11/site-packages/airflow/example_dags/example_short_circuit_operator.py took 0.112 seconds
[2025-07-30T00:23:42.439+0000] {processor.py:161} INFO - Started process (PID=34450) to work on /home/azureuser/.pyenv/versions/3.11.9/envs/airflow-venv/lib/python3.11/site-packages/airflow/example_dags/example_short_circuit_operator.py
[2025-07-30T00:23:42.442+0000] {processor.py:830} INFO - Processing file /home/azureuser/.pyenv/versions/3.11.9/envs/airflow-venv/lib/python3.11/site-packages/airflow/example_dags/example_short_circuit_operator.py for tasks to queue
[2025-07-30T00:23:42.443+0000] {logging_mixin.py:188} INFO - [2025-07-30T00:23:42.442+0000] {dagbag.py:538} INFO - Filling up the DagBag from /home/azureuser/.pyenv/versions/3.11.9/envs/airflow-venv/lib/python3.11/site-packages/airflow/example_dags/example_short_circuit_operator.py
[2025-07-30T00:23:42.454+0000] {processor.py:840} INFO - DAG(s) 'example_short_circuit_operator' retrieved from /home/azureuser/.pyenv/versions/3.11.9/envs/airflow-venv/lib/python3.11/site-packages/airflow/example_dags/example_short_circuit_operator.py
[2025-07-30T00:23:42.477+0000] {logging_mixin.py:188} INFO - [2025-07-30T00:23:42.477+0000] {dag.py:3036} INFO - Sync 1 DAGs
[2025-07-30T00:23:42.500+0000] {logging_mixin.py:188} INFO - [2025-07-30T00:23:42.500+0000] {dag.py:3823} INFO - Setting next_dagrun for example_short_circuit_operator to 2025-07-29 00:00:00+00:00, run_after=2025-07-30 00:00:00+00:00
[2025-07-30T00:23:42.537+0000] {processor.py:183} INFO - Processing /home/azureuser/.pyenv/versions/3.11.9/envs/airflow-venv/lib/python3.11/site-packages/airflow/example_dags/example_short_circuit_operator.py took 0.102 seconds
[2025-07-30T00:24:29.803+0000] {processor.py:161} INFO - Started process (PID=34510) to work on /home/azureuser/.pyenv/versions/3.11.9/envs/airflow-venv/lib/python3.11/site-packages/airflow/example_dags/example_short_circuit_operator.py
[2025-07-30T00:24:29.804+0000] {processor.py:830} INFO - Processing file /home/azureuser/.pyenv/versions/3.11.9/envs/airflow-venv/lib/python3.11/site-packages/airflow/example_dags/example_short_circuit_operator.py for tasks to queue
[2025-07-30T00:24:29.805+0000] {logging_mixin.py:188} INFO - [2025-07-30T00:24:29.805+0000] {dagbag.py:538} INFO - Filling up the DagBag from /home/azureuser/.pyenv/versions/3.11.9/envs/airflow-venv/lib/python3.11/site-packages/airflow/example_dags/example_short_circuit_operator.py
[2025-07-30T00:24:29.819+0000] {processor.py:840} INFO - DAG(s) 'example_short_circuit_operator' retrieved from /home/azureuser/.pyenv/versions/3.11.9/envs/airflow-venv/lib/python3.11/site-packages/airflow/example_dags/example_short_circuit_operator.py
[2025-07-30T00:24:29.847+0000] {logging_mixin.py:188} INFO - [2025-07-30T00:24:29.847+0000] {dag.py:3036} INFO - Sync 1 DAGs
[2025-07-30T00:24:30.039+0000] {logging_mixin.py:188} INFO - [2025-07-30T00:24:30.039+0000] {dag.py:3823} INFO - Setting next_dagrun for example_short_circuit_operator to 2025-07-29 00:00:00+00:00, run_after=2025-07-30 00:00:00+00:00
[2025-07-30T00:24:30.074+0000] {processor.py:183} INFO - Processing /home/azureuser/.pyenv/versions/3.11.9/envs/airflow-venv/lib/python3.11/site-packages/airflow/example_dags/example_short_circuit_operator.py took 0.276 seconds
[2025-07-30T00:25:19.385+0000] {processor.py:161} INFO - Started process (PID=34587) to work on /home/azureuser/.pyenv/versions/3.11.9/envs/airflow-venv/lib/python3.11/site-packages/airflow/example_dags/example_short_circuit_operator.py
[2025-07-30T00:25:19.387+0000] {processor.py:830} INFO - Processing file /home/azureuser/.pyenv/versions/3.11.9/envs/airflow-venv/lib/python3.11/site-packages/airflow/example_dags/example_short_circuit_operator.py for tasks to queue
[2025-07-30T00:25:19.388+0000] {logging_mixin.py:188} INFO - [2025-07-30T00:25:19.388+0000] {dagbag.py:538} INFO - Filling up the DagBag from /home/azureuser/.pyenv/versions/3.11.9/envs/airflow-venv/lib/python3.11/site-packages/airflow/example_dags/example_short_circuit_operator.py
[2025-07-30T00:25:19.400+0000] {processor.py:840} INFO - DAG(s) 'example_short_circuit_operator' retrieved from /home/azureuser/.pyenv/versions/3.11.9/envs/airflow-venv/lib/python3.11/site-packages/airflow/example_dags/example_short_circuit_operator.py
[2025-07-30T00:25:19.423+0000] {logging_mixin.py:188} INFO - [2025-07-30T00:25:19.423+0000] {dag.py:3036} INFO - Sync 1 DAGs
[2025-07-30T00:25:19.446+0000] {logging_mixin.py:188} INFO - [2025-07-30T00:25:19.446+0000] {dag.py:3823} INFO - Setting next_dagrun for example_short_circuit_operator to 2025-07-29 00:00:00+00:00, run_after=2025-07-30 00:00:00+00:00
[2025-07-30T00:25:19.485+0000] {processor.py:183} INFO - Processing /home/azureuser/.pyenv/versions/3.11.9/envs/airflow-venv/lib/python3.11/site-packages/airflow/example_dags/example_short_circuit_operator.py took 0.105 seconds
[2025-07-30T00:26:24.858+0000] {processor.py:161} INFO - Started process (PID=34686) to work on /home/azureuser/.pyenv/versions/3.11.9/envs/airflow-venv/lib/python3.11/site-packages/airflow/example_dags/example_short_circuit_operator.py
[2025-07-30T00:26:24.860+0000] {processor.py:830} INFO - Processing file /home/azureuser/.pyenv/versions/3.11.9/envs/airflow-venv/lib/python3.11/site-packages/airflow/example_dags/example_short_circuit_operator.py for tasks to queue
[2025-07-30T00:26:24.861+0000] {logging_mixin.py:188} INFO - [2025-07-30T00:26:24.861+0000] {dagbag.py:538} INFO - Filling up the DagBag from /home/azureuser/.pyenv/versions/3.11.9/envs/airflow-venv/lib/python3.11/site-packages/airflow/example_dags/example_short_circuit_operator.py
[2025-07-30T00:26:24.876+0000] {processor.py:840} INFO - DAG(s) 'example_short_circuit_operator' retrieved from /home/azureuser/.pyenv/versions/3.11.9/envs/airflow-venv/lib/python3.11/site-packages/airflow/example_dags/example_short_circuit_operator.py
[2025-07-30T00:26:24.891+0000] {logging_mixin.py:188} INFO - [2025-07-30T00:26:24.891+0000] {dag.py:3036} INFO - Sync 1 DAGs
[2025-07-30T00:26:24.922+0000] {logging_mixin.py:188} INFO - [2025-07-30T00:26:24.922+0000] {dag.py:3823} INFO - Setting next_dagrun for example_short_circuit_operator to 2025-07-29 00:00:00+00:00, run_after=2025-07-30 00:00:00+00:00
[2025-07-30T00:26:24.964+0000] {processor.py:183} INFO - Processing /home/azureuser/.pyenv/versions/3.11.9/envs/airflow-venv/lib/python3.11/site-packages/airflow/example_dags/example_short_circuit_operator.py took 0.110 seconds
[2025-07-30T20:45:49.191+0000] {processor.py:161} INFO - Started process (PID=1346) to work on /home/azureuser/.pyenv/versions/3.11.9/envs/airflow-venv/lib/python3.11/site-packages/airflow/example_dags/example_short_circuit_operator.py
[2025-07-30T20:45:49.195+0000] {processor.py:830} INFO - Processing file /home/azureuser/.pyenv/versions/3.11.9/envs/airflow-venv/lib/python3.11/site-packages/airflow/example_dags/example_short_circuit_operator.py for tasks to queue
[2025-07-30T20:45:49.196+0000] {logging_mixin.py:188} INFO - [2025-07-30T20:45:49.196+0000] {dagbag.py:538} INFO - Filling up the DagBag from /home/azureuser/.pyenv/versions/3.11.9/envs/airflow-venv/lib/python3.11/site-packages/airflow/example_dags/example_short_circuit_operator.py
[2025-07-30T20:45:49.206+0000] {processor.py:840} INFO - DAG(s) 'example_short_circuit_operator' retrieved from /home/azureuser/.pyenv/versions/3.11.9/envs/airflow-venv/lib/python3.11/site-packages/airflow/example_dags/example_short_circuit_operator.py
[2025-07-30T20:45:49.307+0000] {logging_mixin.py:188} INFO - [2025-07-30T20:45:49.306+0000] {dag.py:3036} INFO - Sync 1 DAGs
[2025-07-30T20:45:49.324+0000] {logging_mixin.py:188} INFO - [2025-07-30T20:45:49.324+0000] {dag.py:3823} INFO - Setting next_dagrun for example_short_circuit_operator to 2025-07-29 00:00:00+00:00, run_after=2025-07-30 00:00:00+00:00
[2025-07-30T20:45:49.351+0000] {processor.py:183} INFO - Processing /home/azureuser/.pyenv/versions/3.11.9/envs/airflow-venv/lib/python3.11/site-packages/airflow/example_dags/example_short_circuit_operator.py took 0.163 seconds
[2025-07-30T20:46:39.495+0000] {processor.py:161} INFO - Started process (PID=1401) to work on /home/azureuser/.pyenv/versions/3.11.9/envs/airflow-venv/lib/python3.11/site-packages/airflow/example_dags/example_short_circuit_operator.py
[2025-07-30T20:46:39.497+0000] {processor.py:830} INFO - Processing file /home/azureuser/.pyenv/versions/3.11.9/envs/airflow-venv/lib/python3.11/site-packages/airflow/example_dags/example_short_circuit_operator.py for tasks to queue
[2025-07-30T20:46:39.498+0000] {logging_mixin.py:188} INFO - [2025-07-30T20:46:39.497+0000] {dagbag.py:538} INFO - Filling up the DagBag from /home/azureuser/.pyenv/versions/3.11.9/envs/airflow-venv/lib/python3.11/site-packages/airflow/example_dags/example_short_circuit_operator.py
[2025-07-30T20:46:39.508+0000] {processor.py:840} INFO - DAG(s) 'example_short_circuit_operator' retrieved from /home/azureuser/.pyenv/versions/3.11.9/envs/airflow-venv/lib/python3.11/site-packages/airflow/example_dags/example_short_circuit_operator.py
[2025-07-30T20:46:39.528+0000] {logging_mixin.py:188} INFO - [2025-07-30T20:46:39.528+0000] {dag.py:3036} INFO - Sync 1 DAGs
[2025-07-30T20:46:39.548+0000] {logging_mixin.py:188} INFO - [2025-07-30T20:46:39.548+0000] {dag.py:3823} INFO - Setting next_dagrun for example_short_circuit_operator to 2025-07-29 00:00:00+00:00, run_after=2025-07-30 00:00:00+00:00
[2025-07-30T20:46:39.576+0000] {processor.py:183} INFO - Processing /home/azureuser/.pyenv/versions/3.11.9/envs/airflow-venv/lib/python3.11/site-packages/airflow/example_dags/example_short_circuit_operator.py took 0.084 seconds
[2025-07-30T20:47:27.483+0000] {processor.py:161} INFO - Started process (PID=1449) to work on /home/azureuser/.pyenv/versions/3.11.9/envs/airflow-venv/lib/python3.11/site-packages/airflow/example_dags/example_short_circuit_operator.py
[2025-07-30T20:47:27.485+0000] {processor.py:830} INFO - Processing file /home/azureuser/.pyenv/versions/3.11.9/envs/airflow-venv/lib/python3.11/site-packages/airflow/example_dags/example_short_circuit_operator.py for tasks to queue
[2025-07-30T20:47:27.486+0000] {logging_mixin.py:188} INFO - [2025-07-30T20:47:27.485+0000] {dagbag.py:538} INFO - Filling up the DagBag from /home/azureuser/.pyenv/versions/3.11.9/envs/airflow-venv/lib/python3.11/site-packages/airflow/example_dags/example_short_circuit_operator.py
[2025-07-30T20:47:27.496+0000] {processor.py:840} INFO - DAG(s) 'example_short_circuit_operator' retrieved from /home/azureuser/.pyenv/versions/3.11.9/envs/airflow-venv/lib/python3.11/site-packages/airflow/example_dags/example_short_circuit_operator.py
[2025-07-30T20:47:27.515+0000] {logging_mixin.py:188} INFO - [2025-07-30T20:47:27.515+0000] {dag.py:3036} INFO - Sync 1 DAGs
[2025-07-30T20:47:27.536+0000] {logging_mixin.py:188} INFO - [2025-07-30T20:47:27.535+0000] {dag.py:3823} INFO - Setting next_dagrun for example_short_circuit_operator to 2025-07-29 00:00:00+00:00, run_after=2025-07-30 00:00:00+00:00
[2025-07-30T20:47:27.564+0000] {processor.py:183} INFO - Processing /home/azureuser/.pyenv/versions/3.11.9/envs/airflow-venv/lib/python3.11/site-packages/airflow/example_dags/example_short_circuit_operator.py took 0.084 seconds
[2025-07-30T21:03:37.618+0000] {processor.py:161} INFO - Started process (PID=1664) to work on /home/azureuser/.pyenv/versions/3.11.9/envs/airflow-venv/lib/python3.11/site-packages/airflow/example_dags/example_short_circuit_operator.py
[2025-07-30T21:03:37.619+0000] {processor.py:830} INFO - Processing file /home/azureuser/.pyenv/versions/3.11.9/envs/airflow-venv/lib/python3.11/site-packages/airflow/example_dags/example_short_circuit_operator.py for tasks to queue
[2025-07-30T21:03:37.620+0000] {logging_mixin.py:188} INFO - [2025-07-30T21:03:37.620+0000] {dagbag.py:538} INFO - Filling up the DagBag from /home/azureuser/.pyenv/versions/3.11.9/envs/airflow-venv/lib/python3.11/site-packages/airflow/example_dags/example_short_circuit_operator.py
[2025-07-30T21:03:37.630+0000] {processor.py:840} INFO - DAG(s) 'example_short_circuit_operator' retrieved from /home/azureuser/.pyenv/versions/3.11.9/envs/airflow-venv/lib/python3.11/site-packages/airflow/example_dags/example_short_circuit_operator.py
[2025-07-30T21:03:37.650+0000] {logging_mixin.py:188} INFO - [2025-07-30T21:03:37.650+0000] {dag.py:3036} INFO - Sync 1 DAGs
[2025-07-30T21:03:37.671+0000] {logging_mixin.py:188} INFO - [2025-07-30T21:03:37.671+0000] {dag.py:3823} INFO - Setting next_dagrun for example_short_circuit_operator to 2025-07-29 00:00:00+00:00, run_after=2025-07-30 00:00:00+00:00
[2025-07-30T21:03:37.701+0000] {processor.py:183} INFO - Processing /home/azureuser/.pyenv/versions/3.11.9/envs/airflow-venv/lib/python3.11/site-packages/airflow/example_dags/example_short_circuit_operator.py took 0.087 seconds
[2025-07-30T21:04:33.944+0000] {processor.py:161} INFO - Started process (PID=1719) to work on /home/azureuser/.pyenv/versions/3.11.9/envs/airflow-venv/lib/python3.11/site-packages/airflow/example_dags/example_short_circuit_operator.py
[2025-07-30T21:04:33.945+0000] {processor.py:830} INFO - Processing file /home/azureuser/.pyenv/versions/3.11.9/envs/airflow-venv/lib/python3.11/site-packages/airflow/example_dags/example_short_circuit_operator.py for tasks to queue
[2025-07-30T21:04:33.946+0000] {logging_mixin.py:188} INFO - [2025-07-30T21:04:33.946+0000] {dagbag.py:538} INFO - Filling up the DagBag from /home/azureuser/.pyenv/versions/3.11.9/envs/airflow-venv/lib/python3.11/site-packages/airflow/example_dags/example_short_circuit_operator.py
[2025-07-30T21:04:33.957+0000] {processor.py:840} INFO - DAG(s) 'example_short_circuit_operator' retrieved from /home/azureuser/.pyenv/versions/3.11.9/envs/airflow-venv/lib/python3.11/site-packages/airflow/example_dags/example_short_circuit_operator.py
[2025-07-30T21:04:33.977+0000] {logging_mixin.py:188} INFO - [2025-07-30T21:04:33.977+0000] {dag.py:3036} INFO - Sync 1 DAGs
[2025-07-30T21:04:34.126+0000] {logging_mixin.py:188} INFO - [2025-07-30T21:04:34.126+0000] {dag.py:3823} INFO - Setting next_dagrun for example_short_circuit_operator to 2025-07-29 00:00:00+00:00, run_after=2025-07-30 00:00:00+00:00
[2025-07-30T21:04:34.154+0000] {processor.py:183} INFO - Processing /home/azureuser/.pyenv/versions/3.11.9/envs/airflow-venv/lib/python3.11/site-packages/airflow/example_dags/example_short_circuit_operator.py took 0.213 seconds
[2025-07-30T21:05:21.850+0000] {processor.py:161} INFO - Started process (PID=1768) to work on /home/azureuser/.pyenv/versions/3.11.9/envs/airflow-venv/lib/python3.11/site-packages/airflow/example_dags/example_short_circuit_operator.py
[2025-07-30T21:05:21.852+0000] {processor.py:830} INFO - Processing file /home/azureuser/.pyenv/versions/3.11.9/envs/airflow-venv/lib/python3.11/site-packages/airflow/example_dags/example_short_circuit_operator.py for tasks to queue
[2025-07-30T21:05:21.853+0000] {logging_mixin.py:188} INFO - [2025-07-30T21:05:21.852+0000] {dagbag.py:538} INFO - Filling up the DagBag from /home/azureuser/.pyenv/versions/3.11.9/envs/airflow-venv/lib/python3.11/site-packages/airflow/example_dags/example_short_circuit_operator.py
[2025-07-30T21:05:21.863+0000] {processor.py:840} INFO - DAG(s) 'example_short_circuit_operator' retrieved from /home/azureuser/.pyenv/versions/3.11.9/envs/airflow-venv/lib/python3.11/site-packages/airflow/example_dags/example_short_circuit_operator.py
[2025-07-30T21:05:21.884+0000] {logging_mixin.py:188} INFO - [2025-07-30T21:05:21.884+0000] {dag.py:3036} INFO - Sync 1 DAGs
[2025-07-30T21:05:21.906+0000] {logging_mixin.py:188} INFO - [2025-07-30T21:05:21.906+0000] {dag.py:3823} INFO - Setting next_dagrun for example_short_circuit_operator to 2025-07-29 00:00:00+00:00, run_after=2025-07-30 00:00:00+00:00
[2025-07-30T21:05:21.935+0000] {processor.py:183} INFO - Processing /home/azureuser/.pyenv/versions/3.11.9/envs/airflow-venv/lib/python3.11/site-packages/airflow/example_dags/example_short_circuit_operator.py took 0.088 seconds
[2025-07-30T21:06:16.533+0000] {processor.py:161} INFO - Started process (PID=1823) to work on /home/azureuser/.pyenv/versions/3.11.9/envs/airflow-venv/lib/python3.11/site-packages/airflow/example_dags/example_short_circuit_operator.py
[2025-07-30T21:06:16.534+0000] {processor.py:830} INFO - Processing file /home/azureuser/.pyenv/versions/3.11.9/envs/airflow-venv/lib/python3.11/site-packages/airflow/example_dags/example_short_circuit_operator.py for tasks to queue
[2025-07-30T21:06:16.535+0000] {logging_mixin.py:188} INFO - [2025-07-30T21:06:16.535+0000] {dagbag.py:538} INFO - Filling up the DagBag from /home/azureuser/.pyenv/versions/3.11.9/envs/airflow-venv/lib/python3.11/site-packages/airflow/example_dags/example_short_circuit_operator.py
[2025-07-30T21:06:16.547+0000] {processor.py:840} INFO - DAG(s) 'example_short_circuit_operator' retrieved from /home/azureuser/.pyenv/versions/3.11.9/envs/airflow-venv/lib/python3.11/site-packages/airflow/example_dags/example_short_circuit_operator.py
[2025-07-30T21:06:16.572+0000] {logging_mixin.py:188} INFO - [2025-07-30T21:06:16.572+0000] {dag.py:3036} INFO - Sync 1 DAGs
[2025-07-30T21:06:16.594+0000] {logging_mixin.py:188} INFO - [2025-07-30T21:06:16.594+0000] {dag.py:3823} INFO - Setting next_dagrun for example_short_circuit_operator to 2025-07-29 00:00:00+00:00, run_after=2025-07-30 00:00:00+00:00
[2025-07-30T21:06:16.628+0000] {processor.py:183} INFO - Processing /home/azureuser/.pyenv/versions/3.11.9/envs/airflow-venv/lib/python3.11/site-packages/airflow/example_dags/example_short_circuit_operator.py took 0.099 seconds
[2025-07-30T21:07:10.198+0000] {processor.py:161} INFO - Started process (PID=1901) to work on /home/azureuser/.pyenv/versions/3.11.9/envs/airflow-venv/lib/python3.11/site-packages/airflow/example_dags/example_short_circuit_operator.py
[2025-07-30T21:07:10.346+0000] {processor.py:830} INFO - Processing file /home/azureuser/.pyenv/versions/3.11.9/envs/airflow-venv/lib/python3.11/site-packages/airflow/example_dags/example_short_circuit_operator.py for tasks to queue
[2025-07-30T21:07:10.350+0000] {logging_mixin.py:188} INFO - [2025-07-30T21:07:10.347+0000] {dagbag.py:538} INFO - Filling up the DagBag from /home/azureuser/.pyenv/versions/3.11.9/envs/airflow-venv/lib/python3.11/site-packages/airflow/example_dags/example_short_circuit_operator.py
[2025-07-30T21:07:10.914+0000] {processor.py:840} INFO - DAG(s) 'example_short_circuit_operator' retrieved from /home/azureuser/.pyenv/versions/3.11.9/envs/airflow-venv/lib/python3.11/site-packages/airflow/example_dags/example_short_circuit_operator.py
[2025-07-30T21:07:53.839+0000] {logging_mixin.py:188} INFO - [2025-07-30T21:07:53.146+0000] {dag.py:3036} INFO - Sync 1 DAGs
