[2025-07-30T00:21:32.713+0000] {processor.py:161} INFO - Started process (PID=34255) to work on /home/azureuser/.pyenv/versions/3.11.9/envs/airflow-venv/lib/python3.11/site-packages/airflow/example_dags/example_dag_decorator.py
[2025-07-30T00:21:32.714+0000] {processor.py:830} INFO - Processing file /home/azureuser/.pyenv/versions/3.11.9/envs/airflow-venv/lib/python3.11/site-packages/airflow/example_dags/example_dag_decorator.py for tasks to queue
[2025-07-30T00:21:32.716+0000] {logging_mixin.py:188} INFO - [2025-07-30T00:21:32.715+0000] {dagbag.py:538} INFO - Filling up the DagBag from /home/azureuser/.pyenv/versions/3.11.9/envs/airflow-venv/lib/python3.11/site-packages/airflow/example_dags/example_dag_decorator.py
[2025-07-30T00:21:32.870+0000] {processor.py:840} INFO - DAG(s) 'example_dag_decorator' retrieved from /home/azureuser/.pyenv/versions/3.11.9/envs/airflow-venv/lib/python3.11/site-packages/airflow/example_dags/example_dag_decorator.py
[2025-07-30T00:21:33.197+0000] {logging_mixin.py:188} INFO - [2025-07-30T00:21:33.196+0000] {override.py:1769} INFO - Created Permission View: can delete on DAG:example_dag_decorator
[2025-07-30T00:21:33.224+0000] {logging_mixin.py:188} INFO - [2025-07-30T00:21:33.223+0000] {override.py:1769} INFO - Created Permission View: can read on DAG:example_dag_decorator
[2025-07-30T00:21:33.247+0000] {logging_mixin.py:188} INFO - [2025-07-30T00:21:33.246+0000] {override.py:1769} INFO - Created Permission View: can edit on DAG:example_dag_decorator
[2025-07-30T00:21:33.247+0000] {logging_mixin.py:188} INFO - [2025-07-30T00:21:33.247+0000] {dag.py:3036} INFO - Sync 1 DAGs
[2025-07-30T00:21:33.258+0000] {logging_mixin.py:188} INFO - [2025-07-30T00:21:33.258+0000] {dag.py:3058} INFO - Creating ORM DAG for example_dag_decorator
[2025-07-30T00:21:33.259+0000] {logging_mixin.py:188} INFO - [2025-07-30T00:21:33.259+0000] {dag.py:3823} INFO - Setting next_dagrun for example_dag_decorator to None, run_after=None
[2025-07-30T00:21:33.297+0000] {processor.py:183} INFO - Processing /home/azureuser/.pyenv/versions/3.11.9/envs/airflow-venv/lib/python3.11/site-packages/airflow/example_dags/example_dag_decorator.py took 0.588 seconds
[2025-07-30T00:22:25.464+0000] {processor.py:161} INFO - Started process (PID=34336) to work on /home/azureuser/.pyenv/versions/3.11.9/envs/airflow-venv/lib/python3.11/site-packages/airflow/example_dags/example_dag_decorator.py
[2025-07-30T00:22:25.466+0000] {processor.py:830} INFO - Processing file /home/azureuser/.pyenv/versions/3.11.9/envs/airflow-venv/lib/python3.11/site-packages/airflow/example_dags/example_dag_decorator.py for tasks to queue
[2025-07-30T00:22:25.467+0000] {logging_mixin.py:188} INFO - [2025-07-30T00:22:25.466+0000] {dagbag.py:538} INFO - Filling up the DagBag from /home/azureuser/.pyenv/versions/3.11.9/envs/airflow-venv/lib/python3.11/site-packages/airflow/example_dags/example_dag_decorator.py
[2025-07-30T00:22:25.621+0000] {processor.py:840} INFO - DAG(s) 'example_dag_decorator' retrieved from /home/azureuser/.pyenv/versions/3.11.9/envs/airflow-venv/lib/python3.11/site-packages/airflow/example_dags/example_dag_decorator.py
[2025-07-30T00:22:25.889+0000] {logging_mixin.py:188} INFO - [2025-07-30T00:22:25.889+0000] {dag.py:3036} INFO - Sync 1 DAGs
[2025-07-30T00:22:25.900+0000] {logging_mixin.py:188} INFO - [2025-07-30T00:22:25.900+0000] {dag.py:3823} INFO - Setting next_dagrun for example_dag_decorator to None, run_after=None
[2025-07-30T00:22:25.940+0000] {processor.py:183} INFO - Processing /home/azureuser/.pyenv/versions/3.11.9/envs/airflow-venv/lib/python3.11/site-packages/airflow/example_dags/example_dag_decorator.py took 0.480 seconds
[2025-07-30T00:23:27.996+0000] {processor.py:161} INFO - Started process (PID=34422) to work on /home/azureuser/.pyenv/versions/3.11.9/envs/airflow-venv/lib/python3.11/site-packages/airflow/example_dags/example_dag_decorator.py
[2025-07-30T00:23:27.998+0000] {processor.py:830} INFO - Processing file /home/azureuser/.pyenv/versions/3.11.9/envs/airflow-venv/lib/python3.11/site-packages/airflow/example_dags/example_dag_decorator.py for tasks to queue
[2025-07-30T00:23:27.999+0000] {logging_mixin.py:188} INFO - [2025-07-30T00:23:27.998+0000] {dagbag.py:538} INFO - Filling up the DagBag from /home/azureuser/.pyenv/versions/3.11.9/envs/airflow-venv/lib/python3.11/site-packages/airflow/example_dags/example_dag_decorator.py
[2025-07-30T00:23:28.283+0000] {processor.py:840} INFO - DAG(s) 'example_dag_decorator' retrieved from /home/azureuser/.pyenv/versions/3.11.9/envs/airflow-venv/lib/python3.11/site-packages/airflow/example_dags/example_dag_decorator.py
[2025-07-30T00:23:28.390+0000] {logging_mixin.py:188} INFO - [2025-07-30T00:23:28.390+0000] {dag.py:3036} INFO - Sync 1 DAGs
[2025-07-30T00:23:28.400+0000] {logging_mixin.py:188} INFO - [2025-07-30T00:23:28.399+0000] {dag.py:3823} INFO - Setting next_dagrun for example_dag_decorator to None, run_after=None
[2025-07-30T00:23:28.437+0000] {processor.py:183} INFO - Processing /home/azureuser/.pyenv/versions/3.11.9/envs/airflow-venv/lib/python3.11/site-packages/airflow/example_dags/example_dag_decorator.py took 0.445 seconds
[2025-07-30T00:24:35.981+0000] {processor.py:161} INFO - Started process (PID=34518) to work on /home/azureuser/.pyenv/versions/3.11.9/envs/airflow-venv/lib/python3.11/site-packages/airflow/example_dags/example_dag_decorator.py
[2025-07-30T00:24:35.982+0000] {processor.py:830} INFO - Processing file /home/azureuser/.pyenv/versions/3.11.9/envs/airflow-venv/lib/python3.11/site-packages/airflow/example_dags/example_dag_decorator.py for tasks to queue
[2025-07-30T00:24:35.983+0000] {logging_mixin.py:188} INFO - [2025-07-30T00:24:35.983+0000] {dagbag.py:538} INFO - Filling up the DagBag from /home/azureuser/.pyenv/versions/3.11.9/envs/airflow-venv/lib/python3.11/site-packages/airflow/example_dags/example_dag_decorator.py
[2025-07-30T00:24:36.259+0000] {processor.py:840} INFO - DAG(s) 'example_dag_decorator' retrieved from /home/azureuser/.pyenv/versions/3.11.9/envs/airflow-venv/lib/python3.11/site-packages/airflow/example_dags/example_dag_decorator.py
[2025-07-30T00:24:36.363+0000] {logging_mixin.py:188} INFO - [2025-07-30T00:24:36.363+0000] {dag.py:3036} INFO - Sync 1 DAGs
[2025-07-30T00:24:36.373+0000] {logging_mixin.py:188} INFO - [2025-07-30T00:24:36.372+0000] {dag.py:3823} INFO - Setting next_dagrun for example_dag_decorator to None, run_after=None
[2025-07-30T00:24:36.409+0000] {processor.py:183} INFO - Processing /home/azureuser/.pyenv/versions/3.11.9/envs/airflow-venv/lib/python3.11/site-packages/airflow/example_dags/example_dag_decorator.py took 0.433 seconds
[2025-07-30T00:25:27.310+0000] {processor.py:161} INFO - Started process (PID=34599) to work on /home/azureuser/.pyenv/versions/3.11.9/envs/airflow-venv/lib/python3.11/site-packages/airflow/example_dags/example_dag_decorator.py
[2025-07-30T00:25:27.312+0000] {processor.py:830} INFO - Processing file /home/azureuser/.pyenv/versions/3.11.9/envs/airflow-venv/lib/python3.11/site-packages/airflow/example_dags/example_dag_decorator.py for tasks to queue
[2025-07-30T00:25:27.313+0000] {logging_mixin.py:188} INFO - [2025-07-30T00:25:27.313+0000] {dagbag.py:538} INFO - Filling up the DagBag from /home/azureuser/.pyenv/versions/3.11.9/envs/airflow-venv/lib/python3.11/site-packages/airflow/example_dags/example_dag_decorator.py
[2025-07-30T00:25:27.422+0000] {processor.py:840} INFO - DAG(s) 'example_dag_decorator' retrieved from /home/azureuser/.pyenv/versions/3.11.9/envs/airflow-venv/lib/python3.11/site-packages/airflow/example_dags/example_dag_decorator.py
[2025-07-30T00:25:27.535+0000] {logging_mixin.py:188} INFO - [2025-07-30T00:25:27.535+0000] {dag.py:3036} INFO - Sync 1 DAGs
[2025-07-30T00:25:27.547+0000] {logging_mixin.py:188} INFO - [2025-07-30T00:25:27.547+0000] {dag.py:3823} INFO - Setting next_dagrun for example_dag_decorator to None, run_after=None
[2025-07-30T00:25:27.596+0000] {processor.py:183} INFO - Processing /home/azureuser/.pyenv/versions/3.11.9/envs/airflow-venv/lib/python3.11/site-packages/airflow/example_dags/example_dag_decorator.py took 0.290 seconds
[2025-07-30T20:46:08.465+0000] {processor.py:161} INFO - Started process (PID=1364) to work on /home/azureuser/.pyenv/versions/3.11.9/envs/airflow-venv/lib/python3.11/site-packages/airflow/example_dags/example_dag_decorator.py
[2025-07-30T20:46:08.468+0000] {processor.py:830} INFO - Processing file /home/azureuser/.pyenv/versions/3.11.9/envs/airflow-venv/lib/python3.11/site-packages/airflow/example_dags/example_dag_decorator.py for tasks to queue
[2025-07-30T20:46:08.469+0000] {logging_mixin.py:188} INFO - [2025-07-30T20:46:08.469+0000] {dagbag.py:538} INFO - Filling up the DagBag from /home/azureuser/.pyenv/versions/3.11.9/envs/airflow-venv/lib/python3.11/site-packages/airflow/example_dags/example_dag_decorator.py
[2025-07-30T20:46:08.677+0000] {processor.py:840} INFO - DAG(s) 'example_dag_decorator' retrieved from /home/azureuser/.pyenv/versions/3.11.9/envs/airflow-venv/lib/python3.11/site-packages/airflow/example_dags/example_dag_decorator.py
[2025-07-30T20:46:08.911+0000] {logging_mixin.py:188} INFO - [2025-07-30T20:46:08.910+0000] {dag.py:3036} INFO - Sync 1 DAGs
[2025-07-30T20:46:08.928+0000] {logging_mixin.py:188} INFO - [2025-07-30T20:46:08.927+0000] {dag.py:3823} INFO - Setting next_dagrun for example_dag_decorator to None, run_after=None
[2025-07-30T20:46:09.005+0000] {processor.py:183} INFO - Processing /home/azureuser/.pyenv/versions/3.11.9/envs/airflow-venv/lib/python3.11/site-packages/airflow/example_dags/example_dag_decorator.py took 0.544 seconds
[2025-07-30T20:46:56.885+0000] {processor.py:161} INFO - Started process (PID=1419) to work on /home/azureuser/.pyenv/versions/3.11.9/envs/airflow-venv/lib/python3.11/site-packages/airflow/example_dags/example_dag_decorator.py
[2025-07-30T20:46:56.886+0000] {processor.py:830} INFO - Processing file /home/azureuser/.pyenv/versions/3.11.9/envs/airflow-venv/lib/python3.11/site-packages/airflow/example_dags/example_dag_decorator.py for tasks to queue
[2025-07-30T20:46:56.887+0000] {logging_mixin.py:188} INFO - [2025-07-30T20:46:56.886+0000] {dagbag.py:538} INFO - Filling up the DagBag from /home/azureuser/.pyenv/versions/3.11.9/envs/airflow-venv/lib/python3.11/site-packages/airflow/example_dags/example_dag_decorator.py
[2025-07-30T20:46:57.018+0000] {processor.py:840} INFO - DAG(s) 'example_dag_decorator' retrieved from /home/azureuser/.pyenv/versions/3.11.9/envs/airflow-venv/lib/python3.11/site-packages/airflow/example_dags/example_dag_decorator.py
[2025-07-30T20:46:57.038+0000] {logging_mixin.py:188} INFO - [2025-07-30T20:46:57.038+0000] {dag.py:3036} INFO - Sync 1 DAGs
[2025-07-30T20:46:57.051+0000] {logging_mixin.py:188} INFO - [2025-07-30T20:46:57.051+0000] {dag.py:3823} INFO - Setting next_dagrun for example_dag_decorator to None, run_after=None
[2025-07-30T20:46:57.237+0000] {processor.py:183} INFO - Processing /home/azureuser/.pyenv/versions/3.11.9/envs/airflow-venv/lib/python3.11/site-packages/airflow/example_dags/example_dag_decorator.py took 0.356 seconds
[2025-07-30T21:03:14.227+0000] {processor.py:161} INFO - Started process (PID=1642) to work on /home/azureuser/.pyenv/versions/3.11.9/envs/airflow-venv/lib/python3.11/site-packages/airflow/example_dags/example_dag_decorator.py
[2025-07-30T21:03:14.228+0000] {processor.py:830} INFO - Processing file /home/azureuser/.pyenv/versions/3.11.9/envs/airflow-venv/lib/python3.11/site-packages/airflow/example_dags/example_dag_decorator.py for tasks to queue
[2025-07-30T21:03:14.229+0000] {logging_mixin.py:188} INFO - [2025-07-30T21:03:14.229+0000] {dagbag.py:538} INFO - Filling up the DagBag from /home/azureuser/.pyenv/versions/3.11.9/envs/airflow-venv/lib/python3.11/site-packages/airflow/example_dags/example_dag_decorator.py
[2025-07-30T21:03:14.483+0000] {processor.py:840} INFO - DAG(s) 'example_dag_decorator' retrieved from /home/azureuser/.pyenv/versions/3.11.9/envs/airflow-venv/lib/python3.11/site-packages/airflow/example_dags/example_dag_decorator.py
[2025-07-30T21:03:14.620+0000] {logging_mixin.py:188} INFO - [2025-07-30T21:03:14.620+0000] {dag.py:3036} INFO - Sync 1 DAGs
[2025-07-30T21:03:14.630+0000] {logging_mixin.py:188} INFO - [2025-07-30T21:03:14.630+0000] {dag.py:3823} INFO - Setting next_dagrun for example_dag_decorator to None, run_after=None
[2025-07-30T21:03:14.669+0000] {processor.py:183} INFO - Processing /home/azureuser/.pyenv/versions/3.11.9/envs/airflow-venv/lib/python3.11/site-packages/airflow/example_dags/example_dag_decorator.py took 0.446 seconds
[2025-07-30T21:04:17.970+0000] {processor.py:161} INFO - Started process (PID=1706) to work on /home/azureuser/.pyenv/versions/3.11.9/envs/airflow-venv/lib/python3.11/site-packages/airflow/example_dags/example_dag_decorator.py
[2025-07-30T21:04:17.972+0000] {processor.py:830} INFO - Processing file /home/azureuser/.pyenv/versions/3.11.9/envs/airflow-venv/lib/python3.11/site-packages/airflow/example_dags/example_dag_decorator.py for tasks to queue
[2025-07-30T21:04:17.973+0000] {logging_mixin.py:188} INFO - [2025-07-30T21:04:17.972+0000] {dagbag.py:538} INFO - Filling up the DagBag from /home/azureuser/.pyenv/versions/3.11.9/envs/airflow-venv/lib/python3.11/site-packages/airflow/example_dags/example_dag_decorator.py
[2025-07-30T21:04:18.237+0000] {processor.py:840} INFO - DAG(s) 'example_dag_decorator' retrieved from /home/azureuser/.pyenv/versions/3.11.9/envs/airflow-venv/lib/python3.11/site-packages/airflow/example_dags/example_dag_decorator.py
[2025-07-30T21:04:18.504+0000] {logging_mixin.py:188} INFO - [2025-07-30T21:04:18.501+0000] {dag.py:3036} INFO - Sync 1 DAGs
[2025-07-30T21:04:18.517+0000] {logging_mixin.py:188} INFO - [2025-07-30T21:04:18.517+0000] {dag.py:3823} INFO - Setting next_dagrun for example_dag_decorator to None, run_after=None
[2025-07-30T21:04:18.613+0000] {processor.py:183} INFO - Processing /home/azureuser/.pyenv/versions/3.11.9/envs/airflow-venv/lib/python3.11/site-packages/airflow/example_dags/example_dag_decorator.py took 0.646 seconds
[2025-07-30T21:05:28.128+0000] {processor.py:161} INFO - Started process (PID=1774) to work on /home/azureuser/.pyenv/versions/3.11.9/envs/airflow-venv/lib/python3.11/site-packages/airflow/example_dags/example_dag_decorator.py
[2025-07-30T21:05:28.129+0000] {processor.py:830} INFO - Processing file /home/azureuser/.pyenv/versions/3.11.9/envs/airflow-venv/lib/python3.11/site-packages/airflow/example_dags/example_dag_decorator.py for tasks to queue
[2025-07-30T21:05:28.130+0000] {logging_mixin.py:188} INFO - [2025-07-30T21:05:28.130+0000] {dagbag.py:538} INFO - Filling up the DagBag from /home/azureuser/.pyenv/versions/3.11.9/envs/airflow-venv/lib/python3.11/site-packages/airflow/example_dags/example_dag_decorator.py
[2025-07-30T21:05:28.277+0000] {processor.py:840} INFO - DAG(s) 'example_dag_decorator' retrieved from /home/azureuser/.pyenv/versions/3.11.9/envs/airflow-venv/lib/python3.11/site-packages/airflow/example_dags/example_dag_decorator.py
[2025-07-30T21:05:28.566+0000] {logging_mixin.py:188} INFO - [2025-07-30T21:05:28.561+0000] {dag.py:3036} INFO - Sync 1 DAGs
[2025-07-30T21:05:28.580+0000] {logging_mixin.py:188} INFO - [2025-07-30T21:05:28.580+0000] {dag.py:3823} INFO - Setting next_dagrun for example_dag_decorator to None, run_after=None
[2025-07-30T21:05:28.626+0000] {processor.py:183} INFO - Processing /home/azureuser/.pyenv/versions/3.11.9/envs/airflow-venv/lib/python3.11/site-packages/airflow/example_dags/example_dag_decorator.py took 0.502 seconds
[2025-07-30T21:06:21.785+0000] {processor.py:161} INFO - Started process (PID=1829) to work on /home/azureuser/.pyenv/versions/3.11.9/envs/airflow-venv/lib/python3.11/site-packages/airflow/example_dags/example_dag_decorator.py
[2025-07-30T21:06:21.787+0000] {processor.py:830} INFO - Processing file /home/azureuser/.pyenv/versions/3.11.9/envs/airflow-venv/lib/python3.11/site-packages/airflow/example_dags/example_dag_decorator.py for tasks to queue
[2025-07-30T21:06:21.789+0000] {logging_mixin.py:188} INFO - [2025-07-30T21:06:21.788+0000] {dagbag.py:538} INFO - Filling up the DagBag from /home/azureuser/.pyenv/versions/3.11.9/envs/airflow-venv/lib/python3.11/site-packages/airflow/example_dags/example_dag_decorator.py
[2025-07-30T21:06:21.921+0000] {processor.py:840} INFO - DAG(s) 'example_dag_decorator' retrieved from /home/azureuser/.pyenv/versions/3.11.9/envs/airflow-venv/lib/python3.11/site-packages/airflow/example_dags/example_dag_decorator.py
[2025-07-30T21:06:22.103+0000] {logging_mixin.py:188} INFO - [2025-07-30T21:06:22.100+0000] {dag.py:3036} INFO - Sync 1 DAGs
[2025-07-30T21:06:22.115+0000] {logging_mixin.py:188} INFO - [2025-07-30T21:06:22.114+0000] {dag.py:3823} INFO - Setting next_dagrun for example_dag_decorator to None, run_after=None
[2025-07-30T21:06:22.319+0000] {processor.py:183} INFO - Processing /home/azureuser/.pyenv/versions/3.11.9/envs/airflow-venv/lib/python3.11/site-packages/airflow/example_dags/example_dag_decorator.py took 0.537 seconds
