[2025-07-30T00:21:28.290+0000] {processor.py:161} INFO - Started process (PID=34243) to work on /home/azureuser/.pyenv/versions/3.11.9/envs/airflow-venv/lib/python3.11/site-packages/airflow/example_dags/example_external_task_marker_dag.py
[2025-07-30T00:21:28.291+0000] {processor.py:830} INFO - Processing file /home/azureuser/.pyenv/versions/3.11.9/envs/airflow-venv/lib/python3.11/site-packages/airflow/example_dags/example_external_task_marker_dag.py for tasks to queue
[2025-07-30T00:21:28.292+0000] {logging_mixin.py:188} INFO - [2025-07-30T00:21:28.292+0000] {dagbag.py:538} INFO - Filling up the DagBag from /home/azureuser/.pyenv/versions/3.11.9/envs/airflow-venv/lib/python3.11/site-packages/airflow/example_dags/example_external_task_marker_dag.py
[2025-07-30T00:21:28.301+0000] {processor.py:840} INFO - DAG(s) 'example_external_task_marker_child', 'example_external_task_marker_parent' retrieved from /home/azureuser/.pyenv/versions/3.11.9/envs/airflow-venv/lib/python3.11/site-packages/airflow/example_dags/example_external_task_marker_dag.py
[2025-07-30T00:21:28.462+0000] {logging_mixin.py:188} INFO - [2025-07-30T00:21:28.461+0000] {override.py:1769} INFO - Created Permission View: can delete on DAG:example_external_task_marker_child
[2025-07-30T00:21:28.491+0000] {logging_mixin.py:188} INFO - [2025-07-30T00:21:28.491+0000] {override.py:1769} INFO - Created Permission View: can read on DAG:example_external_task_marker_child
[2025-07-30T00:21:28.516+0000] {logging_mixin.py:188} INFO - [2025-07-30T00:21:28.516+0000] {override.py:1769} INFO - Created Permission View: can edit on DAG:example_external_task_marker_child
[2025-07-30T00:21:28.570+0000] {logging_mixin.py:188} INFO - [2025-07-30T00:21:28.569+0000] {override.py:1769} INFO - Created Permission View: can delete on DAG:example_external_task_marker_parent
[2025-07-30T00:21:28.594+0000] {logging_mixin.py:188} INFO - [2025-07-30T00:21:28.594+0000] {override.py:1769} INFO - Created Permission View: can read on DAG:example_external_task_marker_parent
[2025-07-30T00:21:28.618+0000] {logging_mixin.py:188} INFO - [2025-07-30T00:21:28.617+0000] {override.py:1769} INFO - Created Permission View: can edit on DAG:example_external_task_marker_parent
[2025-07-30T00:21:28.618+0000] {logging_mixin.py:188} INFO - [2025-07-30T00:21:28.618+0000] {dag.py:3036} INFO - Sync 2 DAGs
[2025-07-30T00:21:28.630+0000] {logging_mixin.py:188} INFO - [2025-07-30T00:21:28.630+0000] {dag.py:3058} INFO - Creating ORM DAG for example_external_task_marker_child
[2025-07-30T00:21:28.631+0000] {logging_mixin.py:188} INFO - [2025-07-30T00:21:28.631+0000] {dag.py:3058} INFO - Creating ORM DAG for example_external_task_marker_parent
[2025-07-30T00:21:28.631+0000] {logging_mixin.py:188} INFO - [2025-07-30T00:21:28.631+0000] {dag.py:3823} INFO - Setting next_dagrun for example_external_task_marker_child to None, run_after=None
[2025-07-30T00:21:28.632+0000] {logging_mixin.py:188} INFO - [2025-07-30T00:21:28.632+0000] {dag.py:3823} INFO - Setting next_dagrun for example_external_task_marker_parent to None, run_after=None
[2025-07-30T00:21:28.681+0000] {processor.py:183} INFO - Processing /home/azureuser/.pyenv/versions/3.11.9/envs/airflow-venv/lib/python3.11/site-packages/airflow/example_dags/example_external_task_marker_dag.py took 0.395 seconds
[2025-07-30T00:22:20.564+0000] {processor.py:161} INFO - Started process (PID=34328) to work on /home/azureuser/.pyenv/versions/3.11.9/envs/airflow-venv/lib/python3.11/site-packages/airflow/example_dags/example_external_task_marker_dag.py
[2025-07-30T00:22:20.565+0000] {processor.py:830} INFO - Processing file /home/azureuser/.pyenv/versions/3.11.9/envs/airflow-venv/lib/python3.11/site-packages/airflow/example_dags/example_external_task_marker_dag.py for tasks to queue
[2025-07-30T00:22:20.567+0000] {logging_mixin.py:188} INFO - [2025-07-30T00:22:20.566+0000] {dagbag.py:538} INFO - Filling up the DagBag from /home/azureuser/.pyenv/versions/3.11.9/envs/airflow-venv/lib/python3.11/site-packages/airflow/example_dags/example_external_task_marker_dag.py
[2025-07-30T00:22:20.577+0000] {processor.py:840} INFO - DAG(s) 'example_external_task_marker_parent', 'example_external_task_marker_child' retrieved from /home/azureuser/.pyenv/versions/3.11.9/envs/airflow-venv/lib/python3.11/site-packages/airflow/example_dags/example_external_task_marker_dag.py
[2025-07-30T00:22:20.601+0000] {logging_mixin.py:188} INFO - [2025-07-30T00:22:20.601+0000] {dag.py:3036} INFO - Sync 2 DAGs
[2025-07-30T00:22:20.615+0000] {logging_mixin.py:188} INFO - [2025-07-30T00:22:20.615+0000] {dag.py:3823} INFO - Setting next_dagrun for example_external_task_marker_child to None, run_after=None
[2025-07-30T00:22:20.619+0000] {logging_mixin.py:188} INFO - [2025-07-30T00:22:20.619+0000] {dag.py:3823} INFO - Setting next_dagrun for example_external_task_marker_parent to None, run_after=None
[2025-07-30T00:22:20.657+0000] {processor.py:183} INFO - Processing /home/azureuser/.pyenv/versions/3.11.9/envs/airflow-venv/lib/python3.11/site-packages/airflow/example_dags/example_external_task_marker_dag.py took 0.097 seconds
[2025-07-30T00:23:11.288+0000] {processor.py:161} INFO - Started process (PID=34400) to work on /home/azureuser/.pyenv/versions/3.11.9/envs/airflow-venv/lib/python3.11/site-packages/airflow/example_dags/example_external_task_marker_dag.py
[2025-07-30T00:23:11.289+0000] {processor.py:830} INFO - Processing file /home/azureuser/.pyenv/versions/3.11.9/envs/airflow-venv/lib/python3.11/site-packages/airflow/example_dags/example_external_task_marker_dag.py for tasks to queue
[2025-07-30T00:23:11.290+0000] {logging_mixin.py:188} INFO - [2025-07-30T00:23:11.290+0000] {dagbag.py:538} INFO - Filling up the DagBag from /home/azureuser/.pyenv/versions/3.11.9/envs/airflow-venv/lib/python3.11/site-packages/airflow/example_dags/example_external_task_marker_dag.py
[2025-07-30T00:23:11.299+0000] {processor.py:840} INFO - DAG(s) 'example_external_task_marker_parent', 'example_external_task_marker_child' retrieved from /home/azureuser/.pyenv/versions/3.11.9/envs/airflow-venv/lib/python3.11/site-packages/airflow/example_dags/example_external_task_marker_dag.py
[2025-07-30T00:23:11.322+0000] {logging_mixin.py:188} INFO - [2025-07-30T00:23:11.322+0000] {dag.py:3036} INFO - Sync 2 DAGs
[2025-07-30T00:23:11.336+0000] {logging_mixin.py:188} INFO - [2025-07-30T00:23:11.335+0000] {dag.py:3823} INFO - Setting next_dagrun for example_external_task_marker_child to None, run_after=None
[2025-07-30T00:23:11.339+0000] {logging_mixin.py:188} INFO - [2025-07-30T00:23:11.339+0000] {dag.py:3823} INFO - Setting next_dagrun for example_external_task_marker_parent to None, run_after=None
[2025-07-30T00:23:11.374+0000] {processor.py:183} INFO - Processing /home/azureuser/.pyenv/versions/3.11.9/envs/airflow-venv/lib/python3.11/site-packages/airflow/example_dags/example_external_task_marker_dag.py took 0.090 seconds
[2025-07-30T00:24:12.715+0000] {processor.py:161} INFO - Started process (PID=34491) to work on /home/azureuser/.pyenv/versions/3.11.9/envs/airflow-venv/lib/python3.11/site-packages/airflow/example_dags/example_external_task_marker_dag.py
[2025-07-30T00:24:12.716+0000] {processor.py:830} INFO - Processing file /home/azureuser/.pyenv/versions/3.11.9/envs/airflow-venv/lib/python3.11/site-packages/airflow/example_dags/example_external_task_marker_dag.py for tasks to queue
[2025-07-30T00:24:12.717+0000] {logging_mixin.py:188} INFO - [2025-07-30T00:24:12.717+0000] {dagbag.py:538} INFO - Filling up the DagBag from /home/azureuser/.pyenv/versions/3.11.9/envs/airflow-venv/lib/python3.11/site-packages/airflow/example_dags/example_external_task_marker_dag.py
[2025-07-30T00:24:12.726+0000] {processor.py:840} INFO - DAG(s) 'example_external_task_marker_parent', 'example_external_task_marker_child' retrieved from /home/azureuser/.pyenv/versions/3.11.9/envs/airflow-venv/lib/python3.11/site-packages/airflow/example_dags/example_external_task_marker_dag.py
[2025-07-30T00:24:12.749+0000] {logging_mixin.py:188} INFO - [2025-07-30T00:24:12.749+0000] {dag.py:3036} INFO - Sync 2 DAGs
[2025-07-30T00:24:12.763+0000] {logging_mixin.py:188} INFO - [2025-07-30T00:24:12.763+0000] {dag.py:3823} INFO - Setting next_dagrun for example_external_task_marker_child to None, run_after=None
[2025-07-30T00:24:12.767+0000] {logging_mixin.py:188} INFO - [2025-07-30T00:24:12.767+0000] {dag.py:3823} INFO - Setting next_dagrun for example_external_task_marker_parent to None, run_after=None
[2025-07-30T00:24:12.973+0000] {processor.py:183} INFO - Processing /home/azureuser/.pyenv/versions/3.11.9/envs/airflow-venv/lib/python3.11/site-packages/airflow/example_dags/example_external_task_marker_dag.py took 0.263 seconds
[2025-07-30T00:25:03.160+0000] {processor.py:161} INFO - Started process (PID=34564) to work on /home/azureuser/.pyenv/versions/3.11.9/envs/airflow-venv/lib/python3.11/site-packages/airflow/example_dags/example_external_task_marker_dag.py
[2025-07-30T00:25:03.161+0000] {processor.py:830} INFO - Processing file /home/azureuser/.pyenv/versions/3.11.9/envs/airflow-venv/lib/python3.11/site-packages/airflow/example_dags/example_external_task_marker_dag.py for tasks to queue
[2025-07-30T00:25:03.162+0000] {logging_mixin.py:188} INFO - [2025-07-30T00:25:03.162+0000] {dagbag.py:538} INFO - Filling up the DagBag from /home/azureuser/.pyenv/versions/3.11.9/envs/airflow-venv/lib/python3.11/site-packages/airflow/example_dags/example_external_task_marker_dag.py
[2025-07-30T00:25:03.171+0000] {processor.py:840} INFO - DAG(s) 'example_external_task_marker_parent', 'example_external_task_marker_child' retrieved from /home/azureuser/.pyenv/versions/3.11.9/envs/airflow-venv/lib/python3.11/site-packages/airflow/example_dags/example_external_task_marker_dag.py
[2025-07-30T00:25:03.195+0000] {logging_mixin.py:188} INFO - [2025-07-30T00:25:03.195+0000] {dag.py:3036} INFO - Sync 2 DAGs
[2025-07-30T00:25:03.209+0000] {logging_mixin.py:188} INFO - [2025-07-30T00:25:03.208+0000] {dag.py:3823} INFO - Setting next_dagrun for example_external_task_marker_child to None, run_after=None
[2025-07-30T00:25:03.212+0000] {logging_mixin.py:188} INFO - [2025-07-30T00:25:03.212+0000] {dag.py:3823} INFO - Setting next_dagrun for example_external_task_marker_parent to None, run_after=None
[2025-07-30T00:25:03.256+0000] {processor.py:183} INFO - Processing /home/azureuser/.pyenv/versions/3.11.9/envs/airflow-venv/lib/python3.11/site-packages/airflow/example_dags/example_external_task_marker_dag.py took 0.100 seconds
[2025-07-30T00:26:04.061+0000] {processor.py:161} INFO - Started process (PID=34654) to work on /home/azureuser/.pyenv/versions/3.11.9/envs/airflow-venv/lib/python3.11/site-packages/airflow/example_dags/example_external_task_marker_dag.py
[2025-07-30T00:26:04.064+0000] {processor.py:830} INFO - Processing file /home/azureuser/.pyenv/versions/3.11.9/envs/airflow-venv/lib/python3.11/site-packages/airflow/example_dags/example_external_task_marker_dag.py for tasks to queue
[2025-07-30T00:26:04.066+0000] {logging_mixin.py:188} INFO - [2025-07-30T00:26:04.066+0000] {dagbag.py:538} INFO - Filling up the DagBag from /home/azureuser/.pyenv/versions/3.11.9/envs/airflow-venv/lib/python3.11/site-packages/airflow/example_dags/example_external_task_marker_dag.py
[2025-07-30T00:26:04.091+0000] {processor.py:840} INFO - DAG(s) 'example_external_task_marker_parent', 'example_external_task_marker_child' retrieved from /home/azureuser/.pyenv/versions/3.11.9/envs/airflow-venv/lib/python3.11/site-packages/airflow/example_dags/example_external_task_marker_dag.py
[2025-07-30T00:26:04.117+0000] {logging_mixin.py:188} INFO - [2025-07-30T00:26:04.117+0000] {dag.py:3036} INFO - Sync 2 DAGs
[2025-07-30T00:26:04.157+0000] {logging_mixin.py:188} INFO - [2025-07-30T00:26:04.156+0000] {dag.py:3823} INFO - Setting next_dagrun for example_external_task_marker_child to None, run_after=None
[2025-07-30T00:26:04.166+0000] {logging_mixin.py:188} INFO - [2025-07-30T00:26:04.165+0000] {dag.py:3823} INFO - Setting next_dagrun for example_external_task_marker_parent to None, run_after=None
[2025-07-30T00:26:04.228+0000] {processor.py:183} INFO - Processing /home/azureuser/.pyenv/versions/3.11.9/envs/airflow-venv/lib/python3.11/site-packages/airflow/example_dags/example_external_task_marker_dag.py took 0.176 seconds
[2025-07-30T20:46:04.449+0000] {processor.py:161} INFO - Started process (PID=1360) to work on /home/azureuser/.pyenv/versions/3.11.9/envs/airflow-venv/lib/python3.11/site-packages/airflow/example_dags/example_external_task_marker_dag.py
[2025-07-30T20:46:04.450+0000] {processor.py:830} INFO - Processing file /home/azureuser/.pyenv/versions/3.11.9/envs/airflow-venv/lib/python3.11/site-packages/airflow/example_dags/example_external_task_marker_dag.py for tasks to queue
[2025-07-30T20:46:04.451+0000] {logging_mixin.py:188} INFO - [2025-07-30T20:46:04.450+0000] {dagbag.py:538} INFO - Filling up the DagBag from /home/azureuser/.pyenv/versions/3.11.9/envs/airflow-venv/lib/python3.11/site-packages/airflow/example_dags/example_external_task_marker_dag.py
[2025-07-30T20:46:04.458+0000] {processor.py:840} INFO - DAG(s) 'example_external_task_marker_child', 'example_external_task_marker_parent' retrieved from /home/azureuser/.pyenv/versions/3.11.9/envs/airflow-venv/lib/python3.11/site-packages/airflow/example_dags/example_external_task_marker_dag.py
[2025-07-30T20:46:04.566+0000] {logging_mixin.py:188} INFO - [2025-07-30T20:46:04.566+0000] {dag.py:3036} INFO - Sync 2 DAGs
[2025-07-30T20:46:04.575+0000] {logging_mixin.py:188} INFO - [2025-07-30T20:46:04.575+0000] {dag.py:3823} INFO - Setting next_dagrun for example_external_task_marker_child to None, run_after=None
[2025-07-30T20:46:04.578+0000] {logging_mixin.py:188} INFO - [2025-07-30T20:46:04.578+0000] {dag.py:3823} INFO - Setting next_dagrun for example_external_task_marker_parent to None, run_after=None
[2025-07-30T20:46:04.603+0000] {processor.py:183} INFO - Processing /home/azureuser/.pyenv/versions/3.11.9/envs/airflow-venv/lib/python3.11/site-packages/airflow/example_dags/example_external_task_marker_dag.py took 0.158 seconds
[2025-07-30T20:46:52.885+0000] {processor.py:161} INFO - Started process (PID=1415) to work on /home/azureuser/.pyenv/versions/3.11.9/envs/airflow-venv/lib/python3.11/site-packages/airflow/example_dags/example_external_task_marker_dag.py
[2025-07-30T20:46:52.887+0000] {processor.py:830} INFO - Processing file /home/azureuser/.pyenv/versions/3.11.9/envs/airflow-venv/lib/python3.11/site-packages/airflow/example_dags/example_external_task_marker_dag.py for tasks to queue
[2025-07-30T20:46:52.888+0000] {logging_mixin.py:188} INFO - [2025-07-30T20:46:52.887+0000] {dagbag.py:538} INFO - Filling up the DagBag from /home/azureuser/.pyenv/versions/3.11.9/envs/airflow-venv/lib/python3.11/site-packages/airflow/example_dags/example_external_task_marker_dag.py
[2025-07-30T20:46:52.896+0000] {processor.py:840} INFO - DAG(s) 'example_external_task_marker_child', 'example_external_task_marker_parent' retrieved from /home/azureuser/.pyenv/versions/3.11.9/envs/airflow-venv/lib/python3.11/site-packages/airflow/example_dags/example_external_task_marker_dag.py
[2025-07-30T20:46:52.916+0000] {logging_mixin.py:188} INFO - [2025-07-30T20:46:52.916+0000] {dag.py:3036} INFO - Sync 2 DAGs
[2025-07-30T20:46:52.928+0000] {logging_mixin.py:188} INFO - [2025-07-30T20:46:52.928+0000] {dag.py:3823} INFO - Setting next_dagrun for example_external_task_marker_child to None, run_after=None
[2025-07-30T20:46:52.932+0000] {logging_mixin.py:188} INFO - [2025-07-30T20:46:52.931+0000] {dag.py:3823} INFO - Setting next_dagrun for example_external_task_marker_parent to None, run_after=None
[2025-07-30T20:46:52.961+0000] {processor.py:183} INFO - Processing /home/azureuser/.pyenv/versions/3.11.9/envs/airflow-venv/lib/python3.11/site-packages/airflow/example_dags/example_external_task_marker_dag.py took 0.080 seconds
[2025-07-30T21:03:11.461+0000] {processor.py:161} INFO - Started process (PID=1638) to work on /home/azureuser/.pyenv/versions/3.11.9/envs/airflow-venv/lib/python3.11/site-packages/airflow/example_dags/example_external_task_marker_dag.py
[2025-07-30T21:03:11.464+0000] {processor.py:830} INFO - Processing file /home/azureuser/.pyenv/versions/3.11.9/envs/airflow-venv/lib/python3.11/site-packages/airflow/example_dags/example_external_task_marker_dag.py for tasks to queue
[2025-07-30T21:03:11.465+0000] {logging_mixin.py:188} INFO - [2025-07-30T21:03:11.465+0000] {dagbag.py:538} INFO - Filling up the DagBag from /home/azureuser/.pyenv/versions/3.11.9/envs/airflow-venv/lib/python3.11/site-packages/airflow/example_dags/example_external_task_marker_dag.py
[2025-07-30T21:03:11.473+0000] {processor.py:840} INFO - DAG(s) 'example_external_task_marker_child', 'example_external_task_marker_parent' retrieved from /home/azureuser/.pyenv/versions/3.11.9/envs/airflow-venv/lib/python3.11/site-packages/airflow/example_dags/example_external_task_marker_dag.py
[2025-07-30T21:03:11.493+0000] {logging_mixin.py:188} INFO - [2025-07-30T21:03:11.493+0000] {dag.py:3036} INFO - Sync 2 DAGs
[2025-07-30T21:03:11.506+0000] {logging_mixin.py:188} INFO - [2025-07-30T21:03:11.505+0000] {dag.py:3823} INFO - Setting next_dagrun for example_external_task_marker_child to None, run_after=None
[2025-07-30T21:03:11.509+0000] {logging_mixin.py:188} INFO - [2025-07-30T21:03:11.509+0000] {dag.py:3823} INFO - Setting next_dagrun for example_external_task_marker_parent to None, run_after=None
[2025-07-30T21:03:11.546+0000] {processor.py:183} INFO - Processing /home/azureuser/.pyenv/versions/3.11.9/envs/airflow-venv/lib/python3.11/site-packages/airflow/example_dags/example_external_task_marker_dag.py took 0.088 seconds
[2025-07-30T21:04:12.919+0000] {processor.py:161} INFO - Started process (PID=1702) to work on /home/azureuser/.pyenv/versions/3.11.9/envs/airflow-venv/lib/python3.11/site-packages/airflow/example_dags/example_external_task_marker_dag.py
[2025-07-30T21:04:12.921+0000] {processor.py:830} INFO - Processing file /home/azureuser/.pyenv/versions/3.11.9/envs/airflow-venv/lib/python3.11/site-packages/airflow/example_dags/example_external_task_marker_dag.py for tasks to queue
[2025-07-30T21:04:12.922+0000] {logging_mixin.py:188} INFO - [2025-07-30T21:04:12.921+0000] {dagbag.py:538} INFO - Filling up the DagBag from /home/azureuser/.pyenv/versions/3.11.9/envs/airflow-venv/lib/python3.11/site-packages/airflow/example_dags/example_external_task_marker_dag.py
[2025-07-30T21:04:12.934+0000] {processor.py:840} INFO - DAG(s) 'example_external_task_marker_parent', 'example_external_task_marker_child' retrieved from /home/azureuser/.pyenv/versions/3.11.9/envs/airflow-venv/lib/python3.11/site-packages/airflow/example_dags/example_external_task_marker_dag.py
[2025-07-30T21:04:12.959+0000] {logging_mixin.py:188} INFO - [2025-07-30T21:04:12.959+0000] {dag.py:3036} INFO - Sync 2 DAGs
[2025-07-30T21:04:12.975+0000] {logging_mixin.py:188} INFO - [2025-07-30T21:04:12.975+0000] {dag.py:3823} INFO - Setting next_dagrun for example_external_task_marker_child to None, run_after=None
[2025-07-30T21:04:12.979+0000] {logging_mixin.py:188} INFO - [2025-07-30T21:04:12.978+0000] {dag.py:3823} INFO - Setting next_dagrun for example_external_task_marker_parent to None, run_after=None
[2025-07-30T21:04:13.168+0000] {processor.py:183} INFO - Processing /home/azureuser/.pyenv/versions/3.11.9/envs/airflow-venv/lib/python3.11/site-packages/airflow/example_dags/example_external_task_marker_dag.py took 0.253 seconds
[2025-07-30T21:05:04.113+0000] {processor.py:161} INFO - Started process (PID=1750) to work on /home/azureuser/.pyenv/versions/3.11.9/envs/airflow-venv/lib/python3.11/site-packages/airflow/example_dags/example_external_task_marker_dag.py
[2025-07-30T21:05:04.115+0000] {processor.py:830} INFO - Processing file /home/azureuser/.pyenv/versions/3.11.9/envs/airflow-venv/lib/python3.11/site-packages/airflow/example_dags/example_external_task_marker_dag.py for tasks to queue
[2025-07-30T21:05:04.116+0000] {logging_mixin.py:188} INFO - [2025-07-30T21:05:04.115+0000] {dagbag.py:538} INFO - Filling up the DagBag from /home/azureuser/.pyenv/versions/3.11.9/envs/airflow-venv/lib/python3.11/site-packages/airflow/example_dags/example_external_task_marker_dag.py
[2025-07-30T21:05:04.124+0000] {processor.py:840} INFO - DAG(s) 'example_external_task_marker_parent', 'example_external_task_marker_child' retrieved from /home/azureuser/.pyenv/versions/3.11.9/envs/airflow-venv/lib/python3.11/site-packages/airflow/example_dags/example_external_task_marker_dag.py
[2025-07-30T21:05:04.146+0000] {logging_mixin.py:188} INFO - [2025-07-30T21:05:04.146+0000] {dag.py:3036} INFO - Sync 2 DAGs
[2025-07-30T21:05:04.159+0000] {logging_mixin.py:188} INFO - [2025-07-30T21:05:04.159+0000] {dag.py:3823} INFO - Setting next_dagrun for example_external_task_marker_child to None, run_after=None
[2025-07-30T21:05:04.162+0000] {logging_mixin.py:188} INFO - [2025-07-30T21:05:04.162+0000] {dag.py:3823} INFO - Setting next_dagrun for example_external_task_marker_parent to None, run_after=None
[2025-07-30T21:05:04.187+0000] {processor.py:183} INFO - Processing /home/azureuser/.pyenv/versions/3.11.9/envs/airflow-venv/lib/python3.11/site-packages/airflow/example_dags/example_external_task_marker_dag.py took 0.078 seconds
[2025-07-30T21:05:59.544+0000] {processor.py:161} INFO - Started process (PID=1806) to work on /home/azureuser/.pyenv/versions/3.11.9/envs/airflow-venv/lib/python3.11/site-packages/airflow/example_dags/example_external_task_marker_dag.py
[2025-07-30T21:05:59.547+0000] {processor.py:830} INFO - Processing file /home/azureuser/.pyenv/versions/3.11.9/envs/airflow-venv/lib/python3.11/site-packages/airflow/example_dags/example_external_task_marker_dag.py for tasks to queue
[2025-07-30T21:05:59.548+0000] {logging_mixin.py:188} INFO - [2025-07-30T21:05:59.548+0000] {dagbag.py:538} INFO - Filling up the DagBag from /home/azureuser/.pyenv/versions/3.11.9/envs/airflow-venv/lib/python3.11/site-packages/airflow/example_dags/example_external_task_marker_dag.py
[2025-07-30T21:05:59.557+0000] {processor.py:840} INFO - DAG(s) 'example_external_task_marker_parent', 'example_external_task_marker_child' retrieved from /home/azureuser/.pyenv/versions/3.11.9/envs/airflow-venv/lib/python3.11/site-packages/airflow/example_dags/example_external_task_marker_dag.py
[2025-07-30T21:05:59.581+0000] {logging_mixin.py:188} INFO - [2025-07-30T21:05:59.581+0000] {dag.py:3036} INFO - Sync 2 DAGs
[2025-07-30T21:05:59.595+0000] {logging_mixin.py:188} INFO - [2025-07-30T21:05:59.595+0000] {dag.py:3823} INFO - Setting next_dagrun for example_external_task_marker_child to None, run_after=None
[2025-07-30T21:05:59.599+0000] {logging_mixin.py:188} INFO - [2025-07-30T21:05:59.598+0000] {dag.py:3823} INFO - Setting next_dagrun for example_external_task_marker_parent to None, run_after=None
[2025-07-30T21:05:59.625+0000] {processor.py:183} INFO - Processing /home/azureuser/.pyenv/versions/3.11.9/envs/airflow-venv/lib/python3.11/site-packages/airflow/example_dags/example_external_task_marker_dag.py took 0.085 seconds
[2025-07-30T21:06:53.120+0000] {processor.py:161} INFO - Started process (PID=1860) to work on /home/azureuser/.pyenv/versions/3.11.9/envs/airflow-venv/lib/python3.11/site-packages/airflow/example_dags/example_external_task_marker_dag.py
[2025-07-30T21:06:53.122+0000] {processor.py:830} INFO - Processing file /home/azureuser/.pyenv/versions/3.11.9/envs/airflow-venv/lib/python3.11/site-packages/airflow/example_dags/example_external_task_marker_dag.py for tasks to queue
[2025-07-30T21:06:53.123+0000] {logging_mixin.py:188} INFO - [2025-07-30T21:06:53.123+0000] {dagbag.py:538} INFO - Filling up the DagBag from /home/azureuser/.pyenv/versions/3.11.9/envs/airflow-venv/lib/python3.11/site-packages/airflow/example_dags/example_external_task_marker_dag.py
[2025-07-30T21:06:53.132+0000] {processor.py:840} INFO - DAG(s) 'example_external_task_marker_child', 'example_external_task_marker_parent' retrieved from /home/azureuser/.pyenv/versions/3.11.9/envs/airflow-venv/lib/python3.11/site-packages/airflow/example_dags/example_external_task_marker_dag.py
[2025-07-30T21:06:53.154+0000] {logging_mixin.py:188} INFO - [2025-07-30T21:06:53.154+0000] {dag.py:3036} INFO - Sync 2 DAGs
[2025-07-30T21:06:53.167+0000] {logging_mixin.py:188} INFO - [2025-07-30T21:06:53.167+0000] {dag.py:3823} INFO - Setting next_dagrun for example_external_task_marker_child to None, run_after=None
[2025-07-30T21:06:53.171+0000] {logging_mixin.py:188} INFO - [2025-07-30T21:06:53.170+0000] {dag.py:3823} INFO - Setting next_dagrun for example_external_task_marker_parent to None, run_after=None
[2025-07-30T21:06:53.200+0000] {processor.py:183} INFO - Processing /home/azureuser/.pyenv/versions/3.11.9/envs/airflow-venv/lib/python3.11/site-packages/airflow/example_dags/example_external_task_marker_dag.py took 0.083 seconds
