[2025-07-30T00:21:23.428+0000] {processor.py:161} INFO - Started process (PID=34237) to work on /home/azureuser/.pyenv/versions/3.11.9/envs/airflow-venv/lib/python3.11/site-packages/airflow/example_dags/example_params_ui_tutorial.py
[2025-07-30T00:21:23.429+0000] {processor.py:830} INFO - Processing file /home/azureuser/.pyenv/versions/3.11.9/envs/airflow-venv/lib/python3.11/site-packages/airflow/example_dags/example_params_ui_tutorial.py for tasks to queue
[2025-07-30T00:21:23.430+0000] {logging_mixin.py:188} INFO - [2025-07-30T00:21:23.430+0000] {dagbag.py:538} INFO - Filling up the DagBag from /home/azureuser/.pyenv/versions/3.11.9/envs/airflow-venv/lib/python3.11/site-packages/airflow/example_dags/example_params_ui_tutorial.py
[2025-07-30T00:21:23.446+0000] {processor.py:840} INFO - DAG(s) 'example_params_ui_tutorial' retrieved from /home/azureuser/.pyenv/versions/3.11.9/envs/airflow-venv/lib/python3.11/site-packages/airflow/example_dags/example_params_ui_tutorial.py
[2025-07-30T00:21:23.635+0000] {logging_mixin.py:188} INFO - [2025-07-30T00:21:23.634+0000] {override.py:1769} INFO - Created Permission View: can delete on DAG:example_params_ui_tutorial
[2025-07-30T00:21:23.662+0000] {logging_mixin.py:188} INFO - [2025-07-30T00:21:23.662+0000] {override.py:1769} INFO - Created Permission View: can read on DAG:example_params_ui_tutorial
[2025-07-30T00:21:23.687+0000] {logging_mixin.py:188} INFO - [2025-07-30T00:21:23.686+0000] {override.py:1769} INFO - Created Permission View: can edit on DAG:example_params_ui_tutorial
[2025-07-30T00:21:23.687+0000] {logging_mixin.py:188} INFO - [2025-07-30T00:21:23.687+0000] {dag.py:3036} INFO - Sync 1 DAGs
[2025-07-30T00:21:23.698+0000] {logging_mixin.py:188} INFO - [2025-07-30T00:21:23.698+0000] {dag.py:3058} INFO - Creating ORM DAG for example_params_ui_tutorial
[2025-07-30T00:21:23.699+0000] {logging_mixin.py:188} INFO - [2025-07-30T00:21:23.699+0000] {dag.py:3823} INFO - Setting next_dagrun for example_params_ui_tutorial to None, run_after=None
[2025-07-30T00:21:23.738+0000] {processor.py:183} INFO - Processing /home/azureuser/.pyenv/versions/3.11.9/envs/airflow-venv/lib/python3.11/site-packages/airflow/example_dags/example_params_ui_tutorial.py took 0.314 seconds
[2025-07-30T00:22:17.375+0000] {processor.py:161} INFO - Started process (PID=34324) to work on /home/azureuser/.pyenv/versions/3.11.9/envs/airflow-venv/lib/python3.11/site-packages/airflow/example_dags/example_params_ui_tutorial.py
[2025-07-30T00:22:17.377+0000] {processor.py:830} INFO - Processing file /home/azureuser/.pyenv/versions/3.11.9/envs/airflow-venv/lib/python3.11/site-packages/airflow/example_dags/example_params_ui_tutorial.py for tasks to queue
[2025-07-30T00:22:17.379+0000] {logging_mixin.py:188} INFO - [2025-07-30T00:22:17.378+0000] {dagbag.py:538} INFO - Filling up the DagBag from /home/azureuser/.pyenv/versions/3.11.9/envs/airflow-venv/lib/python3.11/site-packages/airflow/example_dags/example_params_ui_tutorial.py
[2025-07-30T00:22:17.394+0000] {processor.py:840} INFO - DAG(s) 'example_params_ui_tutorial' retrieved from /home/azureuser/.pyenv/versions/3.11.9/envs/airflow-venv/lib/python3.11/site-packages/airflow/example_dags/example_params_ui_tutorial.py
[2025-07-30T00:22:17.448+0000] {logging_mixin.py:188} INFO - [2025-07-30T00:22:17.448+0000] {dag.py:3036} INFO - Sync 1 DAGs
[2025-07-30T00:22:17.462+0000] {logging_mixin.py:188} INFO - [2025-07-30T00:22:17.462+0000] {dag.py:3823} INFO - Setting next_dagrun for example_params_ui_tutorial to None, run_after=None
[2025-07-30T00:22:17.501+0000] {processor.py:183} INFO - Processing /home/azureuser/.pyenv/versions/3.11.9/envs/airflow-venv/lib/python3.11/site-packages/airflow/example_dags/example_params_ui_tutorial.py took 0.130 seconds
[2025-07-30T00:23:07.163+0000] {processor.py:161} INFO - Started process (PID=34392) to work on /home/azureuser/.pyenv/versions/3.11.9/envs/airflow-venv/lib/python3.11/site-packages/airflow/example_dags/example_params_ui_tutorial.py
[2025-07-30T00:23:07.164+0000] {processor.py:830} INFO - Processing file /home/azureuser/.pyenv/versions/3.11.9/envs/airflow-venv/lib/python3.11/site-packages/airflow/example_dags/example_params_ui_tutorial.py for tasks to queue
[2025-07-30T00:23:07.166+0000] {logging_mixin.py:188} INFO - [2025-07-30T00:23:07.165+0000] {dagbag.py:538} INFO - Filling up the DagBag from /home/azureuser/.pyenv/versions/3.11.9/envs/airflow-venv/lib/python3.11/site-packages/airflow/example_dags/example_params_ui_tutorial.py
[2025-07-30T00:23:07.182+0000] {processor.py:840} INFO - DAG(s) 'example_params_ui_tutorial' retrieved from /home/azureuser/.pyenv/versions/3.11.9/envs/airflow-venv/lib/python3.11/site-packages/airflow/example_dags/example_params_ui_tutorial.py
[2025-07-30T00:23:07.238+0000] {logging_mixin.py:188} INFO - [2025-07-30T00:23:07.238+0000] {dag.py:3036} INFO - Sync 1 DAGs
[2025-07-30T00:23:07.253+0000] {logging_mixin.py:188} INFO - [2025-07-30T00:23:07.253+0000] {dag.py:3823} INFO - Setting next_dagrun for example_params_ui_tutorial to None, run_after=None
[2025-07-30T00:23:07.301+0000] {processor.py:183} INFO - Processing /home/azureuser/.pyenv/versions/3.11.9/envs/airflow-venv/lib/python3.11/site-packages/airflow/example_dags/example_params_ui_tutorial.py took 0.142 seconds
[2025-07-30T00:24:07.328+0000] {processor.py:161} INFO - Started process (PID=34485) to work on /home/azureuser/.pyenv/versions/3.11.9/envs/airflow-venv/lib/python3.11/site-packages/airflow/example_dags/example_params_ui_tutorial.py
[2025-07-30T00:24:07.330+0000] {processor.py:830} INFO - Processing file /home/azureuser/.pyenv/versions/3.11.9/envs/airflow-venv/lib/python3.11/site-packages/airflow/example_dags/example_params_ui_tutorial.py for tasks to queue
[2025-07-30T00:24:07.331+0000] {logging_mixin.py:188} INFO - [2025-07-30T00:24:07.331+0000] {dagbag.py:538} INFO - Filling up the DagBag from /home/azureuser/.pyenv/versions/3.11.9/envs/airflow-venv/lib/python3.11/site-packages/airflow/example_dags/example_params_ui_tutorial.py
[2025-07-30T00:24:07.347+0000] {processor.py:840} INFO - DAG(s) 'example_params_ui_tutorial' retrieved from /home/azureuser/.pyenv/versions/3.11.9/envs/airflow-venv/lib/python3.11/site-packages/airflow/example_dags/example_params_ui_tutorial.py
[2025-07-30T00:24:07.405+0000] {logging_mixin.py:188} INFO - [2025-07-30T00:24:07.405+0000] {dag.py:3036} INFO - Sync 1 DAGs
[2025-07-30T00:24:07.421+0000] {logging_mixin.py:188} INFO - [2025-07-30T00:24:07.421+0000] {dag.py:3823} INFO - Setting next_dagrun for example_params_ui_tutorial to None, run_after=None
[2025-07-30T00:24:07.709+0000] {processor.py:183} INFO - Processing /home/azureuser/.pyenv/versions/3.11.9/envs/airflow-venv/lib/python3.11/site-packages/airflow/example_dags/example_params_ui_tutorial.py took 0.386 seconds
[2025-07-30T00:24:58.635+0000] {processor.py:161} INFO - Started process (PID=34555) to work on /home/azureuser/.pyenv/versions/3.11.9/envs/airflow-venv/lib/python3.11/site-packages/airflow/example_dags/example_params_ui_tutorial.py
[2025-07-30T00:24:58.637+0000] {processor.py:830} INFO - Processing file /home/azureuser/.pyenv/versions/3.11.9/envs/airflow-venv/lib/python3.11/site-packages/airflow/example_dags/example_params_ui_tutorial.py for tasks to queue
[2025-07-30T00:24:58.638+0000] {logging_mixin.py:188} INFO - [2025-07-30T00:24:58.637+0000] {dagbag.py:538} INFO - Filling up the DagBag from /home/azureuser/.pyenv/versions/3.11.9/envs/airflow-venv/lib/python3.11/site-packages/airflow/example_dags/example_params_ui_tutorial.py
[2025-07-30T00:24:58.654+0000] {processor.py:840} INFO - DAG(s) 'example_params_ui_tutorial' retrieved from /home/azureuser/.pyenv/versions/3.11.9/envs/airflow-venv/lib/python3.11/site-packages/airflow/example_dags/example_params_ui_tutorial.py
[2025-07-30T00:24:58.705+0000] {logging_mixin.py:188} INFO - [2025-07-30T00:24:58.705+0000] {dag.py:3036} INFO - Sync 1 DAGs
[2025-07-30T00:24:58.719+0000] {logging_mixin.py:188} INFO - [2025-07-30T00:24:58.718+0000] {dag.py:3823} INFO - Setting next_dagrun for example_params_ui_tutorial to None, run_after=None
[2025-07-30T00:24:58.756+0000] {processor.py:183} INFO - Processing /home/azureuser/.pyenv/versions/3.11.9/envs/airflow-venv/lib/python3.11/site-packages/airflow/example_dags/example_params_ui_tutorial.py took 0.125 seconds
[2025-07-30T00:25:44.038+0000] {processor.py:161} INFO - Started process (PID=34622) to work on /home/azureuser/.pyenv/versions/3.11.9/envs/airflow-venv/lib/python3.11/site-packages/airflow/example_dags/example_params_ui_tutorial.py
[2025-07-30T00:25:44.039+0000] {processor.py:830} INFO - Processing file /home/azureuser/.pyenv/versions/3.11.9/envs/airflow-venv/lib/python3.11/site-packages/airflow/example_dags/example_params_ui_tutorial.py for tasks to queue
[2025-07-30T00:25:44.041+0000] {logging_mixin.py:188} INFO - [2025-07-30T00:25:44.040+0000] {dagbag.py:538} INFO - Filling up the DagBag from /home/azureuser/.pyenv/versions/3.11.9/envs/airflow-venv/lib/python3.11/site-packages/airflow/example_dags/example_params_ui_tutorial.py
[2025-07-30T00:25:44.057+0000] {processor.py:840} INFO - DAG(s) 'example_params_ui_tutorial' retrieved from /home/azureuser/.pyenv/versions/3.11.9/envs/airflow-venv/lib/python3.11/site-packages/airflow/example_dags/example_params_ui_tutorial.py
[2025-07-30T00:25:44.108+0000] {logging_mixin.py:188} INFO - [2025-07-30T00:25:44.108+0000] {dag.py:3036} INFO - Sync 1 DAGs
[2025-07-30T00:25:44.121+0000] {logging_mixin.py:188} INFO - [2025-07-30T00:25:44.121+0000] {dag.py:3823} INFO - Setting next_dagrun for example_params_ui_tutorial to None, run_after=None
[2025-07-30T00:25:44.159+0000] {processor.py:183} INFO - Processing /home/azureuser/.pyenv/versions/3.11.9/envs/airflow-venv/lib/python3.11/site-packages/airflow/example_dags/example_params_ui_tutorial.py took 0.126 seconds
[2025-07-30T20:45:59.594+0000] {processor.py:161} INFO - Started process (PID=1356) to work on /home/azureuser/.pyenv/versions/3.11.9/envs/airflow-venv/lib/python3.11/site-packages/airflow/example_dags/example_params_ui_tutorial.py
[2025-07-30T20:45:59.598+0000] {processor.py:830} INFO - Processing file /home/azureuser/.pyenv/versions/3.11.9/envs/airflow-venv/lib/python3.11/site-packages/airflow/example_dags/example_params_ui_tutorial.py for tasks to queue
[2025-07-30T20:45:59.599+0000] {logging_mixin.py:188} INFO - [2025-07-30T20:45:59.598+0000] {dagbag.py:538} INFO - Filling up the DagBag from /home/azureuser/.pyenv/versions/3.11.9/envs/airflow-venv/lib/python3.11/site-packages/airflow/example_dags/example_params_ui_tutorial.py
[2025-07-30T20:45:59.612+0000] {processor.py:840} INFO - DAG(s) 'example_params_ui_tutorial' retrieved from /home/azureuser/.pyenv/versions/3.11.9/envs/airflow-venv/lib/python3.11/site-packages/airflow/example_dags/example_params_ui_tutorial.py
[2025-07-30T20:45:59.740+0000] {logging_mixin.py:188} INFO - [2025-07-30T20:45:59.740+0000] {dag.py:3036} INFO - Sync 1 DAGs
[2025-07-30T20:45:59.749+0000] {logging_mixin.py:188} INFO - [2025-07-30T20:45:59.749+0000] {dag.py:3823} INFO - Setting next_dagrun for example_params_ui_tutorial to None, run_after=None
[2025-07-30T20:45:59.778+0000] {processor.py:183} INFO - Processing /home/azureuser/.pyenv/versions/3.11.9/envs/airflow-venv/lib/python3.11/site-packages/airflow/example_dags/example_params_ui_tutorial.py took 0.188 seconds
[2025-07-30T20:46:48.973+0000] {processor.py:161} INFO - Started process (PID=1411) to work on /home/azureuser/.pyenv/versions/3.11.9/envs/airflow-venv/lib/python3.11/site-packages/airflow/example_dags/example_params_ui_tutorial.py
[2025-07-30T20:46:48.974+0000] {processor.py:830} INFO - Processing file /home/azureuser/.pyenv/versions/3.11.9/envs/airflow-venv/lib/python3.11/site-packages/airflow/example_dags/example_params_ui_tutorial.py for tasks to queue
[2025-07-30T20:46:48.975+0000] {logging_mixin.py:188} INFO - [2025-07-30T20:46:48.975+0000] {dagbag.py:538} INFO - Filling up the DagBag from /home/azureuser/.pyenv/versions/3.11.9/envs/airflow-venv/lib/python3.11/site-packages/airflow/example_dags/example_params_ui_tutorial.py
[2025-07-30T20:46:48.990+0000] {processor.py:840} INFO - DAG(s) 'example_params_ui_tutorial' retrieved from /home/azureuser/.pyenv/versions/3.11.9/envs/airflow-venv/lib/python3.11/site-packages/airflow/example_dags/example_params_ui_tutorial.py
[2025-07-30T20:46:49.032+0000] {logging_mixin.py:188} INFO - [2025-07-30T20:46:49.032+0000] {dag.py:3036} INFO - Sync 1 DAGs
[2025-07-30T20:46:49.044+0000] {logging_mixin.py:188} INFO - [2025-07-30T20:46:49.043+0000] {dag.py:3823} INFO - Setting next_dagrun for example_params_ui_tutorial to None, run_after=None
[2025-07-30T20:46:49.072+0000] {processor.py:183} INFO - Processing /home/azureuser/.pyenv/versions/3.11.9/envs/airflow-venv/lib/python3.11/site-packages/airflow/example_dags/example_params_ui_tutorial.py took 0.103 seconds
[2025-07-30T21:03:06.532+0000] {processor.py:161} INFO - Started process (PID=1612) to work on /home/azureuser/.pyenv/versions/3.11.9/envs/airflow-venv/lib/python3.11/site-packages/airflow/example_dags/example_params_ui_tutorial.py
[2025-07-30T21:03:06.534+0000] {processor.py:830} INFO - Processing file /home/azureuser/.pyenv/versions/3.11.9/envs/airflow-venv/lib/python3.11/site-packages/airflow/example_dags/example_params_ui_tutorial.py for tasks to queue
[2025-07-30T21:03:06.536+0000] {logging_mixin.py:188} INFO - [2025-07-30T21:03:06.535+0000] {dagbag.py:538} INFO - Filling up the DagBag from /home/azureuser/.pyenv/versions/3.11.9/envs/airflow-venv/lib/python3.11/site-packages/airflow/example_dags/example_params_ui_tutorial.py
[2025-07-30T21:03:06.567+0000] {processor.py:840} INFO - DAG(s) 'example_params_ui_tutorial' retrieved from /home/azureuser/.pyenv/versions/3.11.9/envs/airflow-venv/lib/python3.11/site-packages/airflow/example_dags/example_params_ui_tutorial.py
[2025-07-30T21:03:06.661+0000] {logging_mixin.py:188} INFO - [2025-07-30T21:03:06.660+0000] {dag.py:3036} INFO - Sync 1 DAGs
[2025-07-30T21:03:06.687+0000] {logging_mixin.py:188} INFO - [2025-07-30T21:03:06.687+0000] {dag.py:3823} INFO - Setting next_dagrun for example_params_ui_tutorial to None, run_after=None
[2025-07-30T21:03:06.735+0000] {processor.py:183} INFO - Processing /home/azureuser/.pyenv/versions/3.11.9/envs/airflow-venv/lib/python3.11/site-packages/airflow/example_dags/example_params_ui_tutorial.py took 0.210 seconds
[2025-07-30T21:04:07.652+0000] {processor.py:161} INFO - Started process (PID=1698) to work on /home/azureuser/.pyenv/versions/3.11.9/envs/airflow-venv/lib/python3.11/site-packages/airflow/example_dags/example_params_ui_tutorial.py
[2025-07-30T21:04:07.655+0000] {processor.py:830} INFO - Processing file /home/azureuser/.pyenv/versions/3.11.9/envs/airflow-venv/lib/python3.11/site-packages/airflow/example_dags/example_params_ui_tutorial.py for tasks to queue
[2025-07-30T21:04:07.661+0000] {logging_mixin.py:188} INFO - [2025-07-30T21:04:07.656+0000] {dagbag.py:538} INFO - Filling up the DagBag from /home/azureuser/.pyenv/versions/3.11.9/envs/airflow-venv/lib/python3.11/site-packages/airflow/example_dags/example_params_ui_tutorial.py
[2025-07-30T21:04:07.687+0000] {processor.py:840} INFO - DAG(s) 'example_params_ui_tutorial' retrieved from /home/azureuser/.pyenv/versions/3.11.9/envs/airflow-venv/lib/python3.11/site-packages/airflow/example_dags/example_params_ui_tutorial.py
[2025-07-30T21:04:07.760+0000] {logging_mixin.py:188} INFO - [2025-07-30T21:04:07.760+0000] {dag.py:3036} INFO - Sync 1 DAGs
[2025-07-30T21:04:07.940+0000] {logging_mixin.py:188} INFO - [2025-07-30T21:04:07.937+0000] {dag.py:3823} INFO - Setting next_dagrun for example_params_ui_tutorial to None, run_after=None
[2025-07-30T21:04:07.977+0000] {processor.py:183} INFO - Processing /home/azureuser/.pyenv/versions/3.11.9/envs/airflow-venv/lib/python3.11/site-packages/airflow/example_dags/example_params_ui_tutorial.py took 0.333 seconds
[2025-07-30T21:05:00.116+0000] {processor.py:161} INFO - Started process (PID=1743) to work on /home/azureuser/.pyenv/versions/3.11.9/envs/airflow-venv/lib/python3.11/site-packages/airflow/example_dags/example_params_ui_tutorial.py
[2025-07-30T21:05:00.117+0000] {processor.py:830} INFO - Processing file /home/azureuser/.pyenv/versions/3.11.9/envs/airflow-venv/lib/python3.11/site-packages/airflow/example_dags/example_params_ui_tutorial.py for tasks to queue
[2025-07-30T21:05:00.118+0000] {logging_mixin.py:188} INFO - [2025-07-30T21:05:00.118+0000] {dagbag.py:538} INFO - Filling up the DagBag from /home/azureuser/.pyenv/versions/3.11.9/envs/airflow-venv/lib/python3.11/site-packages/airflow/example_dags/example_params_ui_tutorial.py
[2025-07-30T21:05:00.134+0000] {processor.py:840} INFO - DAG(s) 'example_params_ui_tutorial' retrieved from /home/azureuser/.pyenv/versions/3.11.9/envs/airflow-venv/lib/python3.11/site-packages/airflow/example_dags/example_params_ui_tutorial.py
[2025-07-30T21:05:00.185+0000] {logging_mixin.py:188} INFO - [2025-07-30T21:05:00.185+0000] {dag.py:3036} INFO - Sync 1 DAGs
[2025-07-30T21:05:00.197+0000] {logging_mixin.py:188} INFO - [2025-07-30T21:05:00.197+0000] {dag.py:3823} INFO - Setting next_dagrun for example_params_ui_tutorial to None, run_after=None
[2025-07-30T21:05:00.227+0000] {processor.py:183} INFO - Processing /home/azureuser/.pyenv/versions/3.11.9/envs/airflow-venv/lib/python3.11/site-packages/airflow/example_dags/example_params_ui_tutorial.py took 0.115 seconds
[2025-07-30T21:05:55.734+0000] {processor.py:161} INFO - Started process (PID=1802) to work on /home/azureuser/.pyenv/versions/3.11.9/envs/airflow-venv/lib/python3.11/site-packages/airflow/example_dags/example_params_ui_tutorial.py
[2025-07-30T21:05:55.735+0000] {processor.py:830} INFO - Processing file /home/azureuser/.pyenv/versions/3.11.9/envs/airflow-venv/lib/python3.11/site-packages/airflow/example_dags/example_params_ui_tutorial.py for tasks to queue
[2025-07-30T21:05:55.736+0000] {logging_mixin.py:188} INFO - [2025-07-30T21:05:55.736+0000] {dagbag.py:538} INFO - Filling up the DagBag from /home/azureuser/.pyenv/versions/3.11.9/envs/airflow-venv/lib/python3.11/site-packages/airflow/example_dags/example_params_ui_tutorial.py
[2025-07-30T21:05:55.752+0000] {processor.py:840} INFO - DAG(s) 'example_params_ui_tutorial' retrieved from /home/azureuser/.pyenv/versions/3.11.9/envs/airflow-venv/lib/python3.11/site-packages/airflow/example_dags/example_params_ui_tutorial.py
[2025-07-30T21:05:55.802+0000] {logging_mixin.py:188} INFO - [2025-07-30T21:05:55.802+0000] {dag.py:3036} INFO - Sync 1 DAGs
[2025-07-30T21:05:55.815+0000] {logging_mixin.py:188} INFO - [2025-07-30T21:05:55.814+0000] {dag.py:3823} INFO - Setting next_dagrun for example_params_ui_tutorial to None, run_after=None
[2025-07-30T21:05:55.843+0000] {processor.py:183} INFO - Processing /home/azureuser/.pyenv/versions/3.11.9/envs/airflow-venv/lib/python3.11/site-packages/airflow/example_dags/example_params_ui_tutorial.py took 0.113 seconds
[2025-07-30T21:06:49.123+0000] {processor.py:161} INFO - Started process (PID=1856) to work on /home/azureuser/.pyenv/versions/3.11.9/envs/airflow-venv/lib/python3.11/site-packages/airflow/example_dags/example_params_ui_tutorial.py
[2025-07-30T21:06:49.125+0000] {processor.py:830} INFO - Processing file /home/azureuser/.pyenv/versions/3.11.9/envs/airflow-venv/lib/python3.11/site-packages/airflow/example_dags/example_params_ui_tutorial.py for tasks to queue
[2025-07-30T21:06:49.126+0000] {logging_mixin.py:188} INFO - [2025-07-30T21:06:49.126+0000] {dagbag.py:538} INFO - Filling up the DagBag from /home/azureuser/.pyenv/versions/3.11.9/envs/airflow-venv/lib/python3.11/site-packages/airflow/example_dags/example_params_ui_tutorial.py
[2025-07-30T21:06:49.142+0000] {processor.py:840} INFO - DAG(s) 'example_params_ui_tutorial' retrieved from /home/azureuser/.pyenv/versions/3.11.9/envs/airflow-venv/lib/python3.11/site-packages/airflow/example_dags/example_params_ui_tutorial.py
[2025-07-30T21:06:49.191+0000] {logging_mixin.py:188} INFO - [2025-07-30T21:06:49.190+0000] {dag.py:3036} INFO - Sync 1 DAGs
[2025-07-30T21:06:49.203+0000] {logging_mixin.py:188} INFO - [2025-07-30T21:06:49.203+0000] {dag.py:3823} INFO - Setting next_dagrun for example_params_ui_tutorial to None, run_after=None
[2025-07-30T21:06:49.231+0000] {processor.py:183} INFO - Processing /home/azureuser/.pyenv/versions/3.11.9/envs/airflow-venv/lib/python3.11/site-packages/airflow/example_dags/example_params_ui_tutorial.py took 0.112 seconds
