[2025-07-30T00:21:43.750+0000] {processor.py:161} INFO - Started process (PID=34271) to work on /home/azureuser/.pyenv/versions/3.11.9/envs/airflow-venv/lib/python3.11/site-packages/airflow/example_dags/example_bash_operator.py
[2025-07-30T00:21:43.752+0000] {processor.py:830} INFO - Processing file /home/azureuser/.pyenv/versions/3.11.9/envs/airflow-venv/lib/python3.11/site-packages/airflow/example_dags/example_bash_operator.py for tasks to queue
[2025-07-30T00:21:43.753+0000] {logging_mixin.py:188} INFO - [2025-07-30T00:21:43.752+0000] {dagbag.py:538} INFO - Filling up the DagBag from /home/azureuser/.pyenv/versions/3.11.9/envs/airflow-venv/lib/python3.11/site-packages/airflow/example_dags/example_bash_operator.py
[2025-07-30T00:21:43.769+0000] {processor.py:840} INFO - DAG(s) 'example_bash_operator' retrieved from /home/azureuser/.pyenv/versions/3.11.9/envs/airflow-venv/lib/python3.11/site-packages/airflow/example_dags/example_bash_operator.py
[2025-07-30T00:21:43.935+0000] {logging_mixin.py:188} INFO - [2025-07-30T00:21:43.934+0000] {override.py:1769} INFO - Created Permission View: can delete on DAG:example_bash_operator
[2025-07-30T00:21:43.962+0000] {logging_mixin.py:188} INFO - [2025-07-30T00:21:43.961+0000] {override.py:1769} INFO - Created Permission View: can read on DAG:example_bash_operator
[2025-07-30T00:21:43.985+0000] {logging_mixin.py:188} INFO - [2025-07-30T00:21:43.984+0000] {override.py:1769} INFO - Created Permission View: can edit on DAG:example_bash_operator
[2025-07-30T00:21:43.985+0000] {logging_mixin.py:188} INFO - [2025-07-30T00:21:43.985+0000] {dag.py:3036} INFO - Sync 1 DAGs
[2025-07-30T00:21:43.997+0000] {logging_mixin.py:188} INFO - [2025-07-30T00:21:43.996+0000] {dag.py:3058} INFO - Creating ORM DAG for example_bash_operator
[2025-07-30T00:21:44.008+0000] {logging_mixin.py:188} INFO - [2025-07-30T00:21:44.008+0000] {dag.py:3823} INFO - Setting next_dagrun for example_bash_operator to 2025-07-29 00:00:00+00:00, run_after=2025-07-30 00:00:00+00:00
[2025-07-30T00:21:44.052+0000] {processor.py:183} INFO - Processing /home/azureuser/.pyenv/versions/3.11.9/envs/airflow-venv/lib/python3.11/site-packages/airflow/example_dags/example_bash_operator.py took 0.305 seconds
[2025-07-30T00:22:52.273+0000] {processor.py:161} INFO - Started process (PID=34371) to work on /home/azureuser/.pyenv/versions/3.11.9/envs/airflow-venv/lib/python3.11/site-packages/airflow/example_dags/example_bash_operator.py
[2025-07-30T00:22:52.274+0000] {processor.py:830} INFO - Processing file /home/azureuser/.pyenv/versions/3.11.9/envs/airflow-venv/lib/python3.11/site-packages/airflow/example_dags/example_bash_operator.py for tasks to queue
[2025-07-30T00:22:52.275+0000] {logging_mixin.py:188} INFO - [2025-07-30T00:22:52.275+0000] {dagbag.py:538} INFO - Filling up the DagBag from /home/azureuser/.pyenv/versions/3.11.9/envs/airflow-venv/lib/python3.11/site-packages/airflow/example_dags/example_bash_operator.py
[2025-07-30T00:22:52.291+0000] {processor.py:840} INFO - DAG(s) 'example_bash_operator' retrieved from /home/azureuser/.pyenv/versions/3.11.9/envs/airflow-venv/lib/python3.11/site-packages/airflow/example_dags/example_bash_operator.py
[2025-07-30T00:22:52.319+0000] {logging_mixin.py:188} INFO - [2025-07-30T00:22:52.318+0000] {dag.py:3036} INFO - Sync 1 DAGs
[2025-07-30T00:22:52.343+0000] {logging_mixin.py:188} INFO - [2025-07-30T00:22:52.342+0000] {dag.py:3823} INFO - Setting next_dagrun for example_bash_operator to 2025-07-29 00:00:00+00:00, run_after=2025-07-30 00:00:00+00:00
[2025-07-30T00:22:52.385+0000] {processor.py:183} INFO - Processing /home/azureuser/.pyenv/versions/3.11.9/envs/airflow-venv/lib/python3.11/site-packages/airflow/example_dags/example_bash_operator.py took 0.116 seconds
[2025-07-30T00:23:51.613+0000] {processor.py:161} INFO - Started process (PID=34461) to work on /home/azureuser/.pyenv/versions/3.11.9/envs/airflow-venv/lib/python3.11/site-packages/airflow/example_dags/example_bash_operator.py
[2025-07-30T00:23:51.614+0000] {processor.py:830} INFO - Processing file /home/azureuser/.pyenv/versions/3.11.9/envs/airflow-venv/lib/python3.11/site-packages/airflow/example_dags/example_bash_operator.py for tasks to queue
[2025-07-30T00:23:51.615+0000] {logging_mixin.py:188} INFO - [2025-07-30T00:23:51.615+0000] {dagbag.py:538} INFO - Filling up the DagBag from /home/azureuser/.pyenv/versions/3.11.9/envs/airflow-venv/lib/python3.11/site-packages/airflow/example_dags/example_bash_operator.py
[2025-07-30T00:23:51.631+0000] {processor.py:840} INFO - DAG(s) 'example_bash_operator' retrieved from /home/azureuser/.pyenv/versions/3.11.9/envs/airflow-venv/lib/python3.11/site-packages/airflow/example_dags/example_bash_operator.py
[2025-07-30T00:23:51.658+0000] {logging_mixin.py:188} INFO - [2025-07-30T00:23:51.658+0000] {dag.py:3036} INFO - Sync 1 DAGs
[2025-07-30T00:23:51.682+0000] {logging_mixin.py:188} INFO - [2025-07-30T00:23:51.682+0000] {dag.py:3823} INFO - Setting next_dagrun for example_bash_operator to 2025-07-29 00:00:00+00:00, run_after=2025-07-30 00:00:00+00:00
[2025-07-30T00:23:51.720+0000] {processor.py:183} INFO - Processing /home/azureuser/.pyenv/versions/3.11.9/envs/airflow-venv/lib/python3.11/site-packages/airflow/example_dags/example_bash_operator.py took 0.112 seconds
[2025-07-30T00:25:06.466+0000] {processor.py:161} INFO - Started process (PID=34569) to work on /home/azureuser/.pyenv/versions/3.11.9/envs/airflow-venv/lib/python3.11/site-packages/airflow/example_dags/example_bash_operator.py
[2025-07-30T00:25:06.467+0000] {processor.py:830} INFO - Processing file /home/azureuser/.pyenv/versions/3.11.9/envs/airflow-venv/lib/python3.11/site-packages/airflow/example_dags/example_bash_operator.py for tasks to queue
[2025-07-30T00:25:06.468+0000] {logging_mixin.py:188} INFO - [2025-07-30T00:25:06.468+0000] {dagbag.py:538} INFO - Filling up the DagBag from /home/azureuser/.pyenv/versions/3.11.9/envs/airflow-venv/lib/python3.11/site-packages/airflow/example_dags/example_bash_operator.py
[2025-07-30T00:25:06.484+0000] {processor.py:840} INFO - DAG(s) 'example_bash_operator' retrieved from /home/azureuser/.pyenv/versions/3.11.9/envs/airflow-venv/lib/python3.11/site-packages/airflow/example_dags/example_bash_operator.py
[2025-07-30T00:25:06.512+0000] {logging_mixin.py:188} INFO - [2025-07-30T00:25:06.512+0000] {dag.py:3036} INFO - Sync 1 DAGs
[2025-07-30T00:25:06.537+0000] {logging_mixin.py:188} INFO - [2025-07-30T00:25:06.537+0000] {dag.py:3823} INFO - Setting next_dagrun for example_bash_operator to 2025-07-29 00:00:00+00:00, run_after=2025-07-30 00:00:00+00:00
[2025-07-30T00:25:06.575+0000] {processor.py:183} INFO - Processing /home/azureuser/.pyenv/versions/3.11.9/envs/airflow-venv/lib/python3.11/site-packages/airflow/example_dags/example_bash_operator.py took 0.114 seconds
[2025-07-30T00:26:07.745+0000] {processor.py:161} INFO - Started process (PID=34659) to work on /home/azureuser/.pyenv/versions/3.11.9/envs/airflow-venv/lib/python3.11/site-packages/airflow/example_dags/example_bash_operator.py
[2025-07-30T00:26:07.749+0000] {processor.py:830} INFO - Processing file /home/azureuser/.pyenv/versions/3.11.9/envs/airflow-venv/lib/python3.11/site-packages/airflow/example_dags/example_bash_operator.py for tasks to queue
[2025-07-30T00:26:07.750+0000] {logging_mixin.py:188} INFO - [2025-07-30T00:26:07.750+0000] {dagbag.py:538} INFO - Filling up the DagBag from /home/azureuser/.pyenv/versions/3.11.9/envs/airflow-venv/lib/python3.11/site-packages/airflow/example_dags/example_bash_operator.py
[2025-07-30T00:26:07.787+0000] {processor.py:840} INFO - DAG(s) 'example_bash_operator' retrieved from /home/azureuser/.pyenv/versions/3.11.9/envs/airflow-venv/lib/python3.11/site-packages/airflow/example_dags/example_bash_operator.py
[2025-07-30T00:26:07.811+0000] {logging_mixin.py:188} INFO - [2025-07-30T00:26:07.811+0000] {dag.py:3036} INFO - Sync 1 DAGs
[2025-07-30T00:26:07.956+0000] {logging_mixin.py:188} INFO - [2025-07-30T00:26:07.953+0000] {dag.py:3823} INFO - Setting next_dagrun for example_bash_operator to 2025-07-29 00:00:00+00:00, run_after=2025-07-30 00:00:00+00:00
[2025-07-30T00:26:08.129+0000] {processor.py:183} INFO - Processing /home/azureuser/.pyenv/versions/3.11.9/envs/airflow-venv/lib/python3.11/site-packages/airflow/example_dags/example_bash_operator.py took 0.389 seconds
[2025-07-30T20:46:18.066+0000] {processor.py:161} INFO - Started process (PID=1379) to work on /home/azureuser/.pyenv/versions/3.11.9/envs/airflow-venv/lib/python3.11/site-packages/airflow/example_dags/example_bash_operator.py
[2025-07-30T20:46:18.070+0000] {processor.py:830} INFO - Processing file /home/azureuser/.pyenv/versions/3.11.9/envs/airflow-venv/lib/python3.11/site-packages/airflow/example_dags/example_bash_operator.py for tasks to queue
[2025-07-30T20:46:18.071+0000] {logging_mixin.py:188} INFO - [2025-07-30T20:46:18.071+0000] {dagbag.py:538} INFO - Filling up the DagBag from /home/azureuser/.pyenv/versions/3.11.9/envs/airflow-venv/lib/python3.11/site-packages/airflow/example_dags/example_bash_operator.py
[2025-07-30T20:46:18.085+0000] {processor.py:840} INFO - DAG(s) 'example_bash_operator' retrieved from /home/azureuser/.pyenv/versions/3.11.9/envs/airflow-venv/lib/python3.11/site-packages/airflow/example_dags/example_bash_operator.py
[2025-07-30T20:46:18.198+0000] {logging_mixin.py:188} INFO - [2025-07-30T20:46:18.198+0000] {dag.py:3036} INFO - Sync 1 DAGs
[2025-07-30T20:46:18.216+0000] {logging_mixin.py:188} INFO - [2025-07-30T20:46:18.216+0000] {dag.py:3823} INFO - Setting next_dagrun for example_bash_operator to 2025-07-29 00:00:00+00:00, run_after=2025-07-30 00:00:00+00:00
[2025-07-30T20:46:18.244+0000] {processor.py:183} INFO - Processing /home/azureuser/.pyenv/versions/3.11.9/envs/airflow-venv/lib/python3.11/site-packages/airflow/example_dags/example_bash_operator.py took 0.182 seconds
[2025-07-30T20:47:14.297+0000] {processor.py:161} INFO - Started process (PID=1437) to work on /home/azureuser/.pyenv/versions/3.11.9/envs/airflow-venv/lib/python3.11/site-packages/airflow/example_dags/example_bash_operator.py
[2025-07-30T20:47:14.299+0000] {processor.py:830} INFO - Processing file /home/azureuser/.pyenv/versions/3.11.9/envs/airflow-venv/lib/python3.11/site-packages/airflow/example_dags/example_bash_operator.py for tasks to queue
[2025-07-30T20:47:14.300+0000] {logging_mixin.py:188} INFO - [2025-07-30T20:47:14.300+0000] {dagbag.py:538} INFO - Filling up the DagBag from /home/azureuser/.pyenv/versions/3.11.9/envs/airflow-venv/lib/python3.11/site-packages/airflow/example_dags/example_bash_operator.py
[2025-07-30T20:47:14.314+0000] {processor.py:840} INFO - DAG(s) 'example_bash_operator' retrieved from /home/azureuser/.pyenv/versions/3.11.9/envs/airflow-venv/lib/python3.11/site-packages/airflow/example_dags/example_bash_operator.py
[2025-07-30T20:47:14.338+0000] {logging_mixin.py:188} INFO - [2025-07-30T20:47:14.338+0000] {dag.py:3036} INFO - Sync 1 DAGs
[2025-07-30T20:47:14.360+0000] {logging_mixin.py:188} INFO - [2025-07-30T20:47:14.360+0000] {dag.py:3823} INFO - Setting next_dagrun for example_bash_operator to 2025-07-29 00:00:00+00:00, run_after=2025-07-30 00:00:00+00:00
[2025-07-30T20:47:14.385+0000] {processor.py:183} INFO - Processing /home/azureuser/.pyenv/versions/3.11.9/envs/airflow-venv/lib/python3.11/site-packages/airflow/example_dags/example_bash_operator.py took 0.091 seconds
[2025-07-30T21:03:53.232+0000] {processor.py:161} INFO - Started process (PID=1682) to work on /home/azureuser/.pyenv/versions/3.11.9/envs/airflow-venv/lib/python3.11/site-packages/airflow/example_dags/example_bash_operator.py
[2025-07-30T21:03:53.233+0000] {processor.py:830} INFO - Processing file /home/azureuser/.pyenv/versions/3.11.9/envs/airflow-venv/lib/python3.11/site-packages/airflow/example_dags/example_bash_operator.py for tasks to queue
[2025-07-30T21:03:53.234+0000] {logging_mixin.py:188} INFO - [2025-07-30T21:03:53.234+0000] {dagbag.py:538} INFO - Filling up the DagBag from /home/azureuser/.pyenv/versions/3.11.9/envs/airflow-venv/lib/python3.11/site-packages/airflow/example_dags/example_bash_operator.py
[2025-07-30T21:03:53.250+0000] {processor.py:840} INFO - DAG(s) 'example_bash_operator' retrieved from /home/azureuser/.pyenv/versions/3.11.9/envs/airflow-venv/lib/python3.11/site-packages/airflow/example_dags/example_bash_operator.py
[2025-07-30T21:03:53.278+0000] {logging_mixin.py:188} INFO - [2025-07-30T21:03:53.278+0000] {dag.py:3036} INFO - Sync 1 DAGs
[2025-07-30T21:03:53.305+0000] {logging_mixin.py:188} INFO - [2025-07-30T21:03:53.304+0000] {dag.py:3823} INFO - Setting next_dagrun for example_bash_operator to 2025-07-29 00:00:00+00:00, run_after=2025-07-30 00:00:00+00:00
[2025-07-30T21:03:53.478+0000] {processor.py:183} INFO - Processing /home/azureuser/.pyenv/versions/3.11.9/envs/airflow-venv/lib/python3.11/site-packages/airflow/example_dags/example_bash_operator.py took 0.250 seconds
[2025-07-30T21:05:08.989+0000] {processor.py:161} INFO - Started process (PID=1755) to work on /home/azureuser/.pyenv/versions/3.11.9/envs/airflow-venv/lib/python3.11/site-packages/airflow/example_dags/example_bash_operator.py
[2025-07-30T21:05:08.991+0000] {processor.py:830} INFO - Processing file /home/azureuser/.pyenv/versions/3.11.9/envs/airflow-venv/lib/python3.11/site-packages/airflow/example_dags/example_bash_operator.py for tasks to queue
[2025-07-30T21:05:08.992+0000] {logging_mixin.py:188} INFO - [2025-07-30T21:05:08.991+0000] {dagbag.py:538} INFO - Filling up the DagBag from /home/azureuser/.pyenv/versions/3.11.9/envs/airflow-venv/lib/python3.11/site-packages/airflow/example_dags/example_bash_operator.py
[2025-07-30T21:05:09.007+0000] {processor.py:840} INFO - DAG(s) 'example_bash_operator' retrieved from /home/azureuser/.pyenv/versions/3.11.9/envs/airflow-venv/lib/python3.11/site-packages/airflow/example_dags/example_bash_operator.py
[2025-07-30T21:05:09.038+0000] {logging_mixin.py:188} INFO - [2025-07-30T21:05:09.038+0000] {dag.py:3036} INFO - Sync 1 DAGs
[2025-07-30T21:05:09.065+0000] {logging_mixin.py:188} INFO - [2025-07-30T21:05:09.064+0000] {dag.py:3823} INFO - Setting next_dagrun for example_bash_operator to 2025-07-29 00:00:00+00:00, run_after=2025-07-30 00:00:00+00:00
[2025-07-30T21:05:09.099+0000] {processor.py:183} INFO - Processing /home/azureuser/.pyenv/versions/3.11.9/envs/airflow-venv/lib/python3.11/site-packages/airflow/example_dags/example_bash_operator.py took 0.114 seconds
[2025-07-30T21:06:04.716+0000] {processor.py:161} INFO - Started process (PID=1811) to work on /home/azureuser/.pyenv/versions/3.11.9/envs/airflow-venv/lib/python3.11/site-packages/airflow/example_dags/example_bash_operator.py
[2025-07-30T21:06:04.717+0000] {processor.py:830} INFO - Processing file /home/azureuser/.pyenv/versions/3.11.9/envs/airflow-venv/lib/python3.11/site-packages/airflow/example_dags/example_bash_operator.py for tasks to queue
[2025-07-30T21:06:04.718+0000] {logging_mixin.py:188} INFO - [2025-07-30T21:06:04.717+0000] {dagbag.py:538} INFO - Filling up the DagBag from /home/azureuser/.pyenv/versions/3.11.9/envs/airflow-venv/lib/python3.11/site-packages/airflow/example_dags/example_bash_operator.py
[2025-07-30T21:06:04.733+0000] {processor.py:840} INFO - DAG(s) 'example_bash_operator' retrieved from /home/azureuser/.pyenv/versions/3.11.9/envs/airflow-venv/lib/python3.11/site-packages/airflow/example_dags/example_bash_operator.py
[2025-07-30T21:06:04.758+0000] {logging_mixin.py:188} INFO - [2025-07-30T21:06:04.758+0000] {dag.py:3036} INFO - Sync 1 DAGs
[2025-07-30T21:06:04.781+0000] {logging_mixin.py:188} INFO - [2025-07-30T21:06:04.781+0000] {dag.py:3823} INFO - Setting next_dagrun for example_bash_operator to 2025-07-29 00:00:00+00:00, run_after=2025-07-30 00:00:00+00:00
[2025-07-30T21:06:04.808+0000] {processor.py:183} INFO - Processing /home/azureuser/.pyenv/versions/3.11.9/envs/airflow-venv/lib/python3.11/site-packages/airflow/example_dags/example_bash_operator.py took 0.096 seconds
[2025-07-30T21:06:58.123+0000] {processor.py:161} INFO - Started process (PID=1865) to work on /home/azureuser/.pyenv/versions/3.11.9/envs/airflow-venv/lib/python3.11/site-packages/airflow/example_dags/example_bash_operator.py
[2025-07-30T21:06:58.124+0000] {processor.py:830} INFO - Processing file /home/azureuser/.pyenv/versions/3.11.9/envs/airflow-venv/lib/python3.11/site-packages/airflow/example_dags/example_bash_operator.py for tasks to queue
[2025-07-30T21:06:58.125+0000] {logging_mixin.py:188} INFO - [2025-07-30T21:06:58.125+0000] {dagbag.py:538} INFO - Filling up the DagBag from /home/azureuser/.pyenv/versions/3.11.9/envs/airflow-venv/lib/python3.11/site-packages/airflow/example_dags/example_bash_operator.py
[2025-07-30T21:06:58.141+0000] {processor.py:840} INFO - DAG(s) 'example_bash_operator' retrieved from /home/azureuser/.pyenv/versions/3.11.9/envs/airflow-venv/lib/python3.11/site-packages/airflow/example_dags/example_bash_operator.py
[2025-07-30T21:06:58.165+0000] {logging_mixin.py:188} INFO - [2025-07-30T21:06:58.165+0000] {dag.py:3036} INFO - Sync 1 DAGs
[2025-07-30T21:06:58.188+0000] {logging_mixin.py:188} INFO - [2025-07-30T21:06:58.188+0000] {dag.py:3823} INFO - Setting next_dagrun for example_bash_operator to 2025-07-29 00:00:00+00:00, run_after=2025-07-30 00:00:00+00:00
[2025-07-30T21:06:58.217+0000] {processor.py:183} INFO - Processing /home/azureuser/.pyenv/versions/3.11.9/envs/airflow-venv/lib/python3.11/site-packages/airflow/example_dags/example_bash_operator.py took 0.098 seconds
