[2025-07-30T00:21:22.082+0000] {processor.py:161} INFO - Started process (PID=34236) to work on /home/azureuser/.pyenv/versions/3.11.9/envs/airflow-venv/lib/python3.11/site-packages/airflow/example_dags/example_latest_only.py
[2025-07-30T00:21:22.083+0000] {processor.py:830} INFO - Processing file /home/azureuser/.pyenv/versions/3.11.9/envs/airflow-venv/lib/python3.11/site-packages/airflow/example_dags/example_latest_only.py for tasks to queue
[2025-07-30T00:21:22.084+0000] {logging_mixin.py:188} INFO - [2025-07-30T00:21:22.084+0000] {dagbag.py:538} INFO - Filling up the DagBag from /home/azureuser/.pyenv/versions/3.11.9/envs/airflow-venv/lib/python3.11/site-packages/airflow/example_dags/example_latest_only.py
[2025-07-30T00:21:22.093+0000] {processor.py:840} INFO - DAG(s) 'latest_only' retrieved from /home/azureuser/.pyenv/versions/3.11.9/envs/airflow-venv/lib/python3.11/site-packages/airflow/example_dags/example_latest_only.py
[2025-07-30T00:21:22.251+0000] {logging_mixin.py:188} INFO - [2025-07-30T00:21:22.250+0000] {override.py:1769} INFO - Created Permission View: can delete on DAG:latest_only
[2025-07-30T00:21:22.282+0000] {logging_mixin.py:188} INFO - [2025-07-30T00:21:22.281+0000] {override.py:1769} INFO - Created Permission View: can read on DAG:latest_only
[2025-07-30T00:21:22.306+0000] {logging_mixin.py:188} INFO - [2025-07-30T00:21:22.305+0000] {override.py:1769} INFO - Created Permission View: can edit on DAG:latest_only
[2025-07-30T00:21:22.306+0000] {logging_mixin.py:188} INFO - [2025-07-30T00:21:22.306+0000] {dag.py:3036} INFO - Sync 1 DAGs
[2025-07-30T00:21:22.318+0000] {logging_mixin.py:188} INFO - [2025-07-30T00:21:22.318+0000] {dag.py:3058} INFO - Creating ORM DAG for latest_only
[2025-07-30T00:21:22.328+0000] {logging_mixin.py:188} INFO - [2025-07-30T00:21:22.328+0000] {dag.py:3823} INFO - Setting next_dagrun for latest_only to 2025-07-29 20:00:00+00:00, run_after=2025-07-30 00:00:00+00:00
[2025-07-30T00:21:22.372+0000] {processor.py:183} INFO - Processing /home/azureuser/.pyenv/versions/3.11.9/envs/airflow-venv/lib/python3.11/site-packages/airflow/example_dags/example_latest_only.py took 0.294 seconds
[2025-07-30T00:22:16.132+0000] {processor.py:161} INFO - Started process (PID=34321) to work on /home/azureuser/.pyenv/versions/3.11.9/envs/airflow-venv/lib/python3.11/site-packages/airflow/example_dags/example_latest_only.py
[2025-07-30T00:22:16.134+0000] {processor.py:830} INFO - Processing file /home/azureuser/.pyenv/versions/3.11.9/envs/airflow-venv/lib/python3.11/site-packages/airflow/example_dags/example_latest_only.py for tasks to queue
[2025-07-30T00:22:16.135+0000] {logging_mixin.py:188} INFO - [2025-07-30T00:22:16.134+0000] {dagbag.py:538} INFO - Filling up the DagBag from /home/azureuser/.pyenv/versions/3.11.9/envs/airflow-venv/lib/python3.11/site-packages/airflow/example_dags/example_latest_only.py
[2025-07-30T00:22:16.145+0000] {processor.py:840} INFO - DAG(s) 'latest_only' retrieved from /home/azureuser/.pyenv/versions/3.11.9/envs/airflow-venv/lib/python3.11/site-packages/airflow/example_dags/example_latest_only.py
[2025-07-30T00:22:16.169+0000] {logging_mixin.py:188} INFO - [2025-07-30T00:22:16.168+0000] {dag.py:3036} INFO - Sync 1 DAGs
[2025-07-30T00:22:16.198+0000] {logging_mixin.py:188} INFO - [2025-07-30T00:22:16.198+0000] {dag.py:3823} INFO - Setting next_dagrun for latest_only to 2025-07-29 20:00:00+00:00, run_after=2025-07-30 00:00:00+00:00
[2025-07-30T00:22:16.237+0000] {processor.py:183} INFO - Processing /home/azureuser/.pyenv/versions/3.11.9/envs/airflow-venv/lib/python3.11/site-packages/airflow/example_dags/example_latest_only.py took 0.109 seconds
[2025-07-30T00:23:06.017+0000] {processor.py:161} INFO - Started process (PID=34391) to work on /home/azureuser/.pyenv/versions/3.11.9/envs/airflow-venv/lib/python3.11/site-packages/airflow/example_dags/example_latest_only.py
[2025-07-30T00:23:06.018+0000] {processor.py:830} INFO - Processing file /home/azureuser/.pyenv/versions/3.11.9/envs/airflow-venv/lib/python3.11/site-packages/airflow/example_dags/example_latest_only.py for tasks to queue
[2025-07-30T00:23:06.019+0000] {logging_mixin.py:188} INFO - [2025-07-30T00:23:06.019+0000] {dagbag.py:538} INFO - Filling up the DagBag from /home/azureuser/.pyenv/versions/3.11.9/envs/airflow-venv/lib/python3.11/site-packages/airflow/example_dags/example_latest_only.py
[2025-07-30T00:23:06.027+0000] {processor.py:840} INFO - DAG(s) 'latest_only' retrieved from /home/azureuser/.pyenv/versions/3.11.9/envs/airflow-venv/lib/python3.11/site-packages/airflow/example_dags/example_latest_only.py
[2025-07-30T00:23:06.047+0000] {logging_mixin.py:188} INFO - [2025-07-30T00:23:06.047+0000] {dag.py:3036} INFO - Sync 1 DAGs
[2025-07-30T00:23:06.071+0000] {logging_mixin.py:188} INFO - [2025-07-30T00:23:06.070+0000] {dag.py:3823} INFO - Setting next_dagrun for latest_only to 2025-07-29 20:00:00+00:00, run_after=2025-07-30 00:00:00+00:00
[2025-07-30T00:23:06.107+0000] {processor.py:183} INFO - Processing /home/azureuser/.pyenv/versions/3.11.9/envs/airflow-venv/lib/python3.11/site-packages/airflow/example_dags/example_latest_only.py took 0.094 seconds
[2025-07-30T00:24:06.646+0000] {processor.py:161} INFO - Started process (PID=34484) to work on /home/azureuser/.pyenv/versions/3.11.9/envs/airflow-venv/lib/python3.11/site-packages/airflow/example_dags/example_latest_only.py
[2025-07-30T00:24:06.647+0000] {processor.py:830} INFO - Processing file /home/azureuser/.pyenv/versions/3.11.9/envs/airflow-venv/lib/python3.11/site-packages/airflow/example_dags/example_latest_only.py for tasks to queue
[2025-07-30T00:24:06.648+0000] {logging_mixin.py:188} INFO - [2025-07-30T00:24:06.648+0000] {dagbag.py:538} INFO - Filling up the DagBag from /home/azureuser/.pyenv/versions/3.11.9/envs/airflow-venv/lib/python3.11/site-packages/airflow/example_dags/example_latest_only.py
[2025-07-30T00:24:06.657+0000] {processor.py:840} INFO - DAG(s) 'latest_only' retrieved from /home/azureuser/.pyenv/versions/3.11.9/envs/airflow-venv/lib/python3.11/site-packages/airflow/example_dags/example_latest_only.py
[2025-07-30T00:24:06.678+0000] {logging_mixin.py:188} INFO - [2025-07-30T00:24:06.678+0000] {dag.py:3036} INFO - Sync 1 DAGs
[2025-07-30T00:24:06.703+0000] {logging_mixin.py:188} INFO - [2025-07-30T00:24:06.703+0000] {dag.py:3823} INFO - Setting next_dagrun for latest_only to 2025-07-29 20:00:00+00:00, run_after=2025-07-30 00:00:00+00:00
[2025-07-30T00:24:06.927+0000] {processor.py:183} INFO - Processing /home/azureuser/.pyenv/versions/3.11.9/envs/airflow-venv/lib/python3.11/site-packages/airflow/example_dags/example_latest_only.py took 0.286 seconds
[2025-07-30T00:24:57.396+0000] {processor.py:161} INFO - Started process (PID=34554) to work on /home/azureuser/.pyenv/versions/3.11.9/envs/airflow-venv/lib/python3.11/site-packages/airflow/example_dags/example_latest_only.py
[2025-07-30T00:24:57.398+0000] {processor.py:830} INFO - Processing file /home/azureuser/.pyenv/versions/3.11.9/envs/airflow-venv/lib/python3.11/site-packages/airflow/example_dags/example_latest_only.py for tasks to queue
[2025-07-30T00:24:57.400+0000] {logging_mixin.py:188} INFO - [2025-07-30T00:24:57.399+0000] {dagbag.py:538} INFO - Filling up the DagBag from /home/azureuser/.pyenv/versions/3.11.9/envs/airflow-venv/lib/python3.11/site-packages/airflow/example_dags/example_latest_only.py
[2025-07-30T00:24:57.409+0000] {processor.py:840} INFO - DAG(s) 'latest_only' retrieved from /home/azureuser/.pyenv/versions/3.11.9/envs/airflow-venv/lib/python3.11/site-packages/airflow/example_dags/example_latest_only.py
[2025-07-30T00:24:57.429+0000] {logging_mixin.py:188} INFO - [2025-07-30T00:24:57.428+0000] {dag.py:3036} INFO - Sync 1 DAGs
[2025-07-30T00:24:57.453+0000] {logging_mixin.py:188} INFO - [2025-07-30T00:24:57.452+0000] {dag.py:3823} INFO - Setting next_dagrun for latest_only to 2025-07-29 20:00:00+00:00, run_after=2025-07-30 00:00:00+00:00
[2025-07-30T00:24:57.493+0000] {processor.py:183} INFO - Processing /home/azureuser/.pyenv/versions/3.11.9/envs/airflow-venv/lib/python3.11/site-packages/airflow/example_dags/example_latest_only.py took 0.104 seconds
[2025-07-30T00:25:43.019+0000] {processor.py:161} INFO - Started process (PID=34621) to work on /home/azureuser/.pyenv/versions/3.11.9/envs/airflow-venv/lib/python3.11/site-packages/airflow/example_dags/example_latest_only.py
[2025-07-30T00:25:43.021+0000] {processor.py:830} INFO - Processing file /home/azureuser/.pyenv/versions/3.11.9/envs/airflow-venv/lib/python3.11/site-packages/airflow/example_dags/example_latest_only.py for tasks to queue
[2025-07-30T00:25:43.022+0000] {logging_mixin.py:188} INFO - [2025-07-30T00:25:43.021+0000] {dagbag.py:538} INFO - Filling up the DagBag from /home/azureuser/.pyenv/versions/3.11.9/envs/airflow-venv/lib/python3.11/site-packages/airflow/example_dags/example_latest_only.py
[2025-07-30T00:25:43.030+0000] {processor.py:840} INFO - DAG(s) 'latest_only' retrieved from /home/azureuser/.pyenv/versions/3.11.9/envs/airflow-venv/lib/python3.11/site-packages/airflow/example_dags/example_latest_only.py
[2025-07-30T00:25:43.051+0000] {logging_mixin.py:188} INFO - [2025-07-30T00:25:43.050+0000] {dag.py:3036} INFO - Sync 1 DAGs
[2025-07-30T00:25:43.076+0000] {logging_mixin.py:188} INFO - [2025-07-30T00:25:43.076+0000] {dag.py:3823} INFO - Setting next_dagrun for latest_only to 2025-07-29 20:00:00+00:00, run_after=2025-07-30 00:00:00+00:00
[2025-07-30T00:25:43.115+0000] {processor.py:183} INFO - Processing /home/azureuser/.pyenv/versions/3.11.9/envs/airflow-venv/lib/python3.11/site-packages/airflow/example_dags/example_latest_only.py took 0.100 seconds
[2025-07-30T20:45:58.519+0000] {processor.py:161} INFO - Started process (PID=1355) to work on /home/azureuser/.pyenv/versions/3.11.9/envs/airflow-venv/lib/python3.11/site-packages/airflow/example_dags/example_latest_only.py
[2025-07-30T20:45:58.520+0000] {processor.py:830} INFO - Processing file /home/azureuser/.pyenv/versions/3.11.9/envs/airflow-venv/lib/python3.11/site-packages/airflow/example_dags/example_latest_only.py for tasks to queue
[2025-07-30T20:45:58.521+0000] {logging_mixin.py:188} INFO - [2025-07-30T20:45:58.521+0000] {dagbag.py:538} INFO - Filling up the DagBag from /home/azureuser/.pyenv/versions/3.11.9/envs/airflow-venv/lib/python3.11/site-packages/airflow/example_dags/example_latest_only.py
[2025-07-30T20:45:58.528+0000] {processor.py:840} INFO - DAG(s) 'latest_only' retrieved from /home/azureuser/.pyenv/versions/3.11.9/envs/airflow-venv/lib/python3.11/site-packages/airflow/example_dags/example_latest_only.py
[2025-07-30T20:45:58.629+0000] {logging_mixin.py:188} INFO - [2025-07-30T20:45:58.629+0000] {dag.py:3036} INFO - Sync 1 DAGs
[2025-07-30T20:45:58.646+0000] {logging_mixin.py:188} INFO - [2025-07-30T20:45:58.646+0000] {dag.py:3823} INFO - Setting next_dagrun for latest_only to 2025-07-30 16:00:00+00:00, run_after=2025-07-30 20:00:00+00:00
[2025-07-30T20:45:58.673+0000] {processor.py:183} INFO - Processing /home/azureuser/.pyenv/versions/3.11.9/envs/airflow-venv/lib/python3.11/site-packages/airflow/example_dags/example_latest_only.py took 0.157 seconds
[2025-07-30T20:46:47.736+0000] {processor.py:161} INFO - Started process (PID=1410) to work on /home/azureuser/.pyenv/versions/3.11.9/envs/airflow-venv/lib/python3.11/site-packages/airflow/example_dags/example_latest_only.py
[2025-07-30T20:46:47.737+0000] {processor.py:830} INFO - Processing file /home/azureuser/.pyenv/versions/3.11.9/envs/airflow-venv/lib/python3.11/site-packages/airflow/example_dags/example_latest_only.py for tasks to queue
[2025-07-30T20:46:47.738+0000] {logging_mixin.py:188} INFO - [2025-07-30T20:46:47.738+0000] {dagbag.py:538} INFO - Filling up the DagBag from /home/azureuser/.pyenv/versions/3.11.9/envs/airflow-venv/lib/python3.11/site-packages/airflow/example_dags/example_latest_only.py
[2025-07-30T20:46:47.745+0000] {processor.py:840} INFO - DAG(s) 'latest_only' retrieved from /home/azureuser/.pyenv/versions/3.11.9/envs/airflow-venv/lib/python3.11/site-packages/airflow/example_dags/example_latest_only.py
[2025-07-30T20:46:47.762+0000] {logging_mixin.py:188} INFO - [2025-07-30T20:46:47.762+0000] {dag.py:3036} INFO - Sync 1 DAGs
[2025-07-30T20:46:47.783+0000] {logging_mixin.py:188} INFO - [2025-07-30T20:46:47.783+0000] {dag.py:3823} INFO - Setting next_dagrun for latest_only to 2025-07-30 16:00:00+00:00, run_after=2025-07-30 20:00:00+00:00
[2025-07-30T20:46:47.829+0000] {processor.py:183} INFO - Processing /home/azureuser/.pyenv/versions/3.11.9/envs/airflow-venv/lib/python3.11/site-packages/airflow/example_dags/example_latest_only.py took 0.097 seconds
[2025-07-30T21:03:05.268+0000] {processor.py:161} INFO - Started process (PID=1609) to work on /home/azureuser/.pyenv/versions/3.11.9/envs/airflow-venv/lib/python3.11/site-packages/airflow/example_dags/example_latest_only.py
[2025-07-30T21:03:05.270+0000] {processor.py:830} INFO - Processing file /home/azureuser/.pyenv/versions/3.11.9/envs/airflow-venv/lib/python3.11/site-packages/airflow/example_dags/example_latest_only.py for tasks to queue
[2025-07-30T21:03:05.273+0000] {logging_mixin.py:188} INFO - [2025-07-30T21:03:05.271+0000] {dagbag.py:538} INFO - Filling up the DagBag from /home/azureuser/.pyenv/versions/3.11.9/envs/airflow-venv/lib/python3.11/site-packages/airflow/example_dags/example_latest_only.py
[2025-07-30T21:03:05.287+0000] {processor.py:840} INFO - DAG(s) 'latest_only' retrieved from /home/azureuser/.pyenv/versions/3.11.9/envs/airflow-venv/lib/python3.11/site-packages/airflow/example_dags/example_latest_only.py
[2025-07-30T21:03:05.327+0000] {logging_mixin.py:188} INFO - [2025-07-30T21:03:05.327+0000] {dag.py:3036} INFO - Sync 1 DAGs
[2025-07-30T21:03:05.377+0000] {logging_mixin.py:188} INFO - [2025-07-30T21:03:05.377+0000] {dag.py:3823} INFO - Setting next_dagrun for latest_only to 2025-07-30 16:00:00+00:00, run_after=2025-07-30 20:00:00+00:00
[2025-07-30T21:03:05.429+0000] {processor.py:183} INFO - Processing /home/azureuser/.pyenv/versions/3.11.9/envs/airflow-venv/lib/python3.11/site-packages/airflow/example_dags/example_latest_only.py took 0.169 seconds
[2025-07-30T21:04:06.279+0000] {processor.py:161} INFO - Started process (PID=1697) to work on /home/azureuser/.pyenv/versions/3.11.9/envs/airflow-venv/lib/python3.11/site-packages/airflow/example_dags/example_latest_only.py
[2025-07-30T21:04:06.281+0000] {processor.py:830} INFO - Processing file /home/azureuser/.pyenv/versions/3.11.9/envs/airflow-venv/lib/python3.11/site-packages/airflow/example_dags/example_latest_only.py for tasks to queue
[2025-07-30T21:04:06.284+0000] {logging_mixin.py:188} INFO - [2025-07-30T21:04:06.282+0000] {dagbag.py:538} INFO - Filling up the DagBag from /home/azureuser/.pyenv/versions/3.11.9/envs/airflow-venv/lib/python3.11/site-packages/airflow/example_dags/example_latest_only.py
[2025-07-30T21:04:06.292+0000] {processor.py:840} INFO - DAG(s) 'latest_only' retrieved from /home/azureuser/.pyenv/versions/3.11.9/envs/airflow-venv/lib/python3.11/site-packages/airflow/example_dags/example_latest_only.py
[2025-07-30T21:04:06.313+0000] {logging_mixin.py:188} INFO - [2025-07-30T21:04:06.312+0000] {dag.py:3036} INFO - Sync 1 DAGs
[2025-07-30T21:04:06.336+0000] {logging_mixin.py:188} INFO - [2025-07-30T21:04:06.335+0000] {dag.py:3823} INFO - Setting next_dagrun for latest_only to 2025-07-30 16:00:00+00:00, run_after=2025-07-30 20:00:00+00:00
[2025-07-30T21:04:06.557+0000] {processor.py:183} INFO - Processing /home/azureuser/.pyenv/versions/3.11.9/envs/airflow-venv/lib/python3.11/site-packages/airflow/example_dags/example_latest_only.py took 0.282 seconds
[2025-07-30T21:04:58.962+0000] {processor.py:161} INFO - Started process (PID=1742) to work on /home/azureuser/.pyenv/versions/3.11.9/envs/airflow-venv/lib/python3.11/site-packages/airflow/example_dags/example_latest_only.py
[2025-07-30T21:04:58.963+0000] {processor.py:830} INFO - Processing file /home/azureuser/.pyenv/versions/3.11.9/envs/airflow-venv/lib/python3.11/site-packages/airflow/example_dags/example_latest_only.py for tasks to queue
[2025-07-30T21:04:58.964+0000] {logging_mixin.py:188} INFO - [2025-07-30T21:04:58.964+0000] {dagbag.py:538} INFO - Filling up the DagBag from /home/azureuser/.pyenv/versions/3.11.9/envs/airflow-venv/lib/python3.11/site-packages/airflow/example_dags/example_latest_only.py
[2025-07-30T21:04:58.972+0000] {processor.py:840} INFO - DAG(s) 'latest_only' retrieved from /home/azureuser/.pyenv/versions/3.11.9/envs/airflow-venv/lib/python3.11/site-packages/airflow/example_dags/example_latest_only.py
[2025-07-30T21:04:58.991+0000] {logging_mixin.py:188} INFO - [2025-07-30T21:04:58.991+0000] {dag.py:3036} INFO - Sync 1 DAGs
[2025-07-30T21:04:59.022+0000] {logging_mixin.py:188} INFO - [2025-07-30T21:04:59.021+0000] {dag.py:3823} INFO - Setting next_dagrun for latest_only to 2025-07-30 16:00:00+00:00, run_after=2025-07-30 20:00:00+00:00
[2025-07-30T21:04:59.052+0000] {processor.py:183} INFO - Processing /home/azureuser/.pyenv/versions/3.11.9/envs/airflow-venv/lib/python3.11/site-packages/airflow/example_dags/example_latest_only.py took 0.094 seconds
[2025-07-30T21:05:42.672+0000] {processor.py:161} INFO - Started process (PID=1788) to work on /home/azureuser/.pyenv/versions/3.11.9/envs/airflow-venv/lib/python3.11/site-packages/airflow/example_dags/example_latest_only.py
[2025-07-30T21:05:42.673+0000] {processor.py:830} INFO - Processing file /home/azureuser/.pyenv/versions/3.11.9/envs/airflow-venv/lib/python3.11/site-packages/airflow/example_dags/example_latest_only.py for tasks to queue
[2025-07-30T21:05:42.674+0000] {logging_mixin.py:188} INFO - [2025-07-30T21:05:42.674+0000] {dagbag.py:538} INFO - Filling up the DagBag from /home/azureuser/.pyenv/versions/3.11.9/envs/airflow-venv/lib/python3.11/site-packages/airflow/example_dags/example_latest_only.py
[2025-07-30T21:05:42.682+0000] {processor.py:840} INFO - DAG(s) 'latest_only' retrieved from /home/azureuser/.pyenv/versions/3.11.9/envs/airflow-venv/lib/python3.11/site-packages/airflow/example_dags/example_latest_only.py
[2025-07-30T21:05:42.699+0000] {logging_mixin.py:188} INFO - [2025-07-30T21:05:42.699+0000] {dag.py:3036} INFO - Sync 1 DAGs
[2025-07-30T21:05:42.721+0000] {logging_mixin.py:188} INFO - [2025-07-30T21:05:42.721+0000] {dag.py:3823} INFO - Setting next_dagrun for latest_only to 2025-07-30 16:00:00+00:00, run_after=2025-07-30 20:00:00+00:00
[2025-07-30T21:05:42.749+0000] {processor.py:183} INFO - Processing /home/azureuser/.pyenv/versions/3.11.9/envs/airflow-venv/lib/python3.11/site-packages/airflow/example_dags/example_latest_only.py took 0.081 seconds
[2025-07-30T21:06:36.518+0000] {processor.py:161} INFO - Started process (PID=1843) to work on /home/azureuser/.pyenv/versions/3.11.9/envs/airflow-venv/lib/python3.11/site-packages/airflow/example_dags/example_latest_only.py
[2025-07-30T21:06:36.519+0000] {processor.py:830} INFO - Processing file /home/azureuser/.pyenv/versions/3.11.9/envs/airflow-venv/lib/python3.11/site-packages/airflow/example_dags/example_latest_only.py for tasks to queue
[2025-07-30T21:06:36.520+0000] {logging_mixin.py:188} INFO - [2025-07-30T21:06:36.520+0000] {dagbag.py:538} INFO - Filling up the DagBag from /home/azureuser/.pyenv/versions/3.11.9/envs/airflow-venv/lib/python3.11/site-packages/airflow/example_dags/example_latest_only.py
[2025-07-30T21:06:36.529+0000] {processor.py:840} INFO - DAG(s) 'latest_only' retrieved from /home/azureuser/.pyenv/versions/3.11.9/envs/airflow-venv/lib/python3.11/site-packages/airflow/example_dags/example_latest_only.py
[2025-07-30T21:06:36.547+0000] {logging_mixin.py:188} INFO - [2025-07-30T21:06:36.547+0000] {dag.py:3036} INFO - Sync 1 DAGs
[2025-07-30T21:06:36.572+0000] {logging_mixin.py:188} INFO - [2025-07-30T21:06:36.571+0000] {dag.py:3823} INFO - Setting next_dagrun for latest_only to 2025-07-30 16:00:00+00:00, run_after=2025-07-30 20:00:00+00:00
[2025-07-30T21:06:36.601+0000] {processor.py:183} INFO - Processing /home/azureuser/.pyenv/versions/3.11.9/envs/airflow-venv/lib/python3.11/site-packages/airflow/example_dags/example_latest_only.py took 0.088 seconds
