[2025-07-30T00:21:09.888+0000] {processor.py:161} INFO - Started process (PID=34220) to work on /home/azureuser/.pyenv/versions/3.11.9/envs/airflow-venv/lib/python3.11/site-packages/airflow/example_dags/example_skip_dag.py
[2025-07-30T00:21:09.890+0000] {processor.py:830} INFO - Processing file /home/azureuser/.pyenv/versions/3.11.9/envs/airflow-venv/lib/python3.11/site-packages/airflow/example_dags/example_skip_dag.py for tasks to queue
[2025-07-30T00:21:09.891+0000] {logging_mixin.py:188} INFO - [2025-07-30T00:21:09.890+0000] {dagbag.py:538} INFO - Filling up the DagBag from /home/azureuser/.pyenv/versions/3.11.9/envs/airflow-venv/lib/python3.11/site-packages/airflow/example_dags/example_skip_dag.py
[2025-07-30T00:21:09.903+0000] {processor.py:840} INFO - DAG(s) 'example_skip_dag' retrieved from /home/azureuser/.pyenv/versions/3.11.9/envs/airflow-venv/lib/python3.11/site-packages/airflow/example_dags/example_skip_dag.py
[2025-07-30T00:21:10.087+0000] {logging_mixin.py:188} INFO - [2025-07-30T00:21:10.086+0000] {override.py:1769} INFO - Created Permission View: can delete on DAG:example_skip_dag
[2025-07-30T00:21:10.120+0000] {logging_mixin.py:188} INFO - [2025-07-30T00:21:10.119+0000] {override.py:1769} INFO - Created Permission View: can read on DAG:example_skip_dag
[2025-07-30T00:21:10.145+0000] {logging_mixin.py:188} INFO - [2025-07-30T00:21:10.145+0000] {override.py:1769} INFO - Created Permission View: can edit on DAG:example_skip_dag
[2025-07-30T00:21:10.146+0000] {logging_mixin.py:188} INFO - [2025-07-30T00:21:10.146+0000] {dag.py:3036} INFO - Sync 1 DAGs
[2025-07-30T00:21:10.160+0000] {logging_mixin.py:188} INFO - [2025-07-30T00:21:10.159+0000] {dag.py:3058} INFO - Creating ORM DAG for example_skip_dag
[2025-07-30T00:21:10.170+0000] {logging_mixin.py:188} INFO - [2025-07-30T00:21:10.170+0000] {dag.py:3823} INFO - Setting next_dagrun for example_skip_dag to 2025-07-29 00:00:00+00:00, run_after=2025-07-30 00:00:00+00:00
[2025-07-30T00:21:10.212+0000] {processor.py:183} INFO - Processing /home/azureuser/.pyenv/versions/3.11.9/envs/airflow-venv/lib/python3.11/site-packages/airflow/example_dags/example_skip_dag.py took 0.333 seconds
[2025-07-30T00:22:04.744+0000] {processor.py:161} INFO - Started process (PID=34304) to work on /home/azureuser/.pyenv/versions/3.11.9/envs/airflow-venv/lib/python3.11/site-packages/airflow/example_dags/example_skip_dag.py
[2025-07-30T00:22:04.746+0000] {processor.py:830} INFO - Processing file /home/azureuser/.pyenv/versions/3.11.9/envs/airflow-venv/lib/python3.11/site-packages/airflow/example_dags/example_skip_dag.py for tasks to queue
[2025-07-30T00:22:04.747+0000] {logging_mixin.py:188} INFO - [2025-07-30T00:22:04.746+0000] {dagbag.py:538} INFO - Filling up the DagBag from /home/azureuser/.pyenv/versions/3.11.9/envs/airflow-venv/lib/python3.11/site-packages/airflow/example_dags/example_skip_dag.py
[2025-07-30T00:22:04.757+0000] {processor.py:840} INFO - DAG(s) 'example_skip_dag' retrieved from /home/azureuser/.pyenv/versions/3.11.9/envs/airflow-venv/lib/python3.11/site-packages/airflow/example_dags/example_skip_dag.py
[2025-07-30T00:22:04.778+0000] {logging_mixin.py:188} INFO - [2025-07-30T00:22:04.777+0000] {dag.py:3036} INFO - Sync 1 DAGs
[2025-07-30T00:22:04.801+0000] {logging_mixin.py:188} INFO - [2025-07-30T00:22:04.801+0000] {dag.py:3823} INFO - Setting next_dagrun for example_skip_dag to 2025-07-29 00:00:00+00:00, run_after=2025-07-30 00:00:00+00:00
[2025-07-30T00:22:04.838+0000] {processor.py:183} INFO - Processing /home/azureuser/.pyenv/versions/3.11.9/envs/airflow-venv/lib/python3.11/site-packages/airflow/example_dags/example_skip_dag.py took 0.098 seconds
[2025-07-30T00:22:56.722+0000] {processor.py:161} INFO - Started process (PID=34377) to work on /home/azureuser/.pyenv/versions/3.11.9/envs/airflow-venv/lib/python3.11/site-packages/airflow/example_dags/example_skip_dag.py
[2025-07-30T00:22:56.724+0000] {processor.py:830} INFO - Processing file /home/azureuser/.pyenv/versions/3.11.9/envs/airflow-venv/lib/python3.11/site-packages/airflow/example_dags/example_skip_dag.py for tasks to queue
[2025-07-30T00:22:56.725+0000] {logging_mixin.py:188} INFO - [2025-07-30T00:22:56.725+0000] {dagbag.py:538} INFO - Filling up the DagBag from /home/azureuser/.pyenv/versions/3.11.9/envs/airflow-venv/lib/python3.11/site-packages/airflow/example_dags/example_skip_dag.py
[2025-07-30T00:22:56.735+0000] {processor.py:840} INFO - DAG(s) 'example_skip_dag' retrieved from /home/azureuser/.pyenv/versions/3.11.9/envs/airflow-venv/lib/python3.11/site-packages/airflow/example_dags/example_skip_dag.py
[2025-07-30T00:22:56.756+0000] {logging_mixin.py:188} INFO - [2025-07-30T00:22:56.756+0000] {dag.py:3036} INFO - Sync 1 DAGs
[2025-07-30T00:22:56.780+0000] {logging_mixin.py:188} INFO - [2025-07-30T00:22:56.780+0000] {dag.py:3823} INFO - Setting next_dagrun for example_skip_dag to 2025-07-29 00:00:00+00:00, run_after=2025-07-30 00:00:00+00:00
[2025-07-30T00:22:56.821+0000] {processor.py:183} INFO - Processing /home/azureuser/.pyenv/versions/3.11.9/envs/airflow-venv/lib/python3.11/site-packages/airflow/example_dags/example_skip_dag.py took 0.102 seconds
[2025-07-30T00:23:41.171+0000] {processor.py:161} INFO - Started process (PID=34449) to work on /home/azureuser/.pyenv/versions/3.11.9/envs/airflow-venv/lib/python3.11/site-packages/airflow/example_dags/example_skip_dag.py
[2025-07-30T00:23:41.172+0000] {processor.py:830} INFO - Processing file /home/azureuser/.pyenv/versions/3.11.9/envs/airflow-venv/lib/python3.11/site-packages/airflow/example_dags/example_skip_dag.py for tasks to queue
[2025-07-30T00:23:41.174+0000] {logging_mixin.py:188} INFO - [2025-07-30T00:23:41.173+0000] {dagbag.py:538} INFO - Filling up the DagBag from /home/azureuser/.pyenv/versions/3.11.9/envs/airflow-venv/lib/python3.11/site-packages/airflow/example_dags/example_skip_dag.py
[2025-07-30T00:23:41.184+0000] {processor.py:840} INFO - DAG(s) 'example_skip_dag' retrieved from /home/azureuser/.pyenv/versions/3.11.9/envs/airflow-venv/lib/python3.11/site-packages/airflow/example_dags/example_skip_dag.py
[2025-07-30T00:23:41.205+0000] {logging_mixin.py:188} INFO - [2025-07-30T00:23:41.204+0000] {dag.py:3036} INFO - Sync 1 DAGs
[2025-07-30T00:23:41.227+0000] {logging_mixin.py:188} INFO - [2025-07-30T00:23:41.227+0000] {dag.py:3823} INFO - Setting next_dagrun for example_skip_dag to 2025-07-29 00:00:00+00:00, run_after=2025-07-30 00:00:00+00:00
[2025-07-30T00:23:41.268+0000] {processor.py:183} INFO - Processing /home/azureuser/.pyenv/versions/3.11.9/envs/airflow-venv/lib/python3.11/site-packages/airflow/example_dags/example_skip_dag.py took 0.101 seconds
[2025-07-30T00:24:28.433+0000] {processor.py:161} INFO - Started process (PID=34509) to work on /home/azureuser/.pyenv/versions/3.11.9/envs/airflow-venv/lib/python3.11/site-packages/airflow/example_dags/example_skip_dag.py
[2025-07-30T00:24:28.435+0000] {processor.py:830} INFO - Processing file /home/azureuser/.pyenv/versions/3.11.9/envs/airflow-venv/lib/python3.11/site-packages/airflow/example_dags/example_skip_dag.py for tasks to queue
[2025-07-30T00:24:28.436+0000] {logging_mixin.py:188} INFO - [2025-07-30T00:24:28.435+0000] {dagbag.py:538} INFO - Filling up the DagBag from /home/azureuser/.pyenv/versions/3.11.9/envs/airflow-venv/lib/python3.11/site-packages/airflow/example_dags/example_skip_dag.py
[2025-07-30T00:24:28.446+0000] {processor.py:840} INFO - DAG(s) 'example_skip_dag' retrieved from /home/azureuser/.pyenv/versions/3.11.9/envs/airflow-venv/lib/python3.11/site-packages/airflow/example_dags/example_skip_dag.py
[2025-07-30T00:24:28.467+0000] {logging_mixin.py:188} INFO - [2025-07-30T00:24:28.467+0000] {dag.py:3036} INFO - Sync 1 DAGs
[2025-07-30T00:24:28.650+0000] {logging_mixin.py:188} INFO - [2025-07-30T00:24:28.649+0000] {dag.py:3823} INFO - Setting next_dagrun for example_skip_dag to 2025-07-29 00:00:00+00:00, run_after=2025-07-30 00:00:00+00:00
[2025-07-30T00:24:28.697+0000] {processor.py:183} INFO - Processing /home/azureuser/.pyenv/versions/3.11.9/envs/airflow-venv/lib/python3.11/site-packages/airflow/example_dags/example_skip_dag.py took 0.268 seconds
[2025-07-30T00:25:18.143+0000] {processor.py:161} INFO - Started process (PID=34586) to work on /home/azureuser/.pyenv/versions/3.11.9/envs/airflow-venv/lib/python3.11/site-packages/airflow/example_dags/example_skip_dag.py
[2025-07-30T00:25:18.145+0000] {processor.py:830} INFO - Processing file /home/azureuser/.pyenv/versions/3.11.9/envs/airflow-venv/lib/python3.11/site-packages/airflow/example_dags/example_skip_dag.py for tasks to queue
[2025-07-30T00:25:18.146+0000] {logging_mixin.py:188} INFO - [2025-07-30T00:25:18.145+0000] {dagbag.py:538} INFO - Filling up the DagBag from /home/azureuser/.pyenv/versions/3.11.9/envs/airflow-venv/lib/python3.11/site-packages/airflow/example_dags/example_skip_dag.py
[2025-07-30T00:25:18.156+0000] {processor.py:840} INFO - DAG(s) 'example_skip_dag' retrieved from /home/azureuser/.pyenv/versions/3.11.9/envs/airflow-venv/lib/python3.11/site-packages/airflow/example_dags/example_skip_dag.py
[2025-07-30T00:25:18.178+0000] {logging_mixin.py:188} INFO - [2025-07-30T00:25:18.177+0000] {dag.py:3036} INFO - Sync 1 DAGs
[2025-07-30T00:25:18.201+0000] {logging_mixin.py:188} INFO - [2025-07-30T00:25:18.201+0000] {dag.py:3823} INFO - Setting next_dagrun for example_skip_dag to 2025-07-29 00:00:00+00:00, run_after=2025-07-30 00:00:00+00:00
[2025-07-30T00:25:18.240+0000] {processor.py:183} INFO - Processing /home/azureuser/.pyenv/versions/3.11.9/envs/airflow-venv/lib/python3.11/site-packages/airflow/example_dags/example_skip_dag.py took 0.102 seconds
[2025-07-30T00:25:58.881+0000] {processor.py:161} INFO - Started process (PID=34646) to work on /home/azureuser/.pyenv/versions/3.11.9/envs/airflow-venv/lib/python3.11/site-packages/airflow/example_dags/example_skip_dag.py
[2025-07-30T00:25:58.884+0000] {processor.py:830} INFO - Processing file /home/azureuser/.pyenv/versions/3.11.9/envs/airflow-venv/lib/python3.11/site-packages/airflow/example_dags/example_skip_dag.py for tasks to queue
[2025-07-30T00:25:58.886+0000] {logging_mixin.py:188} INFO - [2025-07-30T00:25:58.884+0000] {dagbag.py:538} INFO - Filling up the DagBag from /home/azureuser/.pyenv/versions/3.11.9/envs/airflow-venv/lib/python3.11/site-packages/airflow/example_dags/example_skip_dag.py
[2025-07-30T00:25:58.907+0000] {processor.py:840} INFO - DAG(s) 'example_skip_dag' retrieved from /home/azureuser/.pyenv/versions/3.11.9/envs/airflow-venv/lib/python3.11/site-packages/airflow/example_dags/example_skip_dag.py
[2025-07-30T00:25:58.926+0000] {logging_mixin.py:188} INFO - [2025-07-30T00:25:58.926+0000] {dag.py:3036} INFO - Sync 1 DAGs
[2025-07-30T00:25:58.975+0000] {logging_mixin.py:188} INFO - [2025-07-30T00:25:58.974+0000] {dag.py:3823} INFO - Setting next_dagrun for example_skip_dag to 2025-07-29 00:00:00+00:00, run_after=2025-07-30 00:00:00+00:00
[2025-07-30T00:25:59.036+0000] {processor.py:183} INFO - Processing /home/azureuser/.pyenv/versions/3.11.9/envs/airflow-venv/lib/python3.11/site-packages/airflow/example_dags/example_skip_dag.py took 0.162 seconds
[2025-07-30T20:45:48.280+0000] {processor.py:161} INFO - Started process (PID=1345) to work on /home/azureuser/.pyenv/versions/3.11.9/envs/airflow-venv/lib/python3.11/site-packages/airflow/example_dags/example_skip_dag.py
[2025-07-30T20:45:48.282+0000] {processor.py:830} INFO - Processing file /home/azureuser/.pyenv/versions/3.11.9/envs/airflow-venv/lib/python3.11/site-packages/airflow/example_dags/example_skip_dag.py for tasks to queue
[2025-07-30T20:45:48.283+0000] {logging_mixin.py:188} INFO - [2025-07-30T20:45:48.282+0000] {dagbag.py:538} INFO - Filling up the DagBag from /home/azureuser/.pyenv/versions/3.11.9/envs/airflow-venv/lib/python3.11/site-packages/airflow/example_dags/example_skip_dag.py
[2025-07-30T20:45:48.291+0000] {processor.py:840} INFO - DAG(s) 'example_skip_dag' retrieved from /home/azureuser/.pyenv/versions/3.11.9/envs/airflow-venv/lib/python3.11/site-packages/airflow/example_dags/example_skip_dag.py
[2025-07-30T20:45:48.390+0000] {logging_mixin.py:188} INFO - [2025-07-30T20:45:48.389+0000] {dag.py:3036} INFO - Sync 1 DAGs
[2025-07-30T20:45:48.407+0000] {logging_mixin.py:188} INFO - [2025-07-30T20:45:48.407+0000] {dag.py:3823} INFO - Setting next_dagrun for example_skip_dag to 2025-07-29 00:00:00+00:00, run_after=2025-07-30 00:00:00+00:00
[2025-07-30T20:45:48.432+0000] {processor.py:183} INFO - Processing /home/azureuser/.pyenv/versions/3.11.9/envs/airflow-venv/lib/python3.11/site-packages/airflow/example_dags/example_skip_dag.py took 0.156 seconds
[2025-07-30T20:46:38.573+0000] {processor.py:161} INFO - Started process (PID=1400) to work on /home/azureuser/.pyenv/versions/3.11.9/envs/airflow-venv/lib/python3.11/site-packages/airflow/example_dags/example_skip_dag.py
[2025-07-30T20:46:38.575+0000] {processor.py:830} INFO - Processing file /home/azureuser/.pyenv/versions/3.11.9/envs/airflow-venv/lib/python3.11/site-packages/airflow/example_dags/example_skip_dag.py for tasks to queue
[2025-07-30T20:46:38.576+0000] {logging_mixin.py:188} INFO - [2025-07-30T20:46:38.575+0000] {dagbag.py:538} INFO - Filling up the DagBag from /home/azureuser/.pyenv/versions/3.11.9/envs/airflow-venv/lib/python3.11/site-packages/airflow/example_dags/example_skip_dag.py
[2025-07-30T20:46:38.584+0000] {processor.py:840} INFO - DAG(s) 'example_skip_dag' retrieved from /home/azureuser/.pyenv/versions/3.11.9/envs/airflow-venv/lib/python3.11/site-packages/airflow/example_dags/example_skip_dag.py
[2025-07-30T20:46:38.603+0000] {logging_mixin.py:188} INFO - [2025-07-30T20:46:38.603+0000] {dag.py:3036} INFO - Sync 1 DAGs
[2025-07-30T20:46:38.623+0000] {logging_mixin.py:188} INFO - [2025-07-30T20:46:38.623+0000] {dag.py:3823} INFO - Setting next_dagrun for example_skip_dag to 2025-07-29 00:00:00+00:00, run_after=2025-07-30 00:00:00+00:00
[2025-07-30T20:46:38.654+0000] {processor.py:183} INFO - Processing /home/azureuser/.pyenv/versions/3.11.9/envs/airflow-venv/lib/python3.11/site-packages/airflow/example_dags/example_skip_dag.py took 0.084 seconds
[2025-07-30T20:47:26.350+0000] {processor.py:161} INFO - Started process (PID=1448) to work on /home/azureuser/.pyenv/versions/3.11.9/envs/airflow-venv/lib/python3.11/site-packages/airflow/example_dags/example_skip_dag.py
[2025-07-30T20:47:26.351+0000] {processor.py:830} INFO - Processing file /home/azureuser/.pyenv/versions/3.11.9/envs/airflow-venv/lib/python3.11/site-packages/airflow/example_dags/example_skip_dag.py for tasks to queue
[2025-07-30T20:47:26.352+0000] {logging_mixin.py:188} INFO - [2025-07-30T20:47:26.352+0000] {dagbag.py:538} INFO - Filling up the DagBag from /home/azureuser/.pyenv/versions/3.11.9/envs/airflow-venv/lib/python3.11/site-packages/airflow/example_dags/example_skip_dag.py
[2025-07-30T20:47:26.362+0000] {processor.py:840} INFO - DAG(s) 'example_skip_dag' retrieved from /home/azureuser/.pyenv/versions/3.11.9/envs/airflow-venv/lib/python3.11/site-packages/airflow/example_dags/example_skip_dag.py
[2025-07-30T20:47:26.380+0000] {logging_mixin.py:188} INFO - [2025-07-30T20:47:26.380+0000] {dag.py:3036} INFO - Sync 1 DAGs
[2025-07-30T20:47:26.402+0000] {logging_mixin.py:188} INFO - [2025-07-30T20:47:26.402+0000] {dag.py:3823} INFO - Setting next_dagrun for example_skip_dag to 2025-07-29 00:00:00+00:00, run_after=2025-07-30 00:00:00+00:00
[2025-07-30T20:47:26.431+0000] {processor.py:183} INFO - Processing /home/azureuser/.pyenv/versions/3.11.9/envs/airflow-venv/lib/python3.11/site-packages/airflow/example_dags/example_skip_dag.py took 0.084 seconds
[2025-07-30T21:03:36.484+0000] {processor.py:161} INFO - Started process (PID=1663) to work on /home/azureuser/.pyenv/versions/3.11.9/envs/airflow-venv/lib/python3.11/site-packages/airflow/example_dags/example_skip_dag.py
[2025-07-30T21:03:36.485+0000] {processor.py:830} INFO - Processing file /home/azureuser/.pyenv/versions/3.11.9/envs/airflow-venv/lib/python3.11/site-packages/airflow/example_dags/example_skip_dag.py for tasks to queue
[2025-07-30T21:03:36.486+0000] {logging_mixin.py:188} INFO - [2025-07-30T21:03:36.486+0000] {dagbag.py:538} INFO - Filling up the DagBag from /home/azureuser/.pyenv/versions/3.11.9/envs/airflow-venv/lib/python3.11/site-packages/airflow/example_dags/example_skip_dag.py
[2025-07-30T21:03:36.495+0000] {processor.py:840} INFO - DAG(s) 'example_skip_dag' retrieved from /home/azureuser/.pyenv/versions/3.11.9/envs/airflow-venv/lib/python3.11/site-packages/airflow/example_dags/example_skip_dag.py
[2025-07-30T21:03:36.513+0000] {logging_mixin.py:188} INFO - [2025-07-30T21:03:36.513+0000] {dag.py:3036} INFO - Sync 1 DAGs
[2025-07-30T21:03:36.534+0000] {logging_mixin.py:188} INFO - [2025-07-30T21:03:36.534+0000] {dag.py:3823} INFO - Setting next_dagrun for example_skip_dag to 2025-07-29 00:00:00+00:00, run_after=2025-07-30 00:00:00+00:00
[2025-07-30T21:03:36.564+0000] {processor.py:183} INFO - Processing /home/azureuser/.pyenv/versions/3.11.9/envs/airflow-venv/lib/python3.11/site-packages/airflow/example_dags/example_skip_dag.py took 0.084 seconds
[2025-07-30T21:04:32.583+0000] {processor.py:161} INFO - Started process (PID=1718) to work on /home/azureuser/.pyenv/versions/3.11.9/envs/airflow-venv/lib/python3.11/site-packages/airflow/example_dags/example_skip_dag.py
[2025-07-30T21:04:32.585+0000] {processor.py:830} INFO - Processing file /home/azureuser/.pyenv/versions/3.11.9/envs/airflow-venv/lib/python3.11/site-packages/airflow/example_dags/example_skip_dag.py for tasks to queue
[2025-07-30T21:04:32.586+0000] {logging_mixin.py:188} INFO - [2025-07-30T21:04:32.585+0000] {dagbag.py:538} INFO - Filling up the DagBag from /home/azureuser/.pyenv/versions/3.11.9/envs/airflow-venv/lib/python3.11/site-packages/airflow/example_dags/example_skip_dag.py
[2025-07-30T21:04:32.595+0000] {processor.py:840} INFO - DAG(s) 'example_skip_dag' retrieved from /home/azureuser/.pyenv/versions/3.11.9/envs/airflow-venv/lib/python3.11/site-packages/airflow/example_dags/example_skip_dag.py
[2025-07-30T21:04:32.614+0000] {logging_mixin.py:188} INFO - [2025-07-30T21:04:32.614+0000] {dag.py:3036} INFO - Sync 1 DAGs
[2025-07-30T21:04:32.758+0000] {logging_mixin.py:188} INFO - [2025-07-30T21:04:32.758+0000] {dag.py:3823} INFO - Setting next_dagrun for example_skip_dag to 2025-07-29 00:00:00+00:00, run_after=2025-07-30 00:00:00+00:00
[2025-07-30T21:04:32.783+0000] {processor.py:183} INFO - Processing /home/azureuser/.pyenv/versions/3.11.9/envs/airflow-venv/lib/python3.11/site-packages/airflow/example_dags/example_skip_dag.py took 0.203 seconds
[2025-07-30T21:05:20.713+0000] {processor.py:161} INFO - Started process (PID=1767) to work on /home/azureuser/.pyenv/versions/3.11.9/envs/airflow-venv/lib/python3.11/site-packages/airflow/example_dags/example_skip_dag.py
[2025-07-30T21:05:20.715+0000] {processor.py:830} INFO - Processing file /home/azureuser/.pyenv/versions/3.11.9/envs/airflow-venv/lib/python3.11/site-packages/airflow/example_dags/example_skip_dag.py for tasks to queue
[2025-07-30T21:05:20.716+0000] {logging_mixin.py:188} INFO - [2025-07-30T21:05:20.715+0000] {dagbag.py:538} INFO - Filling up the DagBag from /home/azureuser/.pyenv/versions/3.11.9/envs/airflow-venv/lib/python3.11/site-packages/airflow/example_dags/example_skip_dag.py
[2025-07-30T21:05:20.725+0000] {processor.py:840} INFO - DAG(s) 'example_skip_dag' retrieved from /home/azureuser/.pyenv/versions/3.11.9/envs/airflow-venv/lib/python3.11/site-packages/airflow/example_dags/example_skip_dag.py
[2025-07-30T21:05:20.745+0000] {logging_mixin.py:188} INFO - [2025-07-30T21:05:20.745+0000] {dag.py:3036} INFO - Sync 1 DAGs
[2025-07-30T21:05:20.766+0000] {logging_mixin.py:188} INFO - [2025-07-30T21:05:20.766+0000] {dag.py:3823} INFO - Setting next_dagrun for example_skip_dag to 2025-07-29 00:00:00+00:00, run_after=2025-07-30 00:00:00+00:00
[2025-07-30T21:05:20.794+0000] {processor.py:183} INFO - Processing /home/azureuser/.pyenv/versions/3.11.9/envs/airflow-venv/lib/python3.11/site-packages/airflow/example_dags/example_skip_dag.py took 0.085 seconds
[2025-07-30T21:06:15.939+0000] {processor.py:161} INFO - Started process (PID=1822) to work on /home/azureuser/.pyenv/versions/3.11.9/envs/airflow-venv/lib/python3.11/site-packages/airflow/example_dags/example_skip_dag.py
[2025-07-30T21:06:15.941+0000] {processor.py:830} INFO - Processing file /home/azureuser/.pyenv/versions/3.11.9/envs/airflow-venv/lib/python3.11/site-packages/airflow/example_dags/example_skip_dag.py for tasks to queue
[2025-07-30T21:06:15.942+0000] {logging_mixin.py:188} INFO - [2025-07-30T21:06:15.942+0000] {dagbag.py:538} INFO - Filling up the DagBag from /home/azureuser/.pyenv/versions/3.11.9/envs/airflow-venv/lib/python3.11/site-packages/airflow/example_dags/example_skip_dag.py
[2025-07-30T21:06:15.952+0000] {processor.py:840} INFO - DAG(s) 'example_skip_dag' retrieved from /home/azureuser/.pyenv/versions/3.11.9/envs/airflow-venv/lib/python3.11/site-packages/airflow/example_dags/example_skip_dag.py
[2025-07-30T21:06:15.971+0000] {logging_mixin.py:188} INFO - [2025-07-30T21:06:15.971+0000] {dag.py:3036} INFO - Sync 1 DAGs
[2025-07-30T21:06:15.993+0000] {logging_mixin.py:188} INFO - [2025-07-30T21:06:15.993+0000] {dag.py:3823} INFO - Setting next_dagrun for example_skip_dag to 2025-07-29 00:00:00+00:00, run_after=2025-07-30 00:00:00+00:00
[2025-07-30T21:06:16.025+0000] {processor.py:183} INFO - Processing /home/azureuser/.pyenv/versions/3.11.9/envs/airflow-venv/lib/python3.11/site-packages/airflow/example_dags/example_skip_dag.py took 0.090 seconds
[2025-07-30T21:07:08.649+0000] {processor.py:161} INFO - Started process (PID=1883) to work on /home/azureuser/.pyenv/versions/3.11.9/envs/airflow-venv/lib/python3.11/site-packages/airflow/example_dags/example_skip_dag.py
[2025-07-30T21:07:08.650+0000] {processor.py:830} INFO - Processing file /home/azureuser/.pyenv/versions/3.11.9/envs/airflow-venv/lib/python3.11/site-packages/airflow/example_dags/example_skip_dag.py for tasks to queue
[2025-07-30T21:07:08.651+0000] {logging_mixin.py:188} INFO - [2025-07-30T21:07:08.651+0000] {dagbag.py:538} INFO - Filling up the DagBag from /home/azureuser/.pyenv/versions/3.11.9/envs/airflow-venv/lib/python3.11/site-packages/airflow/example_dags/example_skip_dag.py
[2025-07-30T21:07:08.661+0000] {processor.py:840} INFO - DAG(s) 'example_skip_dag' retrieved from /home/azureuser/.pyenv/versions/3.11.9/envs/airflow-venv/lib/python3.11/site-packages/airflow/example_dags/example_skip_dag.py
[2025-07-30T21:07:08.681+0000] {logging_mixin.py:188} INFO - [2025-07-30T21:07:08.680+0000] {dag.py:3036} INFO - Sync 1 DAGs
[2025-07-30T21:07:08.702+0000] {logging_mixin.py:188} INFO - [2025-07-30T21:07:08.702+0000] {dag.py:3823} INFO - Setting next_dagrun for example_skip_dag to 2025-07-29 00:00:00+00:00, run_after=2025-07-30 00:00:00+00:00
[2025-07-30T21:07:08.743+0000] {processor.py:183} INFO - Processing /home/azureuser/.pyenv/versions/3.11.9/envs/airflow-venv/lib/python3.11/site-packages/airflow/example_dags/example_skip_dag.py took 0.098 seconds
