[2025-07-30T00:21:17.255+0000] {processor.py:161} INFO - Started process (PID=34230) to work on /home/azureuser/.pyenv/versions/3.11.9/envs/airflow-venv/lib/python3.11/site-packages/airflow/example_dags/example_sensors.py
[2025-07-30T00:21:17.256+0000] {processor.py:830} INFO - Processing file /home/azureuser/.pyenv/versions/3.11.9/envs/airflow-venv/lib/python3.11/site-packages/airflow/example_dags/example_sensors.py for tasks to queue
[2025-07-30T00:21:17.258+0000] {logging_mixin.py:188} INFO - [2025-07-30T00:21:17.257+0000] {dagbag.py:538} INFO - Filling up the DagBag from /home/azureuser/.pyenv/versions/3.11.9/envs/airflow-venv/lib/python3.11/site-packages/airflow/example_dags/example_sensors.py
[2025-07-30T00:21:17.271+0000] {processor.py:840} INFO - DAG(s) 'example_sensors' retrieved from /home/azureuser/.pyenv/versions/3.11.9/envs/airflow-venv/lib/python3.11/site-packages/airflow/example_dags/example_sensors.py
[2025-07-30T00:21:17.443+0000] {logging_mixin.py:188} INFO - [2025-07-30T00:21:17.442+0000] {override.py:1769} INFO - Created Permission View: can delete on DAG:example_sensors
[2025-07-30T00:21:17.472+0000] {logging_mixin.py:188} INFO - [2025-07-30T00:21:17.472+0000] {override.py:1769} INFO - Created Permission View: can read on DAG:example_sensors
[2025-07-30T00:21:17.498+0000] {logging_mixin.py:188} INFO - [2025-07-30T00:21:17.498+0000] {override.py:1769} INFO - Created Permission View: can edit on DAG:example_sensors
[2025-07-30T00:21:17.499+0000] {logging_mixin.py:188} INFO - [2025-07-30T00:21:17.499+0000] {dag.py:3036} INFO - Sync 1 DAGs
[2025-07-30T00:21:17.516+0000] {logging_mixin.py:188} INFO - [2025-07-30T00:21:17.516+0000] {dag.py:3058} INFO - Creating ORM DAG for example_sensors
[2025-07-30T00:21:17.517+0000] {logging_mixin.py:188} INFO - [2025-07-30T00:21:17.517+0000] {dag.py:3823} INFO - Setting next_dagrun for example_sensors to None, run_after=None
[2025-07-30T00:21:17.559+0000] {processor.py:183} INFO - Processing /home/azureuser/.pyenv/versions/3.11.9/envs/airflow-venv/lib/python3.11/site-packages/airflow/example_dags/example_sensors.py took 0.308 seconds
[2025-07-30T00:22:11.456+0000] {processor.py:161} INFO - Started process (PID=34315) to work on /home/azureuser/.pyenv/versions/3.11.9/envs/airflow-venv/lib/python3.11/site-packages/airflow/example_dags/example_sensors.py
[2025-07-30T00:22:11.457+0000] {processor.py:830} INFO - Processing file /home/azureuser/.pyenv/versions/3.11.9/envs/airflow-venv/lib/python3.11/site-packages/airflow/example_dags/example_sensors.py for tasks to queue
[2025-07-30T00:22:11.458+0000] {logging_mixin.py:188} INFO - [2025-07-30T00:22:11.458+0000] {dagbag.py:538} INFO - Filling up the DagBag from /home/azureuser/.pyenv/versions/3.11.9/envs/airflow-venv/lib/python3.11/site-packages/airflow/example_dags/example_sensors.py
[2025-07-30T00:22:11.473+0000] {processor.py:840} INFO - DAG(s) 'example_sensors' retrieved from /home/azureuser/.pyenv/versions/3.11.9/envs/airflow-venv/lib/python3.11/site-packages/airflow/example_dags/example_sensors.py
[2025-07-30T00:22:11.497+0000] {logging_mixin.py:188} INFO - [2025-07-30T00:22:11.497+0000] {dag.py:3036} INFO - Sync 1 DAGs
[2025-07-30T00:22:11.510+0000] {logging_mixin.py:188} INFO - [2025-07-30T00:22:11.510+0000] {dag.py:3823} INFO - Setting next_dagrun for example_sensors to None, run_after=None
[2025-07-30T00:22:11.547+0000] {processor.py:183} INFO - Processing /home/azureuser/.pyenv/versions/3.11.9/envs/airflow-venv/lib/python3.11/site-packages/airflow/example_dags/example_sensors.py took 0.095 seconds
[2025-07-30T00:23:02.522+0000] {processor.py:161} INFO - Started process (PID=34385) to work on /home/azureuser/.pyenv/versions/3.11.9/envs/airflow-venv/lib/python3.11/site-packages/airflow/example_dags/example_sensors.py
[2025-07-30T00:23:02.523+0000] {processor.py:830} INFO - Processing file /home/azureuser/.pyenv/versions/3.11.9/envs/airflow-venv/lib/python3.11/site-packages/airflow/example_dags/example_sensors.py for tasks to queue
[2025-07-30T00:23:02.524+0000] {logging_mixin.py:188} INFO - [2025-07-30T00:23:02.524+0000] {dagbag.py:538} INFO - Filling up the DagBag from /home/azureuser/.pyenv/versions/3.11.9/envs/airflow-venv/lib/python3.11/site-packages/airflow/example_dags/example_sensors.py
[2025-07-30T00:23:02.538+0000] {processor.py:840} INFO - DAG(s) 'example_sensors' retrieved from /home/azureuser/.pyenv/versions/3.11.9/envs/airflow-venv/lib/python3.11/site-packages/airflow/example_dags/example_sensors.py
[2025-07-30T00:23:02.563+0000] {logging_mixin.py:188} INFO - [2025-07-30T00:23:02.562+0000] {dag.py:3036} INFO - Sync 1 DAGs
[2025-07-30T00:23:02.576+0000] {logging_mixin.py:188} INFO - [2025-07-30T00:23:02.576+0000] {dag.py:3823} INFO - Setting next_dagrun for example_sensors to None, run_after=None
[2025-07-30T00:23:02.616+0000] {processor.py:183} INFO - Processing /home/azureuser/.pyenv/versions/3.11.9/envs/airflow-venv/lib/python3.11/site-packages/airflow/example_dags/example_sensors.py took 0.099 seconds
[2025-07-30T00:23:47.437+0000] {processor.py:161} INFO - Started process (PID=34457) to work on /home/azureuser/.pyenv/versions/3.11.9/envs/airflow-venv/lib/python3.11/site-packages/airflow/example_dags/example_sensors.py
[2025-07-30T00:23:47.439+0000] {processor.py:830} INFO - Processing file /home/azureuser/.pyenv/versions/3.11.9/envs/airflow-venv/lib/python3.11/site-packages/airflow/example_dags/example_sensors.py for tasks to queue
[2025-07-30T00:23:47.440+0000] {logging_mixin.py:188} INFO - [2025-07-30T00:23:47.440+0000] {dagbag.py:538} INFO - Filling up the DagBag from /home/azureuser/.pyenv/versions/3.11.9/envs/airflow-venv/lib/python3.11/site-packages/airflow/example_dags/example_sensors.py
[2025-07-30T00:23:47.453+0000] {processor.py:840} INFO - DAG(s) 'example_sensors' retrieved from /home/azureuser/.pyenv/versions/3.11.9/envs/airflow-venv/lib/python3.11/site-packages/airflow/example_dags/example_sensors.py
[2025-07-30T00:23:47.478+0000] {logging_mixin.py:188} INFO - [2025-07-30T00:23:47.478+0000] {dag.py:3036} INFO - Sync 1 DAGs
[2025-07-30T00:23:47.491+0000] {logging_mixin.py:188} INFO - [2025-07-30T00:23:47.491+0000] {dag.py:3823} INFO - Setting next_dagrun for example_sensors to None, run_after=None
[2025-07-30T00:23:47.532+0000] {processor.py:183} INFO - Processing /home/azureuser/.pyenv/versions/3.11.9/envs/airflow-venv/lib/python3.11/site-packages/airflow/example_dags/example_sensors.py took 0.099 seconds
[2025-07-30T00:24:52.915+0000] {processor.py:161} INFO - Started process (PID=34542) to work on /home/azureuser/.pyenv/versions/3.11.9/envs/airflow-venv/lib/python3.11/site-packages/airflow/example_dags/example_sensors.py
[2025-07-30T00:24:52.917+0000] {processor.py:830} INFO - Processing file /home/azureuser/.pyenv/versions/3.11.9/envs/airflow-venv/lib/python3.11/site-packages/airflow/example_dags/example_sensors.py for tasks to queue
[2025-07-30T00:24:52.918+0000] {logging_mixin.py:188} INFO - [2025-07-30T00:24:52.918+0000] {dagbag.py:538} INFO - Filling up the DagBag from /home/azureuser/.pyenv/versions/3.11.9/envs/airflow-venv/lib/python3.11/site-packages/airflow/example_dags/example_sensors.py
[2025-07-30T00:24:52.931+0000] {processor.py:840} INFO - DAG(s) 'example_sensors' retrieved from /home/azureuser/.pyenv/versions/3.11.9/envs/airflow-venv/lib/python3.11/site-packages/airflow/example_dags/example_sensors.py
[2025-07-30T00:24:52.956+0000] {logging_mixin.py:188} INFO - [2025-07-30T00:24:52.956+0000] {dag.py:3036} INFO - Sync 1 DAGs
[2025-07-30T00:24:52.970+0000] {logging_mixin.py:188} INFO - [2025-07-30T00:24:52.970+0000] {dag.py:3823} INFO - Setting next_dagrun for example_sensors to None, run_after=None
[2025-07-30T00:24:53.012+0000] {processor.py:183} INFO - Processing /home/azureuser/.pyenv/versions/3.11.9/envs/airflow-venv/lib/python3.11/site-packages/airflow/example_dags/example_sensors.py took 0.101 seconds
[2025-07-30T00:25:38.613+0000] {processor.py:161} INFO - Started process (PID=34615) to work on /home/azureuser/.pyenv/versions/3.11.9/envs/airflow-venv/lib/python3.11/site-packages/airflow/example_dags/example_sensors.py
[2025-07-30T00:25:38.615+0000] {processor.py:830} INFO - Processing file /home/azureuser/.pyenv/versions/3.11.9/envs/airflow-venv/lib/python3.11/site-packages/airflow/example_dags/example_sensors.py for tasks to queue
[2025-07-30T00:25:38.616+0000] {logging_mixin.py:188} INFO - [2025-07-30T00:25:38.615+0000] {dagbag.py:538} INFO - Filling up the DagBag from /home/azureuser/.pyenv/versions/3.11.9/envs/airflow-venv/lib/python3.11/site-packages/airflow/example_dags/example_sensors.py
[2025-07-30T00:25:38.629+0000] {processor.py:840} INFO - DAG(s) 'example_sensors' retrieved from /home/azureuser/.pyenv/versions/3.11.9/envs/airflow-venv/lib/python3.11/site-packages/airflow/example_dags/example_sensors.py
[2025-07-30T00:25:38.655+0000] {logging_mixin.py:188} INFO - [2025-07-30T00:25:38.654+0000] {dag.py:3036} INFO - Sync 1 DAGs
[2025-07-30T00:25:38.669+0000] {logging_mixin.py:188} INFO - [2025-07-30T00:25:38.669+0000] {dag.py:3823} INFO - Setting next_dagrun for example_sensors to None, run_after=None
[2025-07-30T00:25:38.712+0000] {processor.py:183} INFO - Processing /home/azureuser/.pyenv/versions/3.11.9/envs/airflow-venv/lib/python3.11/site-packages/airflow/example_dags/example_sensors.py took 0.103 seconds
[2025-07-30T00:26:34.663+0000] {processor.py:161} INFO - Started process (PID=34694) to work on /home/azureuser/.pyenv/versions/3.11.9/envs/airflow-venv/lib/python3.11/site-packages/airflow/example_dags/example_sensors.py
[2025-07-30T00:26:34.665+0000] {processor.py:830} INFO - Processing file /home/azureuser/.pyenv/versions/3.11.9/envs/airflow-venv/lib/python3.11/site-packages/airflow/example_dags/example_sensors.py for tasks to queue
[2025-07-30T00:26:34.666+0000] {logging_mixin.py:188} INFO - [2025-07-30T00:26:34.666+0000] {dagbag.py:538} INFO - Filling up the DagBag from /home/azureuser/.pyenv/versions/3.11.9/envs/airflow-venv/lib/python3.11/site-packages/airflow/example_dags/example_sensors.py
[2025-07-30T00:26:34.687+0000] {processor.py:840} INFO - DAG(s) 'example_sensors' retrieved from /home/azureuser/.pyenv/versions/3.11.9/envs/airflow-venv/lib/python3.11/site-packages/airflow/example_dags/example_sensors.py
[2025-07-30T00:26:35.526+0000] {logging_mixin.py:188} INFO - [2025-07-30T00:26:35.373+0000] {dag.py:3036} INFO - Sync 1 DAGs
[2025-07-30T00:26:35.883+0000] {logging_mixin.py:188} INFO - [2025-07-30T00:26:35.834+0000] {dag.py:3823} INFO - Setting next_dagrun for example_sensors to None, run_after=None
[2025-07-30T00:26:40.625+0000] {processor.py:183} INFO - Processing /home/azureuser/.pyenv/versions/3.11.9/envs/airflow-venv/lib/python3.11/site-packages/airflow/example_dags/example_sensors.py took 5.968 seconds
[2025-07-30T20:45:54.445+0000] {processor.py:161} INFO - Started process (PID=1351) to work on /home/azureuser/.pyenv/versions/3.11.9/envs/airflow-venv/lib/python3.11/site-packages/airflow/example_dags/example_sensors.py
[2025-07-30T20:45:54.446+0000] {processor.py:830} INFO - Processing file /home/azureuser/.pyenv/versions/3.11.9/envs/airflow-venv/lib/python3.11/site-packages/airflow/example_dags/example_sensors.py for tasks to queue
[2025-07-30T20:45:54.447+0000] {logging_mixin.py:188} INFO - [2025-07-30T20:45:54.446+0000] {dagbag.py:538} INFO - Filling up the DagBag from /home/azureuser/.pyenv/versions/3.11.9/envs/airflow-venv/lib/python3.11/site-packages/airflow/example_dags/example_sensors.py
[2025-07-30T20:45:54.458+0000] {processor.py:840} INFO - DAG(s) 'example_sensors' retrieved from /home/azureuser/.pyenv/versions/3.11.9/envs/airflow-venv/lib/python3.11/site-packages/airflow/example_dags/example_sensors.py
[2025-07-30T20:45:54.483+0000] {logging_mixin.py:188} INFO - [2025-07-30T20:45:54.483+0000] {dag.py:3036} INFO - Sync 1 DAGs
[2025-07-30T20:45:54.496+0000] {logging_mixin.py:188} INFO - [2025-07-30T20:45:54.496+0000] {dag.py:3823} INFO - Setting next_dagrun for example_sensors to None, run_after=None
[2025-07-30T20:45:54.522+0000] {processor.py:183} INFO - Processing /home/azureuser/.pyenv/versions/3.11.9/envs/airflow-venv/lib/python3.11/site-packages/airflow/example_dags/example_sensors.py took 0.080 seconds
[2025-07-30T20:46:43.917+0000] {processor.py:161} INFO - Started process (PID=1406) to work on /home/azureuser/.pyenv/versions/3.11.9/envs/airflow-venv/lib/python3.11/site-packages/airflow/example_dags/example_sensors.py
[2025-07-30T20:46:43.918+0000] {processor.py:830} INFO - Processing file /home/azureuser/.pyenv/versions/3.11.9/envs/airflow-venv/lib/python3.11/site-packages/airflow/example_dags/example_sensors.py for tasks to queue
[2025-07-30T20:46:43.919+0000] {logging_mixin.py:188} INFO - [2025-07-30T20:46:43.919+0000] {dagbag.py:538} INFO - Filling up the DagBag from /home/azureuser/.pyenv/versions/3.11.9/envs/airflow-venv/lib/python3.11/site-packages/airflow/example_dags/example_sensors.py
[2025-07-30T20:46:43.931+0000] {processor.py:840} INFO - DAG(s) 'example_sensors' retrieved from /home/azureuser/.pyenv/versions/3.11.9/envs/airflow-venv/lib/python3.11/site-packages/airflow/example_dags/example_sensors.py
[2025-07-30T20:46:43.954+0000] {logging_mixin.py:188} INFO - [2025-07-30T20:46:43.954+0000] {dag.py:3036} INFO - Sync 1 DAGs
[2025-07-30T20:46:43.966+0000] {logging_mixin.py:188} INFO - [2025-07-30T20:46:43.965+0000] {dag.py:3823} INFO - Setting next_dagrun for example_sensors to None, run_after=None
[2025-07-30T20:46:44.011+0000] {processor.py:183} INFO - Processing /home/azureuser/.pyenv/versions/3.11.9/envs/airflow-venv/lib/python3.11/site-packages/airflow/example_dags/example_sensors.py took 0.098 seconds
[2025-07-30T20:47:31.441+0000] {processor.py:161} INFO - Started process (PID=1454) to work on /home/azureuser/.pyenv/versions/3.11.9/envs/airflow-venv/lib/python3.11/site-packages/airflow/example_dags/example_sensors.py
[2025-07-30T20:47:31.443+0000] {processor.py:830} INFO - Processing file /home/azureuser/.pyenv/versions/3.11.9/envs/airflow-venv/lib/python3.11/site-packages/airflow/example_dags/example_sensors.py for tasks to queue
[2025-07-30T20:47:31.444+0000] {logging_mixin.py:188} INFO - [2025-07-30T20:47:31.443+0000] {dagbag.py:538} INFO - Filling up the DagBag from /home/azureuser/.pyenv/versions/3.11.9/envs/airflow-venv/lib/python3.11/site-packages/airflow/example_dags/example_sensors.py
[2025-07-30T20:47:31.455+0000] {processor.py:840} INFO - DAG(s) 'example_sensors' retrieved from /home/azureuser/.pyenv/versions/3.11.9/envs/airflow-venv/lib/python3.11/site-packages/airflow/example_dags/example_sensors.py
[2025-07-30T20:47:31.477+0000] {logging_mixin.py:188} INFO - [2025-07-30T20:47:31.476+0000] {dag.py:3036} INFO - Sync 1 DAGs
[2025-07-30T20:47:31.488+0000] {logging_mixin.py:188} INFO - [2025-07-30T20:47:31.488+0000] {dag.py:3823} INFO - Setting next_dagrun for example_sensors to None, run_after=None
[2025-07-30T20:47:31.520+0000] {processor.py:183} INFO - Processing /home/azureuser/.pyenv/versions/3.11.9/envs/airflow-venv/lib/python3.11/site-packages/airflow/example_dags/example_sensors.py took 0.082 seconds
[2025-07-30T21:03:42.904+0000] {processor.py:161} INFO - Started process (PID=1670) to work on /home/azureuser/.pyenv/versions/3.11.9/envs/airflow-venv/lib/python3.11/site-packages/airflow/example_dags/example_sensors.py
[2025-07-30T21:03:42.905+0000] {processor.py:830} INFO - Processing file /home/azureuser/.pyenv/versions/3.11.9/envs/airflow-venv/lib/python3.11/site-packages/airflow/example_dags/example_sensors.py for tasks to queue
[2025-07-30T21:03:42.907+0000] {logging_mixin.py:188} INFO - [2025-07-30T21:03:42.906+0000] {dagbag.py:538} INFO - Filling up the DagBag from /home/azureuser/.pyenv/versions/3.11.9/envs/airflow-venv/lib/python3.11/site-packages/airflow/example_dags/example_sensors.py
[2025-07-30T21:03:42.927+0000] {processor.py:840} INFO - DAG(s) 'example_sensors' retrieved from /home/azureuser/.pyenv/versions/3.11.9/envs/airflow-venv/lib/python3.11/site-packages/airflow/example_dags/example_sensors.py
[2025-07-30T21:03:42.957+0000] {logging_mixin.py:188} INFO - [2025-07-30T21:03:42.957+0000] {dag.py:3036} INFO - Sync 1 DAGs
[2025-07-30T21:03:42.976+0000] {logging_mixin.py:188} INFO - [2025-07-30T21:03:42.975+0000] {dag.py:3823} INFO - Setting next_dagrun for example_sensors to None, run_after=None
[2025-07-30T21:03:43.018+0000] {processor.py:183} INFO - Processing /home/azureuser/.pyenv/versions/3.11.9/envs/airflow-venv/lib/python3.11/site-packages/airflow/example_dags/example_sensors.py took 0.122 seconds
[2025-07-30T21:04:39.296+0000] {processor.py:161} INFO - Started process (PID=1724) to work on /home/azureuser/.pyenv/versions/3.11.9/envs/airflow-venv/lib/python3.11/site-packages/airflow/example_dags/example_sensors.py
[2025-07-30T21:04:39.297+0000] {processor.py:830} INFO - Processing file /home/azureuser/.pyenv/versions/3.11.9/envs/airflow-venv/lib/python3.11/site-packages/airflow/example_dags/example_sensors.py for tasks to queue
[2025-07-30T21:04:39.298+0000] {logging_mixin.py:188} INFO - [2025-07-30T21:04:39.298+0000] {dagbag.py:538} INFO - Filling up the DagBag from /home/azureuser/.pyenv/versions/3.11.9/envs/airflow-venv/lib/python3.11/site-packages/airflow/example_dags/example_sensors.py
[2025-07-30T21:04:39.311+0000] {processor.py:840} INFO - DAG(s) 'example_sensors' retrieved from /home/azureuser/.pyenv/versions/3.11.9/envs/airflow-venv/lib/python3.11/site-packages/airflow/example_dags/example_sensors.py
[2025-07-30T21:04:39.462+0000] {logging_mixin.py:188} INFO - [2025-07-30T21:04:39.462+0000] {dag.py:3036} INFO - Sync 1 DAGs
[2025-07-30T21:04:39.472+0000] {logging_mixin.py:188} INFO - [2025-07-30T21:04:39.472+0000] {dag.py:3823} INFO - Setting next_dagrun for example_sensors to None, run_after=None
[2025-07-30T21:04:39.499+0000] {processor.py:183} INFO - Processing /home/azureuser/.pyenv/versions/3.11.9/envs/airflow-venv/lib/python3.11/site-packages/airflow/example_dags/example_sensors.py took 0.207 seconds
[2025-07-30T21:05:26.991+0000] {processor.py:161} INFO - Started process (PID=1773) to work on /home/azureuser/.pyenv/versions/3.11.9/envs/airflow-venv/lib/python3.11/site-packages/airflow/example_dags/example_sensors.py
[2025-07-30T21:05:26.993+0000] {processor.py:830} INFO - Processing file /home/azureuser/.pyenv/versions/3.11.9/envs/airflow-venv/lib/python3.11/site-packages/airflow/example_dags/example_sensors.py for tasks to queue
[2025-07-30T21:05:26.994+0000] {logging_mixin.py:188} INFO - [2025-07-30T21:05:26.993+0000] {dagbag.py:538} INFO - Filling up the DagBag from /home/azureuser/.pyenv/versions/3.11.9/envs/airflow-venv/lib/python3.11/site-packages/airflow/example_dags/example_sensors.py
[2025-07-30T21:05:27.006+0000] {processor.py:840} INFO - DAG(s) 'example_sensors' retrieved from /home/azureuser/.pyenv/versions/3.11.9/envs/airflow-venv/lib/python3.11/site-packages/airflow/example_dags/example_sensors.py
[2025-07-30T21:05:27.029+0000] {logging_mixin.py:188} INFO - [2025-07-30T21:05:27.029+0000] {dag.py:3036} INFO - Sync 1 DAGs
[2025-07-30T21:05:27.041+0000] {logging_mixin.py:188} INFO - [2025-07-30T21:05:27.041+0000] {dag.py:3823} INFO - Setting next_dagrun for example_sensors to None, run_after=None
[2025-07-30T21:05:27.071+0000] {processor.py:183} INFO - Processing /home/azureuser/.pyenv/versions/3.11.9/envs/airflow-venv/lib/python3.11/site-packages/airflow/example_dags/example_sensors.py took 0.085 seconds
[2025-07-30T21:06:21.380+0000] {processor.py:161} INFO - Started process (PID=1828) to work on /home/azureuser/.pyenv/versions/3.11.9/envs/airflow-venv/lib/python3.11/site-packages/airflow/example_dags/example_sensors.py
[2025-07-30T21:06:21.381+0000] {processor.py:830} INFO - Processing file /home/azureuser/.pyenv/versions/3.11.9/envs/airflow-venv/lib/python3.11/site-packages/airflow/example_dags/example_sensors.py for tasks to queue
[2025-07-30T21:06:21.382+0000] {logging_mixin.py:188} INFO - [2025-07-30T21:06:21.382+0000] {dagbag.py:538} INFO - Filling up the DagBag from /home/azureuser/.pyenv/versions/3.11.9/envs/airflow-venv/lib/python3.11/site-packages/airflow/example_dags/example_sensors.py
[2025-07-30T21:06:21.395+0000] {processor.py:840} INFO - DAG(s) 'example_sensors' retrieved from /home/azureuser/.pyenv/versions/3.11.9/envs/airflow-venv/lib/python3.11/site-packages/airflow/example_dags/example_sensors.py
[2025-07-30T21:06:21.418+0000] {logging_mixin.py:188} INFO - [2025-07-30T21:06:21.418+0000] {dag.py:3036} INFO - Sync 1 DAGs
[2025-07-30T21:06:21.431+0000] {logging_mixin.py:188} INFO - [2025-07-30T21:06:21.430+0000] {dag.py:3823} INFO - Setting next_dagrun for example_sensors to None, run_after=None
[2025-07-30T21:06:21.460+0000] {processor.py:183} INFO - Processing /home/azureuser/.pyenv/versions/3.11.9/envs/airflow-venv/lib/python3.11/site-packages/airflow/example_dags/example_sensors.py took 0.084 seconds
