[2025-07-30T00:21:01.784+0000] {processor.py:161} INFO - Started process (PID=34146) to work on /home/azureuser/.pyenv/versions/3.11.9/envs/airflow-venv/lib/python3.11/site-packages/airflow/example_dags/example_subdag_operator.py
[2025-07-30T00:21:01.785+0000] {processor.py:830} INFO - Processing file /home/azureuser/.pyenv/versions/3.11.9/envs/airflow-venv/lib/python3.11/site-packages/airflow/example_dags/example_subdag_operator.py for tasks to queue
[2025-07-30T00:21:01.787+0000] {logging_mixin.py:188} INFO - [2025-07-30T00:21:01.786+0000] {dagbag.py:538} INFO - Filling up the DagBag from /home/azureuser/.pyenv/versions/3.11.9/envs/airflow-venv/lib/python3.11/site-packages/airflow/example_dags/example_subdag_operator.py
[2025-07-30T00:21:01.817+0000] {processor.py:840} INFO - DAG(s) 'example_subdag_operator.section-1', 'example_subdag_operator.section-2', 'example_subdag_operator' retrieved from /home/azureuser/.pyenv/versions/3.11.9/envs/airflow-venv/lib/python3.11/site-packages/airflow/example_dags/example_subdag_operator.py
[2025-07-30T00:21:01.982+0000] {logging_mixin.py:188} INFO - [2025-07-30T00:21:01.982+0000] {override.py:1769} INFO - Created Permission View: can delete on DAG:example_subdag_operator
[2025-07-30T00:21:02.015+0000] {logging_mixin.py:188} INFO - [2025-07-30T00:21:02.015+0000] {override.py:1769} INFO - Created Permission View: can read on DAG:example_subdag_operator
[2025-07-30T00:21:02.053+0000] {logging_mixin.py:188} INFO - [2025-07-30T00:21:02.053+0000] {override.py:1769} INFO - Created Permission View: can edit on DAG:example_subdag_operator
[2025-07-30T00:21:02.054+0000] {logging_mixin.py:188} INFO - [2025-07-30T00:21:02.054+0000] {dag.py:3036} INFO - Sync 3 DAGs
[2025-07-30T00:21:02.068+0000] {logging_mixin.py:188} INFO - [2025-07-30T00:21:02.068+0000] {dag.py:3058} INFO - Creating ORM DAG for example_subdag_operator.section-1
[2025-07-30T00:21:02.069+0000] {logging_mixin.py:188} INFO - [2025-07-30T00:21:02.069+0000] {dag.py:3058} INFO - Creating ORM DAG for example_subdag_operator.section-2
[2025-07-30T00:21:02.070+0000] {logging_mixin.py:188} INFO - [2025-07-30T00:21:02.069+0000] {dag.py:3058} INFO - Creating ORM DAG for example_subdag_operator
[2025-07-30T00:21:02.079+0000] {logging_mixin.py:188} INFO - [2025-07-30T00:21:02.079+0000] {dag.py:3823} INFO - Setting next_dagrun for example_subdag_operator to 2022-01-01 00:00:00+00:00, run_after=2022-01-01 00:00:00+00:00
[2025-07-30T00:21:02.080+0000] {logging_mixin.py:188} INFO - [2025-07-30T00:21:02.080+0000] {dag.py:3823} INFO - Setting next_dagrun for example_subdag_operator.section-1 to None, run_after=None
[2025-07-30T00:21:02.080+0000] {logging_mixin.py:188} INFO - [2025-07-30T00:21:02.080+0000] {dag.py:3823} INFO - Setting next_dagrun for example_subdag_operator.section-2 to None, run_after=None
[2025-07-30T00:21:02.087+0000] {logging_mixin.py:188} INFO - [2025-07-30T00:21:02.087+0000] {dag.py:3036} INFO - Sync 2 DAGs
[2025-07-30T00:21:02.092+0000] {logging_mixin.py:188} INFO - [2025-07-30T00:21:02.092+0000] {dag.py:3823} INFO - Setting next_dagrun for example_subdag_operator.section-1 to None, run_after=None
[2025-07-30T00:21:02.095+0000] {logging_mixin.py:188} INFO - [2025-07-30T00:21:02.094+0000] {dag.py:3823} INFO - Setting next_dagrun for example_subdag_operator.section-2 to None, run_after=None
[2025-07-30T00:21:02.135+0000] {processor.py:183} INFO - Processing /home/azureuser/.pyenv/versions/3.11.9/envs/airflow-venv/lib/python3.11/site-packages/airflow/example_dags/example_subdag_operator.py took 0.356 seconds
[2025-07-30T00:21:58.920+0000] {processor.py:161} INFO - Started process (PID=34293) to work on /home/azureuser/.pyenv/versions/3.11.9/envs/airflow-venv/lib/python3.11/site-packages/airflow/example_dags/example_subdag_operator.py
[2025-07-30T00:21:58.922+0000] {processor.py:830} INFO - Processing file /home/azureuser/.pyenv/versions/3.11.9/envs/airflow-venv/lib/python3.11/site-packages/airflow/example_dags/example_subdag_operator.py for tasks to queue
[2025-07-30T00:21:58.923+0000] {logging_mixin.py:188} INFO - [2025-07-30T00:21:58.922+0000] {dagbag.py:538} INFO - Filling up the DagBag from /home/azureuser/.pyenv/versions/3.11.9/envs/airflow-venv/lib/python3.11/site-packages/airflow/example_dags/example_subdag_operator.py
[2025-07-30T00:21:58.954+0000] {processor.py:840} INFO - DAG(s) 'example_subdag_operator.section-1', 'example_subdag_operator.section-2', 'example_subdag_operator' retrieved from /home/azureuser/.pyenv/versions/3.11.9/envs/airflow-venv/lib/python3.11/site-packages/airflow/example_dags/example_subdag_operator.py
[2025-07-30T00:21:58.974+0000] {logging_mixin.py:188} INFO - [2025-07-30T00:21:58.974+0000] {dag.py:3036} INFO - Sync 3 DAGs
[2025-07-30T00:21:59.001+0000] {logging_mixin.py:188} INFO - [2025-07-30T00:21:59.001+0000] {dag.py:3823} INFO - Setting next_dagrun for example_subdag_operator to 2022-01-01 00:00:00+00:00, run_after=2022-01-01 00:00:00+00:00
[2025-07-30T00:21:59.005+0000] {logging_mixin.py:188} INFO - [2025-07-30T00:21:59.005+0000] {dag.py:3823} INFO - Setting next_dagrun for example_subdag_operator.section-1 to None, run_after=None
[2025-07-30T00:21:59.006+0000] {logging_mixin.py:188} INFO - [2025-07-30T00:21:59.006+0000] {dag.py:3823} INFO - Setting next_dagrun for example_subdag_operator.section-2 to None, run_after=None
[2025-07-30T00:21:59.013+0000] {logging_mixin.py:188} INFO - [2025-07-30T00:21:59.013+0000] {dag.py:3036} INFO - Sync 2 DAGs
[2025-07-30T00:21:59.017+0000] {logging_mixin.py:188} INFO - [2025-07-30T00:21:59.017+0000] {dag.py:3823} INFO - Setting next_dagrun for example_subdag_operator.section-1 to None, run_after=None
[2025-07-30T00:21:59.017+0000] {logging_mixin.py:188} INFO - [2025-07-30T00:21:59.017+0000] {dag.py:3823} INFO - Setting next_dagrun for example_subdag_operator.section-2 to None, run_after=None
[2025-07-30T00:21:59.049+0000] {processor.py:183} INFO - Processing /home/azureuser/.pyenv/versions/3.11.9/envs/airflow-venv/lib/python3.11/site-packages/airflow/example_dags/example_subdag_operator.py took 0.134 seconds
[2025-07-30T00:22:46.349+0000] {processor.py:161} INFO - Started process (PID=34363) to work on /home/azureuser/.pyenv/versions/3.11.9/envs/airflow-venv/lib/python3.11/site-packages/airflow/example_dags/example_subdag_operator.py
[2025-07-30T00:22:46.351+0000] {processor.py:830} INFO - Processing file /home/azureuser/.pyenv/versions/3.11.9/envs/airflow-venv/lib/python3.11/site-packages/airflow/example_dags/example_subdag_operator.py for tasks to queue
[2025-07-30T00:22:46.352+0000] {logging_mixin.py:188} INFO - [2025-07-30T00:22:46.351+0000] {dagbag.py:538} INFO - Filling up the DagBag from /home/azureuser/.pyenv/versions/3.11.9/envs/airflow-venv/lib/python3.11/site-packages/airflow/example_dags/example_subdag_operator.py
[2025-07-30T00:22:46.377+0000] {processor.py:840} INFO - DAG(s) 'example_subdag_operator.section-1', 'example_subdag_operator.section-2', 'example_subdag_operator' retrieved from /home/azureuser/.pyenv/versions/3.11.9/envs/airflow-venv/lib/python3.11/site-packages/airflow/example_dags/example_subdag_operator.py
[2025-07-30T00:22:46.395+0000] {logging_mixin.py:188} INFO - [2025-07-30T00:22:46.395+0000] {dag.py:3036} INFO - Sync 3 DAGs
[2025-07-30T00:22:46.417+0000] {logging_mixin.py:188} INFO - [2025-07-30T00:22:46.417+0000] {dag.py:3823} INFO - Setting next_dagrun for example_subdag_operator to 2022-01-01 00:00:00+00:00, run_after=2022-01-01 00:00:00+00:00
[2025-07-30T00:22:46.421+0000] {logging_mixin.py:188} INFO - [2025-07-30T00:22:46.420+0000] {dag.py:3823} INFO - Setting next_dagrun for example_subdag_operator.section-1 to None, run_after=None
[2025-07-30T00:22:46.422+0000] {logging_mixin.py:188} INFO - [2025-07-30T00:22:46.421+0000] {dag.py:3823} INFO - Setting next_dagrun for example_subdag_operator.section-2 to None, run_after=None
[2025-07-30T00:22:46.428+0000] {logging_mixin.py:188} INFO - [2025-07-30T00:22:46.428+0000] {dag.py:3036} INFO - Sync 2 DAGs
[2025-07-30T00:22:46.432+0000] {logging_mixin.py:188} INFO - [2025-07-30T00:22:46.432+0000] {dag.py:3823} INFO - Setting next_dagrun for example_subdag_operator.section-1 to None, run_after=None
[2025-07-30T00:22:46.432+0000] {logging_mixin.py:188} INFO - [2025-07-30T00:22:46.432+0000] {dag.py:3823} INFO - Setting next_dagrun for example_subdag_operator.section-2 to None, run_after=None
[2025-07-30T00:22:46.461+0000] {processor.py:183} INFO - Processing /home/azureuser/.pyenv/versions/3.11.9/envs/airflow-venv/lib/python3.11/site-packages/airflow/example_dags/example_subdag_operator.py took 0.116 seconds
[2025-07-30T00:23:34.698+0000] {processor.py:161} INFO - Started process (PID=34439) to work on /home/azureuser/.pyenv/versions/3.11.9/envs/airflow-venv/lib/python3.11/site-packages/airflow/example_dags/example_subdag_operator.py
[2025-07-30T00:23:34.699+0000] {processor.py:830} INFO - Processing file /home/azureuser/.pyenv/versions/3.11.9/envs/airflow-venv/lib/python3.11/site-packages/airflow/example_dags/example_subdag_operator.py for tasks to queue
[2025-07-30T00:23:34.700+0000] {logging_mixin.py:188} INFO - [2025-07-30T00:23:34.700+0000] {dagbag.py:538} INFO - Filling up the DagBag from /home/azureuser/.pyenv/versions/3.11.9/envs/airflow-venv/lib/python3.11/site-packages/airflow/example_dags/example_subdag_operator.py
[2025-07-30T00:23:34.728+0000] {processor.py:840} INFO - DAG(s) 'example_subdag_operator.section-1', 'example_subdag_operator.section-2', 'example_subdag_operator' retrieved from /home/azureuser/.pyenv/versions/3.11.9/envs/airflow-venv/lib/python3.11/site-packages/airflow/example_dags/example_subdag_operator.py
[2025-07-30T00:23:34.746+0000] {logging_mixin.py:188} INFO - [2025-07-30T00:23:34.746+0000] {dag.py:3036} INFO - Sync 3 DAGs
[2025-07-30T00:23:34.768+0000] {logging_mixin.py:188} INFO - [2025-07-30T00:23:34.768+0000] {dag.py:3823} INFO - Setting next_dagrun for example_subdag_operator to 2022-01-01 00:00:00+00:00, run_after=2022-01-01 00:00:00+00:00
[2025-07-30T00:23:34.772+0000] {logging_mixin.py:188} INFO - [2025-07-30T00:23:34.772+0000] {dag.py:3823} INFO - Setting next_dagrun for example_subdag_operator.section-1 to None, run_after=None
[2025-07-30T00:23:34.773+0000] {logging_mixin.py:188} INFO - [2025-07-30T00:23:34.773+0000] {dag.py:3823} INFO - Setting next_dagrun for example_subdag_operator.section-2 to None, run_after=None
[2025-07-30T00:23:34.780+0000] {logging_mixin.py:188} INFO - [2025-07-30T00:23:34.780+0000] {dag.py:3036} INFO - Sync 2 DAGs
[2025-07-30T00:23:34.786+0000] {logging_mixin.py:188} INFO - [2025-07-30T00:23:34.786+0000] {dag.py:3823} INFO - Setting next_dagrun for example_subdag_operator.section-1 to None, run_after=None
[2025-07-30T00:23:34.786+0000] {logging_mixin.py:188} INFO - [2025-07-30T00:23:34.786+0000] {dag.py:3823} INFO - Setting next_dagrun for example_subdag_operator.section-2 to None, run_after=None
[2025-07-30T00:23:34.815+0000] {processor.py:183} INFO - Processing /home/azureuser/.pyenv/versions/3.11.9/envs/airflow-venv/lib/python3.11/site-packages/airflow/example_dags/example_subdag_operator.py took 0.122 seconds
[2025-07-30T00:24:20.633+0000] {processor.py:161} INFO - Started process (PID=34499) to work on /home/azureuser/.pyenv/versions/3.11.9/envs/airflow-venv/lib/python3.11/site-packages/airflow/example_dags/example_subdag_operator.py
[2025-07-30T00:24:20.635+0000] {processor.py:830} INFO - Processing file /home/azureuser/.pyenv/versions/3.11.9/envs/airflow-venv/lib/python3.11/site-packages/airflow/example_dags/example_subdag_operator.py for tasks to queue
[2025-07-30T00:24:20.636+0000] {logging_mixin.py:188} INFO - [2025-07-30T00:24:20.635+0000] {dagbag.py:538} INFO - Filling up the DagBag from /home/azureuser/.pyenv/versions/3.11.9/envs/airflow-venv/lib/python3.11/site-packages/airflow/example_dags/example_subdag_operator.py
[2025-07-30T00:24:20.662+0000] {processor.py:840} INFO - DAG(s) 'example_subdag_operator.section-1', 'example_subdag_operator.section-2', 'example_subdag_operator' retrieved from /home/azureuser/.pyenv/versions/3.11.9/envs/airflow-venv/lib/python3.11/site-packages/airflow/example_dags/example_subdag_operator.py
[2025-07-30T00:24:20.679+0000] {logging_mixin.py:188} INFO - [2025-07-30T00:24:20.679+0000] {dag.py:3036} INFO - Sync 3 DAGs
[2025-07-30T00:24:20.859+0000] {logging_mixin.py:188} INFO - [2025-07-30T00:24:20.859+0000] {dag.py:3823} INFO - Setting next_dagrun for example_subdag_operator to 2022-01-01 00:00:00+00:00, run_after=2022-01-01 00:00:00+00:00
[2025-07-30T00:24:20.863+0000] {logging_mixin.py:188} INFO - [2025-07-30T00:24:20.863+0000] {dag.py:3823} INFO - Setting next_dagrun for example_subdag_operator.section-1 to None, run_after=None
[2025-07-30T00:24:20.864+0000] {logging_mixin.py:188} INFO - [2025-07-30T00:24:20.864+0000] {dag.py:3823} INFO - Setting next_dagrun for example_subdag_operator.section-2 to None, run_after=None
[2025-07-30T00:24:20.870+0000] {logging_mixin.py:188} INFO - [2025-07-30T00:24:20.870+0000] {dag.py:3036} INFO - Sync 2 DAGs
[2025-07-30T00:24:20.874+0000] {logging_mixin.py:188} INFO - [2025-07-30T00:24:20.874+0000] {dag.py:3823} INFO - Setting next_dagrun for example_subdag_operator.section-1 to None, run_after=None
[2025-07-30T00:24:20.874+0000] {logging_mixin.py:188} INFO - [2025-07-30T00:24:20.874+0000] {dag.py:3823} INFO - Setting next_dagrun for example_subdag_operator.section-2 to None, run_after=None
[2025-07-30T00:24:20.911+0000] {processor.py:183} INFO - Processing /home/azureuser/.pyenv/versions/3.11.9/envs/airflow-venv/lib/python3.11/site-packages/airflow/example_dags/example_subdag_operator.py took 0.282 seconds
[2025-07-30T00:25:11.629+0000] {processor.py:161} INFO - Started process (PID=34576) to work on /home/azureuser/.pyenv/versions/3.11.9/envs/airflow-venv/lib/python3.11/site-packages/airflow/example_dags/example_subdag_operator.py
[2025-07-30T00:25:11.630+0000] {processor.py:830} INFO - Processing file /home/azureuser/.pyenv/versions/3.11.9/envs/airflow-venv/lib/python3.11/site-packages/airflow/example_dags/example_subdag_operator.py for tasks to queue
[2025-07-30T00:25:11.632+0000] {logging_mixin.py:188} INFO - [2025-07-30T00:25:11.631+0000] {dagbag.py:538} INFO - Filling up the DagBag from /home/azureuser/.pyenv/versions/3.11.9/envs/airflow-venv/lib/python3.11/site-packages/airflow/example_dags/example_subdag_operator.py
[2025-07-30T00:25:11.657+0000] {processor.py:840} INFO - DAG(s) 'example_subdag_operator.section-1', 'example_subdag_operator.section-2', 'example_subdag_operator' retrieved from /home/azureuser/.pyenv/versions/3.11.9/envs/airflow-venv/lib/python3.11/site-packages/airflow/example_dags/example_subdag_operator.py
[2025-07-30T00:25:11.676+0000] {logging_mixin.py:188} INFO - [2025-07-30T00:25:11.676+0000] {dag.py:3036} INFO - Sync 3 DAGs
[2025-07-30T00:25:11.699+0000] {logging_mixin.py:188} INFO - [2025-07-30T00:25:11.698+0000] {dag.py:3823} INFO - Setting next_dagrun for example_subdag_operator to 2022-01-01 00:00:00+00:00, run_after=2022-01-01 00:00:00+00:00
[2025-07-30T00:25:11.703+0000] {logging_mixin.py:188} INFO - [2025-07-30T00:25:11.702+0000] {dag.py:3823} INFO - Setting next_dagrun for example_subdag_operator.section-1 to None, run_after=None
[2025-07-30T00:25:11.704+0000] {logging_mixin.py:188} INFO - [2025-07-30T00:25:11.704+0000] {dag.py:3823} INFO - Setting next_dagrun for example_subdag_operator.section-2 to None, run_after=None
[2025-07-30T00:25:11.711+0000] {logging_mixin.py:188} INFO - [2025-07-30T00:25:11.710+0000] {dag.py:3036} INFO - Sync 2 DAGs
[2025-07-30T00:25:11.715+0000] {logging_mixin.py:188} INFO - [2025-07-30T00:25:11.715+0000] {dag.py:3823} INFO - Setting next_dagrun for example_subdag_operator.section-1 to None, run_after=None
[2025-07-30T00:25:11.715+0000] {logging_mixin.py:188} INFO - [2025-07-30T00:25:11.715+0000] {dag.py:3823} INFO - Setting next_dagrun for example_subdag_operator.section-2 to None, run_after=None
[2025-07-30T00:25:11.746+0000] {processor.py:183} INFO - Processing /home/azureuser/.pyenv/versions/3.11.9/envs/airflow-venv/lib/python3.11/site-packages/airflow/example_dags/example_subdag_operator.py took 0.121 seconds
[2025-07-30T00:25:52.301+0000] {processor.py:161} INFO - Started process (PID=34637) to work on /home/azureuser/.pyenv/versions/3.11.9/envs/airflow-venv/lib/python3.11/site-packages/airflow/example_dags/example_subdag_operator.py
[2025-07-30T00:25:52.304+0000] {processor.py:830} INFO - Processing file /home/azureuser/.pyenv/versions/3.11.9/envs/airflow-venv/lib/python3.11/site-packages/airflow/example_dags/example_subdag_operator.py for tasks to queue
[2025-07-30T00:25:52.306+0000] {logging_mixin.py:188} INFO - [2025-07-30T00:25:52.305+0000] {dagbag.py:538} INFO - Filling up the DagBag from /home/azureuser/.pyenv/versions/3.11.9/envs/airflow-venv/lib/python3.11/site-packages/airflow/example_dags/example_subdag_operator.py
[2025-07-30T00:25:52.355+0000] {processor.py:840} INFO - DAG(s) 'example_subdag_operator.section-1', 'example_subdag_operator.section-2', 'example_subdag_operator' retrieved from /home/azureuser/.pyenv/versions/3.11.9/envs/airflow-venv/lib/python3.11/site-packages/airflow/example_dags/example_subdag_operator.py
[2025-07-30T00:25:52.404+0000] {logging_mixin.py:188} INFO - [2025-07-30T00:25:52.404+0000] {dag.py:3036} INFO - Sync 3 DAGs
[2025-07-30T00:25:52.450+0000] {logging_mixin.py:188} INFO - [2025-07-30T00:25:52.449+0000] {dag.py:3823} INFO - Setting next_dagrun for example_subdag_operator to 2022-01-01 00:00:00+00:00, run_after=2022-01-01 00:00:00+00:00
[2025-07-30T00:25:52.457+0000] {logging_mixin.py:188} INFO - [2025-07-30T00:25:52.457+0000] {dag.py:3823} INFO - Setting next_dagrun for example_subdag_operator.section-1 to None, run_after=None
[2025-07-30T00:25:52.458+0000] {logging_mixin.py:188} INFO - [2025-07-30T00:25:52.458+0000] {dag.py:3823} INFO - Setting next_dagrun for example_subdag_operator.section-2 to None, run_after=None
[2025-07-30T00:25:52.473+0000] {logging_mixin.py:188} INFO - [2025-07-30T00:25:52.472+0000] {dag.py:3036} INFO - Sync 2 DAGs
[2025-07-30T00:25:52.482+0000] {logging_mixin.py:188} INFO - [2025-07-30T00:25:52.481+0000] {dag.py:3823} INFO - Setting next_dagrun for example_subdag_operator.section-1 to None, run_after=None
[2025-07-30T00:25:52.483+0000] {logging_mixin.py:188} INFO - [2025-07-30T00:25:52.483+0000] {dag.py:3823} INFO - Setting next_dagrun for example_subdag_operator.section-2 to None, run_after=None
[2025-07-30T00:25:52.525+0000] {processor.py:183} INFO - Processing /home/azureuser/.pyenv/versions/3.11.9/envs/airflow-venv/lib/python3.11/site-packages/airflow/example_dags/example_subdag_operator.py took 0.230 seconds
[2025-07-30T20:45:42.183+0000] {processor.py:161} INFO - Started process (PID=1276) to work on /home/azureuser/.pyenv/versions/3.11.9/envs/airflow-venv/lib/python3.11/site-packages/airflow/example_dags/example_subdag_operator.py
[2025-07-30T20:45:42.190+0000] {processor.py:830} INFO - Processing file /home/azureuser/.pyenv/versions/3.11.9/envs/airflow-venv/lib/python3.11/site-packages/airflow/example_dags/example_subdag_operator.py for tasks to queue
[2025-07-30T20:45:42.191+0000] {logging_mixin.py:188} INFO - [2025-07-30T20:45:42.190+0000] {dagbag.py:538} INFO - Filling up the DagBag from /home/azureuser/.pyenv/versions/3.11.9/envs/airflow-venv/lib/python3.11/site-packages/airflow/example_dags/example_subdag_operator.py
[2025-07-30T20:45:42.216+0000] {processor.py:840} INFO - DAG(s) 'example_subdag_operator.section-1', 'example_subdag_operator.section-2', 'example_subdag_operator' retrieved from /home/azureuser/.pyenv/versions/3.11.9/envs/airflow-venv/lib/python3.11/site-packages/airflow/example_dags/example_subdag_operator.py
[2025-07-30T20:45:42.312+0000] {logging_mixin.py:188} INFO - [2025-07-30T20:45:42.312+0000] {dag.py:3036} INFO - Sync 3 DAGs
[2025-07-30T20:45:42.330+0000] {logging_mixin.py:188} INFO - [2025-07-30T20:45:42.329+0000] {dag.py:3823} INFO - Setting next_dagrun for example_subdag_operator to 2022-01-01 00:00:00+00:00, run_after=2022-01-01 00:00:00+00:00
[2025-07-30T20:45:42.332+0000] {logging_mixin.py:188} INFO - [2025-07-30T20:45:42.332+0000] {dag.py:3823} INFO - Setting next_dagrun for example_subdag_operator.section-1 to None, run_after=None
[2025-07-30T20:45:42.333+0000] {logging_mixin.py:188} INFO - [2025-07-30T20:45:42.333+0000] {dag.py:3823} INFO - Setting next_dagrun for example_subdag_operator.section-2 to None, run_after=None
[2025-07-30T20:45:42.340+0000] {logging_mixin.py:188} INFO - [2025-07-30T20:45:42.339+0000] {dag.py:3036} INFO - Sync 2 DAGs
[2025-07-30T20:45:42.343+0000] {logging_mixin.py:188} INFO - [2025-07-30T20:45:42.343+0000] {dag.py:3823} INFO - Setting next_dagrun for example_subdag_operator.section-1 to None, run_after=None
[2025-07-30T20:45:42.343+0000] {logging_mixin.py:188} INFO - [2025-07-30T20:45:42.343+0000] {dag.py:3823} INFO - Setting next_dagrun for example_subdag_operator.section-2 to None, run_after=None
[2025-07-30T20:45:42.364+0000] {processor.py:183} INFO - Processing /home/azureuser/.pyenv/versions/3.11.9/envs/airflow-venv/lib/python3.11/site-packages/airflow/example_dags/example_subdag_operator.py took 0.185 seconds
[2025-07-30T20:46:32.288+0000] {processor.py:161} INFO - Started process (PID=1394) to work on /home/azureuser/.pyenv/versions/3.11.9/envs/airflow-venv/lib/python3.11/site-packages/airflow/example_dags/example_subdag_operator.py
[2025-07-30T20:46:32.290+0000] {processor.py:830} INFO - Processing file /home/azureuser/.pyenv/versions/3.11.9/envs/airflow-venv/lib/python3.11/site-packages/airflow/example_dags/example_subdag_operator.py for tasks to queue
[2025-07-30T20:46:32.291+0000] {logging_mixin.py:188} INFO - [2025-07-30T20:46:32.290+0000] {dagbag.py:538} INFO - Filling up the DagBag from /home/azureuser/.pyenv/versions/3.11.9/envs/airflow-venv/lib/python3.11/site-packages/airflow/example_dags/example_subdag_operator.py
[2025-07-30T20:46:32.313+0000] {processor.py:840} INFO - DAG(s) 'example_subdag_operator.section-1', 'example_subdag_operator.section-2', 'example_subdag_operator' retrieved from /home/azureuser/.pyenv/versions/3.11.9/envs/airflow-venv/lib/python3.11/site-packages/airflow/example_dags/example_subdag_operator.py
[2025-07-30T20:46:32.330+0000] {logging_mixin.py:188} INFO - [2025-07-30T20:46:32.329+0000] {dag.py:3036} INFO - Sync 3 DAGs
[2025-07-30T20:46:32.349+0000] {logging_mixin.py:188} INFO - [2025-07-30T20:46:32.349+0000] {dag.py:3823} INFO - Setting next_dagrun for example_subdag_operator to 2022-01-01 00:00:00+00:00, run_after=2022-01-01 00:00:00+00:00
[2025-07-30T20:46:32.352+0000] {logging_mixin.py:188} INFO - [2025-07-30T20:46:32.352+0000] {dag.py:3823} INFO - Setting next_dagrun for example_subdag_operator.section-1 to None, run_after=None
[2025-07-30T20:46:32.353+0000] {logging_mixin.py:188} INFO - [2025-07-30T20:46:32.353+0000] {dag.py:3823} INFO - Setting next_dagrun for example_subdag_operator.section-2 to None, run_after=None
[2025-07-30T20:46:32.359+0000] {logging_mixin.py:188} INFO - [2025-07-30T20:46:32.359+0000] {dag.py:3036} INFO - Sync 2 DAGs
[2025-07-30T20:46:32.363+0000] {logging_mixin.py:188} INFO - [2025-07-30T20:46:32.363+0000] {dag.py:3823} INFO - Setting next_dagrun for example_subdag_operator.section-1 to None, run_after=None
[2025-07-30T20:46:32.363+0000] {logging_mixin.py:188} INFO - [2025-07-30T20:46:32.363+0000] {dag.py:3823} INFO - Setting next_dagrun for example_subdag_operator.section-2 to None, run_after=None
[2025-07-30T20:46:32.382+0000] {processor.py:183} INFO - Processing /home/azureuser/.pyenv/versions/3.11.9/envs/airflow-venv/lib/python3.11/site-packages/airflow/example_dags/example_subdag_operator.py took 0.097 seconds
[2025-07-30T20:47:20.064+0000] {processor.py:161} INFO - Started process (PID=1442) to work on /home/azureuser/.pyenv/versions/3.11.9/envs/airflow-venv/lib/python3.11/site-packages/airflow/example_dags/example_subdag_operator.py
[2025-07-30T20:47:20.065+0000] {processor.py:830} INFO - Processing file /home/azureuser/.pyenv/versions/3.11.9/envs/airflow-venv/lib/python3.11/site-packages/airflow/example_dags/example_subdag_operator.py for tasks to queue
[2025-07-30T20:47:20.066+0000] {logging_mixin.py:188} INFO - [2025-07-30T20:47:20.066+0000] {dagbag.py:538} INFO - Filling up the DagBag from /home/azureuser/.pyenv/versions/3.11.9/envs/airflow-venv/lib/python3.11/site-packages/airflow/example_dags/example_subdag_operator.py
[2025-07-30T20:47:20.094+0000] {processor.py:840} INFO - DAG(s) 'example_subdag_operator.section-1', 'example_subdag_operator.section-2', 'example_subdag_operator' retrieved from /home/azureuser/.pyenv/versions/3.11.9/envs/airflow-venv/lib/python3.11/site-packages/airflow/example_dags/example_subdag_operator.py
[2025-07-30T20:47:20.112+0000] {logging_mixin.py:188} INFO - [2025-07-30T20:47:20.111+0000] {dag.py:3036} INFO - Sync 3 DAGs
[2025-07-30T20:47:20.133+0000] {logging_mixin.py:188} INFO - [2025-07-30T20:47:20.133+0000] {dag.py:3823} INFO - Setting next_dagrun for example_subdag_operator to 2022-01-01 00:00:00+00:00, run_after=2022-01-01 00:00:00+00:00
[2025-07-30T20:47:20.137+0000] {logging_mixin.py:188} INFO - [2025-07-30T20:47:20.137+0000] {dag.py:3823} INFO - Setting next_dagrun for example_subdag_operator.section-1 to None, run_after=None
[2025-07-30T20:47:20.138+0000] {logging_mixin.py:188} INFO - [2025-07-30T20:47:20.138+0000] {dag.py:3823} INFO - Setting next_dagrun for example_subdag_operator.section-2 to None, run_after=None
[2025-07-30T20:47:20.144+0000] {logging_mixin.py:188} INFO - [2025-07-30T20:47:20.144+0000] {dag.py:3036} INFO - Sync 2 DAGs
[2025-07-30T20:47:20.148+0000] {logging_mixin.py:188} INFO - [2025-07-30T20:47:20.148+0000] {dag.py:3823} INFO - Setting next_dagrun for example_subdag_operator.section-1 to None, run_after=None
[2025-07-30T20:47:20.149+0000] {logging_mixin.py:188} INFO - [2025-07-30T20:47:20.149+0000] {dag.py:3823} INFO - Setting next_dagrun for example_subdag_operator.section-2 to None, run_after=None
[2025-07-30T20:47:20.170+0000] {processor.py:183} INFO - Processing /home/azureuser/.pyenv/versions/3.11.9/envs/airflow-venv/lib/python3.11/site-packages/airflow/example_dags/example_subdag_operator.py took 0.110 seconds
[2025-07-30T21:03:30.082+0000] {processor.py:161} INFO - Started process (PID=1657) to work on /home/azureuser/.pyenv/versions/3.11.9/envs/airflow-venv/lib/python3.11/site-packages/airflow/example_dags/example_subdag_operator.py
[2025-07-30T21:03:30.084+0000] {processor.py:830} INFO - Processing file /home/azureuser/.pyenv/versions/3.11.9/envs/airflow-venv/lib/python3.11/site-packages/airflow/example_dags/example_subdag_operator.py for tasks to queue
[2025-07-30T21:03:30.085+0000] {logging_mixin.py:188} INFO - [2025-07-30T21:03:30.084+0000] {dagbag.py:538} INFO - Filling up the DagBag from /home/azureuser/.pyenv/versions/3.11.9/envs/airflow-venv/lib/python3.11/site-packages/airflow/example_dags/example_subdag_operator.py
[2025-07-30T21:03:30.107+0000] {processor.py:840} INFO - DAG(s) 'example_subdag_operator.section-1', 'example_subdag_operator.section-2', 'example_subdag_operator' retrieved from /home/azureuser/.pyenv/versions/3.11.9/envs/airflow-venv/lib/python3.11/site-packages/airflow/example_dags/example_subdag_operator.py
[2025-07-30T21:03:30.124+0000] {logging_mixin.py:188} INFO - [2025-07-30T21:03:30.123+0000] {dag.py:3036} INFO - Sync 3 DAGs
[2025-07-30T21:03:30.143+0000] {logging_mixin.py:188} INFO - [2025-07-30T21:03:30.143+0000] {dag.py:3823} INFO - Setting next_dagrun for example_subdag_operator to 2022-01-01 00:00:00+00:00, run_after=2022-01-01 00:00:00+00:00
[2025-07-30T21:03:30.147+0000] {logging_mixin.py:188} INFO - [2025-07-30T21:03:30.146+0000] {dag.py:3823} INFO - Setting next_dagrun for example_subdag_operator.section-1 to None, run_after=None
[2025-07-30T21:03:30.148+0000] {logging_mixin.py:188} INFO - [2025-07-30T21:03:30.147+0000] {dag.py:3823} INFO - Setting next_dagrun for example_subdag_operator.section-2 to None, run_after=None
[2025-07-30T21:03:30.153+0000] {logging_mixin.py:188} INFO - [2025-07-30T21:03:30.153+0000] {dag.py:3036} INFO - Sync 2 DAGs
[2025-07-30T21:03:30.157+0000] {logging_mixin.py:188} INFO - [2025-07-30T21:03:30.157+0000] {dag.py:3823} INFO - Setting next_dagrun for example_subdag_operator.section-1 to None, run_after=None
[2025-07-30T21:03:30.157+0000] {logging_mixin.py:188} INFO - [2025-07-30T21:03:30.157+0000] {dag.py:3823} INFO - Setting next_dagrun for example_subdag_operator.section-2 to None, run_after=None
[2025-07-30T21:03:30.176+0000] {processor.py:183} INFO - Processing /home/azureuser/.pyenv/versions/3.11.9/envs/airflow-venv/lib/python3.11/site-packages/airflow/example_dags/example_subdag_operator.py took 0.098 seconds
[2025-07-30T21:04:25.605+0000] {processor.py:161} INFO - Started process (PID=1712) to work on /home/azureuser/.pyenv/versions/3.11.9/envs/airflow-venv/lib/python3.11/site-packages/airflow/example_dags/example_subdag_operator.py
[2025-07-30T21:04:25.607+0000] {processor.py:830} INFO - Processing file /home/azureuser/.pyenv/versions/3.11.9/envs/airflow-venv/lib/python3.11/site-packages/airflow/example_dags/example_subdag_operator.py for tasks to queue
[2025-07-30T21:04:25.608+0000] {logging_mixin.py:188} INFO - [2025-07-30T21:04:25.607+0000] {dagbag.py:538} INFO - Filling up the DagBag from /home/azureuser/.pyenv/versions/3.11.9/envs/airflow-venv/lib/python3.11/site-packages/airflow/example_dags/example_subdag_operator.py
[2025-07-30T21:04:25.633+0000] {processor.py:840} INFO - DAG(s) 'example_subdag_operator.section-1', 'example_subdag_operator.section-2', 'example_subdag_operator' retrieved from /home/azureuser/.pyenv/versions/3.11.9/envs/airflow-venv/lib/python3.11/site-packages/airflow/example_dags/example_subdag_operator.py
[2025-07-30T21:04:25.650+0000] {logging_mixin.py:188} INFO - [2025-07-30T21:04:25.650+0000] {dag.py:3036} INFO - Sync 3 DAGs
[2025-07-30T21:04:25.808+0000] {logging_mixin.py:188} INFO - [2025-07-30T21:04:25.807+0000] {dag.py:3823} INFO - Setting next_dagrun for example_subdag_operator to 2022-01-01 00:00:00+00:00, run_after=2022-01-01 00:00:00+00:00
[2025-07-30T21:04:25.811+0000] {logging_mixin.py:188} INFO - [2025-07-30T21:04:25.811+0000] {dag.py:3823} INFO - Setting next_dagrun for example_subdag_operator.section-1 to None, run_after=None
[2025-07-30T21:04:25.812+0000] {logging_mixin.py:188} INFO - [2025-07-30T21:04:25.812+0000] {dag.py:3823} INFO - Setting next_dagrun for example_subdag_operator.section-2 to None, run_after=None
[2025-07-30T21:04:25.818+0000] {logging_mixin.py:188} INFO - [2025-07-30T21:04:25.817+0000] {dag.py:3036} INFO - Sync 2 DAGs
[2025-07-30T21:04:25.821+0000] {logging_mixin.py:188} INFO - [2025-07-30T21:04:25.821+0000] {dag.py:3823} INFO - Setting next_dagrun for example_subdag_operator.section-1 to None, run_after=None
[2025-07-30T21:04:25.821+0000] {logging_mixin.py:188} INFO - [2025-07-30T21:04:25.821+0000] {dag.py:3823} INFO - Setting next_dagrun for example_subdag_operator.section-2 to None, run_after=None
[2025-07-30T21:04:25.849+0000] {processor.py:183} INFO - Processing /home/azureuser/.pyenv/versions/3.11.9/envs/airflow-venv/lib/python3.11/site-packages/airflow/example_dags/example_subdag_operator.py took 0.247 seconds
[2025-07-30T21:05:14.518+0000] {processor.py:161} INFO - Started process (PID=1761) to work on /home/azureuser/.pyenv/versions/3.11.9/envs/airflow-venv/lib/python3.11/site-packages/airflow/example_dags/example_subdag_operator.py
[2025-07-30T21:05:14.520+0000] {processor.py:830} INFO - Processing file /home/azureuser/.pyenv/versions/3.11.9/envs/airflow-venv/lib/python3.11/site-packages/airflow/example_dags/example_subdag_operator.py for tasks to queue
[2025-07-30T21:05:14.521+0000] {logging_mixin.py:188} INFO - [2025-07-30T21:05:14.520+0000] {dagbag.py:538} INFO - Filling up the DagBag from /home/azureuser/.pyenv/versions/3.11.9/envs/airflow-venv/lib/python3.11/site-packages/airflow/example_dags/example_subdag_operator.py
[2025-07-30T21:05:14.544+0000] {processor.py:840} INFO - DAG(s) 'example_subdag_operator.section-1', 'example_subdag_operator.section-2', 'example_subdag_operator' retrieved from /home/azureuser/.pyenv/versions/3.11.9/envs/airflow-venv/lib/python3.11/site-packages/airflow/example_dags/example_subdag_operator.py
[2025-07-30T21:05:14.562+0000] {logging_mixin.py:188} INFO - [2025-07-30T21:05:14.561+0000] {dag.py:3036} INFO - Sync 3 DAGs
[2025-07-30T21:05:14.583+0000] {logging_mixin.py:188} INFO - [2025-07-30T21:05:14.583+0000] {dag.py:3823} INFO - Setting next_dagrun for example_subdag_operator to 2022-01-01 00:00:00+00:00, run_after=2022-01-01 00:00:00+00:00
[2025-07-30T21:05:14.587+0000] {logging_mixin.py:188} INFO - [2025-07-30T21:05:14.586+0000] {dag.py:3823} INFO - Setting next_dagrun for example_subdag_operator.section-1 to None, run_after=None
[2025-07-30T21:05:14.588+0000] {logging_mixin.py:188} INFO - [2025-07-30T21:05:14.587+0000] {dag.py:3823} INFO - Setting next_dagrun for example_subdag_operator.section-2 to None, run_after=None
[2025-07-30T21:05:14.596+0000] {logging_mixin.py:188} INFO - [2025-07-30T21:05:14.596+0000] {dag.py:3036} INFO - Sync 2 DAGs
[2025-07-30T21:05:14.600+0000] {logging_mixin.py:188} INFO - [2025-07-30T21:05:14.600+0000] {dag.py:3823} INFO - Setting next_dagrun for example_subdag_operator.section-1 to None, run_after=None
[2025-07-30T21:05:14.600+0000] {logging_mixin.py:188} INFO - [2025-07-30T21:05:14.600+0000] {dag.py:3823} INFO - Setting next_dagrun for example_subdag_operator.section-2 to None, run_after=None
[2025-07-30T21:05:14.624+0000] {processor.py:183} INFO - Processing /home/azureuser/.pyenv/versions/3.11.9/envs/airflow-venv/lib/python3.11/site-packages/airflow/example_dags/example_subdag_operator.py took 0.110 seconds
[2025-07-30T21:05:50.992+0000] {processor.py:161} INFO - Started process (PID=1798) to work on /home/azureuser/.pyenv/versions/3.11.9/envs/airflow-venv/lib/python3.11/site-packages/airflow/example_dags/example_subdag_operator.py
[2025-07-30T21:05:50.994+0000] {processor.py:830} INFO - Processing file /home/azureuser/.pyenv/versions/3.11.9/envs/airflow-venv/lib/python3.11/site-packages/airflow/example_dags/example_subdag_operator.py for tasks to queue
[2025-07-30T21:05:50.995+0000] {logging_mixin.py:188} INFO - [2025-07-30T21:05:50.994+0000] {dagbag.py:538} INFO - Filling up the DagBag from /home/azureuser/.pyenv/versions/3.11.9/envs/airflow-venv/lib/python3.11/site-packages/airflow/example_dags/example_subdag_operator.py
[2025-07-30T21:05:51.020+0000] {processor.py:840} INFO - DAG(s) 'example_subdag_operator.section-1', 'example_subdag_operator.section-2', 'example_subdag_operator' retrieved from /home/azureuser/.pyenv/versions/3.11.9/envs/airflow-venv/lib/python3.11/site-packages/airflow/example_dags/example_subdag_operator.py
[2025-07-30T21:05:51.038+0000] {logging_mixin.py:188} INFO - [2025-07-30T21:05:51.037+0000] {dag.py:3036} INFO - Sync 3 DAGs
[2025-07-30T21:05:51.063+0000] {logging_mixin.py:188} INFO - [2025-07-30T21:05:51.063+0000] {dag.py:3823} INFO - Setting next_dagrun for example_subdag_operator to 2022-01-01 00:00:00+00:00, run_after=2022-01-01 00:00:00+00:00
[2025-07-30T21:05:51.066+0000] {logging_mixin.py:188} INFO - [2025-07-30T21:05:51.066+0000] {dag.py:3823} INFO - Setting next_dagrun for example_subdag_operator.section-1 to None, run_after=None
[2025-07-30T21:05:51.067+0000] {logging_mixin.py:188} INFO - [2025-07-30T21:05:51.067+0000] {dag.py:3823} INFO - Setting next_dagrun for example_subdag_operator.section-2 to None, run_after=None
[2025-07-30T21:05:51.074+0000] {logging_mixin.py:188} INFO - [2025-07-30T21:05:51.074+0000] {dag.py:3036} INFO - Sync 2 DAGs
[2025-07-30T21:05:51.080+0000] {logging_mixin.py:188} INFO - [2025-07-30T21:05:51.080+0000] {dag.py:3823} INFO - Setting next_dagrun for example_subdag_operator.section-1 to None, run_after=None
[2025-07-30T21:05:51.080+0000] {logging_mixin.py:188} INFO - [2025-07-30T21:05:51.080+0000] {dag.py:3823} INFO - Setting next_dagrun for example_subdag_operator.section-2 to None, run_after=None
[2025-07-30T21:05:51.101+0000] {processor.py:183} INFO - Processing /home/azureuser/.pyenv/versions/3.11.9/envs/airflow-venv/lib/python3.11/site-packages/airflow/example_dags/example_subdag_operator.py took 0.114 seconds
[2025-07-30T21:06:30.035+0000] {processor.py:161} INFO - Started process (PID=1837) to work on /home/azureuser/.pyenv/versions/3.11.9/envs/airflow-venv/lib/python3.11/site-packages/airflow/example_dags/example_subdag_operator.py
[2025-07-30T21:06:30.036+0000] {processor.py:830} INFO - Processing file /home/azureuser/.pyenv/versions/3.11.9/envs/airflow-venv/lib/python3.11/site-packages/airflow/example_dags/example_subdag_operator.py for tasks to queue
[2025-07-30T21:06:30.038+0000] {logging_mixin.py:188} INFO - [2025-07-30T21:06:30.037+0000] {dagbag.py:538} INFO - Filling up the DagBag from /home/azureuser/.pyenv/versions/3.11.9/envs/airflow-venv/lib/python3.11/site-packages/airflow/example_dags/example_subdag_operator.py
[2025-07-30T21:06:30.062+0000] {processor.py:840} INFO - DAG(s) 'example_subdag_operator.section-1', 'example_subdag_operator.section-2', 'example_subdag_operator' retrieved from /home/azureuser/.pyenv/versions/3.11.9/envs/airflow-venv/lib/python3.11/site-packages/airflow/example_dags/example_subdag_operator.py
[2025-07-30T21:06:30.080+0000] {logging_mixin.py:188} INFO - [2025-07-30T21:06:30.079+0000] {dag.py:3036} INFO - Sync 3 DAGs
[2025-07-30T21:06:30.101+0000] {logging_mixin.py:188} INFO - [2025-07-30T21:06:30.100+0000] {dag.py:3823} INFO - Setting next_dagrun for example_subdag_operator to 2022-01-01 00:00:00+00:00, run_after=2022-01-01 00:00:00+00:00
[2025-07-30T21:06:30.104+0000] {logging_mixin.py:188} INFO - [2025-07-30T21:06:30.104+0000] {dag.py:3823} INFO - Setting next_dagrun for example_subdag_operator.section-1 to None, run_after=None
[2025-07-30T21:06:30.105+0000] {logging_mixin.py:188} INFO - [2025-07-30T21:06:30.105+0000] {dag.py:3823} INFO - Setting next_dagrun for example_subdag_operator.section-2 to None, run_after=None
[2025-07-30T21:06:30.111+0000] {logging_mixin.py:188} INFO - [2025-07-30T21:06:30.111+0000] {dag.py:3036} INFO - Sync 2 DAGs
[2025-07-30T21:06:30.115+0000] {logging_mixin.py:188} INFO - [2025-07-30T21:06:30.115+0000] {dag.py:3823} INFO - Setting next_dagrun for example_subdag_operator.section-1 to None, run_after=None
[2025-07-30T21:06:30.115+0000] {logging_mixin.py:188} INFO - [2025-07-30T21:06:30.115+0000] {dag.py:3823} INFO - Setting next_dagrun for example_subdag_operator.section-2 to None, run_after=None
[2025-07-30T21:06:30.143+0000] {processor.py:183} INFO - Processing /home/azureuser/.pyenv/versions/3.11.9/envs/airflow-venv/lib/python3.11/site-packages/airflow/example_dags/example_subdag_operator.py took 0.113 seconds
[2025-07-30T21:07:06.743+0000] {processor.py:161} INFO - Started process (PID=1877) to work on /home/azureuser/.pyenv/versions/3.11.9/envs/airflow-venv/lib/python3.11/site-packages/airflow/example_dags/example_subdag_operator.py
[2025-07-30T21:07:06.745+0000] {processor.py:830} INFO - Processing file /home/azureuser/.pyenv/versions/3.11.9/envs/airflow-venv/lib/python3.11/site-packages/airflow/example_dags/example_subdag_operator.py for tasks to queue
[2025-07-30T21:07:06.746+0000] {logging_mixin.py:188} INFO - [2025-07-30T21:07:06.745+0000] {dagbag.py:538} INFO - Filling up the DagBag from /home/azureuser/.pyenv/versions/3.11.9/envs/airflow-venv/lib/python3.11/site-packages/airflow/example_dags/example_subdag_operator.py
[2025-07-30T21:07:06.773+0000] {processor.py:840} INFO - DAG(s) 'example_subdag_operator.section-1', 'example_subdag_operator.section-2', 'example_subdag_operator' retrieved from /home/azureuser/.pyenv/versions/3.11.9/envs/airflow-venv/lib/python3.11/site-packages/airflow/example_dags/example_subdag_operator.py
[2025-07-30T21:07:06.791+0000] {logging_mixin.py:188} INFO - [2025-07-30T21:07:06.791+0000] {dag.py:3036} INFO - Sync 3 DAGs
[2025-07-30T21:07:06.820+0000] {logging_mixin.py:188} INFO - [2025-07-30T21:07:06.820+0000] {dag.py:3823} INFO - Setting next_dagrun for example_subdag_operator to 2022-01-01 00:00:00+00:00, run_after=2022-01-01 00:00:00+00:00
[2025-07-30T21:07:06.825+0000] {logging_mixin.py:188} INFO - [2025-07-30T21:07:06.825+0000] {dag.py:3823} INFO - Setting next_dagrun for example_subdag_operator.section-1 to None, run_after=None
[2025-07-30T21:07:06.826+0000] {logging_mixin.py:188} INFO - [2025-07-30T21:07:06.826+0000] {dag.py:3823} INFO - Setting next_dagrun for example_subdag_operator.section-2 to None, run_after=None
[2025-07-30T21:07:06.832+0000] {logging_mixin.py:188} INFO - [2025-07-30T21:07:06.832+0000] {dag.py:3036} INFO - Sync 2 DAGs
[2025-07-30T21:07:06.836+0000] {logging_mixin.py:188} INFO - [2025-07-30T21:07:06.836+0000] {dag.py:3823} INFO - Setting next_dagrun for example_subdag_operator.section-1 to None, run_after=None
[2025-07-30T21:07:06.836+0000] {logging_mixin.py:188} INFO - [2025-07-30T21:07:06.836+0000] {dag.py:3823} INFO - Setting next_dagrun for example_subdag_operator.section-2 to None, run_after=None
[2025-07-30T21:07:06.870+0000] {processor.py:183} INFO - Processing /home/azureuser/.pyenv/versions/3.11.9/envs/airflow-venv/lib/python3.11/site-packages/airflow/example_dags/example_subdag_operator.py took 0.130 seconds
