[2025-07-30T00:21:19.289+0000] {processor.py:161} INFO - Started process (PID=34232) to work on /home/azureuser/.pyenv/versions/3.11.9/envs/airflow-venv/lib/python3.11/site-packages/airflow/example_dags/example_sensor_decorator.py
[2025-07-30T00:21:19.290+0000] {processor.py:830} INFO - Processing file /home/azureuser/.pyenv/versions/3.11.9/envs/airflow-venv/lib/python3.11/site-packages/airflow/example_dags/example_sensor_decorator.py for tasks to queue
[2025-07-30T00:21:19.291+0000] {logging_mixin.py:188} INFO - [2025-07-30T00:21:19.291+0000] {dagbag.py:538} INFO - Filling up the DagBag from /home/azureuser/.pyenv/versions/3.11.9/envs/airflow-venv/lib/python3.11/site-packages/airflow/example_dags/example_sensor_decorator.py
[2025-07-30T00:21:19.300+0000] {processor.py:840} INFO - DAG(s) 'example_sensor_decorator' retrieved from /home/azureuser/.pyenv/versions/3.11.9/envs/airflow-venv/lib/python3.11/site-packages/airflow/example_dags/example_sensor_decorator.py
[2025-07-30T00:21:19.465+0000] {logging_mixin.py:188} INFO - [2025-07-30T00:21:19.464+0000] {override.py:1769} INFO - Created Permission View: can delete on DAG:example_sensor_decorator
[2025-07-30T00:21:19.495+0000] {logging_mixin.py:188} INFO - [2025-07-30T00:21:19.494+0000] {override.py:1769} INFO - Created Permission View: can read on DAG:example_sensor_decorator
[2025-07-30T00:21:19.522+0000] {logging_mixin.py:188} INFO - [2025-07-30T00:21:19.521+0000] {override.py:1769} INFO - Created Permission View: can edit on DAG:example_sensor_decorator
[2025-07-30T00:21:19.522+0000] {logging_mixin.py:188} INFO - [2025-07-30T00:21:19.522+0000] {dag.py:3036} INFO - Sync 1 DAGs
[2025-07-30T00:21:19.545+0000] {logging_mixin.py:188} INFO - [2025-07-30T00:21:19.544+0000] {dag.py:3058} INFO - Creating ORM DAG for example_sensor_decorator
[2025-07-30T00:21:19.548+0000] {logging_mixin.py:188} INFO - [2025-07-30T00:21:19.548+0000] {dag.py:3823} INFO - Setting next_dagrun for example_sensor_decorator to None, run_after=None
[2025-07-30T00:21:19.599+0000] {processor.py:183} INFO - Processing /home/azureuser/.pyenv/versions/3.11.9/envs/airflow-venv/lib/python3.11/site-packages/airflow/example_dags/example_sensor_decorator.py took 0.314 seconds
[2025-07-30T00:22:13.742+0000] {processor.py:161} INFO - Started process (PID=34319) to work on /home/azureuser/.pyenv/versions/3.11.9/envs/airflow-venv/lib/python3.11/site-packages/airflow/example_dags/example_sensor_decorator.py
[2025-07-30T00:22:13.743+0000] {processor.py:830} INFO - Processing file /home/azureuser/.pyenv/versions/3.11.9/envs/airflow-venv/lib/python3.11/site-packages/airflow/example_dags/example_sensor_decorator.py for tasks to queue
[2025-07-30T00:22:13.745+0000] {logging_mixin.py:188} INFO - [2025-07-30T00:22:13.744+0000] {dagbag.py:538} INFO - Filling up the DagBag from /home/azureuser/.pyenv/versions/3.11.9/envs/airflow-venv/lib/python3.11/site-packages/airflow/example_dags/example_sensor_decorator.py
[2025-07-30T00:22:13.755+0000] {processor.py:840} INFO - DAG(s) 'example_sensor_decorator' retrieved from /home/azureuser/.pyenv/versions/3.11.9/envs/airflow-venv/lib/python3.11/site-packages/airflow/example_dags/example_sensor_decorator.py
[2025-07-30T00:22:13.778+0000] {logging_mixin.py:188} INFO - [2025-07-30T00:22:13.778+0000] {dag.py:3036} INFO - Sync 1 DAGs
[2025-07-30T00:22:13.792+0000] {logging_mixin.py:188} INFO - [2025-07-30T00:22:13.791+0000] {dag.py:3823} INFO - Setting next_dagrun for example_sensor_decorator to None, run_after=None
[2025-07-30T00:22:13.834+0000] {processor.py:183} INFO - Processing /home/azureuser/.pyenv/versions/3.11.9/envs/airflow-venv/lib/python3.11/site-packages/airflow/example_dags/example_sensor_decorator.py took 0.096 seconds
[2025-07-30T00:23:04.205+0000] {processor.py:161} INFO - Started process (PID=34389) to work on /home/azureuser/.pyenv/versions/3.11.9/envs/airflow-venv/lib/python3.11/site-packages/airflow/example_dags/example_sensor_decorator.py
[2025-07-30T00:23:04.207+0000] {processor.py:830} INFO - Processing file /home/azureuser/.pyenv/versions/3.11.9/envs/airflow-venv/lib/python3.11/site-packages/airflow/example_dags/example_sensor_decorator.py for tasks to queue
[2025-07-30T00:23:04.208+0000] {logging_mixin.py:188} INFO - [2025-07-30T00:23:04.208+0000] {dagbag.py:538} INFO - Filling up the DagBag from /home/azureuser/.pyenv/versions/3.11.9/envs/airflow-venv/lib/python3.11/site-packages/airflow/example_dags/example_sensor_decorator.py
[2025-07-30T00:23:04.217+0000] {processor.py:840} INFO - DAG(s) 'example_sensor_decorator' retrieved from /home/azureuser/.pyenv/versions/3.11.9/envs/airflow-venv/lib/python3.11/site-packages/airflow/example_dags/example_sensor_decorator.py
[2025-07-30T00:23:04.237+0000] {logging_mixin.py:188} INFO - [2025-07-30T00:23:04.237+0000] {dag.py:3036} INFO - Sync 1 DAGs
[2025-07-30T00:23:04.250+0000] {logging_mixin.py:188} INFO - [2025-07-30T00:23:04.250+0000] {dag.py:3823} INFO - Setting next_dagrun for example_sensor_decorator to None, run_after=None
[2025-07-30T00:23:04.299+0000] {processor.py:183} INFO - Processing /home/azureuser/.pyenv/versions/3.11.9/envs/airflow-venv/lib/python3.11/site-packages/airflow/example_dags/example_sensor_decorator.py took 0.098 seconds
[2025-07-30T00:24:04.582+0000] {processor.py:161} INFO - Started process (PID=34480) to work on /home/azureuser/.pyenv/versions/3.11.9/envs/airflow-venv/lib/python3.11/site-packages/airflow/example_dags/example_sensor_decorator.py
[2025-07-30T00:24:04.583+0000] {processor.py:830} INFO - Processing file /home/azureuser/.pyenv/versions/3.11.9/envs/airflow-venv/lib/python3.11/site-packages/airflow/example_dags/example_sensor_decorator.py for tasks to queue
[2025-07-30T00:24:04.585+0000] {logging_mixin.py:188} INFO - [2025-07-30T00:24:04.584+0000] {dagbag.py:538} INFO - Filling up the DagBag from /home/azureuser/.pyenv/versions/3.11.9/envs/airflow-venv/lib/python3.11/site-packages/airflow/example_dags/example_sensor_decorator.py
[2025-07-30T00:24:04.594+0000] {processor.py:840} INFO - DAG(s) 'example_sensor_decorator' retrieved from /home/azureuser/.pyenv/versions/3.11.9/envs/airflow-venv/lib/python3.11/site-packages/airflow/example_dags/example_sensor_decorator.py
[2025-07-30T00:24:04.614+0000] {logging_mixin.py:188} INFO - [2025-07-30T00:24:04.613+0000] {dag.py:3036} INFO - Sync 1 DAGs
[2025-07-30T00:24:04.628+0000] {logging_mixin.py:188} INFO - [2025-07-30T00:24:04.627+0000] {dag.py:3823} INFO - Setting next_dagrun for example_sensor_decorator to None, run_after=None
[2025-07-30T00:24:04.807+0000] {processor.py:183} INFO - Processing /home/azureuser/.pyenv/versions/3.11.9/envs/airflow-venv/lib/python3.11/site-packages/airflow/example_dags/example_sensor_decorator.py took 0.231 seconds
[2025-07-30T00:24:54.978+0000] {processor.py:161} INFO - Started process (PID=34544) to work on /home/azureuser/.pyenv/versions/3.11.9/envs/airflow-venv/lib/python3.11/site-packages/airflow/example_dags/example_sensor_decorator.py
[2025-07-30T00:24:54.980+0000] {processor.py:830} INFO - Processing file /home/azureuser/.pyenv/versions/3.11.9/envs/airflow-venv/lib/python3.11/site-packages/airflow/example_dags/example_sensor_decorator.py for tasks to queue
[2025-07-30T00:24:54.982+0000] {logging_mixin.py:188} INFO - [2025-07-30T00:24:54.981+0000] {dagbag.py:538} INFO - Filling up the DagBag from /home/azureuser/.pyenv/versions/3.11.9/envs/airflow-venv/lib/python3.11/site-packages/airflow/example_dags/example_sensor_decorator.py
[2025-07-30T00:24:54.992+0000] {processor.py:840} INFO - DAG(s) 'example_sensor_decorator' retrieved from /home/azureuser/.pyenv/versions/3.11.9/envs/airflow-venv/lib/python3.11/site-packages/airflow/example_dags/example_sensor_decorator.py
[2025-07-30T00:24:55.013+0000] {logging_mixin.py:188} INFO - [2025-07-30T00:24:55.012+0000] {dag.py:3036} INFO - Sync 1 DAGs
[2025-07-30T00:24:55.026+0000] {logging_mixin.py:188} INFO - [2025-07-30T00:24:55.026+0000] {dag.py:3823} INFO - Setting next_dagrun for example_sensor_decorator to None, run_after=None
[2025-07-30T00:24:55.065+0000] {processor.py:183} INFO - Processing /home/azureuser/.pyenv/versions/3.11.9/envs/airflow-venv/lib/python3.11/site-packages/airflow/example_dags/example_sensor_decorator.py took 0.092 seconds
[2025-07-30T00:25:41.097+0000] {processor.py:161} INFO - Started process (PID=34619) to work on /home/azureuser/.pyenv/versions/3.11.9/envs/airflow-venv/lib/python3.11/site-packages/airflow/example_dags/example_sensor_decorator.py
[2025-07-30T00:25:41.100+0000] {processor.py:830} INFO - Processing file /home/azureuser/.pyenv/versions/3.11.9/envs/airflow-venv/lib/python3.11/site-packages/airflow/example_dags/example_sensor_decorator.py for tasks to queue
[2025-07-30T00:25:41.101+0000] {logging_mixin.py:188} INFO - [2025-07-30T00:25:41.101+0000] {dagbag.py:538} INFO - Filling up the DagBag from /home/azureuser/.pyenv/versions/3.11.9/envs/airflow-venv/lib/python3.11/site-packages/airflow/example_dags/example_sensor_decorator.py
[2025-07-30T00:25:41.110+0000] {processor.py:840} INFO - DAG(s) 'example_sensor_decorator' retrieved from /home/azureuser/.pyenv/versions/3.11.9/envs/airflow-venv/lib/python3.11/site-packages/airflow/example_dags/example_sensor_decorator.py
[2025-07-30T00:25:41.131+0000] {logging_mixin.py:188} INFO - [2025-07-30T00:25:41.130+0000] {dag.py:3036} INFO - Sync 1 DAGs
[2025-07-30T00:25:41.145+0000] {logging_mixin.py:188} INFO - [2025-07-30T00:25:41.144+0000] {dag.py:3823} INFO - Setting next_dagrun for example_sensor_decorator to None, run_after=None
[2025-07-30T00:25:41.184+0000] {processor.py:183} INFO - Processing /home/azureuser/.pyenv/versions/3.11.9/envs/airflow-venv/lib/python3.11/site-packages/airflow/example_dags/example_sensor_decorator.py took 0.091 seconds
[2025-07-30T20:45:56.829+0000] {processor.py:161} INFO - Started process (PID=1353) to work on /home/azureuser/.pyenv/versions/3.11.9/envs/airflow-venv/lib/python3.11/site-packages/airflow/example_dags/example_sensor_decorator.py
[2025-07-30T20:45:56.833+0000] {processor.py:830} INFO - Processing file /home/azureuser/.pyenv/versions/3.11.9/envs/airflow-venv/lib/python3.11/site-packages/airflow/example_dags/example_sensor_decorator.py for tasks to queue
[2025-07-30T20:45:56.834+0000] {logging_mixin.py:188} INFO - [2025-07-30T20:45:56.833+0000] {dagbag.py:538} INFO - Filling up the DagBag from /home/azureuser/.pyenv/versions/3.11.9/envs/airflow-venv/lib/python3.11/site-packages/airflow/example_dags/example_sensor_decorator.py
[2025-07-30T20:45:56.841+0000] {processor.py:840} INFO - DAG(s) 'example_sensor_decorator' retrieved from /home/azureuser/.pyenv/versions/3.11.9/envs/airflow-venv/lib/python3.11/site-packages/airflow/example_dags/example_sensor_decorator.py
[2025-07-30T20:45:56.941+0000] {logging_mixin.py:188} INFO - [2025-07-30T20:45:56.941+0000] {dag.py:3036} INFO - Sync 1 DAGs
[2025-07-30T20:45:56.950+0000] {logging_mixin.py:188} INFO - [2025-07-30T20:45:56.950+0000] {dag.py:3823} INFO - Setting next_dagrun for example_sensor_decorator to None, run_after=None
[2025-07-30T20:45:56.976+0000] {processor.py:183} INFO - Processing /home/azureuser/.pyenv/versions/3.11.9/envs/airflow-venv/lib/python3.11/site-packages/airflow/example_dags/example_sensor_decorator.py took 0.151 seconds
[2025-07-30T20:46:46.291+0000] {processor.py:161} INFO - Started process (PID=1408) to work on /home/azureuser/.pyenv/versions/3.11.9/envs/airflow-venv/lib/python3.11/site-packages/airflow/example_dags/example_sensor_decorator.py
[2025-07-30T20:46:46.293+0000] {processor.py:830} INFO - Processing file /home/azureuser/.pyenv/versions/3.11.9/envs/airflow-venv/lib/python3.11/site-packages/airflow/example_dags/example_sensor_decorator.py for tasks to queue
[2025-07-30T20:46:46.294+0000] {logging_mixin.py:188} INFO - [2025-07-30T20:46:46.293+0000] {dagbag.py:538} INFO - Filling up the DagBag from /home/azureuser/.pyenv/versions/3.11.9/envs/airflow-venv/lib/python3.11/site-packages/airflow/example_dags/example_sensor_decorator.py
[2025-07-30T20:46:46.301+0000] {processor.py:840} INFO - DAG(s) 'example_sensor_decorator' retrieved from /home/azureuser/.pyenv/versions/3.11.9/envs/airflow-venv/lib/python3.11/site-packages/airflow/example_dags/example_sensor_decorator.py
[2025-07-30T20:46:46.318+0000] {logging_mixin.py:188} INFO - [2025-07-30T20:46:46.318+0000] {dag.py:3036} INFO - Sync 1 DAGs
[2025-07-30T20:46:46.330+0000] {logging_mixin.py:188} INFO - [2025-07-30T20:46:46.330+0000] {dag.py:3823} INFO - Setting next_dagrun for example_sensor_decorator to None, run_after=None
[2025-07-30T20:46:46.364+0000] {processor.py:183} INFO - Processing /home/azureuser/.pyenv/versions/3.11.9/envs/airflow-venv/lib/python3.11/site-packages/airflow/example_dags/example_sensor_decorator.py took 0.076 seconds
[2025-07-30T20:47:33.177+0000] {processor.py:161} INFO - Started process (PID=1456) to work on /home/azureuser/.pyenv/versions/3.11.9/envs/airflow-venv/lib/python3.11/site-packages/airflow/example_dags/example_sensor_decorator.py
[2025-07-30T20:47:33.178+0000] {processor.py:830} INFO - Processing file /home/azureuser/.pyenv/versions/3.11.9/envs/airflow-venv/lib/python3.11/site-packages/airflow/example_dags/example_sensor_decorator.py for tasks to queue
[2025-07-30T20:47:33.179+0000] {logging_mixin.py:188} INFO - [2025-07-30T20:47:33.179+0000] {dagbag.py:538} INFO - Filling up the DagBag from /home/azureuser/.pyenv/versions/3.11.9/envs/airflow-venv/lib/python3.11/site-packages/airflow/example_dags/example_sensor_decorator.py
[2025-07-30T20:47:33.186+0000] {processor.py:840} INFO - DAG(s) 'example_sensor_decorator' retrieved from /home/azureuser/.pyenv/versions/3.11.9/envs/airflow-venv/lib/python3.11/site-packages/airflow/example_dags/example_sensor_decorator.py
[2025-07-30T20:47:33.204+0000] {logging_mixin.py:188} INFO - [2025-07-30T20:47:33.204+0000] {dag.py:3036} INFO - Sync 1 DAGs
[2025-07-30T20:47:33.215+0000] {logging_mixin.py:188} INFO - [2025-07-30T20:47:33.215+0000] {dag.py:3823} INFO - Setting next_dagrun for example_sensor_decorator to None, run_after=None
[2025-07-30T20:47:33.243+0000] {processor.py:183} INFO - Processing /home/azureuser/.pyenv/versions/3.11.9/envs/airflow-venv/lib/python3.11/site-packages/airflow/example_dags/example_sensor_decorator.py took 0.070 seconds
[2025-07-30T21:03:45.436+0000] {processor.py:161} INFO - Started process (PID=1673) to work on /home/azureuser/.pyenv/versions/3.11.9/envs/airflow-venv/lib/python3.11/site-packages/airflow/example_dags/example_sensor_decorator.py
[2025-07-30T21:03:45.438+0000] {processor.py:830} INFO - Processing file /home/azureuser/.pyenv/versions/3.11.9/envs/airflow-venv/lib/python3.11/site-packages/airflow/example_dags/example_sensor_decorator.py for tasks to queue
[2025-07-30T21:03:45.441+0000] {logging_mixin.py:188} INFO - [2025-07-30T21:03:45.439+0000] {dagbag.py:538} INFO - Filling up the DagBag from /home/azureuser/.pyenv/versions/3.11.9/envs/airflow-venv/lib/python3.11/site-packages/airflow/example_dags/example_sensor_decorator.py
[2025-07-30T21:03:45.460+0000] {processor.py:840} INFO - DAG(s) 'example_sensor_decorator' retrieved from /home/azureuser/.pyenv/versions/3.11.9/envs/airflow-venv/lib/python3.11/site-packages/airflow/example_dags/example_sensor_decorator.py
[2025-07-30T21:03:45.505+0000] {logging_mixin.py:188} INFO - [2025-07-30T21:03:45.504+0000] {dag.py:3036} INFO - Sync 1 DAGs
[2025-07-30T21:03:45.532+0000] {logging_mixin.py:188} INFO - [2025-07-30T21:03:45.531+0000] {dag.py:3823} INFO - Setting next_dagrun for example_sensor_decorator to None, run_after=None
[2025-07-30T21:03:45.573+0000] {processor.py:183} INFO - Processing /home/azureuser/.pyenv/versions/3.11.9/envs/airflow-venv/lib/python3.11/site-packages/airflow/example_dags/example_sensor_decorator.py took 0.146 seconds
[2025-07-30T21:04:41.979+0000] {processor.py:161} INFO - Started process (PID=1726) to work on /home/azureuser/.pyenv/versions/3.11.9/envs/airflow-venv/lib/python3.11/site-packages/airflow/example_dags/example_sensor_decorator.py
[2025-07-30T21:04:41.980+0000] {processor.py:830} INFO - Processing file /home/azureuser/.pyenv/versions/3.11.9/envs/airflow-venv/lib/python3.11/site-packages/airflow/example_dags/example_sensor_decorator.py for tasks to queue
[2025-07-30T21:04:41.981+0000] {logging_mixin.py:188} INFO - [2025-07-30T21:04:41.981+0000] {dagbag.py:538} INFO - Filling up the DagBag from /home/azureuser/.pyenv/versions/3.11.9/envs/airflow-venv/lib/python3.11/site-packages/airflow/example_dags/example_sensor_decorator.py
[2025-07-30T21:04:41.990+0000] {processor.py:840} INFO - DAG(s) 'example_sensor_decorator' retrieved from /home/azureuser/.pyenv/versions/3.11.9/envs/airflow-venv/lib/python3.11/site-packages/airflow/example_dags/example_sensor_decorator.py
[2025-07-30T21:04:42.014+0000] {logging_mixin.py:188} INFO - [2025-07-30T21:04:42.014+0000] {dag.py:3036} INFO - Sync 1 DAGs
[2025-07-30T21:04:42.187+0000] {logging_mixin.py:188} INFO - [2025-07-30T21:04:42.182+0000] {dag.py:3823} INFO - Setting next_dagrun for example_sensor_decorator to None, run_after=None
[2025-07-30T21:04:42.237+0000] {processor.py:183} INFO - Processing /home/azureuser/.pyenv/versions/3.11.9/envs/airflow-venv/lib/python3.11/site-packages/airflow/example_dags/example_sensor_decorator.py took 0.262 seconds
[2025-07-30T21:05:40.386+0000] {processor.py:161} INFO - Started process (PID=1786) to work on /home/azureuser/.pyenv/versions/3.11.9/envs/airflow-venv/lib/python3.11/site-packages/airflow/example_dags/example_sensor_decorator.py
[2025-07-30T21:05:40.387+0000] {processor.py:830} INFO - Processing file /home/azureuser/.pyenv/versions/3.11.9/envs/airflow-venv/lib/python3.11/site-packages/airflow/example_dags/example_sensor_decorator.py for tasks to queue
[2025-07-30T21:05:40.388+0000] {logging_mixin.py:188} INFO - [2025-07-30T21:05:40.388+0000] {dagbag.py:538} INFO - Filling up the DagBag from /home/azureuser/.pyenv/versions/3.11.9/envs/airflow-venv/lib/python3.11/site-packages/airflow/example_dags/example_sensor_decorator.py
[2025-07-30T21:05:40.397+0000] {processor.py:840} INFO - DAG(s) 'example_sensor_decorator' retrieved from /home/azureuser/.pyenv/versions/3.11.9/envs/airflow-venv/lib/python3.11/site-packages/airflow/example_dags/example_sensor_decorator.py
[2025-07-30T21:05:40.416+0000] {logging_mixin.py:188} INFO - [2025-07-30T21:05:40.415+0000] {dag.py:3036} INFO - Sync 1 DAGs
[2025-07-30T21:05:40.428+0000] {logging_mixin.py:188} INFO - [2025-07-30T21:05:40.428+0000] {dag.py:3823} INFO - Setting next_dagrun for example_sensor_decorator to None, run_after=None
[2025-07-30T21:05:40.459+0000] {processor.py:183} INFO - Processing /home/azureuser/.pyenv/versions/3.11.9/envs/airflow-venv/lib/python3.11/site-packages/airflow/example_dags/example_sensor_decorator.py took 0.078 seconds
[2025-07-30T21:06:34.797+0000] {processor.py:161} INFO - Started process (PID=1841) to work on /home/azureuser/.pyenv/versions/3.11.9/envs/airflow-venv/lib/python3.11/site-packages/airflow/example_dags/example_sensor_decorator.py
[2025-07-30T21:06:34.799+0000] {processor.py:830} INFO - Processing file /home/azureuser/.pyenv/versions/3.11.9/envs/airflow-venv/lib/python3.11/site-packages/airflow/example_dags/example_sensor_decorator.py for tasks to queue
[2025-07-30T21:06:34.800+0000] {logging_mixin.py:188} INFO - [2025-07-30T21:06:34.800+0000] {dagbag.py:538} INFO - Filling up the DagBag from /home/azureuser/.pyenv/versions/3.11.9/envs/airflow-venv/lib/python3.11/site-packages/airflow/example_dags/example_sensor_decorator.py
[2025-07-30T21:06:34.810+0000] {processor.py:840} INFO - DAG(s) 'example_sensor_decorator' retrieved from /home/azureuser/.pyenv/versions/3.11.9/envs/airflow-venv/lib/python3.11/site-packages/airflow/example_dags/example_sensor_decorator.py
[2025-07-30T21:06:34.828+0000] {logging_mixin.py:188} INFO - [2025-07-30T21:06:34.828+0000] {dag.py:3036} INFO - Sync 1 DAGs
[2025-07-30T21:06:34.840+0000] {logging_mixin.py:188} INFO - [2025-07-30T21:06:34.840+0000] {dag.py:3823} INFO - Setting next_dagrun for example_sensor_decorator to None, run_after=None
[2025-07-30T21:06:34.869+0000] {processor.py:183} INFO - Processing /home/azureuser/.pyenv/versions/3.11.9/envs/airflow-venv/lib/python3.11/site-packages/airflow/example_dags/example_sensor_decorator.py took 0.075 seconds
