[2025-07-30T00:21:27.325+0000] {processor.py:161} INFO - Started process (PID=34242) to work on /home/azureuser/.pyenv/versions/3.11.9/envs/airflow-venv/lib/python3.11/site-packages/airflow/example_dags/example_nested_branch_dag.py
[2025-07-30T00:21:27.327+0000] {processor.py:830} INFO - Processing file /home/azureuser/.pyenv/versions/3.11.9/envs/airflow-venv/lib/python3.11/site-packages/airflow/example_dags/example_nested_branch_dag.py for tasks to queue
[2025-07-30T00:21:27.328+0000] {logging_mixin.py:188} INFO - [2025-07-30T00:21:27.327+0000] {dagbag.py:538} INFO - Filling up the DagBag from /home/azureuser/.pyenv/versions/3.11.9/envs/airflow-venv/lib/python3.11/site-packages/airflow/example_dags/example_nested_branch_dag.py
[2025-07-30T00:21:27.342+0000] {processor.py:840} INFO - DAG(s) 'example_nested_branch_dag' retrieved from /home/azureuser/.pyenv/versions/3.11.9/envs/airflow-venv/lib/python3.11/site-packages/airflow/example_dags/example_nested_branch_dag.py
[2025-07-30T00:21:27.507+0000] {logging_mixin.py:188} INFO - [2025-07-30T00:21:27.506+0000] {override.py:1769} INFO - Created Permission View: can delete on DAG:example_nested_branch_dag
[2025-07-30T00:21:27.537+0000] {logging_mixin.py:188} INFO - [2025-07-30T00:21:27.536+0000] {override.py:1769} INFO - Created Permission View: can read on DAG:example_nested_branch_dag
[2025-07-30T00:21:27.559+0000] {logging_mixin.py:188} INFO - [2025-07-30T00:21:27.558+0000] {override.py:1769} INFO - Created Permission View: can edit on DAG:example_nested_branch_dag
[2025-07-30T00:21:27.559+0000] {logging_mixin.py:188} INFO - [2025-07-30T00:21:27.559+0000] {dag.py:3036} INFO - Sync 1 DAGs
[2025-07-30T00:21:27.571+0000] {logging_mixin.py:188} INFO - [2025-07-30T00:21:27.571+0000] {dag.py:3058} INFO - Creating ORM DAG for example_nested_branch_dag
[2025-07-30T00:21:27.583+0000] {logging_mixin.py:188} INFO - [2025-07-30T00:21:27.582+0000] {dag.py:3823} INFO - Setting next_dagrun for example_nested_branch_dag to 2025-07-29 00:00:00+00:00, run_after=2025-07-30 00:00:00+00:00
[2025-07-30T00:21:27.627+0000] {processor.py:183} INFO - Processing /home/azureuser/.pyenv/versions/3.11.9/envs/airflow-venv/lib/python3.11/site-packages/airflow/example_dags/example_nested_branch_dag.py took 0.308 seconds
[2025-07-30T00:22:19.315+0000] {processor.py:161} INFO - Started process (PID=34327) to work on /home/azureuser/.pyenv/versions/3.11.9/envs/airflow-venv/lib/python3.11/site-packages/airflow/example_dags/example_nested_branch_dag.py
[2025-07-30T00:22:19.317+0000] {processor.py:830} INFO - Processing file /home/azureuser/.pyenv/versions/3.11.9/envs/airflow-venv/lib/python3.11/site-packages/airflow/example_dags/example_nested_branch_dag.py for tasks to queue
[2025-07-30T00:22:19.318+0000] {logging_mixin.py:188} INFO - [2025-07-30T00:22:19.317+0000] {dagbag.py:538} INFO - Filling up the DagBag from /home/azureuser/.pyenv/versions/3.11.9/envs/airflow-venv/lib/python3.11/site-packages/airflow/example_dags/example_nested_branch_dag.py
[2025-07-30T00:22:19.332+0000] {processor.py:840} INFO - DAG(s) 'example_nested_branch_dag' retrieved from /home/azureuser/.pyenv/versions/3.11.9/envs/airflow-venv/lib/python3.11/site-packages/airflow/example_dags/example_nested_branch_dag.py
[2025-07-30T00:22:19.355+0000] {logging_mixin.py:188} INFO - [2025-07-30T00:22:19.355+0000] {dag.py:3036} INFO - Sync 1 DAGs
[2025-07-30T00:22:19.382+0000] {logging_mixin.py:188} INFO - [2025-07-30T00:22:19.382+0000] {dag.py:3823} INFO - Setting next_dagrun for example_nested_branch_dag to 2025-07-29 00:00:00+00:00, run_after=2025-07-30 00:00:00+00:00
[2025-07-30T00:22:19.425+0000] {processor.py:183} INFO - Processing /home/azureuser/.pyenv/versions/3.11.9/envs/airflow-venv/lib/python3.11/site-packages/airflow/example_dags/example_nested_branch_dag.py took 0.115 seconds
[2025-07-30T00:23:10.015+0000] {processor.py:161} INFO - Started process (PID=34397) to work on /home/azureuser/.pyenv/versions/3.11.9/envs/airflow-venv/lib/python3.11/site-packages/airflow/example_dags/example_nested_branch_dag.py
[2025-07-30T00:23:10.016+0000] {processor.py:830} INFO - Processing file /home/azureuser/.pyenv/versions/3.11.9/envs/airflow-venv/lib/python3.11/site-packages/airflow/example_dags/example_nested_branch_dag.py for tasks to queue
[2025-07-30T00:23:10.017+0000] {logging_mixin.py:188} INFO - [2025-07-30T00:23:10.017+0000] {dagbag.py:538} INFO - Filling up the DagBag from /home/azureuser/.pyenv/versions/3.11.9/envs/airflow-venv/lib/python3.11/site-packages/airflow/example_dags/example_nested_branch_dag.py
[2025-07-30T00:23:10.031+0000] {processor.py:840} INFO - DAG(s) 'example_nested_branch_dag' retrieved from /home/azureuser/.pyenv/versions/3.11.9/envs/airflow-venv/lib/python3.11/site-packages/airflow/example_dags/example_nested_branch_dag.py
[2025-07-30T00:23:10.053+0000] {logging_mixin.py:188} INFO - [2025-07-30T00:23:10.052+0000] {dag.py:3036} INFO - Sync 1 DAGs
[2025-07-30T00:23:10.078+0000] {logging_mixin.py:188} INFO - [2025-07-30T00:23:10.077+0000] {dag.py:3823} INFO - Setting next_dagrun for example_nested_branch_dag to 2025-07-29 00:00:00+00:00, run_after=2025-07-30 00:00:00+00:00
[2025-07-30T00:23:10.118+0000] {processor.py:183} INFO - Processing /home/azureuser/.pyenv/versions/3.11.9/envs/airflow-venv/lib/python3.11/site-packages/airflow/example_dags/example_nested_branch_dag.py took 0.108 seconds
[2025-07-30T00:24:11.370+0000] {processor.py:161} INFO - Started process (PID=34488) to work on /home/azureuser/.pyenv/versions/3.11.9/envs/airflow-venv/lib/python3.11/site-packages/airflow/example_dags/example_nested_branch_dag.py
[2025-07-30T00:24:11.371+0000] {processor.py:830} INFO - Processing file /home/azureuser/.pyenv/versions/3.11.9/envs/airflow-venv/lib/python3.11/site-packages/airflow/example_dags/example_nested_branch_dag.py for tasks to queue
[2025-07-30T00:24:11.373+0000] {logging_mixin.py:188} INFO - [2025-07-30T00:24:11.372+0000] {dagbag.py:538} INFO - Filling up the DagBag from /home/azureuser/.pyenv/versions/3.11.9/envs/airflow-venv/lib/python3.11/site-packages/airflow/example_dags/example_nested_branch_dag.py
[2025-07-30T00:24:11.387+0000] {processor.py:840} INFO - DAG(s) 'example_nested_branch_dag' retrieved from /home/azureuser/.pyenv/versions/3.11.9/envs/airflow-venv/lib/python3.11/site-packages/airflow/example_dags/example_nested_branch_dag.py
[2025-07-30T00:24:11.408+0000] {logging_mixin.py:188} INFO - [2025-07-30T00:24:11.408+0000] {dag.py:3036} INFO - Sync 1 DAGs
[2025-07-30T00:24:11.433+0000] {logging_mixin.py:188} INFO - [2025-07-30T00:24:11.433+0000] {dag.py:3823} INFO - Setting next_dagrun for example_nested_branch_dag to 2025-07-29 00:00:00+00:00, run_after=2025-07-30 00:00:00+00:00
[2025-07-30T00:24:11.628+0000] {processor.py:183} INFO - Processing /home/azureuser/.pyenv/versions/3.11.9/envs/airflow-venv/lib/python3.11/site-packages/airflow/example_dags/example_nested_branch_dag.py took 0.262 seconds
[2025-07-30T00:25:02.342+0000] {processor.py:161} INFO - Started process (PID=34563) to work on /home/azureuser/.pyenv/versions/3.11.9/envs/airflow-venv/lib/python3.11/site-packages/airflow/example_dags/example_nested_branch_dag.py
[2025-07-30T00:25:02.344+0000] {processor.py:830} INFO - Processing file /home/azureuser/.pyenv/versions/3.11.9/envs/airflow-venv/lib/python3.11/site-packages/airflow/example_dags/example_nested_branch_dag.py for tasks to queue
[2025-07-30T00:25:02.345+0000] {logging_mixin.py:188} INFO - [2025-07-30T00:25:02.344+0000] {dagbag.py:538} INFO - Filling up the DagBag from /home/azureuser/.pyenv/versions/3.11.9/envs/airflow-venv/lib/python3.11/site-packages/airflow/example_dags/example_nested_branch_dag.py
[2025-07-30T00:25:02.359+0000] {processor.py:840} INFO - DAG(s) 'example_nested_branch_dag' retrieved from /home/azureuser/.pyenv/versions/3.11.9/envs/airflow-venv/lib/python3.11/site-packages/airflow/example_dags/example_nested_branch_dag.py
[2025-07-30T00:25:02.382+0000] {logging_mixin.py:188} INFO - [2025-07-30T00:25:02.381+0000] {dag.py:3036} INFO - Sync 1 DAGs
[2025-07-30T00:25:02.406+0000] {logging_mixin.py:188} INFO - [2025-07-30T00:25:02.406+0000] {dag.py:3823} INFO - Setting next_dagrun for example_nested_branch_dag to 2025-07-29 00:00:00+00:00, run_after=2025-07-30 00:00:00+00:00
[2025-07-30T00:25:02.445+0000] {processor.py:183} INFO - Processing /home/azureuser/.pyenv/versions/3.11.9/envs/airflow-venv/lib/python3.11/site-packages/airflow/example_dags/example_nested_branch_dag.py took 0.107 seconds
[2025-07-30T00:26:02.631+0000] {processor.py:161} INFO - Started process (PID=34652) to work on /home/azureuser/.pyenv/versions/3.11.9/envs/airflow-venv/lib/python3.11/site-packages/airflow/example_dags/example_nested_branch_dag.py
[2025-07-30T00:26:02.634+0000] {processor.py:830} INFO - Processing file /home/azureuser/.pyenv/versions/3.11.9/envs/airflow-venv/lib/python3.11/site-packages/airflow/example_dags/example_nested_branch_dag.py for tasks to queue
[2025-07-30T00:26:02.636+0000] {logging_mixin.py:188} INFO - [2025-07-30T00:26:02.635+0000] {dagbag.py:538} INFO - Filling up the DagBag from /home/azureuser/.pyenv/versions/3.11.9/envs/airflow-venv/lib/python3.11/site-packages/airflow/example_dags/example_nested_branch_dag.py
[2025-07-30T00:26:02.673+0000] {processor.py:840} INFO - DAG(s) 'example_nested_branch_dag' retrieved from /home/azureuser/.pyenv/versions/3.11.9/envs/airflow-venv/lib/python3.11/site-packages/airflow/example_dags/example_nested_branch_dag.py
[2025-07-30T00:26:02.696+0000] {logging_mixin.py:188} INFO - [2025-07-30T00:26:02.696+0000] {dag.py:3036} INFO - Sync 1 DAGs
[2025-07-30T00:26:02.783+0000] {logging_mixin.py:188} INFO - [2025-07-30T00:26:02.782+0000] {dag.py:3823} INFO - Setting next_dagrun for example_nested_branch_dag to 2025-07-29 00:00:00+00:00, run_after=2025-07-30 00:00:00+00:00
[2025-07-30T00:26:02.868+0000] {processor.py:183} INFO - Processing /home/azureuser/.pyenv/versions/3.11.9/envs/airflow-venv/lib/python3.11/site-packages/airflow/example_dags/example_nested_branch_dag.py took 0.256 seconds
[2025-07-30T20:46:03.212+0000] {processor.py:161} INFO - Started process (PID=1359) to work on /home/azureuser/.pyenv/versions/3.11.9/envs/airflow-venv/lib/python3.11/site-packages/airflow/example_dags/example_nested_branch_dag.py
[2025-07-30T20:46:03.214+0000] {processor.py:830} INFO - Processing file /home/azureuser/.pyenv/versions/3.11.9/envs/airflow-venv/lib/python3.11/site-packages/airflow/example_dags/example_nested_branch_dag.py for tasks to queue
[2025-07-30T20:46:03.215+0000] {logging_mixin.py:188} INFO - [2025-07-30T20:46:03.214+0000] {dagbag.py:538} INFO - Filling up the DagBag from /home/azureuser/.pyenv/versions/3.11.9/envs/airflow-venv/lib/python3.11/site-packages/airflow/example_dags/example_nested_branch_dag.py
[2025-07-30T20:46:03.226+0000] {processor.py:840} INFO - DAG(s) 'example_nested_branch_dag' retrieved from /home/azureuser/.pyenv/versions/3.11.9/envs/airflow-venv/lib/python3.11/site-packages/airflow/example_dags/example_nested_branch_dag.py
[2025-07-30T20:46:03.329+0000] {logging_mixin.py:188} INFO - [2025-07-30T20:46:03.328+0000] {dag.py:3036} INFO - Sync 1 DAGs
[2025-07-30T20:46:03.346+0000] {logging_mixin.py:188} INFO - [2025-07-30T20:46:03.346+0000] {dag.py:3823} INFO - Setting next_dagrun for example_nested_branch_dag to 2025-07-29 00:00:00+00:00, run_after=2025-07-30 00:00:00+00:00
[2025-07-30T20:46:03.373+0000] {processor.py:183} INFO - Processing /home/azureuser/.pyenv/versions/3.11.9/envs/airflow-venv/lib/python3.11/site-packages/airflow/example_dags/example_nested_branch_dag.py took 0.164 seconds
[2025-07-30T20:46:51.737+0000] {processor.py:161} INFO - Started process (PID=1414) to work on /home/azureuser/.pyenv/versions/3.11.9/envs/airflow-venv/lib/python3.11/site-packages/airflow/example_dags/example_nested_branch_dag.py
[2025-07-30T20:46:51.738+0000] {processor.py:830} INFO - Processing file /home/azureuser/.pyenv/versions/3.11.9/envs/airflow-venv/lib/python3.11/site-packages/airflow/example_dags/example_nested_branch_dag.py for tasks to queue
[2025-07-30T20:46:51.739+0000] {logging_mixin.py:188} INFO - [2025-07-30T20:46:51.738+0000] {dagbag.py:538} INFO - Filling up the DagBag from /home/azureuser/.pyenv/versions/3.11.9/envs/airflow-venv/lib/python3.11/site-packages/airflow/example_dags/example_nested_branch_dag.py
[2025-07-30T20:46:51.751+0000] {processor.py:840} INFO - DAG(s) 'example_nested_branch_dag' retrieved from /home/azureuser/.pyenv/versions/3.11.9/envs/airflow-venv/lib/python3.11/site-packages/airflow/example_dags/example_nested_branch_dag.py
[2025-07-30T20:46:51.770+0000] {logging_mixin.py:188} INFO - [2025-07-30T20:46:51.770+0000] {dag.py:3036} INFO - Sync 1 DAGs
[2025-07-30T20:46:51.791+0000] {logging_mixin.py:188} INFO - [2025-07-30T20:46:51.791+0000] {dag.py:3823} INFO - Setting next_dagrun for example_nested_branch_dag to 2025-07-29 00:00:00+00:00, run_after=2025-07-30 00:00:00+00:00
[2025-07-30T20:46:51.819+0000] {processor.py:183} INFO - Processing /home/azureuser/.pyenv/versions/3.11.9/envs/airflow-venv/lib/python3.11/site-packages/airflow/example_dags/example_nested_branch_dag.py took 0.086 seconds
[2025-07-30T21:03:10.227+0000] {processor.py:161} INFO - Started process (PID=1637) to work on /home/azureuser/.pyenv/versions/3.11.9/envs/airflow-venv/lib/python3.11/site-packages/airflow/example_dags/example_nested_branch_dag.py
[2025-07-30T21:03:10.228+0000] {processor.py:830} INFO - Processing file /home/azureuser/.pyenv/versions/3.11.9/envs/airflow-venv/lib/python3.11/site-packages/airflow/example_dags/example_nested_branch_dag.py for tasks to queue
[2025-07-30T21:03:10.229+0000] {logging_mixin.py:188} INFO - [2025-07-30T21:03:10.229+0000] {dagbag.py:538} INFO - Filling up the DagBag from /home/azureuser/.pyenv/versions/3.11.9/envs/airflow-venv/lib/python3.11/site-packages/airflow/example_dags/example_nested_branch_dag.py
[2025-07-30T21:03:10.242+0000] {processor.py:840} INFO - DAG(s) 'example_nested_branch_dag' retrieved from /home/azureuser/.pyenv/versions/3.11.9/envs/airflow-venv/lib/python3.11/site-packages/airflow/example_dags/example_nested_branch_dag.py
[2025-07-30T21:03:10.262+0000] {logging_mixin.py:188} INFO - [2025-07-30T21:03:10.261+0000] {dag.py:3036} INFO - Sync 1 DAGs
[2025-07-30T21:03:10.284+0000] {logging_mixin.py:188} INFO - [2025-07-30T21:03:10.284+0000] {dag.py:3823} INFO - Setting next_dagrun for example_nested_branch_dag to 2025-07-29 00:00:00+00:00, run_after=2025-07-30 00:00:00+00:00
[2025-07-30T21:03:10.325+0000] {processor.py:183} INFO - Processing /home/azureuser/.pyenv/versions/3.11.9/envs/airflow-venv/lib/python3.11/site-packages/airflow/example_dags/example_nested_branch_dag.py took 0.102 seconds
[2025-07-30T21:04:11.567+0000] {processor.py:161} INFO - Started process (PID=1701) to work on /home/azureuser/.pyenv/versions/3.11.9/envs/airflow-venv/lib/python3.11/site-packages/airflow/example_dags/example_nested_branch_dag.py
[2025-07-30T21:04:11.568+0000] {processor.py:830} INFO - Processing file /home/azureuser/.pyenv/versions/3.11.9/envs/airflow-venv/lib/python3.11/site-packages/airflow/example_dags/example_nested_branch_dag.py for tasks to queue
[2025-07-30T21:04:11.569+0000] {logging_mixin.py:188} INFO - [2025-07-30T21:04:11.569+0000] {dagbag.py:538} INFO - Filling up the DagBag from /home/azureuser/.pyenv/versions/3.11.9/envs/airflow-venv/lib/python3.11/site-packages/airflow/example_dags/example_nested_branch_dag.py
[2025-07-30T21:04:11.583+0000] {processor.py:840} INFO - DAG(s) 'example_nested_branch_dag' retrieved from /home/azureuser/.pyenv/versions/3.11.9/envs/airflow-venv/lib/python3.11/site-packages/airflow/example_dags/example_nested_branch_dag.py
[2025-07-30T21:04:11.607+0000] {logging_mixin.py:188} INFO - [2025-07-30T21:04:11.607+0000] {dag.py:3036} INFO - Sync 1 DAGs
[2025-07-30T21:04:11.779+0000] {logging_mixin.py:188} INFO - [2025-07-30T21:04:11.775+0000] {dag.py:3823} INFO - Setting next_dagrun for example_nested_branch_dag to 2025-07-29 00:00:00+00:00, run_after=2025-07-30 00:00:00+00:00
[2025-07-30T21:04:11.840+0000] {processor.py:183} INFO - Processing /home/azureuser/.pyenv/versions/3.11.9/envs/airflow-venv/lib/python3.11/site-packages/airflow/example_dags/example_nested_branch_dag.py took 0.277 seconds
[2025-07-30T21:05:03.731+0000] {processor.py:161} INFO - Started process (PID=1749) to work on /home/azureuser/.pyenv/versions/3.11.9/envs/airflow-venv/lib/python3.11/site-packages/airflow/example_dags/example_nested_branch_dag.py
[2025-07-30T21:05:03.732+0000] {processor.py:830} INFO - Processing file /home/azureuser/.pyenv/versions/3.11.9/envs/airflow-venv/lib/python3.11/site-packages/airflow/example_dags/example_nested_branch_dag.py for tasks to queue
[2025-07-30T21:05:03.733+0000] {logging_mixin.py:188} INFO - [2025-07-30T21:05:03.733+0000] {dagbag.py:538} INFO - Filling up the DagBag from /home/azureuser/.pyenv/versions/3.11.9/envs/airflow-venv/lib/python3.11/site-packages/airflow/example_dags/example_nested_branch_dag.py
[2025-07-30T21:05:03.747+0000] {processor.py:840} INFO - DAG(s) 'example_nested_branch_dag' retrieved from /home/azureuser/.pyenv/versions/3.11.9/envs/airflow-venv/lib/python3.11/site-packages/airflow/example_dags/example_nested_branch_dag.py
[2025-07-30T21:05:03.768+0000] {logging_mixin.py:188} INFO - [2025-07-30T21:05:03.768+0000] {dag.py:3036} INFO - Sync 1 DAGs
[2025-07-30T21:05:03.793+0000] {logging_mixin.py:188} INFO - [2025-07-30T21:05:03.792+0000] {dag.py:3823} INFO - Setting next_dagrun for example_nested_branch_dag to 2025-07-29 00:00:00+00:00, run_after=2025-07-30 00:00:00+00:00
[2025-07-30T21:05:03.822+0000] {processor.py:183} INFO - Processing /home/azureuser/.pyenv/versions/3.11.9/envs/airflow-venv/lib/python3.11/site-packages/airflow/example_dags/example_nested_branch_dag.py took 0.094 seconds
[2025-07-30T21:05:58.405+0000] {processor.py:161} INFO - Started process (PID=1805) to work on /home/azureuser/.pyenv/versions/3.11.9/envs/airflow-venv/lib/python3.11/site-packages/airflow/example_dags/example_nested_branch_dag.py
[2025-07-30T21:05:58.407+0000] {processor.py:830} INFO - Processing file /home/azureuser/.pyenv/versions/3.11.9/envs/airflow-venv/lib/python3.11/site-packages/airflow/example_dags/example_nested_branch_dag.py for tasks to queue
[2025-07-30T21:05:58.408+0000] {logging_mixin.py:188} INFO - [2025-07-30T21:05:58.407+0000] {dagbag.py:538} INFO - Filling up the DagBag from /home/azureuser/.pyenv/versions/3.11.9/envs/airflow-venv/lib/python3.11/site-packages/airflow/example_dags/example_nested_branch_dag.py
[2025-07-30T21:05:58.422+0000] {processor.py:840} INFO - DAG(s) 'example_nested_branch_dag' retrieved from /home/azureuser/.pyenv/versions/3.11.9/envs/airflow-venv/lib/python3.11/site-packages/airflow/example_dags/example_nested_branch_dag.py
[2025-07-30T21:05:58.442+0000] {logging_mixin.py:188} INFO - [2025-07-30T21:05:58.442+0000] {dag.py:3036} INFO - Sync 1 DAGs
[2025-07-30T21:05:58.466+0000] {logging_mixin.py:188} INFO - [2025-07-30T21:05:58.465+0000] {dag.py:3823} INFO - Setting next_dagrun for example_nested_branch_dag to 2025-07-29 00:00:00+00:00, run_after=2025-07-30 00:00:00+00:00
[2025-07-30T21:05:58.497+0000] {processor.py:183} INFO - Processing /home/azureuser/.pyenv/versions/3.11.9/envs/airflow-venv/lib/python3.11/site-packages/airflow/example_dags/example_nested_branch_dag.py took 0.095 seconds
[2025-07-30T21:06:52.740+0000] {processor.py:161} INFO - Started process (PID=1859) to work on /home/azureuser/.pyenv/versions/3.11.9/envs/airflow-venv/lib/python3.11/site-packages/airflow/example_dags/example_nested_branch_dag.py
[2025-07-30T21:06:52.741+0000] {processor.py:830} INFO - Processing file /home/azureuser/.pyenv/versions/3.11.9/envs/airflow-venv/lib/python3.11/site-packages/airflow/example_dags/example_nested_branch_dag.py for tasks to queue
[2025-07-30T21:06:52.742+0000] {logging_mixin.py:188} INFO - [2025-07-30T21:06:52.742+0000] {dagbag.py:538} INFO - Filling up the DagBag from /home/azureuser/.pyenv/versions/3.11.9/envs/airflow-venv/lib/python3.11/site-packages/airflow/example_dags/example_nested_branch_dag.py
[2025-07-30T21:06:52.756+0000] {processor.py:840} INFO - DAG(s) 'example_nested_branch_dag' retrieved from /home/azureuser/.pyenv/versions/3.11.9/envs/airflow-venv/lib/python3.11/site-packages/airflow/example_dags/example_nested_branch_dag.py
[2025-07-30T21:06:52.776+0000] {logging_mixin.py:188} INFO - [2025-07-30T21:06:52.776+0000] {dag.py:3036} INFO - Sync 1 DAGs
[2025-07-30T21:06:52.799+0000] {logging_mixin.py:188} INFO - [2025-07-30T21:06:52.798+0000] {dag.py:3823} INFO - Setting next_dagrun for example_nested_branch_dag to 2025-07-29 00:00:00+00:00, run_after=2025-07-30 00:00:00+00:00
[2025-07-30T21:06:52.829+0000] {processor.py:183} INFO - Processing /home/azureuser/.pyenv/versions/3.11.9/envs/airflow-venv/lib/python3.11/site-packages/airflow/example_dags/example_nested_branch_dag.py took 0.093 seconds
