[2025-07-30T00:21:05.883+0000] {processor.py:161} INFO - Started process (PID=34151) to work on /home/azureuser/.pyenv/versions/3.11.9/envs/airflow-venv/lib/python3.11/site-packages/airflow/example_dags/example_trigger_target_dag.py
[2025-07-30T00:21:05.884+0000] {processor.py:830} INFO - Processing file /home/azureuser/.pyenv/versions/3.11.9/envs/airflow-venv/lib/python3.11/site-packages/airflow/example_dags/example_trigger_target_dag.py for tasks to queue
[2025-07-30T00:21:05.885+0000] {logging_mixin.py:188} INFO - [2025-07-30T00:21:05.885+0000] {dagbag.py:538} INFO - Filling up the DagBag from /home/azureuser/.pyenv/versions/3.11.9/envs/airflow-venv/lib/python3.11/site-packages/airflow/example_dags/example_trigger_target_dag.py
[2025-07-30T00:21:05.894+0000] {processor.py:840} INFO - DAG(s) 'example_trigger_target_dag' retrieved from /home/azureuser/.pyenv/versions/3.11.9/envs/airflow-venv/lib/python3.11/site-packages/airflow/example_dags/example_trigger_target_dag.py
[2025-07-30T00:21:06.064+0000] {logging_mixin.py:188} INFO - [2025-07-30T00:21:06.063+0000] {override.py:1769} INFO - Created Permission View: can delete on DAG:example_trigger_target_dag
[2025-07-30T00:21:06.093+0000] {logging_mixin.py:188} INFO - [2025-07-30T00:21:06.092+0000] {override.py:1769} INFO - Created Permission View: can read on DAG:example_trigger_target_dag
[2025-07-30T00:21:06.118+0000] {logging_mixin.py:188} INFO - [2025-07-30T00:21:06.117+0000] {override.py:1769} INFO - Created Permission View: can edit on DAG:example_trigger_target_dag
[2025-07-30T00:21:06.119+0000] {logging_mixin.py:188} INFO - [2025-07-30T00:21:06.118+0000] {dag.py:3036} INFO - Sync 1 DAGs
[2025-07-30T00:21:06.135+0000] {logging_mixin.py:188} INFO - [2025-07-30T00:21:06.134+0000] {dag.py:3058} INFO - Creating ORM DAG for example_trigger_target_dag
[2025-07-30T00:21:06.135+0000] {logging_mixin.py:188} INFO - [2025-07-30T00:21:06.135+0000] {dag.py:3823} INFO - Setting next_dagrun for example_trigger_target_dag to None, run_after=None
[2025-07-30T00:21:06.179+0000] {processor.py:183} INFO - Processing /home/azureuser/.pyenv/versions/3.11.9/envs/airflow-venv/lib/python3.11/site-packages/airflow/example_dags/example_trigger_target_dag.py took 0.300 seconds
[2025-07-30T00:22:02.013+0000] {processor.py:161} INFO - Started process (PID=34299) to work on /home/azureuser/.pyenv/versions/3.11.9/envs/airflow-venv/lib/python3.11/site-packages/airflow/example_dags/example_trigger_target_dag.py
[2025-07-30T00:22:02.016+0000] {processor.py:830} INFO - Processing file /home/azureuser/.pyenv/versions/3.11.9/envs/airflow-venv/lib/python3.11/site-packages/airflow/example_dags/example_trigger_target_dag.py for tasks to queue
[2025-07-30T00:22:02.017+0000] {logging_mixin.py:188} INFO - [2025-07-30T00:22:02.017+0000] {dagbag.py:538} INFO - Filling up the DagBag from /home/azureuser/.pyenv/versions/3.11.9/envs/airflow-venv/lib/python3.11/site-packages/airflow/example_dags/example_trigger_target_dag.py
[2025-07-30T00:22:02.027+0000] {processor.py:840} INFO - DAG(s) 'example_trigger_target_dag' retrieved from /home/azureuser/.pyenv/versions/3.11.9/envs/airflow-venv/lib/python3.11/site-packages/airflow/example_dags/example_trigger_target_dag.py
[2025-07-30T00:22:02.050+0000] {logging_mixin.py:188} INFO - [2025-07-30T00:22:02.050+0000] {dag.py:3036} INFO - Sync 1 DAGs
[2025-07-30T00:22:02.065+0000] {logging_mixin.py:188} INFO - [2025-07-30T00:22:02.065+0000] {dag.py:3823} INFO - Setting next_dagrun for example_trigger_target_dag to None, run_after=None
[2025-07-30T00:22:02.105+0000] {processor.py:183} INFO - Processing /home/azureuser/.pyenv/versions/3.11.9/envs/airflow-venv/lib/python3.11/site-packages/airflow/example_dags/example_trigger_target_dag.py took 0.096 seconds
[2025-07-30T00:22:49.036+0000] {processor.py:161} INFO - Started process (PID=34366) to work on /home/azureuser/.pyenv/versions/3.11.9/envs/airflow-venv/lib/python3.11/site-packages/airflow/example_dags/example_trigger_target_dag.py
[2025-07-30T00:22:49.038+0000] {processor.py:830} INFO - Processing file /home/azureuser/.pyenv/versions/3.11.9/envs/airflow-venv/lib/python3.11/site-packages/airflow/example_dags/example_trigger_target_dag.py for tasks to queue
[2025-07-30T00:22:49.039+0000] {logging_mixin.py:188} INFO - [2025-07-30T00:22:49.038+0000] {dagbag.py:538} INFO - Filling up the DagBag from /home/azureuser/.pyenv/versions/3.11.9/envs/airflow-venv/lib/python3.11/site-packages/airflow/example_dags/example_trigger_target_dag.py
[2025-07-30T00:22:49.048+0000] {processor.py:840} INFO - DAG(s) 'example_trigger_target_dag' retrieved from /home/azureuser/.pyenv/versions/3.11.9/envs/airflow-venv/lib/python3.11/site-packages/airflow/example_dags/example_trigger_target_dag.py
[2025-07-30T00:22:49.068+0000] {logging_mixin.py:188} INFO - [2025-07-30T00:22:49.067+0000] {dag.py:3036} INFO - Sync 1 DAGs
[2025-07-30T00:22:49.081+0000] {logging_mixin.py:188} INFO - [2025-07-30T00:22:49.081+0000] {dag.py:3823} INFO - Setting next_dagrun for example_trigger_target_dag to None, run_after=None
[2025-07-30T00:22:49.122+0000] {processor.py:183} INFO - Processing /home/azureuser/.pyenv/versions/3.11.9/envs/airflow-venv/lib/python3.11/site-packages/airflow/example_dags/example_trigger_target_dag.py took 0.090 seconds
[2025-07-30T00:23:38.418+0000] {processor.py:161} INFO - Started process (PID=34444) to work on /home/azureuser/.pyenv/versions/3.11.9/envs/airflow-venv/lib/python3.11/site-packages/airflow/example_dags/example_trigger_target_dag.py
[2025-07-30T00:23:38.420+0000] {processor.py:830} INFO - Processing file /home/azureuser/.pyenv/versions/3.11.9/envs/airflow-venv/lib/python3.11/site-packages/airflow/example_dags/example_trigger_target_dag.py for tasks to queue
[2025-07-30T00:23:38.421+0000] {logging_mixin.py:188} INFO - [2025-07-30T00:23:38.420+0000] {dagbag.py:538} INFO - Filling up the DagBag from /home/azureuser/.pyenv/versions/3.11.9/envs/airflow-venv/lib/python3.11/site-packages/airflow/example_dags/example_trigger_target_dag.py
[2025-07-30T00:23:38.430+0000] {processor.py:840} INFO - DAG(s) 'example_trigger_target_dag' retrieved from /home/azureuser/.pyenv/versions/3.11.9/envs/airflow-venv/lib/python3.11/site-packages/airflow/example_dags/example_trigger_target_dag.py
[2025-07-30T00:23:38.449+0000] {logging_mixin.py:188} INFO - [2025-07-30T00:23:38.449+0000] {dag.py:3036} INFO - Sync 1 DAGs
[2025-07-30T00:23:38.463+0000] {logging_mixin.py:188} INFO - [2025-07-30T00:23:38.462+0000] {dag.py:3823} INFO - Setting next_dagrun for example_trigger_target_dag to None, run_after=None
[2025-07-30T00:23:38.504+0000] {processor.py:183} INFO - Processing /home/azureuser/.pyenv/versions/3.11.9/envs/airflow-venv/lib/python3.11/site-packages/airflow/example_dags/example_trigger_target_dag.py took 0.090 seconds
[2025-07-30T00:24:24.437+0000] {processor.py:161} INFO - Started process (PID=34504) to work on /home/azureuser/.pyenv/versions/3.11.9/envs/airflow-venv/lib/python3.11/site-packages/airflow/example_dags/example_trigger_target_dag.py
[2025-07-30T00:24:24.439+0000] {processor.py:830} INFO - Processing file /home/azureuser/.pyenv/versions/3.11.9/envs/airflow-venv/lib/python3.11/site-packages/airflow/example_dags/example_trigger_target_dag.py for tasks to queue
[2025-07-30T00:24:24.440+0000] {logging_mixin.py:188} INFO - [2025-07-30T00:24:24.439+0000] {dagbag.py:538} INFO - Filling up the DagBag from /home/azureuser/.pyenv/versions/3.11.9/envs/airflow-venv/lib/python3.11/site-packages/airflow/example_dags/example_trigger_target_dag.py
[2025-07-30T00:24:24.449+0000] {processor.py:840} INFO - DAG(s) 'example_trigger_target_dag' retrieved from /home/azureuser/.pyenv/versions/3.11.9/envs/airflow-venv/lib/python3.11/site-packages/airflow/example_dags/example_trigger_target_dag.py
[2025-07-30T00:24:24.468+0000] {logging_mixin.py:188} INFO - [2025-07-30T00:24:24.468+0000] {dag.py:3036} INFO - Sync 1 DAGs
[2025-07-30T00:24:24.483+0000] {logging_mixin.py:188} INFO - [2025-07-30T00:24:24.482+0000] {dag.py:3823} INFO - Setting next_dagrun for example_trigger_target_dag to None, run_after=None
[2025-07-30T00:24:24.677+0000] {processor.py:183} INFO - Processing /home/azureuser/.pyenv/versions/3.11.9/envs/airflow-venv/lib/python3.11/site-packages/airflow/example_dags/example_trigger_target_dag.py took 0.244 seconds
[2025-07-30T00:25:14.651+0000] {processor.py:161} INFO - Started process (PID=34581) to work on /home/azureuser/.pyenv/versions/3.11.9/envs/airflow-venv/lib/python3.11/site-packages/airflow/example_dags/example_trigger_target_dag.py
[2025-07-30T00:25:14.653+0000] {processor.py:830} INFO - Processing file /home/azureuser/.pyenv/versions/3.11.9/envs/airflow-venv/lib/python3.11/site-packages/airflow/example_dags/example_trigger_target_dag.py for tasks to queue
[2025-07-30T00:25:14.654+0000] {logging_mixin.py:188} INFO - [2025-07-30T00:25:14.654+0000] {dagbag.py:538} INFO - Filling up the DagBag from /home/azureuser/.pyenv/versions/3.11.9/envs/airflow-venv/lib/python3.11/site-packages/airflow/example_dags/example_trigger_target_dag.py
[2025-07-30T00:25:14.662+0000] {processor.py:840} INFO - DAG(s) 'example_trigger_target_dag' retrieved from /home/azureuser/.pyenv/versions/3.11.9/envs/airflow-venv/lib/python3.11/site-packages/airflow/example_dags/example_trigger_target_dag.py
[2025-07-30T00:25:14.683+0000] {logging_mixin.py:188} INFO - [2025-07-30T00:25:14.682+0000] {dag.py:3036} INFO - Sync 1 DAGs
[2025-07-30T00:25:14.696+0000] {logging_mixin.py:188} INFO - [2025-07-30T00:25:14.696+0000] {dag.py:3823} INFO - Setting next_dagrun for example_trigger_target_dag to None, run_after=None
[2025-07-30T00:25:14.743+0000] {processor.py:183} INFO - Processing /home/azureuser/.pyenv/versions/3.11.9/envs/airflow-venv/lib/python3.11/site-packages/airflow/example_dags/example_trigger_target_dag.py took 0.096 seconds
[2025-07-30T00:25:56.123+0000] {processor.py:161} INFO - Started process (PID=34640) to work on /home/azureuser/.pyenv/versions/3.11.9/envs/airflow-venv/lib/python3.11/site-packages/airflow/example_dags/example_trigger_target_dag.py
[2025-07-30T00:25:56.126+0000] {processor.py:830} INFO - Processing file /home/azureuser/.pyenv/versions/3.11.9/envs/airflow-venv/lib/python3.11/site-packages/airflow/example_dags/example_trigger_target_dag.py for tasks to queue
[2025-07-30T00:25:56.128+0000] {logging_mixin.py:188} INFO - [2025-07-30T00:25:56.127+0000] {dagbag.py:538} INFO - Filling up the DagBag from /home/azureuser/.pyenv/versions/3.11.9/envs/airflow-venv/lib/python3.11/site-packages/airflow/example_dags/example_trigger_target_dag.py
[2025-07-30T00:25:56.152+0000] {processor.py:840} INFO - DAG(s) 'example_trigger_target_dag' retrieved from /home/azureuser/.pyenv/versions/3.11.9/envs/airflow-venv/lib/python3.11/site-packages/airflow/example_dags/example_trigger_target_dag.py
[2025-07-30T00:25:56.174+0000] {logging_mixin.py:188} INFO - [2025-07-30T00:25:56.174+0000] {dag.py:3036} INFO - Sync 1 DAGs
[2025-07-30T00:25:56.213+0000] {logging_mixin.py:188} INFO - [2025-07-30T00:25:56.211+0000] {dag.py:3823} INFO - Setting next_dagrun for example_trigger_target_dag to None, run_after=None
[2025-07-30T00:25:56.278+0000] {processor.py:183} INFO - Processing /home/azureuser/.pyenv/versions/3.11.9/envs/airflow-venv/lib/python3.11/site-packages/airflow/example_dags/example_trigger_target_dag.py took 0.164 seconds
[2025-07-30T20:45:45.192+0000] {processor.py:161} INFO - Started process (PID=1342) to work on /home/azureuser/.pyenv/versions/3.11.9/envs/airflow-venv/lib/python3.11/site-packages/airflow/example_dags/example_trigger_target_dag.py
[2025-07-30T20:45:45.193+0000] {processor.py:830} INFO - Processing file /home/azureuser/.pyenv/versions/3.11.9/envs/airflow-venv/lib/python3.11/site-packages/airflow/example_dags/example_trigger_target_dag.py for tasks to queue
[2025-07-30T20:45:45.194+0000] {logging_mixin.py:188} INFO - [2025-07-30T20:45:45.194+0000] {dagbag.py:538} INFO - Filling up the DagBag from /home/azureuser/.pyenv/versions/3.11.9/envs/airflow-venv/lib/python3.11/site-packages/airflow/example_dags/example_trigger_target_dag.py
[2025-07-30T20:45:45.202+0000] {processor.py:840} INFO - DAG(s) 'example_trigger_target_dag' retrieved from /home/azureuser/.pyenv/versions/3.11.9/envs/airflow-venv/lib/python3.11/site-packages/airflow/example_dags/example_trigger_target_dag.py
[2025-07-30T20:45:45.302+0000] {logging_mixin.py:188} INFO - [2025-07-30T20:45:45.301+0000] {dag.py:3036} INFO - Sync 1 DAGs
[2025-07-30T20:45:45.311+0000] {logging_mixin.py:188} INFO - [2025-07-30T20:45:45.311+0000] {dag.py:3823} INFO - Setting next_dagrun for example_trigger_target_dag to None, run_after=None
[2025-07-30T20:45:45.342+0000] {processor.py:183} INFO - Processing /home/azureuser/.pyenv/versions/3.11.9/envs/airflow-venv/lib/python3.11/site-packages/airflow/example_dags/example_trigger_target_dag.py took 0.153 seconds
[2025-07-30T20:46:35.796+0000] {processor.py:161} INFO - Started process (PID=1397) to work on /home/azureuser/.pyenv/versions/3.11.9/envs/airflow-venv/lib/python3.11/site-packages/airflow/example_dags/example_trigger_target_dag.py
[2025-07-30T20:46:35.798+0000] {processor.py:830} INFO - Processing file /home/azureuser/.pyenv/versions/3.11.9/envs/airflow-venv/lib/python3.11/site-packages/airflow/example_dags/example_trigger_target_dag.py for tasks to queue
[2025-07-30T20:46:35.799+0000] {logging_mixin.py:188} INFO - [2025-07-30T20:46:35.798+0000] {dagbag.py:538} INFO - Filling up the DagBag from /home/azureuser/.pyenv/versions/3.11.9/envs/airflow-venv/lib/python3.11/site-packages/airflow/example_dags/example_trigger_target_dag.py
[2025-07-30T20:46:35.806+0000] {processor.py:840} INFO - DAG(s) 'example_trigger_target_dag' retrieved from /home/azureuser/.pyenv/versions/3.11.9/envs/airflow-venv/lib/python3.11/site-packages/airflow/example_dags/example_trigger_target_dag.py
[2025-07-30T20:46:35.824+0000] {logging_mixin.py:188} INFO - [2025-07-30T20:46:35.824+0000] {dag.py:3036} INFO - Sync 1 DAGs
[2025-07-30T20:46:35.837+0000] {logging_mixin.py:188} INFO - [2025-07-30T20:46:35.836+0000] {dag.py:3823} INFO - Setting next_dagrun for example_trigger_target_dag to None, run_after=None
[2025-07-30T20:46:35.867+0000] {processor.py:183} INFO - Processing /home/azureuser/.pyenv/versions/3.11.9/envs/airflow-venv/lib/python3.11/site-packages/airflow/example_dags/example_trigger_target_dag.py took 0.074 seconds
[2025-07-30T20:47:22.927+0000] {processor.py:161} INFO - Started process (PID=1445) to work on /home/azureuser/.pyenv/versions/3.11.9/envs/airflow-venv/lib/python3.11/site-packages/airflow/example_dags/example_trigger_target_dag.py
[2025-07-30T20:47:22.929+0000] {processor.py:830} INFO - Processing file /home/azureuser/.pyenv/versions/3.11.9/envs/airflow-venv/lib/python3.11/site-packages/airflow/example_dags/example_trigger_target_dag.py for tasks to queue
[2025-07-30T20:47:22.930+0000] {logging_mixin.py:188} INFO - [2025-07-30T20:47:22.929+0000] {dagbag.py:538} INFO - Filling up the DagBag from /home/azureuser/.pyenv/versions/3.11.9/envs/airflow-venv/lib/python3.11/site-packages/airflow/example_dags/example_trigger_target_dag.py
[2025-07-30T20:47:22.937+0000] {processor.py:840} INFO - DAG(s) 'example_trigger_target_dag' retrieved from /home/azureuser/.pyenv/versions/3.11.9/envs/airflow-venv/lib/python3.11/site-packages/airflow/example_dags/example_trigger_target_dag.py
[2025-07-30T20:47:22.954+0000] {logging_mixin.py:188} INFO - [2025-07-30T20:47:22.954+0000] {dag.py:3036} INFO - Sync 1 DAGs
[2025-07-30T20:47:22.966+0000] {logging_mixin.py:188} INFO - [2025-07-30T20:47:22.966+0000] {dag.py:3823} INFO - Setting next_dagrun for example_trigger_target_dag to None, run_after=None
[2025-07-30T20:47:22.993+0000] {processor.py:183} INFO - Processing /home/azureuser/.pyenv/versions/3.11.9/envs/airflow-venv/lib/python3.11/site-packages/airflow/example_dags/example_trigger_target_dag.py took 0.069 seconds
[2025-07-30T21:03:33.701+0000] {processor.py:161} INFO - Started process (PID=1660) to work on /home/azureuser/.pyenv/versions/3.11.9/envs/airflow-venv/lib/python3.11/site-packages/airflow/example_dags/example_trigger_target_dag.py
[2025-07-30T21:03:33.703+0000] {processor.py:830} INFO - Processing file /home/azureuser/.pyenv/versions/3.11.9/envs/airflow-venv/lib/python3.11/site-packages/airflow/example_dags/example_trigger_target_dag.py for tasks to queue
[2025-07-30T21:03:33.704+0000] {logging_mixin.py:188} INFO - [2025-07-30T21:03:33.703+0000] {dagbag.py:538} INFO - Filling up the DagBag from /home/azureuser/.pyenv/versions/3.11.9/envs/airflow-venv/lib/python3.11/site-packages/airflow/example_dags/example_trigger_target_dag.py
[2025-07-30T21:03:33.711+0000] {processor.py:840} INFO - DAG(s) 'example_trigger_target_dag' retrieved from /home/azureuser/.pyenv/versions/3.11.9/envs/airflow-venv/lib/python3.11/site-packages/airflow/example_dags/example_trigger_target_dag.py
[2025-07-30T21:03:33.728+0000] {logging_mixin.py:188} INFO - [2025-07-30T21:03:33.728+0000] {dag.py:3036} INFO - Sync 1 DAGs
[2025-07-30T21:03:33.740+0000] {logging_mixin.py:188} INFO - [2025-07-30T21:03:33.740+0000] {dag.py:3823} INFO - Setting next_dagrun for example_trigger_target_dag to None, run_after=None
[2025-07-30T21:03:33.768+0000] {processor.py:183} INFO - Processing /home/azureuser/.pyenv/versions/3.11.9/envs/airflow-venv/lib/python3.11/site-packages/airflow/example_dags/example_trigger_target_dag.py took 0.070 seconds
[2025-07-30T21:04:28.671+0000] {processor.py:161} INFO - Started process (PID=1715) to work on /home/azureuser/.pyenv/versions/3.11.9/envs/airflow-venv/lib/python3.11/site-packages/airflow/example_dags/example_trigger_target_dag.py
[2025-07-30T21:04:28.672+0000] {processor.py:830} INFO - Processing file /home/azureuser/.pyenv/versions/3.11.9/envs/airflow-venv/lib/python3.11/site-packages/airflow/example_dags/example_trigger_target_dag.py for tasks to queue
[2025-07-30T21:04:28.673+0000] {logging_mixin.py:188} INFO - [2025-07-30T21:04:28.673+0000] {dagbag.py:538} INFO - Filling up the DagBag from /home/azureuser/.pyenv/versions/3.11.9/envs/airflow-venv/lib/python3.11/site-packages/airflow/example_dags/example_trigger_target_dag.py
[2025-07-30T21:04:28.681+0000] {processor.py:840} INFO - DAG(s) 'example_trigger_target_dag' retrieved from /home/azureuser/.pyenv/versions/3.11.9/envs/airflow-venv/lib/python3.11/site-packages/airflow/example_dags/example_trigger_target_dag.py
[2025-07-30T21:04:28.699+0000] {logging_mixin.py:188} INFO - [2025-07-30T21:04:28.699+0000] {dag.py:3036} INFO - Sync 1 DAGs
[2025-07-30T21:04:28.837+0000] {logging_mixin.py:188} INFO - [2025-07-30T21:04:28.837+0000] {dag.py:3823} INFO - Setting next_dagrun for example_trigger_target_dag to None, run_after=None
[2025-07-30T21:04:28.862+0000] {processor.py:183} INFO - Processing /home/azureuser/.pyenv/versions/3.11.9/envs/airflow-venv/lib/python3.11/site-packages/airflow/example_dags/example_trigger_target_dag.py took 0.195 seconds
[2025-07-30T21:05:17.991+0000] {processor.py:161} INFO - Started process (PID=1764) to work on /home/azureuser/.pyenv/versions/3.11.9/envs/airflow-venv/lib/python3.11/site-packages/airflow/example_dags/example_trigger_target_dag.py
[2025-07-30T21:05:17.992+0000] {processor.py:830} INFO - Processing file /home/azureuser/.pyenv/versions/3.11.9/envs/airflow-venv/lib/python3.11/site-packages/airflow/example_dags/example_trigger_target_dag.py for tasks to queue
[2025-07-30T21:05:17.993+0000] {logging_mixin.py:188} INFO - [2025-07-30T21:05:17.993+0000] {dagbag.py:538} INFO - Filling up the DagBag from /home/azureuser/.pyenv/versions/3.11.9/envs/airflow-venv/lib/python3.11/site-packages/airflow/example_dags/example_trigger_target_dag.py
[2025-07-30T21:05:18.002+0000] {processor.py:840} INFO - DAG(s) 'example_trigger_target_dag' retrieved from /home/azureuser/.pyenv/versions/3.11.9/envs/airflow-venv/lib/python3.11/site-packages/airflow/example_dags/example_trigger_target_dag.py
[2025-07-30T21:05:18.020+0000] {logging_mixin.py:188} INFO - [2025-07-30T21:05:18.020+0000] {dag.py:3036} INFO - Sync 1 DAGs
[2025-07-30T21:05:18.032+0000] {logging_mixin.py:188} INFO - [2025-07-30T21:05:18.032+0000] {dag.py:3823} INFO - Setting next_dagrun for example_trigger_target_dag to None, run_after=None
[2025-07-30T21:05:18.065+0000] {processor.py:183} INFO - Processing /home/azureuser/.pyenv/versions/3.11.9/envs/airflow-venv/lib/python3.11/site-packages/airflow/example_dags/example_trigger_target_dag.py took 0.078 seconds
[2025-07-30T21:05:54.598+0000] {processor.py:161} INFO - Started process (PID=1801) to work on /home/azureuser/.pyenv/versions/3.11.9/envs/airflow-venv/lib/python3.11/site-packages/airflow/example_dags/example_trigger_target_dag.py
[2025-07-30T21:05:54.599+0000] {processor.py:830} INFO - Processing file /home/azureuser/.pyenv/versions/3.11.9/envs/airflow-venv/lib/python3.11/site-packages/airflow/example_dags/example_trigger_target_dag.py for tasks to queue
[2025-07-30T21:05:54.600+0000] {logging_mixin.py:188} INFO - [2025-07-30T21:05:54.600+0000] {dagbag.py:538} INFO - Filling up the DagBag from /home/azureuser/.pyenv/versions/3.11.9/envs/airflow-venv/lib/python3.11/site-packages/airflow/example_dags/example_trigger_target_dag.py
[2025-07-30T21:05:54.609+0000] {processor.py:840} INFO - DAG(s) 'example_trigger_target_dag' retrieved from /home/azureuser/.pyenv/versions/3.11.9/envs/airflow-venv/lib/python3.11/site-packages/airflow/example_dags/example_trigger_target_dag.py
[2025-07-30T21:05:54.627+0000] {logging_mixin.py:188} INFO - [2025-07-30T21:05:54.627+0000] {dag.py:3036} INFO - Sync 1 DAGs
[2025-07-30T21:05:54.640+0000] {logging_mixin.py:188} INFO - [2025-07-30T21:05:54.640+0000] {dag.py:3823} INFO - Setting next_dagrun for example_trigger_target_dag to None, run_after=None
[2025-07-30T21:05:54.669+0000] {processor.py:183} INFO - Processing /home/azureuser/.pyenv/versions/3.11.9/envs/airflow-venv/lib/python3.11/site-packages/airflow/example_dags/example_trigger_target_dag.py took 0.074 seconds
[2025-07-30T21:06:47.965+0000] {processor.py:161} INFO - Started process (PID=1855) to work on /home/azureuser/.pyenv/versions/3.11.9/envs/airflow-venv/lib/python3.11/site-packages/airflow/example_dags/example_trigger_target_dag.py
[2025-07-30T21:06:47.967+0000] {processor.py:830} INFO - Processing file /home/azureuser/.pyenv/versions/3.11.9/envs/airflow-venv/lib/python3.11/site-packages/airflow/example_dags/example_trigger_target_dag.py for tasks to queue
[2025-07-30T21:06:47.968+0000] {logging_mixin.py:188} INFO - [2025-07-30T21:06:47.967+0000] {dagbag.py:538} INFO - Filling up the DagBag from /home/azureuser/.pyenv/versions/3.11.9/envs/airflow-venv/lib/python3.11/site-packages/airflow/example_dags/example_trigger_target_dag.py
[2025-07-30T21:06:47.976+0000] {processor.py:840} INFO - DAG(s) 'example_trigger_target_dag' retrieved from /home/azureuser/.pyenv/versions/3.11.9/envs/airflow-venv/lib/python3.11/site-packages/airflow/example_dags/example_trigger_target_dag.py
[2025-07-30T21:06:47.994+0000] {logging_mixin.py:188} INFO - [2025-07-30T21:06:47.994+0000] {dag.py:3036} INFO - Sync 1 DAGs
[2025-07-30T21:06:48.007+0000] {logging_mixin.py:188} INFO - [2025-07-30T21:06:48.006+0000] {dag.py:3823} INFO - Setting next_dagrun for example_trigger_target_dag to None, run_after=None
[2025-07-30T21:06:48.041+0000] {processor.py:183} INFO - Processing /home/azureuser/.pyenv/versions/3.11.9/envs/airflow-venv/lib/python3.11/site-packages/airflow/example_dags/example_trigger_target_dag.py took 0.080 seconds
