[2025-07-30T00:21:12.767+0000] {processor.py:161} INFO - Started process (PID=34224) to work on /home/azureuser/.pyenv/versions/3.11.9/envs/airflow-venv/lib/python3.11/site-packages/airflow/example_dags/example_short_circuit_decorator.py
[2025-07-30T00:21:12.768+0000] {processor.py:830} INFO - Processing file /home/azureuser/.pyenv/versions/3.11.9/envs/airflow-venv/lib/python3.11/site-packages/airflow/example_dags/example_short_circuit_decorator.py for tasks to queue
[2025-07-30T00:21:12.770+0000] {logging_mixin.py:188} INFO - [2025-07-30T00:21:12.769+0000] {dagbag.py:538} INFO - Filling up the DagBag from /home/azureuser/.pyenv/versions/3.11.9/envs/airflow-venv/lib/python3.11/site-packages/airflow/example_dags/example_short_circuit_decorator.py
[2025-07-30T00:21:12.783+0000] {processor.py:840} INFO - DAG(s) 'example_short_circuit_decorator' retrieved from /home/azureuser/.pyenv/versions/3.11.9/envs/airflow-venv/lib/python3.11/site-packages/airflow/example_dags/example_short_circuit_decorator.py
[2025-07-30T00:21:12.944+0000] {logging_mixin.py:188} INFO - [2025-07-30T00:21:12.943+0000] {override.py:1769} INFO - Created Permission View: can delete on DAG:example_short_circuit_decorator
[2025-07-30T00:21:12.979+0000] {logging_mixin.py:188} INFO - [2025-07-30T00:21:12.979+0000] {override.py:1769} INFO - Created Permission View: can read on DAG:example_short_circuit_decorator
[2025-07-30T00:21:13.005+0000] {logging_mixin.py:188} INFO - [2025-07-30T00:21:13.005+0000] {override.py:1769} INFO - Created Permission View: can edit on DAG:example_short_circuit_decorator
[2025-07-30T00:21:13.006+0000] {logging_mixin.py:188} INFO - [2025-07-30T00:21:13.005+0000] {dag.py:3036} INFO - Sync 1 DAGs
[2025-07-30T00:21:13.020+0000] {logging_mixin.py:188} INFO - [2025-07-30T00:21:13.020+0000] {dag.py:3058} INFO - Creating ORM DAG for example_short_circuit_decorator
[2025-07-30T00:21:13.030+0000] {logging_mixin.py:188} INFO - [2025-07-30T00:21:13.030+0000] {dag.py:3823} INFO - Setting next_dagrun for example_short_circuit_decorator to 2025-07-29 00:00:00+00:00, run_after=2025-07-30 00:00:00+00:00
[2025-07-30T00:21:13.077+0000] {processor.py:183} INFO - Processing /home/azureuser/.pyenv/versions/3.11.9/envs/airflow-venv/lib/python3.11/site-packages/airflow/example_dags/example_short_circuit_decorator.py took 0.314 seconds
[2025-07-30T00:22:07.198+0000] {processor.py:161} INFO - Started process (PID=34308) to work on /home/azureuser/.pyenv/versions/3.11.9/envs/airflow-venv/lib/python3.11/site-packages/airflow/example_dags/example_short_circuit_decorator.py
[2025-07-30T00:22:07.200+0000] {processor.py:830} INFO - Processing file /home/azureuser/.pyenv/versions/3.11.9/envs/airflow-venv/lib/python3.11/site-packages/airflow/example_dags/example_short_circuit_decorator.py for tasks to queue
[2025-07-30T00:22:07.202+0000] {logging_mixin.py:188} INFO - [2025-07-30T00:22:07.201+0000] {dagbag.py:538} INFO - Filling up the DagBag from /home/azureuser/.pyenv/versions/3.11.9/envs/airflow-venv/lib/python3.11/site-packages/airflow/example_dags/example_short_circuit_decorator.py
[2025-07-30T00:22:07.220+0000] {processor.py:840} INFO - DAG(s) 'example_short_circuit_decorator' retrieved from /home/azureuser/.pyenv/versions/3.11.9/envs/airflow-venv/lib/python3.11/site-packages/airflow/example_dags/example_short_circuit_decorator.py
[2025-07-30T00:22:07.255+0000] {logging_mixin.py:188} INFO - [2025-07-30T00:22:07.254+0000] {dag.py:3036} INFO - Sync 1 DAGs
[2025-07-30T00:22:07.291+0000] {logging_mixin.py:188} INFO - [2025-07-30T00:22:07.291+0000] {dag.py:3823} INFO - Setting next_dagrun for example_short_circuit_decorator to 2025-07-29 00:00:00+00:00, run_after=2025-07-30 00:00:00+00:00
[2025-07-30T00:22:07.336+0000] {processor.py:183} INFO - Processing /home/azureuser/.pyenv/versions/3.11.9/envs/airflow-venv/lib/python3.11/site-packages/airflow/example_dags/example_short_circuit_decorator.py took 0.142 seconds
[2025-07-30T00:22:59.207+0000] {processor.py:161} INFO - Started process (PID=34381) to work on /home/azureuser/.pyenv/versions/3.11.9/envs/airflow-venv/lib/python3.11/site-packages/airflow/example_dags/example_short_circuit_decorator.py
[2025-07-30T00:22:59.208+0000] {processor.py:830} INFO - Processing file /home/azureuser/.pyenv/versions/3.11.9/envs/airflow-venv/lib/python3.11/site-packages/airflow/example_dags/example_short_circuit_decorator.py for tasks to queue
[2025-07-30T00:22:59.210+0000] {logging_mixin.py:188} INFO - [2025-07-30T00:22:59.209+0000] {dagbag.py:538} INFO - Filling up the DagBag from /home/azureuser/.pyenv/versions/3.11.9/envs/airflow-venv/lib/python3.11/site-packages/airflow/example_dags/example_short_circuit_decorator.py
[2025-07-30T00:22:59.225+0000] {processor.py:840} INFO - DAG(s) 'example_short_circuit_decorator' retrieved from /home/azureuser/.pyenv/versions/3.11.9/envs/airflow-venv/lib/python3.11/site-packages/airflow/example_dags/example_short_circuit_decorator.py
[2025-07-30T00:22:59.249+0000] {logging_mixin.py:188} INFO - [2025-07-30T00:22:59.249+0000] {dag.py:3036} INFO - Sync 1 DAGs
[2025-07-30T00:22:59.274+0000] {logging_mixin.py:188} INFO - [2025-07-30T00:22:59.273+0000] {dag.py:3823} INFO - Setting next_dagrun for example_short_circuit_decorator to 2025-07-29 00:00:00+00:00, run_after=2025-07-30 00:00:00+00:00
[2025-07-30T00:22:59.324+0000] {processor.py:183} INFO - Processing /home/azureuser/.pyenv/versions/3.11.9/envs/airflow-venv/lib/python3.11/site-packages/airflow/example_dags/example_short_circuit_decorator.py took 0.122 seconds
[2025-07-30T00:23:43.686+0000] {processor.py:161} INFO - Started process (PID=34451) to work on /home/azureuser/.pyenv/versions/3.11.9/envs/airflow-venv/lib/python3.11/site-packages/airflow/example_dags/example_short_circuit_decorator.py
[2025-07-30T00:23:43.688+0000] {processor.py:830} INFO - Processing file /home/azureuser/.pyenv/versions/3.11.9/envs/airflow-venv/lib/python3.11/site-packages/airflow/example_dags/example_short_circuit_decorator.py for tasks to queue
[2025-07-30T00:23:43.689+0000] {logging_mixin.py:188} INFO - [2025-07-30T00:23:43.688+0000] {dagbag.py:538} INFO - Filling up the DagBag from /home/azureuser/.pyenv/versions/3.11.9/envs/airflow-venv/lib/python3.11/site-packages/airflow/example_dags/example_short_circuit_decorator.py
[2025-07-30T00:23:43.703+0000] {processor.py:840} INFO - DAG(s) 'example_short_circuit_decorator' retrieved from /home/azureuser/.pyenv/versions/3.11.9/envs/airflow-venv/lib/python3.11/site-packages/airflow/example_dags/example_short_circuit_decorator.py
[2025-07-30T00:23:43.726+0000] {logging_mixin.py:188} INFO - [2025-07-30T00:23:43.725+0000] {dag.py:3036} INFO - Sync 1 DAGs
[2025-07-30T00:23:43.749+0000] {logging_mixin.py:188} INFO - [2025-07-30T00:23:43.749+0000] {dag.py:3823} INFO - Setting next_dagrun for example_short_circuit_decorator to 2025-07-29 00:00:00+00:00, run_after=2025-07-30 00:00:00+00:00
[2025-07-30T00:23:43.789+0000] {processor.py:183} INFO - Processing /home/azureuser/.pyenv/versions/3.11.9/envs/airflow-venv/lib/python3.11/site-packages/airflow/example_dags/example_short_circuit_decorator.py took 0.107 seconds
[2025-07-30T00:24:31.143+0000] {processor.py:161} INFO - Started process (PID=34511) to work on /home/azureuser/.pyenv/versions/3.11.9/envs/airflow-venv/lib/python3.11/site-packages/airflow/example_dags/example_short_circuit_decorator.py
[2025-07-30T00:24:31.144+0000] {processor.py:830} INFO - Processing file /home/azureuser/.pyenv/versions/3.11.9/envs/airflow-venv/lib/python3.11/site-packages/airflow/example_dags/example_short_circuit_decorator.py for tasks to queue
[2025-07-30T00:24:31.146+0000] {logging_mixin.py:188} INFO - [2025-07-30T00:24:31.145+0000] {dagbag.py:538} INFO - Filling up the DagBag from /home/azureuser/.pyenv/versions/3.11.9/envs/airflow-venv/lib/python3.11/site-packages/airflow/example_dags/example_short_circuit_decorator.py
[2025-07-30T00:24:31.159+0000] {processor.py:840} INFO - DAG(s) 'example_short_circuit_decorator' retrieved from /home/azureuser/.pyenv/versions/3.11.9/envs/airflow-venv/lib/python3.11/site-packages/airflow/example_dags/example_short_circuit_decorator.py
[2025-07-30T00:24:31.182+0000] {logging_mixin.py:188} INFO - [2025-07-30T00:24:31.182+0000] {dag.py:3036} INFO - Sync 1 DAGs
[2025-07-30T00:24:31.361+0000] {logging_mixin.py:188} INFO - [2025-07-30T00:24:31.361+0000] {dag.py:3823} INFO - Setting next_dagrun for example_short_circuit_decorator to 2025-07-29 00:00:00+00:00, run_after=2025-07-30 00:00:00+00:00
[2025-07-30T00:24:31.395+0000] {processor.py:183} INFO - Processing /home/azureuser/.pyenv/versions/3.11.9/envs/airflow-venv/lib/python3.11/site-packages/airflow/example_dags/example_short_circuit_decorator.py took 0.257 seconds
[2025-07-30T00:25:20.627+0000] {processor.py:161} INFO - Started process (PID=34588) to work on /home/azureuser/.pyenv/versions/3.11.9/envs/airflow-venv/lib/python3.11/site-packages/airflow/example_dags/example_short_circuit_decorator.py
[2025-07-30T00:25:20.629+0000] {processor.py:830} INFO - Processing file /home/azureuser/.pyenv/versions/3.11.9/envs/airflow-venv/lib/python3.11/site-packages/airflow/example_dags/example_short_circuit_decorator.py for tasks to queue
[2025-07-30T00:25:20.630+0000] {logging_mixin.py:188} INFO - [2025-07-30T00:25:20.630+0000] {dagbag.py:538} INFO - Filling up the DagBag from /home/azureuser/.pyenv/versions/3.11.9/envs/airflow-venv/lib/python3.11/site-packages/airflow/example_dags/example_short_circuit_decorator.py
[2025-07-30T00:25:20.647+0000] {processor.py:840} INFO - DAG(s) 'example_short_circuit_decorator' retrieved from /home/azureuser/.pyenv/versions/3.11.9/envs/airflow-venv/lib/python3.11/site-packages/airflow/example_dags/example_short_circuit_decorator.py
[2025-07-30T00:25:20.673+0000] {logging_mixin.py:188} INFO - [2025-07-30T00:25:20.673+0000] {dag.py:3036} INFO - Sync 1 DAGs
[2025-07-30T00:25:20.698+0000] {logging_mixin.py:188} INFO - [2025-07-30T00:25:20.697+0000] {dag.py:3823} INFO - Setting next_dagrun for example_short_circuit_decorator to 2025-07-29 00:00:00+00:00, run_after=2025-07-30 00:00:00+00:00
[2025-07-30T00:25:20.740+0000] {processor.py:183} INFO - Processing /home/azureuser/.pyenv/versions/3.11.9/envs/airflow-venv/lib/python3.11/site-packages/airflow/example_dags/example_short_circuit_decorator.py took 0.117 seconds
[2025-07-30T00:26:25.513+0000] {processor.py:161} INFO - Started process (PID=34687) to work on /home/azureuser/.pyenv/versions/3.11.9/envs/airflow-venv/lib/python3.11/site-packages/airflow/example_dags/example_short_circuit_decorator.py
[2025-07-30T00:26:25.515+0000] {processor.py:830} INFO - Processing file /home/azureuser/.pyenv/versions/3.11.9/envs/airflow-venv/lib/python3.11/site-packages/airflow/example_dags/example_short_circuit_decorator.py for tasks to queue
[2025-07-30T00:26:25.516+0000] {logging_mixin.py:188} INFO - [2025-07-30T00:26:25.516+0000] {dagbag.py:538} INFO - Filling up the DagBag from /home/azureuser/.pyenv/versions/3.11.9/envs/airflow-venv/lib/python3.11/site-packages/airflow/example_dags/example_short_circuit_decorator.py
[2025-07-30T00:26:25.533+0000] {processor.py:840} INFO - DAG(s) 'example_short_circuit_decorator' retrieved from /home/azureuser/.pyenv/versions/3.11.9/envs/airflow-venv/lib/python3.11/site-packages/airflow/example_dags/example_short_circuit_decorator.py
[2025-07-30T00:26:25.546+0000] {logging_mixin.py:188} INFO - [2025-07-30T00:26:25.545+0000] {dag.py:3036} INFO - Sync 1 DAGs
[2025-07-30T00:26:25.578+0000] {logging_mixin.py:188} INFO - [2025-07-30T00:26:25.578+0000] {dag.py:3823} INFO - Setting next_dagrun for example_short_circuit_decorator to 2025-07-29 00:00:00+00:00, run_after=2025-07-30 00:00:00+00:00
[2025-07-30T00:26:25.628+0000] {processor.py:183} INFO - Processing /home/azureuser/.pyenv/versions/3.11.9/envs/airflow-venv/lib/python3.11/site-packages/airflow/example_dags/example_short_circuit_decorator.py took 0.120 seconds
[2025-07-30T20:45:50.441+0000] {processor.py:161} INFO - Started process (PID=1347) to work on /home/azureuser/.pyenv/versions/3.11.9/envs/airflow-venv/lib/python3.11/site-packages/airflow/example_dags/example_short_circuit_decorator.py
[2025-07-30T20:45:50.443+0000] {processor.py:830} INFO - Processing file /home/azureuser/.pyenv/versions/3.11.9/envs/airflow-venv/lib/python3.11/site-packages/airflow/example_dags/example_short_circuit_decorator.py for tasks to queue
[2025-07-30T20:45:50.444+0000] {logging_mixin.py:188} INFO - [2025-07-30T20:45:50.444+0000] {dagbag.py:538} INFO - Filling up the DagBag from /home/azureuser/.pyenv/versions/3.11.9/envs/airflow-venv/lib/python3.11/site-packages/airflow/example_dags/example_short_circuit_decorator.py
[2025-07-30T20:45:50.455+0000] {processor.py:840} INFO - DAG(s) 'example_short_circuit_decorator' retrieved from /home/azureuser/.pyenv/versions/3.11.9/envs/airflow-venv/lib/python3.11/site-packages/airflow/example_dags/example_short_circuit_decorator.py
[2025-07-30T20:45:50.556+0000] {logging_mixin.py:188} INFO - [2025-07-30T20:45:50.556+0000] {dag.py:3036} INFO - Sync 1 DAGs
[2025-07-30T20:45:50.574+0000] {logging_mixin.py:188} INFO - [2025-07-30T20:45:50.574+0000] {dag.py:3823} INFO - Setting next_dagrun for example_short_circuit_decorator to 2025-07-29 00:00:00+00:00, run_after=2025-07-30 00:00:00+00:00
[2025-07-30T20:45:50.615+0000] {processor.py:183} INFO - Processing /home/azureuser/.pyenv/versions/3.11.9/envs/airflow-venv/lib/python3.11/site-packages/airflow/example_dags/example_short_circuit_decorator.py took 0.177 seconds
[2025-07-30T20:46:40.632+0000] {processor.py:161} INFO - Started process (PID=1402) to work on /home/azureuser/.pyenv/versions/3.11.9/envs/airflow-venv/lib/python3.11/site-packages/airflow/example_dags/example_short_circuit_decorator.py
[2025-07-30T20:46:40.633+0000] {processor.py:830} INFO - Processing file /home/azureuser/.pyenv/versions/3.11.9/envs/airflow-venv/lib/python3.11/site-packages/airflow/example_dags/example_short_circuit_decorator.py for tasks to queue
[2025-07-30T20:46:40.634+0000] {logging_mixin.py:188} INFO - [2025-07-30T20:46:40.634+0000] {dagbag.py:538} INFO - Filling up the DagBag from /home/azureuser/.pyenv/versions/3.11.9/envs/airflow-venv/lib/python3.11/site-packages/airflow/example_dags/example_short_circuit_decorator.py
[2025-07-30T20:46:40.646+0000] {processor.py:840} INFO - DAG(s) 'example_short_circuit_decorator' retrieved from /home/azureuser/.pyenv/versions/3.11.9/envs/airflow-venv/lib/python3.11/site-packages/airflow/example_dags/example_short_circuit_decorator.py
[2025-07-30T20:46:40.666+0000] {logging_mixin.py:188} INFO - [2025-07-30T20:46:40.665+0000] {dag.py:3036} INFO - Sync 1 DAGs
[2025-07-30T20:46:40.686+0000] {logging_mixin.py:188} INFO - [2025-07-30T20:46:40.685+0000] {dag.py:3823} INFO - Setting next_dagrun for example_short_circuit_decorator to 2025-07-29 00:00:00+00:00, run_after=2025-07-30 00:00:00+00:00
[2025-07-30T20:46:40.716+0000] {processor.py:183} INFO - Processing /home/azureuser/.pyenv/versions/3.11.9/envs/airflow-venv/lib/python3.11/site-packages/airflow/example_dags/example_short_circuit_decorator.py took 0.088 seconds
[2025-07-30T20:47:28.025+0000] {processor.py:161} INFO - Started process (PID=1450) to work on /home/azureuser/.pyenv/versions/3.11.9/envs/airflow-venv/lib/python3.11/site-packages/airflow/example_dags/example_short_circuit_decorator.py
[2025-07-30T20:47:28.026+0000] {processor.py:830} INFO - Processing file /home/azureuser/.pyenv/versions/3.11.9/envs/airflow-venv/lib/python3.11/site-packages/airflow/example_dags/example_short_circuit_decorator.py for tasks to queue
[2025-07-30T20:47:28.027+0000] {logging_mixin.py:188} INFO - [2025-07-30T20:47:28.027+0000] {dagbag.py:538} INFO - Filling up the DagBag from /home/azureuser/.pyenv/versions/3.11.9/envs/airflow-venv/lib/python3.11/site-packages/airflow/example_dags/example_short_circuit_decorator.py
[2025-07-30T20:47:28.039+0000] {processor.py:840} INFO - DAG(s) 'example_short_circuit_decorator' retrieved from /home/azureuser/.pyenv/versions/3.11.9/envs/airflow-venv/lib/python3.11/site-packages/airflow/example_dags/example_short_circuit_decorator.py
[2025-07-30T20:47:28.058+0000] {logging_mixin.py:188} INFO - [2025-07-30T20:47:28.058+0000] {dag.py:3036} INFO - Sync 1 DAGs
[2025-07-30T20:47:28.079+0000] {logging_mixin.py:188} INFO - [2025-07-30T20:47:28.079+0000] {dag.py:3823} INFO - Setting next_dagrun for example_short_circuit_decorator to 2025-07-29 00:00:00+00:00, run_after=2025-07-30 00:00:00+00:00
[2025-07-30T20:47:28.108+0000] {processor.py:183} INFO - Processing /home/azureuser/.pyenv/versions/3.11.9/envs/airflow-venv/lib/python3.11/site-packages/airflow/example_dags/example_short_circuit_decorator.py took 0.086 seconds
[2025-07-30T21:03:38.751+0000] {processor.py:161} INFO - Started process (PID=1665) to work on /home/azureuser/.pyenv/versions/3.11.9/envs/airflow-venv/lib/python3.11/site-packages/airflow/example_dags/example_short_circuit_decorator.py
[2025-07-30T21:03:38.753+0000] {processor.py:830} INFO - Processing file /home/azureuser/.pyenv/versions/3.11.9/envs/airflow-venv/lib/python3.11/site-packages/airflow/example_dags/example_short_circuit_decorator.py for tasks to queue
[2025-07-30T21:03:38.754+0000] {logging_mixin.py:188} INFO - [2025-07-30T21:03:38.753+0000] {dagbag.py:538} INFO - Filling up the DagBag from /home/azureuser/.pyenv/versions/3.11.9/envs/airflow-venv/lib/python3.11/site-packages/airflow/example_dags/example_short_circuit_decorator.py
[2025-07-30T21:03:38.766+0000] {processor.py:840} INFO - DAG(s) 'example_short_circuit_decorator' retrieved from /home/azureuser/.pyenv/versions/3.11.9/envs/airflow-venv/lib/python3.11/site-packages/airflow/example_dags/example_short_circuit_decorator.py
[2025-07-30T21:03:38.786+0000] {logging_mixin.py:188} INFO - [2025-07-30T21:03:38.785+0000] {dag.py:3036} INFO - Sync 1 DAGs
[2025-07-30T21:03:38.806+0000] {logging_mixin.py:188} INFO - [2025-07-30T21:03:38.806+0000] {dag.py:3823} INFO - Setting next_dagrun for example_short_circuit_decorator to 2025-07-29 00:00:00+00:00, run_after=2025-07-30 00:00:00+00:00
[2025-07-30T21:03:38.834+0000] {processor.py:183} INFO - Processing /home/azureuser/.pyenv/versions/3.11.9/envs/airflow-venv/lib/python3.11/site-packages/airflow/example_dags/example_short_circuit_decorator.py took 0.087 seconds
[2025-07-30T21:04:34.989+0000] {processor.py:161} INFO - Started process (PID=1720) to work on /home/azureuser/.pyenv/versions/3.11.9/envs/airflow-venv/lib/python3.11/site-packages/airflow/example_dags/example_short_circuit_decorator.py
[2025-07-30T21:04:34.990+0000] {processor.py:830} INFO - Processing file /home/azureuser/.pyenv/versions/3.11.9/envs/airflow-venv/lib/python3.11/site-packages/airflow/example_dags/example_short_circuit_decorator.py for tasks to queue
[2025-07-30T21:04:34.991+0000] {logging_mixin.py:188} INFO - [2025-07-30T21:04:34.991+0000] {dagbag.py:538} INFO - Filling up the DagBag from /home/azureuser/.pyenv/versions/3.11.9/envs/airflow-venv/lib/python3.11/site-packages/airflow/example_dags/example_short_circuit_decorator.py
[2025-07-30T21:04:35.003+0000] {processor.py:840} INFO - DAG(s) 'example_short_circuit_decorator' retrieved from /home/azureuser/.pyenv/versions/3.11.9/envs/airflow-venv/lib/python3.11/site-packages/airflow/example_dags/example_short_circuit_decorator.py
[2025-07-30T21:04:35.024+0000] {logging_mixin.py:188} INFO - [2025-07-30T21:04:35.024+0000] {dag.py:3036} INFO - Sync 1 DAGs
[2025-07-30T21:04:35.173+0000] {logging_mixin.py:188} INFO - [2025-07-30T21:04:35.172+0000] {dag.py:3823} INFO - Setting next_dagrun for example_short_circuit_decorator to 2025-07-29 00:00:00+00:00, run_after=2025-07-30 00:00:00+00:00
[2025-07-30T21:04:35.199+0000] {processor.py:183} INFO - Processing /home/azureuser/.pyenv/versions/3.11.9/envs/airflow-venv/lib/python3.11/site-packages/airflow/example_dags/example_short_circuit_decorator.py took 0.214 seconds
[2025-07-30T21:05:22.985+0000] {processor.py:161} INFO - Started process (PID=1769) to work on /home/azureuser/.pyenv/versions/3.11.9/envs/airflow-venv/lib/python3.11/site-packages/airflow/example_dags/example_short_circuit_decorator.py
[2025-07-30T21:05:22.987+0000] {processor.py:830} INFO - Processing file /home/azureuser/.pyenv/versions/3.11.9/envs/airflow-venv/lib/python3.11/site-packages/airflow/example_dags/example_short_circuit_decorator.py for tasks to queue
[2025-07-30T21:05:22.988+0000] {logging_mixin.py:188} INFO - [2025-07-30T21:05:22.987+0000] {dagbag.py:538} INFO - Filling up the DagBag from /home/azureuser/.pyenv/versions/3.11.9/envs/airflow-venv/lib/python3.11/site-packages/airflow/example_dags/example_short_circuit_decorator.py
[2025-07-30T21:05:23.000+0000] {processor.py:840} INFO - DAG(s) 'example_short_circuit_decorator' retrieved from /home/azureuser/.pyenv/versions/3.11.9/envs/airflow-venv/lib/python3.11/site-packages/airflow/example_dags/example_short_circuit_decorator.py
[2025-07-30T21:05:23.021+0000] {logging_mixin.py:188} INFO - [2025-07-30T21:05:23.021+0000] {dag.py:3036} INFO - Sync 1 DAGs
[2025-07-30T21:05:23.043+0000] {logging_mixin.py:188} INFO - [2025-07-30T21:05:23.042+0000] {dag.py:3823} INFO - Setting next_dagrun for example_short_circuit_decorator to 2025-07-29 00:00:00+00:00, run_after=2025-07-30 00:00:00+00:00
[2025-07-30T21:05:23.071+0000] {processor.py:183} INFO - Processing /home/azureuser/.pyenv/versions/3.11.9/envs/airflow-venv/lib/python3.11/site-packages/airflow/example_dags/example_short_circuit_decorator.py took 0.089 seconds
[2025-07-30T21:06:17.526+0000] {processor.py:161} INFO - Started process (PID=1824) to work on /home/azureuser/.pyenv/versions/3.11.9/envs/airflow-venv/lib/python3.11/site-packages/airflow/example_dags/example_short_circuit_decorator.py
[2025-07-30T21:06:17.527+0000] {processor.py:830} INFO - Processing file /home/azureuser/.pyenv/versions/3.11.9/envs/airflow-venv/lib/python3.11/site-packages/airflow/example_dags/example_short_circuit_decorator.py for tasks to queue
[2025-07-30T21:06:17.528+0000] {logging_mixin.py:188} INFO - [2025-07-30T21:06:17.528+0000] {dagbag.py:538} INFO - Filling up the DagBag from /home/azureuser/.pyenv/versions/3.11.9/envs/airflow-venv/lib/python3.11/site-packages/airflow/example_dags/example_short_circuit_decorator.py
[2025-07-30T21:06:17.542+0000] {processor.py:840} INFO - DAG(s) 'example_short_circuit_decorator' retrieved from /home/azureuser/.pyenv/versions/3.11.9/envs/airflow-venv/lib/python3.11/site-packages/airflow/example_dags/example_short_circuit_decorator.py
[2025-07-30T21:06:17.567+0000] {logging_mixin.py:188} INFO - [2025-07-30T21:06:17.567+0000] {dag.py:3036} INFO - Sync 1 DAGs
[2025-07-30T21:06:17.590+0000] {logging_mixin.py:188} INFO - [2025-07-30T21:06:17.590+0000] {dag.py:3823} INFO - Setting next_dagrun for example_short_circuit_decorator to 2025-07-29 00:00:00+00:00, run_after=2025-07-30 00:00:00+00:00
[2025-07-30T21:06:17.619+0000] {processor.py:183} INFO - Processing /home/azureuser/.pyenv/versions/3.11.9/envs/airflow-venv/lib/python3.11/site-packages/airflow/example_dags/example_short_circuit_decorator.py took 0.098 seconds
