[2025-07-30T00:21:38.328+0000] {processor.py:161} INFO - Started process (PID=34263) to work on /home/azureuser/.pyenv/versions/3.11.9/envs/airflow-venv/lib/python3.11/site-packages/airflow/example_dags/example_complex.py
[2025-07-30T00:21:38.330+0000] {processor.py:830} INFO - Processing file /home/azureuser/.pyenv/versions/3.11.9/envs/airflow-venv/lib/python3.11/site-packages/airflow/example_dags/example_complex.py for tasks to queue
[2025-07-30T00:21:38.331+0000] {logging_mixin.py:188} INFO - [2025-07-30T00:21:38.330+0000] {dagbag.py:538} INFO - Filling up the DagBag from /home/azureuser/.pyenv/versions/3.11.9/envs/airflow-venv/lib/python3.11/site-packages/airflow/example_dags/example_complex.py
[2025-07-30T00:21:38.346+0000] {processor.py:840} INFO - DAG(s) 'example_complex' retrieved from /home/azureuser/.pyenv/versions/3.11.9/envs/airflow-venv/lib/python3.11/site-packages/airflow/example_dags/example_complex.py
[2025-07-30T00:21:38.527+0000] {logging_mixin.py:188} INFO - [2025-07-30T00:21:38.526+0000] {override.py:1769} INFO - Created Permission View: can delete on DAG:example_complex
[2025-07-30T00:21:38.554+0000] {logging_mixin.py:188} INFO - [2025-07-30T00:21:38.554+0000] {override.py:1769} INFO - Created Permission View: can read on DAG:example_complex
[2025-07-30T00:21:38.577+0000] {logging_mixin.py:188} INFO - [2025-07-30T00:21:38.577+0000] {override.py:1769} INFO - Created Permission View: can edit on DAG:example_complex
[2025-07-30T00:21:38.578+0000] {logging_mixin.py:188} INFO - [2025-07-30T00:21:38.577+0000] {dag.py:3036} INFO - Sync 1 DAGs
[2025-07-30T00:21:38.589+0000] {logging_mixin.py:188} INFO - [2025-07-30T00:21:38.589+0000] {dag.py:3058} INFO - Creating ORM DAG for example_complex
[2025-07-30T00:21:38.590+0000] {logging_mixin.py:188} INFO - [2025-07-30T00:21:38.590+0000] {dag.py:3823} INFO - Setting next_dagrun for example_complex to None, run_after=None
[2025-07-30T00:21:38.630+0000] {processor.py:183} INFO - Processing /home/azureuser/.pyenv/versions/3.11.9/envs/airflow-venv/lib/python3.11/site-packages/airflow/example_dags/example_complex.py took 0.306 seconds
[2025-07-30T00:22:30.645+0000] {processor.py:161} INFO - Started process (PID=34342) to work on /home/azureuser/.pyenv/versions/3.11.9/envs/airflow-venv/lib/python3.11/site-packages/airflow/example_dags/example_complex.py
[2025-07-30T00:22:30.647+0000] {processor.py:830} INFO - Processing file /home/azureuser/.pyenv/versions/3.11.9/envs/airflow-venv/lib/python3.11/site-packages/airflow/example_dags/example_complex.py for tasks to queue
[2025-07-30T00:22:30.648+0000] {logging_mixin.py:188} INFO - [2025-07-30T00:22:30.647+0000] {dagbag.py:538} INFO - Filling up the DagBag from /home/azureuser/.pyenv/versions/3.11.9/envs/airflow-venv/lib/python3.11/site-packages/airflow/example_dags/example_complex.py
[2025-07-30T00:22:30.662+0000] {processor.py:840} INFO - DAG(s) 'example_complex' retrieved from /home/azureuser/.pyenv/versions/3.11.9/envs/airflow-venv/lib/python3.11/site-packages/airflow/example_dags/example_complex.py
[2025-07-30T00:22:30.694+0000] {logging_mixin.py:188} INFO - [2025-07-30T00:22:30.693+0000] {dag.py:3036} INFO - Sync 1 DAGs
[2025-07-30T00:22:30.708+0000] {logging_mixin.py:188} INFO - [2025-07-30T00:22:30.708+0000] {dag.py:3823} INFO - Setting next_dagrun for example_complex to None, run_after=None
[2025-07-30T00:22:30.750+0000] {processor.py:183} INFO - Processing /home/azureuser/.pyenv/versions/3.11.9/envs/airflow-venv/lib/python3.11/site-packages/airflow/example_dags/example_complex.py took 0.109 seconds
[2025-07-30T00:23:31.900+0000] {processor.py:161} INFO - Started process (PID=34434) to work on /home/azureuser/.pyenv/versions/3.11.9/envs/airflow-venv/lib/python3.11/site-packages/airflow/example_dags/example_complex.py
[2025-07-30T00:23:31.902+0000] {processor.py:830} INFO - Processing file /home/azureuser/.pyenv/versions/3.11.9/envs/airflow-venv/lib/python3.11/site-packages/airflow/example_dags/example_complex.py for tasks to queue
[2025-07-30T00:23:31.903+0000] {logging_mixin.py:188} INFO - [2025-07-30T00:23:31.902+0000] {dagbag.py:538} INFO - Filling up the DagBag from /home/azureuser/.pyenv/versions/3.11.9/envs/airflow-venv/lib/python3.11/site-packages/airflow/example_dags/example_complex.py
[2025-07-30T00:23:31.921+0000] {processor.py:840} INFO - DAG(s) 'example_complex' retrieved from /home/azureuser/.pyenv/versions/3.11.9/envs/airflow-venv/lib/python3.11/site-packages/airflow/example_dags/example_complex.py
[2025-07-30T00:23:31.952+0000] {logging_mixin.py:188} INFO - [2025-07-30T00:23:31.951+0000] {dag.py:3036} INFO - Sync 1 DAGs
[2025-07-30T00:23:31.965+0000] {logging_mixin.py:188} INFO - [2025-07-30T00:23:31.965+0000] {dag.py:3823} INFO - Setting next_dagrun for example_complex to None, run_after=None
[2025-07-30T00:23:32.008+0000] {processor.py:183} INFO - Processing /home/azureuser/.pyenv/versions/3.11.9/envs/airflow-venv/lib/python3.11/site-packages/airflow/example_dags/example_complex.py took 0.112 seconds
[2025-07-30T00:24:41.582+0000] {processor.py:161} INFO - Started process (PID=34524) to work on /home/azureuser/.pyenv/versions/3.11.9/envs/airflow-venv/lib/python3.11/site-packages/airflow/example_dags/example_complex.py
[2025-07-30T00:24:41.584+0000] {processor.py:830} INFO - Processing file /home/azureuser/.pyenv/versions/3.11.9/envs/airflow-venv/lib/python3.11/site-packages/airflow/example_dags/example_complex.py for tasks to queue
[2025-07-30T00:24:41.585+0000] {logging_mixin.py:188} INFO - [2025-07-30T00:24:41.584+0000] {dagbag.py:538} INFO - Filling up the DagBag from /home/azureuser/.pyenv/versions/3.11.9/envs/airflow-venv/lib/python3.11/site-packages/airflow/example_dags/example_complex.py
[2025-07-30T00:24:41.599+0000] {processor.py:840} INFO - DAG(s) 'example_complex' retrieved from /home/azureuser/.pyenv/versions/3.11.9/envs/airflow-venv/lib/python3.11/site-packages/airflow/example_dags/example_complex.py
[2025-07-30T00:24:41.801+0000] {logging_mixin.py:188} INFO - [2025-07-30T00:24:41.801+0000] {dag.py:3036} INFO - Sync 1 DAGs
[2025-07-30T00:24:41.812+0000] {logging_mixin.py:188} INFO - [2025-07-30T00:24:41.812+0000] {dag.py:3823} INFO - Setting next_dagrun for example_complex to None, run_after=None
[2025-07-30T00:24:41.847+0000] {processor.py:183} INFO - Processing /home/azureuser/.pyenv/versions/3.11.9/envs/airflow-venv/lib/python3.11/site-packages/airflow/example_dags/example_complex.py took 0.269 seconds
[2025-07-30T00:25:47.019+0000] {processor.py:161} INFO - Started process (PID=34627) to work on /home/azureuser/.pyenv/versions/3.11.9/envs/airflow-venv/lib/python3.11/site-packages/airflow/example_dags/example_complex.py
[2025-07-30T00:25:47.021+0000] {processor.py:830} INFO - Processing file /home/azureuser/.pyenv/versions/3.11.9/envs/airflow-venv/lib/python3.11/site-packages/airflow/example_dags/example_complex.py for tasks to queue
[2025-07-30T00:25:47.022+0000] {logging_mixin.py:188} INFO - [2025-07-30T00:25:47.021+0000] {dagbag.py:538} INFO - Filling up the DagBag from /home/azureuser/.pyenv/versions/3.11.9/envs/airflow-venv/lib/python3.11/site-packages/airflow/example_dags/example_complex.py
[2025-07-30T00:25:47.037+0000] {processor.py:840} INFO - DAG(s) 'example_complex' retrieved from /home/azureuser/.pyenv/versions/3.11.9/envs/airflow-venv/lib/python3.11/site-packages/airflow/example_dags/example_complex.py
[2025-07-30T00:25:47.069+0000] {logging_mixin.py:188} INFO - [2025-07-30T00:25:47.069+0000] {dag.py:3036} INFO - Sync 1 DAGs
[2025-07-30T00:25:47.082+0000] {logging_mixin.py:188} INFO - [2025-07-30T00:25:47.082+0000] {dag.py:3823} INFO - Setting next_dagrun for example_complex to None, run_after=None
[2025-07-30T00:25:47.124+0000] {processor.py:183} INFO - Processing /home/azureuser/.pyenv/versions/3.11.9/envs/airflow-venv/lib/python3.11/site-packages/airflow/example_dags/example_complex.py took 0.109 seconds
[2025-07-30T20:46:13.322+0000] {processor.py:161} INFO - Started process (PID=1371) to work on /home/azureuser/.pyenv/versions/3.11.9/envs/airflow-venv/lib/python3.11/site-packages/airflow/example_dags/example_complex.py
[2025-07-30T20:46:13.326+0000] {processor.py:830} INFO - Processing file /home/azureuser/.pyenv/versions/3.11.9/envs/airflow-venv/lib/python3.11/site-packages/airflow/example_dags/example_complex.py for tasks to queue
[2025-07-30T20:46:13.329+0000] {logging_mixin.py:188} INFO - [2025-07-30T20:46:13.327+0000] {dagbag.py:538} INFO - Filling up the DagBag from /home/azureuser/.pyenv/versions/3.11.9/envs/airflow-venv/lib/python3.11/site-packages/airflow/example_dags/example_complex.py
[2025-07-30T20:46:13.354+0000] {processor.py:840} INFO - DAG(s) 'example_complex' retrieved from /home/azureuser/.pyenv/versions/3.11.9/envs/airflow-venv/lib/python3.11/site-packages/airflow/example_dags/example_complex.py
[2025-07-30T20:46:13.594+0000] {logging_mixin.py:188} INFO - [2025-07-30T20:46:13.594+0000] {dag.py:3036} INFO - Sync 1 DAGs
[2025-07-30T20:46:13.615+0000] {logging_mixin.py:188} INFO - [2025-07-30T20:46:13.614+0000] {dag.py:3823} INFO - Setting next_dagrun for example_complex to None, run_after=None
[2025-07-30T20:46:13.667+0000] {processor.py:183} INFO - Processing /home/azureuser/.pyenv/versions/3.11.9/envs/airflow-venv/lib/python3.11/site-packages/airflow/example_dags/example_complex.py took 0.353 seconds
[2025-07-30T20:47:11.120+0000] {processor.py:161} INFO - Started process (PID=1433) to work on /home/azureuser/.pyenv/versions/3.11.9/envs/airflow-venv/lib/python3.11/site-packages/airflow/example_dags/example_complex.py
[2025-07-30T20:47:11.122+0000] {processor.py:830} INFO - Processing file /home/azureuser/.pyenv/versions/3.11.9/envs/airflow-venv/lib/python3.11/site-packages/airflow/example_dags/example_complex.py for tasks to queue
[2025-07-30T20:47:11.123+0000] {logging_mixin.py:188} INFO - [2025-07-30T20:47:11.122+0000] {dagbag.py:538} INFO - Filling up the DagBag from /home/azureuser/.pyenv/versions/3.11.9/envs/airflow-venv/lib/python3.11/site-packages/airflow/example_dags/example_complex.py
[2025-07-30T20:47:11.135+0000] {processor.py:840} INFO - DAG(s) 'example_complex' retrieved from /home/azureuser/.pyenv/versions/3.11.9/envs/airflow-venv/lib/python3.11/site-packages/airflow/example_dags/example_complex.py
[2025-07-30T20:47:11.162+0000] {logging_mixin.py:188} INFO - [2025-07-30T20:47:11.162+0000] {dag.py:3036} INFO - Sync 1 DAGs
[2025-07-30T20:47:11.174+0000] {logging_mixin.py:188} INFO - [2025-07-30T20:47:11.174+0000] {dag.py:3823} INFO - Setting next_dagrun for example_complex to None, run_after=None
[2025-07-30T20:47:11.202+0000] {processor.py:183} INFO - Processing /home/azureuser/.pyenv/versions/3.11.9/envs/airflow-venv/lib/python3.11/site-packages/airflow/example_dags/example_complex.py took 0.086 seconds
[2025-07-30T21:03:49.101+0000] {processor.py:161} INFO - Started process (PID=1678) to work on /home/azureuser/.pyenv/versions/3.11.9/envs/airflow-venv/lib/python3.11/site-packages/airflow/example_dags/example_complex.py
[2025-07-30T21:03:49.102+0000] {processor.py:830} INFO - Processing file /home/azureuser/.pyenv/versions/3.11.9/envs/airflow-venv/lib/python3.11/site-packages/airflow/example_dags/example_complex.py for tasks to queue
[2025-07-30T21:03:49.103+0000] {logging_mixin.py:188} INFO - [2025-07-30T21:03:49.103+0000] {dagbag.py:538} INFO - Filling up the DagBag from /home/azureuser/.pyenv/versions/3.11.9/envs/airflow-venv/lib/python3.11/site-packages/airflow/example_dags/example_complex.py
[2025-07-30T21:03:49.116+0000] {processor.py:840} INFO - DAG(s) 'example_complex' retrieved from /home/azureuser/.pyenv/versions/3.11.9/envs/airflow-venv/lib/python3.11/site-packages/airflow/example_dags/example_complex.py
[2025-07-30T21:03:49.145+0000] {logging_mixin.py:188} INFO - [2025-07-30T21:03:49.145+0000] {dag.py:3036} INFO - Sync 1 DAGs
[2025-07-30T21:03:49.158+0000] {logging_mixin.py:188} INFO - [2025-07-30T21:03:49.157+0000] {dag.py:3823} INFO - Setting next_dagrun for example_complex to None, run_after=None
[2025-07-30T21:03:49.189+0000] {processor.py:183} INFO - Processing /home/azureuser/.pyenv/versions/3.11.9/envs/airflow-venv/lib/python3.11/site-packages/airflow/example_dags/example_complex.py took 0.091 seconds
[2025-07-30T21:04:45.900+0000] {processor.py:161} INFO - Started process (PID=1729) to work on /home/azureuser/.pyenv/versions/3.11.9/envs/airflow-venv/lib/python3.11/site-packages/airflow/example_dags/example_complex.py
[2025-07-30T21:04:45.901+0000] {processor.py:830} INFO - Processing file /home/azureuser/.pyenv/versions/3.11.9/envs/airflow-venv/lib/python3.11/site-packages/airflow/example_dags/example_complex.py for tasks to queue
[2025-07-30T21:04:45.902+0000] {logging_mixin.py:188} INFO - [2025-07-30T21:04:45.902+0000] {dagbag.py:538} INFO - Filling up the DagBag from /home/azureuser/.pyenv/versions/3.11.9/envs/airflow-venv/lib/python3.11/site-packages/airflow/example_dags/example_complex.py
[2025-07-30T21:04:46.070+0000] {processor.py:840} INFO - DAG(s) 'example_complex' retrieved from /home/azureuser/.pyenv/versions/3.11.9/envs/airflow-venv/lib/python3.11/site-packages/airflow/example_dags/example_complex.py
[2025-07-30T21:04:46.109+0000] {logging_mixin.py:188} INFO - [2025-07-30T21:04:46.106+0000] {dag.py:3036} INFO - Sync 1 DAGs
[2025-07-30T21:04:46.122+0000] {logging_mixin.py:188} INFO - [2025-07-30T21:04:46.122+0000] {dag.py:3823} INFO - Setting next_dagrun for example_complex to None, run_after=None
[2025-07-30T21:04:46.158+0000] {processor.py:183} INFO - Processing /home/azureuser/.pyenv/versions/3.11.9/envs/airflow-venv/lib/python3.11/site-packages/airflow/example_dags/example_complex.py took 0.262 seconds
[2025-07-30T21:05:45.538+0000] {processor.py:161} INFO - Started process (PID=1791) to work on /home/azureuser/.pyenv/versions/3.11.9/envs/airflow-venv/lib/python3.11/site-packages/airflow/example_dags/example_complex.py
[2025-07-30T21:05:45.539+0000] {processor.py:830} INFO - Processing file /home/azureuser/.pyenv/versions/3.11.9/envs/airflow-venv/lib/python3.11/site-packages/airflow/example_dags/example_complex.py for tasks to queue
[2025-07-30T21:05:45.541+0000] {logging_mixin.py:188} INFO - [2025-07-30T21:05:45.540+0000] {dagbag.py:538} INFO - Filling up the DagBag from /home/azureuser/.pyenv/versions/3.11.9/envs/airflow-venv/lib/python3.11/site-packages/airflow/example_dags/example_complex.py
[2025-07-30T21:05:45.555+0000] {processor.py:840} INFO - DAG(s) 'example_complex' retrieved from /home/azureuser/.pyenv/versions/3.11.9/envs/airflow-venv/lib/python3.11/site-packages/airflow/example_dags/example_complex.py
[2025-07-30T21:05:45.585+0000] {logging_mixin.py:188} INFO - [2025-07-30T21:05:45.585+0000] {dag.py:3036} INFO - Sync 1 DAGs
[2025-07-30T21:05:45.598+0000] {logging_mixin.py:188} INFO - [2025-07-30T21:05:45.598+0000] {dag.py:3823} INFO - Setting next_dagrun for example_complex to None, run_after=None
[2025-07-30T21:05:45.630+0000] {processor.py:183} INFO - Processing /home/azureuser/.pyenv/versions/3.11.9/envs/airflow-venv/lib/python3.11/site-packages/airflow/example_dags/example_complex.py took 0.096 seconds
[2025-07-30T21:06:39.042+0000] {processor.py:161} INFO - Started process (PID=1846) to work on /home/azureuser/.pyenv/versions/3.11.9/envs/airflow-venv/lib/python3.11/site-packages/airflow/example_dags/example_complex.py
[2025-07-30T21:06:39.043+0000] {processor.py:830} INFO - Processing file /home/azureuser/.pyenv/versions/3.11.9/envs/airflow-venv/lib/python3.11/site-packages/airflow/example_dags/example_complex.py for tasks to queue
[2025-07-30T21:06:39.044+0000] {logging_mixin.py:188} INFO - [2025-07-30T21:06:39.043+0000] {dagbag.py:538} INFO - Filling up the DagBag from /home/azureuser/.pyenv/versions/3.11.9/envs/airflow-venv/lib/python3.11/site-packages/airflow/example_dags/example_complex.py
[2025-07-30T21:06:39.058+0000] {processor.py:840} INFO - DAG(s) 'example_complex' retrieved from /home/azureuser/.pyenv/versions/3.11.9/envs/airflow-venv/lib/python3.11/site-packages/airflow/example_dags/example_complex.py
[2025-07-30T21:06:39.088+0000] {logging_mixin.py:188} INFO - [2025-07-30T21:06:39.087+0000] {dag.py:3036} INFO - Sync 1 DAGs
[2025-07-30T21:06:39.100+0000] {logging_mixin.py:188} INFO - [2025-07-30T21:06:39.100+0000] {dag.py:3823} INFO - Setting next_dagrun for example_complex to None, run_after=None
[2025-07-30T21:06:39.129+0000] {processor.py:183} INFO - Processing /home/azureuser/.pyenv/versions/3.11.9/envs/airflow-venv/lib/python3.11/site-packages/airflow/example_dags/example_complex.py took 0.092 seconds
