[2025-07-30T00:21:35.809+0000] {processor.py:161} INFO - Started process (PID=34261) to work on /home/azureuser/.pyenv/versions/3.11.9/envs/airflow-venv/lib/python3.11/site-packages/airflow/example_dags/example_branch_labels.py
[2025-07-30T00:21:35.810+0000] {processor.py:830} INFO - Processing file /home/azureuser/.pyenv/versions/3.11.9/envs/airflow-venv/lib/python3.11/site-packages/airflow/example_dags/example_branch_labels.py for tasks to queue
[2025-07-30T00:21:35.811+0000] {logging_mixin.py:188} INFO - [2025-07-30T00:21:35.811+0000] {dagbag.py:538} INFO - Filling up the DagBag from /home/azureuser/.pyenv/versions/3.11.9/envs/airflow-venv/lib/python3.11/site-packages/airflow/example_dags/example_branch_labels.py
[2025-07-30T00:21:35.822+0000] {processor.py:840} INFO - DAG(s) 'example_branch_labels' retrieved from /home/azureuser/.pyenv/versions/3.11.9/envs/airflow-venv/lib/python3.11/site-packages/airflow/example_dags/example_branch_labels.py
[2025-07-30T00:21:35.981+0000] {logging_mixin.py:188} INFO - [2025-07-30T00:21:35.980+0000] {override.py:1769} INFO - Created Permission View: can delete on DAG:example_branch_labels
[2025-07-30T00:21:36.008+0000] {logging_mixin.py:188} INFO - [2025-07-30T00:21:36.007+0000] {override.py:1769} INFO - Created Permission View: can read on DAG:example_branch_labels
[2025-07-30T00:21:36.036+0000] {logging_mixin.py:188} INFO - [2025-07-30T00:21:36.036+0000] {override.py:1769} INFO - Created Permission View: can edit on DAG:example_branch_labels
[2025-07-30T00:21:36.037+0000] {logging_mixin.py:188} INFO - [2025-07-30T00:21:36.037+0000] {dag.py:3036} INFO - Sync 1 DAGs
[2025-07-30T00:21:36.049+0000] {logging_mixin.py:188} INFO - [2025-07-30T00:21:36.049+0000] {dag.py:3058} INFO - Creating ORM DAG for example_branch_labels
[2025-07-30T00:21:36.060+0000] {logging_mixin.py:188} INFO - [2025-07-30T00:21:36.060+0000] {dag.py:3823} INFO - Setting next_dagrun for example_branch_labels to 2025-07-29 00:00:00+00:00, run_after=2025-07-30 00:00:00+00:00
[2025-07-30T00:21:36.097+0000] {processor.py:183} INFO - Processing /home/azureuser/.pyenv/versions/3.11.9/envs/airflow-venv/lib/python3.11/site-packages/airflow/example_dags/example_branch_labels.py took 0.292 seconds
[2025-07-30T00:22:28.222+0000] {processor.py:161} INFO - Started process (PID=34338) to work on /home/azureuser/.pyenv/versions/3.11.9/envs/airflow-venv/lib/python3.11/site-packages/airflow/example_dags/example_branch_labels.py
[2025-07-30T00:22:28.224+0000] {processor.py:830} INFO - Processing file /home/azureuser/.pyenv/versions/3.11.9/envs/airflow-venv/lib/python3.11/site-packages/airflow/example_dags/example_branch_labels.py for tasks to queue
[2025-07-30T00:22:28.225+0000] {logging_mixin.py:188} INFO - [2025-07-30T00:22:28.224+0000] {dagbag.py:538} INFO - Filling up the DagBag from /home/azureuser/.pyenv/versions/3.11.9/envs/airflow-venv/lib/python3.11/site-packages/airflow/example_dags/example_branch_labels.py
[2025-07-30T00:22:28.235+0000] {processor.py:840} INFO - DAG(s) 'example_branch_labels' retrieved from /home/azureuser/.pyenv/versions/3.11.9/envs/airflow-venv/lib/python3.11/site-packages/airflow/example_dags/example_branch_labels.py
[2025-07-30T00:22:28.257+0000] {logging_mixin.py:188} INFO - [2025-07-30T00:22:28.257+0000] {dag.py:3036} INFO - Sync 1 DAGs
[2025-07-30T00:22:28.282+0000] {logging_mixin.py:188} INFO - [2025-07-30T00:22:28.282+0000] {dag.py:3823} INFO - Setting next_dagrun for example_branch_labels to 2025-07-29 00:00:00+00:00, run_after=2025-07-30 00:00:00+00:00
[2025-07-30T00:22:28.322+0000] {processor.py:183} INFO - Processing /home/azureuser/.pyenv/versions/3.11.9/envs/airflow-venv/lib/python3.11/site-packages/airflow/example_dags/example_branch_labels.py took 0.104 seconds
[2025-07-30T00:23:30.465+0000] {processor.py:161} INFO - Started process (PID=34432) to work on /home/azureuser/.pyenv/versions/3.11.9/envs/airflow-venv/lib/python3.11/site-packages/airflow/example_dags/example_branch_labels.py
[2025-07-30T00:23:30.467+0000] {processor.py:830} INFO - Processing file /home/azureuser/.pyenv/versions/3.11.9/envs/airflow-venv/lib/python3.11/site-packages/airflow/example_dags/example_branch_labels.py for tasks to queue
[2025-07-30T00:23:30.468+0000] {logging_mixin.py:188} INFO - [2025-07-30T00:23:30.467+0000] {dagbag.py:538} INFO - Filling up the DagBag from /home/azureuser/.pyenv/versions/3.11.9/envs/airflow-venv/lib/python3.11/site-packages/airflow/example_dags/example_branch_labels.py
[2025-07-30T00:23:30.478+0000] {processor.py:840} INFO - DAG(s) 'example_branch_labels' retrieved from /home/azureuser/.pyenv/versions/3.11.9/envs/airflow-venv/lib/python3.11/site-packages/airflow/example_dags/example_branch_labels.py
[2025-07-30T00:23:30.500+0000] {logging_mixin.py:188} INFO - [2025-07-30T00:23:30.499+0000] {dag.py:3036} INFO - Sync 1 DAGs
[2025-07-30T00:23:30.523+0000] {logging_mixin.py:188} INFO - [2025-07-30T00:23:30.523+0000] {dag.py:3823} INFO - Setting next_dagrun for example_branch_labels to 2025-07-29 00:00:00+00:00, run_after=2025-07-30 00:00:00+00:00
[2025-07-30T00:23:30.563+0000] {processor.py:183} INFO - Processing /home/azureuser/.pyenv/versions/3.11.9/envs/airflow-venv/lib/python3.11/site-packages/airflow/example_dags/example_branch_labels.py took 0.102 seconds
[2025-07-30T00:24:39.069+0000] {processor.py:161} INFO - Started process (PID=34520) to work on /home/azureuser/.pyenv/versions/3.11.9/envs/airflow-venv/lib/python3.11/site-packages/airflow/example_dags/example_branch_labels.py
[2025-07-30T00:24:39.071+0000] {processor.py:830} INFO - Processing file /home/azureuser/.pyenv/versions/3.11.9/envs/airflow-venv/lib/python3.11/site-packages/airflow/example_dags/example_branch_labels.py for tasks to queue
[2025-07-30T00:24:39.072+0000] {logging_mixin.py:188} INFO - [2025-07-30T00:24:39.072+0000] {dagbag.py:538} INFO - Filling up the DagBag from /home/azureuser/.pyenv/versions/3.11.9/envs/airflow-venv/lib/python3.11/site-packages/airflow/example_dags/example_branch_labels.py
[2025-07-30T00:24:39.087+0000] {processor.py:840} INFO - DAG(s) 'example_branch_labels' retrieved from /home/azureuser/.pyenv/versions/3.11.9/envs/airflow-venv/lib/python3.11/site-packages/airflow/example_dags/example_branch_labels.py
[2025-07-30T00:24:39.109+0000] {logging_mixin.py:188} INFO - [2025-07-30T00:24:39.109+0000] {dag.py:3036} INFO - Sync 1 DAGs
[2025-07-30T00:24:39.302+0000] {logging_mixin.py:188} INFO - [2025-07-30T00:24:39.302+0000] {dag.py:3823} INFO - Setting next_dagrun for example_branch_labels to 2025-07-29 00:00:00+00:00, run_after=2025-07-30 00:00:00+00:00
[2025-07-30T00:24:39.343+0000] {processor.py:183} INFO - Processing /home/azureuser/.pyenv/versions/3.11.9/envs/airflow-venv/lib/python3.11/site-packages/airflow/example_dags/example_branch_labels.py took 0.278 seconds
[2025-07-30T00:25:45.281+0000] {processor.py:161} INFO - Started process (PID=34625) to work on /home/azureuser/.pyenv/versions/3.11.9/envs/airflow-venv/lib/python3.11/site-packages/airflow/example_dags/example_branch_labels.py
[2025-07-30T00:25:45.282+0000] {processor.py:830} INFO - Processing file /home/azureuser/.pyenv/versions/3.11.9/envs/airflow-venv/lib/python3.11/site-packages/airflow/example_dags/example_branch_labels.py for tasks to queue
[2025-07-30T00:25:45.284+0000] {logging_mixin.py:188} INFO - [2025-07-30T00:25:45.283+0000] {dagbag.py:538} INFO - Filling up the DagBag from /home/azureuser/.pyenv/versions/3.11.9/envs/airflow-venv/lib/python3.11/site-packages/airflow/example_dags/example_branch_labels.py
[2025-07-30T00:25:45.294+0000] {processor.py:840} INFO - DAG(s) 'example_branch_labels' retrieved from /home/azureuser/.pyenv/versions/3.11.9/envs/airflow-venv/lib/python3.11/site-packages/airflow/example_dags/example_branch_labels.py
[2025-07-30T00:25:45.317+0000] {logging_mixin.py:188} INFO - [2025-07-30T00:25:45.317+0000] {dag.py:3036} INFO - Sync 1 DAGs
[2025-07-30T00:25:45.342+0000] {logging_mixin.py:188} INFO - [2025-07-30T00:25:45.342+0000] {dag.py:3823} INFO - Setting next_dagrun for example_branch_labels to 2025-07-29 00:00:00+00:00, run_after=2025-07-30 00:00:00+00:00
[2025-07-30T00:25:45.385+0000] {processor.py:183} INFO - Processing /home/azureuser/.pyenv/versions/3.11.9/envs/airflow-venv/lib/python3.11/site-packages/airflow/example_dags/example_branch_labels.py took 0.109 seconds
[2025-07-30T20:46:11.496+0000] {processor.py:161} INFO - Started process (PID=1368) to work on /home/azureuser/.pyenv/versions/3.11.9/envs/airflow-venv/lib/python3.11/site-packages/airflow/example_dags/example_branch_labels.py
[2025-07-30T20:46:11.497+0000] {processor.py:830} INFO - Processing file /home/azureuser/.pyenv/versions/3.11.9/envs/airflow-venv/lib/python3.11/site-packages/airflow/example_dags/example_branch_labels.py for tasks to queue
[2025-07-30T20:46:11.499+0000] {logging_mixin.py:188} INFO - [2025-07-30T20:46:11.498+0000] {dagbag.py:538} INFO - Filling up the DagBag from /home/azureuser/.pyenv/versions/3.11.9/envs/airflow-venv/lib/python3.11/site-packages/airflow/example_dags/example_branch_labels.py
[2025-07-30T20:46:11.519+0000] {processor.py:840} INFO - DAG(s) 'example_branch_labels' retrieved from /home/azureuser/.pyenv/versions/3.11.9/envs/airflow-venv/lib/python3.11/site-packages/airflow/example_dags/example_branch_labels.py
[2025-07-30T20:46:11.727+0000] {logging_mixin.py:188} INFO - [2025-07-30T20:46:11.727+0000] {dag.py:3036} INFO - Sync 1 DAGs
[2025-07-30T20:46:11.765+0000] {logging_mixin.py:188} INFO - [2025-07-30T20:46:11.765+0000] {dag.py:3823} INFO - Setting next_dagrun for example_branch_labels to 2025-07-29 00:00:00+00:00, run_after=2025-07-30 00:00:00+00:00
[2025-07-30T20:46:11.808+0000] {processor.py:183} INFO - Processing /home/azureuser/.pyenv/versions/3.11.9/envs/airflow-venv/lib/python3.11/site-packages/airflow/example_dags/example_branch_labels.py took 0.320 seconds
[2025-07-30T20:47:08.631+0000] {processor.py:161} INFO - Started process (PID=1431) to work on /home/azureuser/.pyenv/versions/3.11.9/envs/airflow-venv/lib/python3.11/site-packages/airflow/example_dags/example_branch_labels.py
[2025-07-30T20:47:08.633+0000] {processor.py:830} INFO - Processing file /home/azureuser/.pyenv/versions/3.11.9/envs/airflow-venv/lib/python3.11/site-packages/airflow/example_dags/example_branch_labels.py for tasks to queue
[2025-07-30T20:47:08.634+0000] {logging_mixin.py:188} INFO - [2025-07-30T20:47:08.633+0000] {dagbag.py:538} INFO - Filling up the DagBag from /home/azureuser/.pyenv/versions/3.11.9/envs/airflow-venv/lib/python3.11/site-packages/airflow/example_dags/example_branch_labels.py
[2025-07-30T20:47:08.645+0000] {processor.py:840} INFO - DAG(s) 'example_branch_labels' retrieved from /home/azureuser/.pyenv/versions/3.11.9/envs/airflow-venv/lib/python3.11/site-packages/airflow/example_dags/example_branch_labels.py
[2025-07-30T20:47:08.665+0000] {logging_mixin.py:188} INFO - [2025-07-30T20:47:08.665+0000] {dag.py:3036} INFO - Sync 1 DAGs
[2025-07-30T20:47:08.687+0000] {logging_mixin.py:188} INFO - [2025-07-30T20:47:08.687+0000] {dag.py:3823} INFO - Setting next_dagrun for example_branch_labels to 2025-07-29 00:00:00+00:00, run_after=2025-07-30 00:00:00+00:00
[2025-07-30T20:47:08.731+0000] {processor.py:183} INFO - Processing /home/azureuser/.pyenv/versions/3.11.9/envs/airflow-venv/lib/python3.11/site-packages/airflow/example_dags/example_branch_labels.py took 0.103 seconds
[2025-07-30T21:03:46.720+0000] {processor.py:161} INFO - Started process (PID=1675) to work on /home/azureuser/.pyenv/versions/3.11.9/envs/airflow-venv/lib/python3.11/site-packages/airflow/example_dags/example_branch_labels.py
[2025-07-30T21:03:46.723+0000] {processor.py:830} INFO - Processing file /home/azureuser/.pyenv/versions/3.11.9/envs/airflow-venv/lib/python3.11/site-packages/airflow/example_dags/example_branch_labels.py for tasks to queue
[2025-07-30T21:03:46.726+0000] {logging_mixin.py:188} INFO - [2025-07-30T21:03:46.724+0000] {dagbag.py:538} INFO - Filling up the DagBag from /home/azureuser/.pyenv/versions/3.11.9/envs/airflow-venv/lib/python3.11/site-packages/airflow/example_dags/example_branch_labels.py
[2025-07-30T21:03:46.746+0000] {processor.py:840} INFO - DAG(s) 'example_branch_labels' retrieved from /home/azureuser/.pyenv/versions/3.11.9/envs/airflow-venv/lib/python3.11/site-packages/airflow/example_dags/example_branch_labels.py
[2025-07-30T21:03:46.790+0000] {logging_mixin.py:188} INFO - [2025-07-30T21:03:46.790+0000] {dag.py:3036} INFO - Sync 1 DAGs
[2025-07-30T21:03:46.840+0000] {logging_mixin.py:188} INFO - [2025-07-30T21:03:46.839+0000] {dag.py:3823} INFO - Setting next_dagrun for example_branch_labels to 2025-07-29 00:00:00+00:00, run_after=2025-07-30 00:00:00+00:00
[2025-07-30T21:03:46.886+0000] {processor.py:183} INFO - Processing /home/azureuser/.pyenv/versions/3.11.9/envs/airflow-venv/lib/python3.11/site-packages/airflow/example_dags/example_branch_labels.py took 0.175 seconds
[2025-07-30T21:04:43.300+0000] {processor.py:161} INFO - Started process (PID=1727) to work on /home/azureuser/.pyenv/versions/3.11.9/envs/airflow-venv/lib/python3.11/site-packages/airflow/example_dags/example_branch_labels.py
[2025-07-30T21:04:43.302+0000] {processor.py:830} INFO - Processing file /home/azureuser/.pyenv/versions/3.11.9/envs/airflow-venv/lib/python3.11/site-packages/airflow/example_dags/example_branch_labels.py for tasks to queue
[2025-07-30T21:04:43.303+0000] {logging_mixin.py:188} INFO - [2025-07-30T21:04:43.302+0000] {dagbag.py:538} INFO - Filling up the DagBag from /home/azureuser/.pyenv/versions/3.11.9/envs/airflow-venv/lib/python3.11/site-packages/airflow/example_dags/example_branch_labels.py
[2025-07-30T21:04:43.315+0000] {processor.py:840} INFO - DAG(s) 'example_branch_labels' retrieved from /home/azureuser/.pyenv/versions/3.11.9/envs/airflow-venv/lib/python3.11/site-packages/airflow/example_dags/example_branch_labels.py
[2025-07-30T21:04:43.339+0000] {logging_mixin.py:188} INFO - [2025-07-30T21:04:43.339+0000] {dag.py:3036} INFO - Sync 1 DAGs
[2025-07-30T21:04:43.508+0000] {logging_mixin.py:188} INFO - [2025-07-30T21:04:43.507+0000] {dag.py:3823} INFO - Setting next_dagrun for example_branch_labels to 2025-07-29 00:00:00+00:00, run_after=2025-07-30 00:00:00+00:00
[2025-07-30T21:04:43.544+0000] {processor.py:183} INFO - Processing /home/azureuser/.pyenv/versions/3.11.9/envs/airflow-venv/lib/python3.11/site-packages/airflow/example_dags/example_branch_labels.py took 0.247 seconds
[2025-07-30T21:05:43.808+0000] {processor.py:161} INFO - Started process (PID=1789) to work on /home/azureuser/.pyenv/versions/3.11.9/envs/airflow-venv/lib/python3.11/site-packages/airflow/example_dags/example_branch_labels.py
[2025-07-30T21:05:43.809+0000] {processor.py:830} INFO - Processing file /home/azureuser/.pyenv/versions/3.11.9/envs/airflow-venv/lib/python3.11/site-packages/airflow/example_dags/example_branch_labels.py for tasks to queue
[2025-07-30T21:05:43.810+0000] {logging_mixin.py:188} INFO - [2025-07-30T21:05:43.809+0000] {dagbag.py:538} INFO - Filling up the DagBag from /home/azureuser/.pyenv/versions/3.11.9/envs/airflow-venv/lib/python3.11/site-packages/airflow/example_dags/example_branch_labels.py
[2025-07-30T21:05:43.821+0000] {processor.py:840} INFO - DAG(s) 'example_branch_labels' retrieved from /home/azureuser/.pyenv/versions/3.11.9/envs/airflow-venv/lib/python3.11/site-packages/airflow/example_dags/example_branch_labels.py
[2025-07-30T21:05:43.841+0000] {logging_mixin.py:188} INFO - [2025-07-30T21:05:43.841+0000] {dag.py:3036} INFO - Sync 1 DAGs
[2025-07-30T21:05:43.864+0000] {logging_mixin.py:188} INFO - [2025-07-30T21:05:43.864+0000] {dag.py:3823} INFO - Setting next_dagrun for example_branch_labels to 2025-07-29 00:00:00+00:00, run_after=2025-07-30 00:00:00+00:00
[2025-07-30T21:05:43.894+0000] {processor.py:183} INFO - Processing /home/azureuser/.pyenv/versions/3.11.9/envs/airflow-venv/lib/python3.11/site-packages/airflow/example_dags/example_branch_labels.py took 0.090 seconds
[2025-07-30T21:06:37.658+0000] {processor.py:161} INFO - Started process (PID=1844) to work on /home/azureuser/.pyenv/versions/3.11.9/envs/airflow-venv/lib/python3.11/site-packages/airflow/example_dags/example_branch_labels.py
[2025-07-30T21:06:37.659+0000] {processor.py:830} INFO - Processing file /home/azureuser/.pyenv/versions/3.11.9/envs/airflow-venv/lib/python3.11/site-packages/airflow/example_dags/example_branch_labels.py for tasks to queue
[2025-07-30T21:06:37.660+0000] {logging_mixin.py:188} INFO - [2025-07-30T21:06:37.659+0000] {dagbag.py:538} INFO - Filling up the DagBag from /home/azureuser/.pyenv/versions/3.11.9/envs/airflow-venv/lib/python3.11/site-packages/airflow/example_dags/example_branch_labels.py
[2025-07-30T21:06:37.671+0000] {processor.py:840} INFO - DAG(s) 'example_branch_labels' retrieved from /home/azureuser/.pyenv/versions/3.11.9/envs/airflow-venv/lib/python3.11/site-packages/airflow/example_dags/example_branch_labels.py
[2025-07-30T21:06:37.691+0000] {logging_mixin.py:188} INFO - [2025-07-30T21:06:37.691+0000] {dag.py:3036} INFO - Sync 1 DAGs
[2025-07-30T21:06:37.713+0000] {logging_mixin.py:188} INFO - [2025-07-30T21:06:37.713+0000] {dag.py:3823} INFO - Setting next_dagrun for example_branch_labels to 2025-07-29 00:00:00+00:00, run_after=2025-07-30 00:00:00+00:00
[2025-07-30T21:06:37.742+0000] {processor.py:183} INFO - Processing /home/azureuser/.pyenv/versions/3.11.9/envs/airflow-venv/lib/python3.11/site-packages/airflow/example_dags/example_branch_labels.py took 0.088 seconds
