[2025-07-30T00:21:15.328+0000] {processor.py:161} INFO - Started process (PID=34226) to work on /home/azureuser/.pyenv/versions/3.11.9/envs/airflow-venv/lib/python3.11/site-packages/airflow/example_dags/example_python_decorator.py
[2025-07-30T00:21:15.330+0000] {processor.py:830} INFO - Processing file /home/azureuser/.pyenv/versions/3.11.9/envs/airflow-venv/lib/python3.11/site-packages/airflow/example_dags/example_python_decorator.py for tasks to queue
[2025-07-30T00:21:15.331+0000] {logging_mixin.py:188} INFO - [2025-07-30T00:21:15.330+0000] {dagbag.py:538} INFO - Filling up the DagBag from /home/azureuser/.pyenv/versions/3.11.9/envs/airflow-venv/lib/python3.11/site-packages/airflow/example_dags/example_python_decorator.py
[2025-07-30T00:21:15.343+0000] {logging_mixin.py:188} INFO - [2025-07-30T00:21:15.343+0000] {example_python_decorator.py:79} WARNING - The virtalenv_python example task requires virtualenv, please install it.
[2025-07-30T00:21:15.344+0000] {processor.py:840} INFO - DAG(s) 'example_python_decorator' retrieved from /home/azureuser/.pyenv/versions/3.11.9/envs/airflow-venv/lib/python3.11/site-packages/airflow/example_dags/example_python_decorator.py
[2025-07-30T00:21:15.514+0000] {logging_mixin.py:188} INFO - [2025-07-30T00:21:15.513+0000] {override.py:1769} INFO - Created Permission View: can delete on DAG:example_python_decorator
[2025-07-30T00:21:15.549+0000] {logging_mixin.py:188} INFO - [2025-07-30T00:21:15.548+0000] {override.py:1769} INFO - Created Permission View: can read on DAG:example_python_decorator
[2025-07-30T00:21:15.577+0000] {logging_mixin.py:188} INFO - [2025-07-30T00:21:15.576+0000] {override.py:1769} INFO - Created Permission View: can edit on DAG:example_python_decorator
[2025-07-30T00:21:15.577+0000] {logging_mixin.py:188} INFO - [2025-07-30T00:21:15.577+0000] {dag.py:3036} INFO - Sync 1 DAGs
[2025-07-30T00:21:15.591+0000] {logging_mixin.py:188} INFO - [2025-07-30T00:21:15.591+0000] {dag.py:3058} INFO - Creating ORM DAG for example_python_decorator
[2025-07-30T00:21:15.591+0000] {logging_mixin.py:188} INFO - [2025-07-30T00:21:15.591+0000] {dag.py:3823} INFO - Setting next_dagrun for example_python_decorator to None, run_after=None
[2025-07-30T00:21:15.629+0000] {processor.py:183} INFO - Processing /home/azureuser/.pyenv/versions/3.11.9/envs/airflow-venv/lib/python3.11/site-packages/airflow/example_dags/example_python_decorator.py took 0.305 seconds
[2025-07-30T00:22:09.166+0000] {processor.py:161} INFO - Started process (PID=34313) to work on /home/azureuser/.pyenv/versions/3.11.9/envs/airflow-venv/lib/python3.11/site-packages/airflow/example_dags/example_python_decorator.py
[2025-07-30T00:22:09.168+0000] {processor.py:830} INFO - Processing file /home/azureuser/.pyenv/versions/3.11.9/envs/airflow-venv/lib/python3.11/site-packages/airflow/example_dags/example_python_decorator.py for tasks to queue
[2025-07-30T00:22:09.169+0000] {logging_mixin.py:188} INFO - [2025-07-30T00:22:09.169+0000] {dagbag.py:538} INFO - Filling up the DagBag from /home/azureuser/.pyenv/versions/3.11.9/envs/airflow-venv/lib/python3.11/site-packages/airflow/example_dags/example_python_decorator.py
[2025-07-30T00:22:09.185+0000] {logging_mixin.py:188} INFO - [2025-07-30T00:22:09.185+0000] {example_python_decorator.py:79} WARNING - The virtalenv_python example task requires virtualenv, please install it.
[2025-07-30T00:22:09.186+0000] {processor.py:840} INFO - DAG(s) 'example_python_decorator' retrieved from /home/azureuser/.pyenv/versions/3.11.9/envs/airflow-venv/lib/python3.11/site-packages/airflow/example_dags/example_python_decorator.py
[2025-07-30T00:22:09.207+0000] {logging_mixin.py:188} INFO - [2025-07-30T00:22:09.207+0000] {dag.py:3036} INFO - Sync 1 DAGs
[2025-07-30T00:22:09.220+0000] {logging_mixin.py:188} INFO - [2025-07-30T00:22:09.220+0000] {dag.py:3823} INFO - Setting next_dagrun for example_python_decorator to None, run_after=None
[2025-07-30T00:22:09.258+0000] {processor.py:183} INFO - Processing /home/azureuser/.pyenv/versions/3.11.9/envs/airflow-venv/lib/python3.11/site-packages/airflow/example_dags/example_python_decorator.py took 0.096 seconds
[2025-07-30T00:23:00.034+0000] {processor.py:161} INFO - Started process (PID=34383) to work on /home/azureuser/.pyenv/versions/3.11.9/envs/airflow-venv/lib/python3.11/site-packages/airflow/example_dags/example_python_decorator.py
[2025-07-30T00:23:00.035+0000] {processor.py:830} INFO - Processing file /home/azureuser/.pyenv/versions/3.11.9/envs/airflow-venv/lib/python3.11/site-packages/airflow/example_dags/example_python_decorator.py for tasks to queue
[2025-07-30T00:23:00.037+0000] {logging_mixin.py:188} INFO - [2025-07-30T00:23:00.036+0000] {dagbag.py:538} INFO - Filling up the DagBag from /home/azureuser/.pyenv/versions/3.11.9/envs/airflow-venv/lib/python3.11/site-packages/airflow/example_dags/example_python_decorator.py
[2025-07-30T00:23:00.049+0000] {logging_mixin.py:188} INFO - [2025-07-30T00:23:00.049+0000] {example_python_decorator.py:79} WARNING - The virtalenv_python example task requires virtualenv, please install it.
[2025-07-30T00:23:00.050+0000] {processor.py:840} INFO - DAG(s) 'example_python_decorator' retrieved from /home/azureuser/.pyenv/versions/3.11.9/envs/airflow-venv/lib/python3.11/site-packages/airflow/example_dags/example_python_decorator.py
[2025-07-30T00:23:00.074+0000] {logging_mixin.py:188} INFO - [2025-07-30T00:23:00.073+0000] {dag.py:3036} INFO - Sync 1 DAGs
[2025-07-30T00:23:00.088+0000] {logging_mixin.py:188} INFO - [2025-07-30T00:23:00.088+0000] {dag.py:3823} INFO - Setting next_dagrun for example_python_decorator to None, run_after=None
[2025-07-30T00:23:00.131+0000] {processor.py:183} INFO - Processing /home/azureuser/.pyenv/versions/3.11.9/envs/airflow-venv/lib/python3.11/site-packages/airflow/example_dags/example_python_decorator.py took 0.102 seconds
[2025-07-30T00:23:46.170+0000] {processor.py:161} INFO - Started process (PID=34453) to work on /home/azureuser/.pyenv/versions/3.11.9/envs/airflow-venv/lib/python3.11/site-packages/airflow/example_dags/example_python_decorator.py
[2025-07-30T00:23:46.172+0000] {processor.py:830} INFO - Processing file /home/azureuser/.pyenv/versions/3.11.9/envs/airflow-venv/lib/python3.11/site-packages/airflow/example_dags/example_python_decorator.py for tasks to queue
[2025-07-30T00:23:46.173+0000] {logging_mixin.py:188} INFO - [2025-07-30T00:23:46.173+0000] {dagbag.py:538} INFO - Filling up the DagBag from /home/azureuser/.pyenv/versions/3.11.9/envs/airflow-venv/lib/python3.11/site-packages/airflow/example_dags/example_python_decorator.py
[2025-07-30T00:23:46.185+0000] {logging_mixin.py:188} INFO - [2025-07-30T00:23:46.185+0000] {example_python_decorator.py:79} WARNING - The virtalenv_python example task requires virtualenv, please install it.
[2025-07-30T00:23:46.186+0000] {processor.py:840} INFO - DAG(s) 'example_python_decorator' retrieved from /home/azureuser/.pyenv/versions/3.11.9/envs/airflow-venv/lib/python3.11/site-packages/airflow/example_dags/example_python_decorator.py
[2025-07-30T00:23:46.207+0000] {logging_mixin.py:188} INFO - [2025-07-30T00:23:46.207+0000] {dag.py:3036} INFO - Sync 1 DAGs
[2025-07-30T00:23:46.220+0000] {logging_mixin.py:188} INFO - [2025-07-30T00:23:46.220+0000] {dag.py:3823} INFO - Setting next_dagrun for example_python_decorator to None, run_after=None
[2025-07-30T00:23:46.260+0000] {processor.py:183} INFO - Processing /home/azureuser/.pyenv/versions/3.11.9/envs/airflow-venv/lib/python3.11/site-packages/airflow/example_dags/example_python_decorator.py took 0.094 seconds
[2025-07-30T00:24:33.411+0000] {processor.py:161} INFO - Started process (PID=34513) to work on /home/azureuser/.pyenv/versions/3.11.9/envs/airflow-venv/lib/python3.11/site-packages/airflow/example_dags/example_python_decorator.py
[2025-07-30T00:24:33.412+0000] {processor.py:830} INFO - Processing file /home/azureuser/.pyenv/versions/3.11.9/envs/airflow-venv/lib/python3.11/site-packages/airflow/example_dags/example_python_decorator.py for tasks to queue
[2025-07-30T00:24:33.413+0000] {logging_mixin.py:188} INFO - [2025-07-30T00:24:33.413+0000] {dagbag.py:538} INFO - Filling up the DagBag from /home/azureuser/.pyenv/versions/3.11.9/envs/airflow-venv/lib/python3.11/site-packages/airflow/example_dags/example_python_decorator.py
[2025-07-30T00:24:33.425+0000] {logging_mixin.py:188} INFO - [2025-07-30T00:24:33.425+0000] {example_python_decorator.py:79} WARNING - The virtalenv_python example task requires virtualenv, please install it.
[2025-07-30T00:24:33.426+0000] {processor.py:840} INFO - DAG(s) 'example_python_decorator' retrieved from /home/azureuser/.pyenv/versions/3.11.9/envs/airflow-venv/lib/python3.11/site-packages/airflow/example_dags/example_python_decorator.py
[2025-07-30T00:24:33.447+0000] {logging_mixin.py:188} INFO - [2025-07-30T00:24:33.447+0000] {dag.py:3036} INFO - Sync 1 DAGs
[2025-07-30T00:24:33.621+0000] {logging_mixin.py:188} INFO - [2025-07-30T00:24:33.621+0000] {dag.py:3823} INFO - Setting next_dagrun for example_python_decorator to None, run_after=None
[2025-07-30T00:24:33.664+0000] {processor.py:183} INFO - Processing /home/azureuser/.pyenv/versions/3.11.9/envs/airflow-venv/lib/python3.11/site-packages/airflow/example_dags/example_python_decorator.py took 0.258 seconds
[2025-07-30T00:25:22.122+0000] {processor.py:161} INFO - Started process (PID=34592) to work on /home/azureuser/.pyenv/versions/3.11.9/envs/airflow-venv/lib/python3.11/site-packages/airflow/example_dags/example_python_decorator.py
[2025-07-30T00:25:22.124+0000] {processor.py:830} INFO - Processing file /home/azureuser/.pyenv/versions/3.11.9/envs/airflow-venv/lib/python3.11/site-packages/airflow/example_dags/example_python_decorator.py for tasks to queue
[2025-07-30T00:25:22.125+0000] {logging_mixin.py:188} INFO - [2025-07-30T00:25:22.125+0000] {dagbag.py:538} INFO - Filling up the DagBag from /home/azureuser/.pyenv/versions/3.11.9/envs/airflow-venv/lib/python3.11/site-packages/airflow/example_dags/example_python_decorator.py
[2025-07-30T00:25:22.140+0000] {logging_mixin.py:188} INFO - [2025-07-30T00:25:22.140+0000] {example_python_decorator.py:79} WARNING - The virtalenv_python example task requires virtualenv, please install it.
[2025-07-30T00:25:22.141+0000] {processor.py:840} INFO - DAG(s) 'example_python_decorator' retrieved from /home/azureuser/.pyenv/versions/3.11.9/envs/airflow-venv/lib/python3.11/site-packages/airflow/example_dags/example_python_decorator.py
[2025-07-30T00:25:22.166+0000] {logging_mixin.py:188} INFO - [2025-07-30T00:25:22.166+0000] {dag.py:3036} INFO - Sync 1 DAGs
[2025-07-30T00:25:22.180+0000] {logging_mixin.py:188} INFO - [2025-07-30T00:25:22.180+0000] {dag.py:3823} INFO - Setting next_dagrun for example_python_decorator to None, run_after=None
[2025-07-30T00:25:22.217+0000] {processor.py:183} INFO - Processing /home/azureuser/.pyenv/versions/3.11.9/envs/airflow-venv/lib/python3.11/site-packages/airflow/example_dags/example_python_decorator.py took 0.102 seconds
[2025-07-30T00:26:28.791+0000] {processor.py:161} INFO - Started process (PID=34691) to work on /home/azureuser/.pyenv/versions/3.11.9/envs/airflow-venv/lib/python3.11/site-packages/airflow/example_dags/example_python_decorator.py
[2025-07-30T00:26:28.793+0000] {processor.py:830} INFO - Processing file /home/azureuser/.pyenv/versions/3.11.9/envs/airflow-venv/lib/python3.11/site-packages/airflow/example_dags/example_python_decorator.py for tasks to queue
[2025-07-30T00:26:28.797+0000] {logging_mixin.py:188} INFO - [2025-07-30T00:26:28.793+0000] {dagbag.py:538} INFO - Filling up the DagBag from /home/azureuser/.pyenv/versions/3.11.9/envs/airflow-venv/lib/python3.11/site-packages/airflow/example_dags/example_python_decorator.py
[2025-07-30T00:26:28.823+0000] {logging_mixin.py:188} INFO - [2025-07-30T00:26:28.823+0000] {example_python_decorator.py:79} WARNING - The virtalenv_python example task requires virtualenv, please install it.
[2025-07-30T00:26:28.824+0000] {processor.py:840} INFO - DAG(s) 'example_python_decorator' retrieved from /home/azureuser/.pyenv/versions/3.11.9/envs/airflow-venv/lib/python3.11/site-packages/airflow/example_dags/example_python_decorator.py
[2025-07-30T00:26:29.478+0000] {logging_mixin.py:188} INFO - [2025-07-30T00:26:29.442+0000] {dag.py:3036} INFO - Sync 1 DAGs
[2025-07-30T00:26:29.528+0000] {logging_mixin.py:188} INFO - [2025-07-30T00:26:29.528+0000] {dag.py:3823} INFO - Setting next_dagrun for example_python_decorator to None, run_after=None
[2025-07-30T00:26:31.673+0000] {processor.py:183} INFO - Processing /home/azureuser/.pyenv/versions/3.11.9/envs/airflow-venv/lib/python3.11/site-packages/airflow/example_dags/example_python_decorator.py took 2.887 seconds
[2025-07-30T20:45:52.813+0000] {processor.py:161} INFO - Started process (PID=1349) to work on /home/azureuser/.pyenv/versions/3.11.9/envs/airflow-venv/lib/python3.11/site-packages/airflow/example_dags/example_python_decorator.py
[2025-07-30T20:45:52.817+0000] {processor.py:830} INFO - Processing file /home/azureuser/.pyenv/versions/3.11.9/envs/airflow-venv/lib/python3.11/site-packages/airflow/example_dags/example_python_decorator.py for tasks to queue
[2025-07-30T20:45:52.818+0000] {logging_mixin.py:188} INFO - [2025-07-30T20:45:52.818+0000] {dagbag.py:538} INFO - Filling up the DagBag from /home/azureuser/.pyenv/versions/3.11.9/envs/airflow-venv/lib/python3.11/site-packages/airflow/example_dags/example_python_decorator.py
[2025-07-30T20:45:52.828+0000] {logging_mixin.py:188} INFO - [2025-07-30T20:45:52.828+0000] {example_python_decorator.py:79} WARNING - The virtalenv_python example task requires virtualenv, please install it.
[2025-07-30T20:45:52.829+0000] {processor.py:840} INFO - DAG(s) 'example_python_decorator' retrieved from /home/azureuser/.pyenv/versions/3.11.9/envs/airflow-venv/lib/python3.11/site-packages/airflow/example_dags/example_python_decorator.py
[2025-07-30T20:45:52.849+0000] {logging_mixin.py:188} INFO - [2025-07-30T20:45:52.849+0000] {dag.py:3036} INFO - Sync 1 DAGs
[2025-07-30T20:45:52.860+0000] {logging_mixin.py:188} INFO - [2025-07-30T20:45:52.860+0000] {dag.py:3823} INFO - Setting next_dagrun for example_python_decorator to None, run_after=None
[2025-07-30T20:45:52.889+0000] {processor.py:183} INFO - Processing /home/azureuser/.pyenv/versions/3.11.9/envs/airflow-venv/lib/python3.11/site-packages/airflow/example_dags/example_python_decorator.py took 0.080 seconds
[2025-07-30T20:46:42.590+0000] {processor.py:161} INFO - Started process (PID=1404) to work on /home/azureuser/.pyenv/versions/3.11.9/envs/airflow-venv/lib/python3.11/site-packages/airflow/example_dags/example_python_decorator.py
[2025-07-30T20:46:42.591+0000] {processor.py:830} INFO - Processing file /home/azureuser/.pyenv/versions/3.11.9/envs/airflow-venv/lib/python3.11/site-packages/airflow/example_dags/example_python_decorator.py for tasks to queue
[2025-07-30T20:46:42.592+0000] {logging_mixin.py:188} INFO - [2025-07-30T20:46:42.592+0000] {dagbag.py:538} INFO - Filling up the DagBag from /home/azureuser/.pyenv/versions/3.11.9/envs/airflow-venv/lib/python3.11/site-packages/airflow/example_dags/example_python_decorator.py
[2025-07-30T20:46:42.603+0000] {logging_mixin.py:188} INFO - [2025-07-30T20:46:42.602+0000] {example_python_decorator.py:79} WARNING - The virtalenv_python example task requires virtualenv, please install it.
[2025-07-30T20:46:42.603+0000] {processor.py:840} INFO - DAG(s) 'example_python_decorator' retrieved from /home/azureuser/.pyenv/versions/3.11.9/envs/airflow-venv/lib/python3.11/site-packages/airflow/example_dags/example_python_decorator.py
[2025-07-30T20:46:42.621+0000] {logging_mixin.py:188} INFO - [2025-07-30T20:46:42.621+0000] {dag.py:3036} INFO - Sync 1 DAGs
[2025-07-30T20:46:42.633+0000] {logging_mixin.py:188} INFO - [2025-07-30T20:46:42.633+0000] {dag.py:3823} INFO - Setting next_dagrun for example_python_decorator to None, run_after=None
[2025-07-30T20:46:42.668+0000] {processor.py:183} INFO - Processing /home/azureuser/.pyenv/versions/3.11.9/envs/airflow-venv/lib/python3.11/site-packages/airflow/example_dags/example_python_decorator.py took 0.082 seconds
[2025-07-30T20:47:29.433+0000] {processor.py:161} INFO - Started process (PID=1452) to work on /home/azureuser/.pyenv/versions/3.11.9/envs/airflow-venv/lib/python3.11/site-packages/airflow/example_dags/example_python_decorator.py
[2025-07-30T20:47:29.434+0000] {processor.py:830} INFO - Processing file /home/azureuser/.pyenv/versions/3.11.9/envs/airflow-venv/lib/python3.11/site-packages/airflow/example_dags/example_python_decorator.py for tasks to queue
[2025-07-30T20:47:29.435+0000] {logging_mixin.py:188} INFO - [2025-07-30T20:47:29.435+0000] {dagbag.py:538} INFO - Filling up the DagBag from /home/azureuser/.pyenv/versions/3.11.9/envs/airflow-venv/lib/python3.11/site-packages/airflow/example_dags/example_python_decorator.py
[2025-07-30T20:47:29.446+0000] {logging_mixin.py:188} INFO - [2025-07-30T20:47:29.446+0000] {example_python_decorator.py:79} WARNING - The virtalenv_python example task requires virtualenv, please install it.
[2025-07-30T20:47:29.447+0000] {processor.py:840} INFO - DAG(s) 'example_python_decorator' retrieved from /home/azureuser/.pyenv/versions/3.11.9/envs/airflow-venv/lib/python3.11/site-packages/airflow/example_dags/example_python_decorator.py
[2025-07-30T20:47:29.465+0000] {logging_mixin.py:188} INFO - [2025-07-30T20:47:29.465+0000] {dag.py:3036} INFO - Sync 1 DAGs
[2025-07-30T20:47:29.477+0000] {logging_mixin.py:188} INFO - [2025-07-30T20:47:29.477+0000] {dag.py:3823} INFO - Setting next_dagrun for example_python_decorator to None, run_after=None
[2025-07-30T20:47:29.504+0000] {processor.py:183} INFO - Processing /home/azureuser/.pyenv/versions/3.11.9/envs/airflow-venv/lib/python3.11/site-packages/airflow/example_dags/example_python_decorator.py took 0.074 seconds
[2025-07-30T21:03:40.484+0000] {processor.py:161} INFO - Started process (PID=1667) to work on /home/azureuser/.pyenv/versions/3.11.9/envs/airflow-venv/lib/python3.11/site-packages/airflow/example_dags/example_python_decorator.py
[2025-07-30T21:03:40.486+0000] {processor.py:830} INFO - Processing file /home/azureuser/.pyenv/versions/3.11.9/envs/airflow-venv/lib/python3.11/site-packages/airflow/example_dags/example_python_decorator.py for tasks to queue
[2025-07-30T21:03:40.487+0000] {logging_mixin.py:188} INFO - [2025-07-30T21:03:40.486+0000] {dagbag.py:538} INFO - Filling up the DagBag from /home/azureuser/.pyenv/versions/3.11.9/envs/airflow-venv/lib/python3.11/site-packages/airflow/example_dags/example_python_decorator.py
[2025-07-30T21:03:40.498+0000] {logging_mixin.py:188} INFO - [2025-07-30T21:03:40.498+0000] {example_python_decorator.py:79} WARNING - The virtalenv_python example task requires virtualenv, please install it.
[2025-07-30T21:03:40.498+0000] {processor.py:840} INFO - DAG(s) 'example_python_decorator' retrieved from /home/azureuser/.pyenv/versions/3.11.9/envs/airflow-venv/lib/python3.11/site-packages/airflow/example_dags/example_python_decorator.py
[2025-07-30T21:03:40.517+0000] {logging_mixin.py:188} INFO - [2025-07-30T21:03:40.517+0000] {dag.py:3036} INFO - Sync 1 DAGs
[2025-07-30T21:03:40.530+0000] {logging_mixin.py:188} INFO - [2025-07-30T21:03:40.529+0000] {dag.py:3823} INFO - Setting next_dagrun for example_python_decorator to None, run_after=None
[2025-07-30T21:03:40.556+0000] {processor.py:183} INFO - Processing /home/azureuser/.pyenv/versions/3.11.9/envs/airflow-venv/lib/python3.11/site-packages/airflow/example_dags/example_python_decorator.py took 0.076 seconds
[2025-07-30T21:04:37.284+0000] {processor.py:161} INFO - Started process (PID=1722) to work on /home/azureuser/.pyenv/versions/3.11.9/envs/airflow-venv/lib/python3.11/site-packages/airflow/example_dags/example_python_decorator.py
[2025-07-30T21:04:37.286+0000] {processor.py:830} INFO - Processing file /home/azureuser/.pyenv/versions/3.11.9/envs/airflow-venv/lib/python3.11/site-packages/airflow/example_dags/example_python_decorator.py for tasks to queue
[2025-07-30T21:04:37.287+0000] {logging_mixin.py:188} INFO - [2025-07-30T21:04:37.286+0000] {dagbag.py:538} INFO - Filling up the DagBag from /home/azureuser/.pyenv/versions/3.11.9/envs/airflow-venv/lib/python3.11/site-packages/airflow/example_dags/example_python_decorator.py
[2025-07-30T21:04:37.302+0000] {logging_mixin.py:188} INFO - [2025-07-30T21:04:37.302+0000] {example_python_decorator.py:79} WARNING - The virtalenv_python example task requires virtualenv, please install it.
[2025-07-30T21:04:37.303+0000] {processor.py:840} INFO - DAG(s) 'example_python_decorator' retrieved from /home/azureuser/.pyenv/versions/3.11.9/envs/airflow-venv/lib/python3.11/site-packages/airflow/example_dags/example_python_decorator.py
[2025-07-30T21:04:37.322+0000] {logging_mixin.py:188} INFO - [2025-07-30T21:04:37.322+0000] {dag.py:3036} INFO - Sync 1 DAGs
[2025-07-30T21:04:37.457+0000] {logging_mixin.py:188} INFO - [2025-07-30T21:04:37.456+0000] {dag.py:3823} INFO - Setting next_dagrun for example_python_decorator to None, run_after=None
[2025-07-30T21:04:37.483+0000] {processor.py:183} INFO - Processing /home/azureuser/.pyenv/versions/3.11.9/envs/airflow-venv/lib/python3.11/site-packages/airflow/example_dags/example_python_decorator.py took 0.202 seconds
[2025-07-30T21:05:24.929+0000] {processor.py:161} INFO - Started process (PID=1771) to work on /home/azureuser/.pyenv/versions/3.11.9/envs/airflow-venv/lib/python3.11/site-packages/airflow/example_dags/example_python_decorator.py
[2025-07-30T21:05:24.930+0000] {processor.py:830} INFO - Processing file /home/azureuser/.pyenv/versions/3.11.9/envs/airflow-venv/lib/python3.11/site-packages/airflow/example_dags/example_python_decorator.py for tasks to queue
[2025-07-30T21:05:24.931+0000] {logging_mixin.py:188} INFO - [2025-07-30T21:05:24.931+0000] {dagbag.py:538} INFO - Filling up the DagBag from /home/azureuser/.pyenv/versions/3.11.9/envs/airflow-venv/lib/python3.11/site-packages/airflow/example_dags/example_python_decorator.py
[2025-07-30T21:05:24.948+0000] {logging_mixin.py:188} INFO - [2025-07-30T21:05:24.947+0000] {example_python_decorator.py:79} WARNING - The virtalenv_python example task requires virtualenv, please install it.
[2025-07-30T21:05:24.948+0000] {processor.py:840} INFO - DAG(s) 'example_python_decorator' retrieved from /home/azureuser/.pyenv/versions/3.11.9/envs/airflow-venv/lib/python3.11/site-packages/airflow/example_dags/example_python_decorator.py
[2025-07-30T21:05:24.969+0000] {logging_mixin.py:188} INFO - [2025-07-30T21:05:24.968+0000] {dag.py:3036} INFO - Sync 1 DAGs
[2025-07-30T21:05:24.982+0000] {logging_mixin.py:188} INFO - [2025-07-30T21:05:24.982+0000] {dag.py:3823} INFO - Setting next_dagrun for example_python_decorator to None, run_after=None
[2025-07-30T21:05:25.015+0000] {processor.py:183} INFO - Processing /home/azureuser/.pyenv/versions/3.11.9/envs/airflow-venv/lib/python3.11/site-packages/airflow/example_dags/example_python_decorator.py took 0.090 seconds
[2025-07-30T21:06:19.897+0000] {processor.py:161} INFO - Started process (PID=1826) to work on /home/azureuser/.pyenv/versions/3.11.9/envs/airflow-venv/lib/python3.11/site-packages/airflow/example_dags/example_python_decorator.py
[2025-07-30T21:06:19.899+0000] {processor.py:830} INFO - Processing file /home/azureuser/.pyenv/versions/3.11.9/envs/airflow-venv/lib/python3.11/site-packages/airflow/example_dags/example_python_decorator.py for tasks to queue
[2025-07-30T21:06:19.900+0000] {logging_mixin.py:188} INFO - [2025-07-30T21:06:19.899+0000] {dagbag.py:538} INFO - Filling up the DagBag from /home/azureuser/.pyenv/versions/3.11.9/envs/airflow-venv/lib/python3.11/site-packages/airflow/example_dags/example_python_decorator.py
[2025-07-30T21:06:19.911+0000] {logging_mixin.py:188} INFO - [2025-07-30T21:06:19.911+0000] {example_python_decorator.py:79} WARNING - The virtalenv_python example task requires virtualenv, please install it.
[2025-07-30T21:06:19.912+0000] {processor.py:840} INFO - DAG(s) 'example_python_decorator' retrieved from /home/azureuser/.pyenv/versions/3.11.9/envs/airflow-venv/lib/python3.11/site-packages/airflow/example_dags/example_python_decorator.py
[2025-07-30T21:06:19.932+0000] {logging_mixin.py:188} INFO - [2025-07-30T21:06:19.932+0000] {dag.py:3036} INFO - Sync 1 DAGs
[2025-07-30T21:06:19.945+0000] {logging_mixin.py:188} INFO - [2025-07-30T21:06:19.944+0000] {dag.py:3823} INFO - Setting next_dagrun for example_python_decorator to None, run_after=None
[2025-07-30T21:06:19.973+0000] {processor.py:183} INFO - Processing /home/azureuser/.pyenv/versions/3.11.9/envs/airflow-venv/lib/python3.11/site-packages/airflow/example_dags/example_python_decorator.py took 0.080 seconds
