[2025-07-30T00:21:24.736+0000] {processor.py:161} INFO - Started process (PID=34238) to work on /home/azureuser/.pyenv/versions/3.11.9/envs/airflow-venv/lib/python3.11/site-packages/airflow/example_dags/example_params_trigger_ui.py
[2025-07-30T00:21:24.737+0000] {processor.py:830} INFO - Processing file /home/azureuser/.pyenv/versions/3.11.9/envs/airflow-venv/lib/python3.11/site-packages/airflow/example_dags/example_params_trigger_ui.py for tasks to queue
[2025-07-30T00:21:24.738+0000] {logging_mixin.py:188} INFO - [2025-07-30T00:21:24.738+0000] {dagbag.py:538} INFO - Filling up the DagBag from /home/azureuser/.pyenv/versions/3.11.9/envs/airflow-venv/lib/python3.11/site-packages/airflow/example_dags/example_params_trigger_ui.py
[2025-07-30T00:21:24.758+0000] {processor.py:840} INFO - DAG(s) 'example_params_trigger_ui' retrieved from /home/azureuser/.pyenv/versions/3.11.9/envs/airflow-venv/lib/python3.11/site-packages/airflow/example_dags/example_params_trigger_ui.py
[2025-07-30T00:21:24.941+0000] {logging_mixin.py:188} INFO - [2025-07-30T00:21:24.940+0000] {override.py:1769} INFO - Created Permission View: can delete on DAG:example_params_trigger_ui
[2025-07-30T00:21:24.968+0000] {logging_mixin.py:188} INFO - [2025-07-30T00:21:24.968+0000] {override.py:1769} INFO - Created Permission View: can read on DAG:example_params_trigger_ui
[2025-07-30T00:21:24.991+0000] {logging_mixin.py:188} INFO - [2025-07-30T00:21:24.990+0000] {override.py:1769} INFO - Created Permission View: can edit on DAG:example_params_trigger_ui
[2025-07-30T00:21:24.991+0000] {logging_mixin.py:188} INFO - [2025-07-30T00:21:24.991+0000] {dag.py:3036} INFO - Sync 1 DAGs
[2025-07-30T00:21:25.004+0000] {logging_mixin.py:188} INFO - [2025-07-30T00:21:25.004+0000] {dag.py:3058} INFO - Creating ORM DAG for example_params_trigger_ui
[2025-07-30T00:21:25.005+0000] {logging_mixin.py:188} INFO - [2025-07-30T00:21:25.005+0000] {dag.py:3823} INFO - Setting next_dagrun for example_params_trigger_ui to None, run_after=None
[2025-07-30T00:21:25.048+0000] {processor.py:183} INFO - Processing /home/azureuser/.pyenv/versions/3.11.9/envs/airflow-venv/lib/python3.11/site-packages/airflow/example_dags/example_params_trigger_ui.py took 0.316 seconds
[2025-07-30T00:22:17.746+0000] {processor.py:161} INFO - Started process (PID=34325) to work on /home/azureuser/.pyenv/versions/3.11.9/envs/airflow-venv/lib/python3.11/site-packages/airflow/example_dags/example_params_trigger_ui.py
[2025-07-30T00:22:17.747+0000] {processor.py:830} INFO - Processing file /home/azureuser/.pyenv/versions/3.11.9/envs/airflow-venv/lib/python3.11/site-packages/airflow/example_dags/example_params_trigger_ui.py for tasks to queue
[2025-07-30T00:22:17.749+0000] {logging_mixin.py:188} INFO - [2025-07-30T00:22:17.748+0000] {dagbag.py:538} INFO - Filling up the DagBag from /home/azureuser/.pyenv/versions/3.11.9/envs/airflow-venv/lib/python3.11/site-packages/airflow/example_dags/example_params_trigger_ui.py
[2025-07-30T00:22:17.769+0000] {processor.py:840} INFO - DAG(s) 'example_params_trigger_ui' retrieved from /home/azureuser/.pyenv/versions/3.11.9/envs/airflow-venv/lib/python3.11/site-packages/airflow/example_dags/example_params_trigger_ui.py
[2025-07-30T00:22:17.814+0000] {logging_mixin.py:188} INFO - [2025-07-30T00:22:17.813+0000] {dag.py:3036} INFO - Sync 1 DAGs
[2025-07-30T00:22:17.827+0000] {logging_mixin.py:188} INFO - [2025-07-30T00:22:17.827+0000] {dag.py:3823} INFO - Setting next_dagrun for example_params_trigger_ui to None, run_after=None
[2025-07-30T00:22:17.865+0000] {processor.py:183} INFO - Processing /home/azureuser/.pyenv/versions/3.11.9/envs/airflow-venv/lib/python3.11/site-packages/airflow/example_dags/example_params_trigger_ui.py took 0.124 seconds
[2025-07-30T00:23:08.411+0000] {processor.py:161} INFO - Started process (PID=34395) to work on /home/azureuser/.pyenv/versions/3.11.9/envs/airflow-venv/lib/python3.11/site-packages/airflow/example_dags/example_params_trigger_ui.py
[2025-07-30T00:23:08.413+0000] {processor.py:830} INFO - Processing file /home/azureuser/.pyenv/versions/3.11.9/envs/airflow-venv/lib/python3.11/site-packages/airflow/example_dags/example_params_trigger_ui.py for tasks to queue
[2025-07-30T00:23:08.414+0000] {logging_mixin.py:188} INFO - [2025-07-30T00:23:08.414+0000] {dagbag.py:538} INFO - Filling up the DagBag from /home/azureuser/.pyenv/versions/3.11.9/envs/airflow-venv/lib/python3.11/site-packages/airflow/example_dags/example_params_trigger_ui.py
[2025-07-30T00:23:08.434+0000] {processor.py:840} INFO - DAG(s) 'example_params_trigger_ui' retrieved from /home/azureuser/.pyenv/versions/3.11.9/envs/airflow-venv/lib/python3.11/site-packages/airflow/example_dags/example_params_trigger_ui.py
[2025-07-30T00:23:08.478+0000] {logging_mixin.py:188} INFO - [2025-07-30T00:23:08.477+0000] {dag.py:3036} INFO - Sync 1 DAGs
[2025-07-30T00:23:08.491+0000] {logging_mixin.py:188} INFO - [2025-07-30T00:23:08.490+0000] {dag.py:3823} INFO - Setting next_dagrun for example_params_trigger_ui to None, run_after=None
[2025-07-30T00:23:08.533+0000] {processor.py:183} INFO - Processing /home/azureuser/.pyenv/versions/3.11.9/envs/airflow-venv/lib/python3.11/site-packages/airflow/example_dags/example_params_trigger_ui.py took 0.126 seconds
[2025-07-30T00:24:08.798+0000] {processor.py:161} INFO - Started process (PID=34486) to work on /home/azureuser/.pyenv/versions/3.11.9/envs/airflow-venv/lib/python3.11/site-packages/airflow/example_dags/example_params_trigger_ui.py
[2025-07-30T00:24:08.800+0000] {processor.py:830} INFO - Processing file /home/azureuser/.pyenv/versions/3.11.9/envs/airflow-venv/lib/python3.11/site-packages/airflow/example_dags/example_params_trigger_ui.py for tasks to queue
[2025-07-30T00:24:08.801+0000] {logging_mixin.py:188} INFO - [2025-07-30T00:24:08.801+0000] {dagbag.py:538} INFO - Filling up the DagBag from /home/azureuser/.pyenv/versions/3.11.9/envs/airflow-venv/lib/python3.11/site-packages/airflow/example_dags/example_params_trigger_ui.py
[2025-07-30T00:24:08.826+0000] {processor.py:840} INFO - DAG(s) 'example_params_trigger_ui' retrieved from /home/azureuser/.pyenv/versions/3.11.9/envs/airflow-venv/lib/python3.11/site-packages/airflow/example_dags/example_params_trigger_ui.py
[2025-07-30T00:24:08.873+0000] {logging_mixin.py:188} INFO - [2025-07-30T00:24:08.873+0000] {dag.py:3036} INFO - Sync 1 DAGs
[2025-07-30T00:24:08.888+0000] {logging_mixin.py:188} INFO - [2025-07-30T00:24:08.887+0000] {dag.py:3823} INFO - Setting next_dagrun for example_params_trigger_ui to None, run_after=None
[2025-07-30T00:24:09.104+0000] {processor.py:183} INFO - Processing /home/azureuser/.pyenv/versions/3.11.9/envs/airflow-venv/lib/python3.11/site-packages/airflow/example_dags/example_params_trigger_ui.py took 0.310 seconds
[2025-07-30T00:24:59.879+0000] {processor.py:161} INFO - Started process (PID=34556) to work on /home/azureuser/.pyenv/versions/3.11.9/envs/airflow-venv/lib/python3.11/site-packages/airflow/example_dags/example_params_trigger_ui.py
[2025-07-30T00:24:59.880+0000] {processor.py:830} INFO - Processing file /home/azureuser/.pyenv/versions/3.11.9/envs/airflow-venv/lib/python3.11/site-packages/airflow/example_dags/example_params_trigger_ui.py for tasks to queue
[2025-07-30T00:24:59.882+0000] {logging_mixin.py:188} INFO - [2025-07-30T00:24:59.881+0000] {dagbag.py:538} INFO - Filling up the DagBag from /home/azureuser/.pyenv/versions/3.11.9/envs/airflow-venv/lib/python3.11/site-packages/airflow/example_dags/example_params_trigger_ui.py
[2025-07-30T00:24:59.901+0000] {processor.py:840} INFO - DAG(s) 'example_params_trigger_ui' retrieved from /home/azureuser/.pyenv/versions/3.11.9/envs/airflow-venv/lib/python3.11/site-packages/airflow/example_dags/example_params_trigger_ui.py
[2025-07-30T00:24:59.947+0000] {logging_mixin.py:188} INFO - [2025-07-30T00:24:59.946+0000] {dag.py:3036} INFO - Sync 1 DAGs
[2025-07-30T00:24:59.960+0000] {logging_mixin.py:188} INFO - [2025-07-30T00:24:59.960+0000] {dag.py:3823} INFO - Setting next_dagrun for example_params_trigger_ui to None, run_after=None
[2025-07-30T00:25:00.002+0000] {processor.py:183} INFO - Processing /home/azureuser/.pyenv/versions/3.11.9/envs/airflow-venv/lib/python3.11/site-packages/airflow/example_dags/example_params_trigger_ui.py took 0.128 seconds
[2025-07-30T00:26:00.166+0000] {processor.py:161} INFO - Started process (PID=34647) to work on /home/azureuser/.pyenv/versions/3.11.9/envs/airflow-venv/lib/python3.11/site-packages/airflow/example_dags/example_params_trigger_ui.py
[2025-07-30T00:26:00.170+0000] {processor.py:830} INFO - Processing file /home/azureuser/.pyenv/versions/3.11.9/envs/airflow-venv/lib/python3.11/site-packages/airflow/example_dags/example_params_trigger_ui.py for tasks to queue
[2025-07-30T00:26:00.171+0000] {logging_mixin.py:188} INFO - [2025-07-30T00:26:00.170+0000] {dagbag.py:538} INFO - Filling up the DagBag from /home/azureuser/.pyenv/versions/3.11.9/envs/airflow-venv/lib/python3.11/site-packages/airflow/example_dags/example_params_trigger_ui.py
[2025-07-30T00:26:00.215+0000] {processor.py:840} INFO - DAG(s) 'example_params_trigger_ui' retrieved from /home/azureuser/.pyenv/versions/3.11.9/envs/airflow-venv/lib/python3.11/site-packages/airflow/example_dags/example_params_trigger_ui.py
[2025-07-30T00:26:00.235+0000] {logging_mixin.py:188} INFO - [2025-07-30T00:26:00.235+0000] {dag.py:3036} INFO - Sync 1 DAGs
[2025-07-30T00:26:00.269+0000] {logging_mixin.py:188} INFO - [2025-07-30T00:26:00.269+0000] {dag.py:3823} INFO - Setting next_dagrun for example_params_trigger_ui to None, run_after=None
[2025-07-30T00:26:00.338+0000] {processor.py:183} INFO - Processing /home/azureuser/.pyenv/versions/3.11.9/envs/airflow-venv/lib/python3.11/site-packages/airflow/example_dags/example_params_trigger_ui.py took 0.181 seconds
[2025-07-30T20:46:00.844+0000] {processor.py:161} INFO - Started process (PID=1357) to work on /home/azureuser/.pyenv/versions/3.11.9/envs/airflow-venv/lib/python3.11/site-packages/airflow/example_dags/example_params_trigger_ui.py
[2025-07-30T20:46:00.845+0000] {processor.py:830} INFO - Processing file /home/azureuser/.pyenv/versions/3.11.9/envs/airflow-venv/lib/python3.11/site-packages/airflow/example_dags/example_params_trigger_ui.py for tasks to queue
[2025-07-30T20:46:00.846+0000] {logging_mixin.py:188} INFO - [2025-07-30T20:46:00.845+0000] {dagbag.py:538} INFO - Filling up the DagBag from /home/azureuser/.pyenv/versions/3.11.9/envs/airflow-venv/lib/python3.11/site-packages/airflow/example_dags/example_params_trigger_ui.py
[2025-07-30T20:46:00.862+0000] {processor.py:840} INFO - DAG(s) 'example_params_trigger_ui' retrieved from /home/azureuser/.pyenv/versions/3.11.9/envs/airflow-venv/lib/python3.11/site-packages/airflow/example_dags/example_params_trigger_ui.py
[2025-07-30T20:46:00.984+0000] {logging_mixin.py:188} INFO - [2025-07-30T20:46:00.983+0000] {dag.py:3036} INFO - Sync 1 DAGs
[2025-07-30T20:46:00.992+0000] {logging_mixin.py:188} INFO - [2025-07-30T20:46:00.992+0000] {dag.py:3823} INFO - Setting next_dagrun for example_params_trigger_ui to None, run_after=None
[2025-07-30T20:46:01.018+0000] {processor.py:183} INFO - Processing /home/azureuser/.pyenv/versions/3.11.9/envs/airflow-venv/lib/python3.11/site-packages/airflow/example_dags/example_params_trigger_ui.py took 0.178 seconds
[2025-07-30T20:46:49.635+0000] {processor.py:161} INFO - Started process (PID=1412) to work on /home/azureuser/.pyenv/versions/3.11.9/envs/airflow-venv/lib/python3.11/site-packages/airflow/example_dags/example_params_trigger_ui.py
[2025-07-30T20:46:49.636+0000] {processor.py:830} INFO - Processing file /home/azureuser/.pyenv/versions/3.11.9/envs/airflow-venv/lib/python3.11/site-packages/airflow/example_dags/example_params_trigger_ui.py for tasks to queue
[2025-07-30T20:46:49.637+0000] {logging_mixin.py:188} INFO - [2025-07-30T20:46:49.637+0000] {dagbag.py:538} INFO - Filling up the DagBag from /home/azureuser/.pyenv/versions/3.11.9/envs/airflow-venv/lib/python3.11/site-packages/airflow/example_dags/example_params_trigger_ui.py
[2025-07-30T20:46:49.654+0000] {processor.py:840} INFO - DAG(s) 'example_params_trigger_ui' retrieved from /home/azureuser/.pyenv/versions/3.11.9/envs/airflow-venv/lib/python3.11/site-packages/airflow/example_dags/example_params_trigger_ui.py
[2025-07-30T20:46:49.692+0000] {logging_mixin.py:188} INFO - [2025-07-30T20:46:49.692+0000] {dag.py:3036} INFO - Sync 1 DAGs
[2025-07-30T20:46:49.704+0000] {logging_mixin.py:188} INFO - [2025-07-30T20:46:49.704+0000] {dag.py:3823} INFO - Setting next_dagrun for example_params_trigger_ui to None, run_after=None
[2025-07-30T20:46:49.732+0000] {processor.py:183} INFO - Processing /home/azureuser/.pyenv/versions/3.11.9/envs/airflow-venv/lib/python3.11/site-packages/airflow/example_dags/example_params_trigger_ui.py took 0.101 seconds
[2025-07-30T21:03:07.861+0000] {processor.py:161} INFO - Started process (PID=1635) to work on /home/azureuser/.pyenv/versions/3.11.9/envs/airflow-venv/lib/python3.11/site-packages/airflow/example_dags/example_params_trigger_ui.py
[2025-07-30T21:03:07.863+0000] {processor.py:830} INFO - Processing file /home/azureuser/.pyenv/versions/3.11.9/envs/airflow-venv/lib/python3.11/site-packages/airflow/example_dags/example_params_trigger_ui.py for tasks to queue
[2025-07-30T21:03:07.864+0000] {logging_mixin.py:188} INFO - [2025-07-30T21:03:07.864+0000] {dagbag.py:538} INFO - Filling up the DagBag from /home/azureuser/.pyenv/versions/3.11.9/envs/airflow-venv/lib/python3.11/site-packages/airflow/example_dags/example_params_trigger_ui.py
[2025-07-30T21:03:07.882+0000] {processor.py:840} INFO - DAG(s) 'example_params_trigger_ui' retrieved from /home/azureuser/.pyenv/versions/3.11.9/envs/airflow-venv/lib/python3.11/site-packages/airflow/example_dags/example_params_trigger_ui.py
[2025-07-30T21:03:07.922+0000] {logging_mixin.py:188} INFO - [2025-07-30T21:03:07.922+0000] {dag.py:3036} INFO - Sync 1 DAGs
[2025-07-30T21:03:07.934+0000] {logging_mixin.py:188} INFO - [2025-07-30T21:03:07.934+0000] {dag.py:3823} INFO - Setting next_dagrun for example_params_trigger_ui to None, run_after=None
[2025-07-30T21:03:07.963+0000] {processor.py:183} INFO - Processing /home/azureuser/.pyenv/versions/3.11.9/envs/airflow-venv/lib/python3.11/site-packages/airflow/example_dags/example_params_trigger_ui.py took 0.106 seconds
[2025-07-30T21:04:09.089+0000] {processor.py:161} INFO - Started process (PID=1699) to work on /home/azureuser/.pyenv/versions/3.11.9/envs/airflow-venv/lib/python3.11/site-packages/airflow/example_dags/example_params_trigger_ui.py
[2025-07-30T21:04:09.091+0000] {processor.py:830} INFO - Processing file /home/azureuser/.pyenv/versions/3.11.9/envs/airflow-venv/lib/python3.11/site-packages/airflow/example_dags/example_params_trigger_ui.py for tasks to queue
[2025-07-30T21:04:09.092+0000] {logging_mixin.py:188} INFO - [2025-07-30T21:04:09.091+0000] {dagbag.py:538} INFO - Filling up the DagBag from /home/azureuser/.pyenv/versions/3.11.9/envs/airflow-venv/lib/python3.11/site-packages/airflow/example_dags/example_params_trigger_ui.py
[2025-07-30T21:04:09.112+0000] {processor.py:840} INFO - DAG(s) 'example_params_trigger_ui' retrieved from /home/azureuser/.pyenv/versions/3.11.9/envs/airflow-venv/lib/python3.11/site-packages/airflow/example_dags/example_params_trigger_ui.py
[2025-07-30T21:04:09.156+0000] {logging_mixin.py:188} INFO - [2025-07-30T21:04:09.155+0000] {dag.py:3036} INFO - Sync 1 DAGs
[2025-07-30T21:04:09.314+0000] {logging_mixin.py:188} INFO - [2025-07-30T21:04:09.311+0000] {dag.py:3823} INFO - Setting next_dagrun for example_params_trigger_ui to None, run_after=None
[2025-07-30T21:04:09.364+0000] {processor.py:183} INFO - Processing /home/azureuser/.pyenv/versions/3.11.9/envs/airflow-venv/lib/python3.11/site-packages/airflow/example_dags/example_params_trigger_ui.py took 0.278 seconds
[2025-07-30T21:05:01.353+0000] {processor.py:161} INFO - Started process (PID=1747) to work on /home/azureuser/.pyenv/versions/3.11.9/envs/airflow-venv/lib/python3.11/site-packages/airflow/example_dags/example_params_trigger_ui.py
[2025-07-30T21:05:01.354+0000] {processor.py:830} INFO - Processing file /home/azureuser/.pyenv/versions/3.11.9/envs/airflow-venv/lib/python3.11/site-packages/airflow/example_dags/example_params_trigger_ui.py for tasks to queue
[2025-07-30T21:05:01.355+0000] {logging_mixin.py:188} INFO - [2025-07-30T21:05:01.355+0000] {dagbag.py:538} INFO - Filling up the DagBag from /home/azureuser/.pyenv/versions/3.11.9/envs/airflow-venv/lib/python3.11/site-packages/airflow/example_dags/example_params_trigger_ui.py
[2025-07-30T21:05:01.377+0000] {processor.py:840} INFO - DAG(s) 'example_params_trigger_ui' retrieved from /home/azureuser/.pyenv/versions/3.11.9/envs/airflow-venv/lib/python3.11/site-packages/airflow/example_dags/example_params_trigger_ui.py
[2025-07-30T21:05:01.431+0000] {logging_mixin.py:188} INFO - [2025-07-30T21:05:01.429+0000] {dag.py:3036} INFO - Sync 1 DAGs
[2025-07-30T21:05:01.448+0000] {logging_mixin.py:188} INFO - [2025-07-30T21:05:01.447+0000] {dag.py:3823} INFO - Setting next_dagrun for example_params_trigger_ui to None, run_after=None
[2025-07-30T21:05:01.488+0000] {processor.py:183} INFO - Processing /home/azureuser/.pyenv/versions/3.11.9/envs/airflow-venv/lib/python3.11/site-packages/airflow/example_dags/example_params_trigger_ui.py took 0.139 seconds
[2025-07-30T21:05:56.985+0000] {processor.py:161} INFO - Started process (PID=1803) to work on /home/azureuser/.pyenv/versions/3.11.9/envs/airflow-venv/lib/python3.11/site-packages/airflow/example_dags/example_params_trigger_ui.py
[2025-07-30T21:05:56.986+0000] {processor.py:830} INFO - Processing file /home/azureuser/.pyenv/versions/3.11.9/envs/airflow-venv/lib/python3.11/site-packages/airflow/example_dags/example_params_trigger_ui.py for tasks to queue
[2025-07-30T21:05:56.987+0000] {logging_mixin.py:188} INFO - [2025-07-30T21:05:56.987+0000] {dagbag.py:538} INFO - Filling up the DagBag from /home/azureuser/.pyenv/versions/3.11.9/envs/airflow-venv/lib/python3.11/site-packages/airflow/example_dags/example_params_trigger_ui.py
[2025-07-30T21:05:57.006+0000] {processor.py:840} INFO - DAG(s) 'example_params_trigger_ui' retrieved from /home/azureuser/.pyenv/versions/3.11.9/envs/airflow-venv/lib/python3.11/site-packages/airflow/example_dags/example_params_trigger_ui.py
[2025-07-30T21:05:57.046+0000] {logging_mixin.py:188} INFO - [2025-07-30T21:05:57.046+0000] {dag.py:3036} INFO - Sync 1 DAGs
[2025-07-30T21:05:57.059+0000] {logging_mixin.py:188} INFO - [2025-07-30T21:05:57.058+0000] {dag.py:3823} INFO - Setting next_dagrun for example_params_trigger_ui to None, run_after=None
[2025-07-30T21:05:57.088+0000] {processor.py:183} INFO - Processing /home/azureuser/.pyenv/versions/3.11.9/envs/airflow-venv/lib/python3.11/site-packages/airflow/example_dags/example_params_trigger_ui.py took 0.107 seconds
[2025-07-30T21:06:50.362+0000] {processor.py:161} INFO - Started process (PID=1857) to work on /home/azureuser/.pyenv/versions/3.11.9/envs/airflow-venv/lib/python3.11/site-packages/airflow/example_dags/example_params_trigger_ui.py
[2025-07-30T21:06:50.363+0000] {processor.py:830} INFO - Processing file /home/azureuser/.pyenv/versions/3.11.9/envs/airflow-venv/lib/python3.11/site-packages/airflow/example_dags/example_params_trigger_ui.py for tasks to queue
[2025-07-30T21:06:50.364+0000] {logging_mixin.py:188} INFO - [2025-07-30T21:06:50.364+0000] {dagbag.py:538} INFO - Filling up the DagBag from /home/azureuser/.pyenv/versions/3.11.9/envs/airflow-venv/lib/python3.11/site-packages/airflow/example_dags/example_params_trigger_ui.py
[2025-07-30T21:06:50.390+0000] {processor.py:840} INFO - DAG(s) 'example_params_trigger_ui' retrieved from /home/azureuser/.pyenv/versions/3.11.9/envs/airflow-venv/lib/python3.11/site-packages/airflow/example_dags/example_params_trigger_ui.py
[2025-07-30T21:06:50.434+0000] {logging_mixin.py:188} INFO - [2025-07-30T21:06:50.434+0000] {dag.py:3036} INFO - Sync 1 DAGs
[2025-07-30T21:06:50.447+0000] {logging_mixin.py:188} INFO - [2025-07-30T21:06:50.447+0000] {dag.py:3823} INFO - Setting next_dagrun for example_params_trigger_ui to None, run_after=None
[2025-07-30T21:06:50.476+0000] {processor.py:183} INFO - Processing /home/azureuser/.pyenv/versions/3.11.9/envs/airflow-venv/lib/python3.11/site-packages/airflow/example_dags/example_params_trigger_ui.py took 0.118 seconds
