[2025-07-30T00:21:00.436+0000] {processor.py:161} INFO - Started process (PID=34143) to work on /home/azureuser/.pyenv/versions/3.11.9/envs/airflow-venv/lib/python3.11/site-packages/airflow/example_dags/example_time_delta_sensor_async.py
[2025-07-30T00:21:00.437+0000] {processor.py:830} INFO - Processing file /home/azureuser/.pyenv/versions/3.11.9/envs/airflow-venv/lib/python3.11/site-packages/airflow/example_dags/example_time_delta_sensor_async.py for tasks to queue
[2025-07-30T00:21:00.438+0000] {logging_mixin.py:188} INFO - [2025-07-30T00:21:00.438+0000] {dagbag.py:538} INFO - Filling up the DagBag from /home/azureuser/.pyenv/versions/3.11.9/envs/airflow-venv/lib/python3.11/site-packages/airflow/example_dags/example_time_delta_sensor_async.py
[2025-07-30T00:21:00.447+0000] {processor.py:840} INFO - DAG(s) 'example_time_delta_sensor_async' retrieved from /home/azureuser/.pyenv/versions/3.11.9/envs/airflow-venv/lib/python3.11/site-packages/airflow/example_dags/example_time_delta_sensor_async.py
[2025-07-30T00:21:00.612+0000] {logging_mixin.py:188} INFO - [2025-07-30T00:21:00.610+0000] {override.py:1769} INFO - Created Permission View: can delete on DAG:example_time_delta_sensor_async
[2025-07-30T00:21:00.642+0000] {logging_mixin.py:188} INFO - [2025-07-30T00:21:00.641+0000] {override.py:1769} INFO - Created Permission View: can read on DAG:example_time_delta_sensor_async
[2025-07-30T00:21:00.666+0000] {logging_mixin.py:188} INFO - [2025-07-30T00:21:00.665+0000] {override.py:1769} INFO - Created Permission View: can edit on DAG:example_time_delta_sensor_async
[2025-07-30T00:21:00.666+0000] {logging_mixin.py:188} INFO - [2025-07-30T00:21:00.666+0000] {dag.py:3036} INFO - Sync 1 DAGs
[2025-07-30T00:21:00.678+0000] {logging_mixin.py:188} INFO - [2025-07-30T00:21:00.678+0000] {dag.py:3058} INFO - Creating ORM DAG for example_time_delta_sensor_async
[2025-07-30T00:21:00.678+0000] {logging_mixin.py:188} INFO - [2025-07-30T00:21:00.678+0000] {dag.py:3823} INFO - Setting next_dagrun for example_time_delta_sensor_async to None, run_after=None
[2025-07-30T00:21:00.718+0000] {processor.py:183} INFO - Processing /home/azureuser/.pyenv/versions/3.11.9/envs/airflow-venv/lib/python3.11/site-packages/airflow/example_dags/example_time_delta_sensor_async.py took 0.287 seconds
[2025-07-30T00:21:58.012+0000] {processor.py:161} INFO - Started process (PID=34292) to work on /home/azureuser/.pyenv/versions/3.11.9/envs/airflow-venv/lib/python3.11/site-packages/airflow/example_dags/example_time_delta_sensor_async.py
[2025-07-30T00:21:58.014+0000] {processor.py:830} INFO - Processing file /home/azureuser/.pyenv/versions/3.11.9/envs/airflow-venv/lib/python3.11/site-packages/airflow/example_dags/example_time_delta_sensor_async.py for tasks to queue
[2025-07-30T00:21:58.015+0000] {logging_mixin.py:188} INFO - [2025-07-30T00:21:58.014+0000] {dagbag.py:538} INFO - Filling up the DagBag from /home/azureuser/.pyenv/versions/3.11.9/envs/airflow-venv/lib/python3.11/site-packages/airflow/example_dags/example_time_delta_sensor_async.py
[2025-07-30T00:21:58.021+0000] {processor.py:840} INFO - DAG(s) 'example_time_delta_sensor_async' retrieved from /home/azureuser/.pyenv/versions/3.11.9/envs/airflow-venv/lib/python3.11/site-packages/airflow/example_dags/example_time_delta_sensor_async.py
[2025-07-30T00:21:58.042+0000] {logging_mixin.py:188} INFO - [2025-07-30T00:21:58.042+0000] {dag.py:3036} INFO - Sync 1 DAGs
[2025-07-30T00:21:58.055+0000] {logging_mixin.py:188} INFO - [2025-07-30T00:21:58.055+0000] {dag.py:3823} INFO - Setting next_dagrun for example_time_delta_sensor_async to None, run_after=None
[2025-07-30T00:21:58.092+0000] {processor.py:183} INFO - Processing /home/azureuser/.pyenv/versions/3.11.9/envs/airflow-venv/lib/python3.11/site-packages/airflow/example_dags/example_time_delta_sensor_async.py took 0.084 seconds
[2025-07-30T00:22:45.107+0000] {processor.py:161} INFO - Started process (PID=34362) to work on /home/azureuser/.pyenv/versions/3.11.9/envs/airflow-venv/lib/python3.11/site-packages/airflow/example_dags/example_time_delta_sensor_async.py
[2025-07-30T00:22:45.109+0000] {processor.py:830} INFO - Processing file /home/azureuser/.pyenv/versions/3.11.9/envs/airflow-venv/lib/python3.11/site-packages/airflow/example_dags/example_time_delta_sensor_async.py for tasks to queue
[2025-07-30T00:22:45.110+0000] {logging_mixin.py:188} INFO - [2025-07-30T00:22:45.110+0000] {dagbag.py:538} INFO - Filling up the DagBag from /home/azureuser/.pyenv/versions/3.11.9/envs/airflow-venv/lib/python3.11/site-packages/airflow/example_dags/example_time_delta_sensor_async.py
[2025-07-30T00:22:45.118+0000] {processor.py:840} INFO - DAG(s) 'example_time_delta_sensor_async' retrieved from /home/azureuser/.pyenv/versions/3.11.9/envs/airflow-venv/lib/python3.11/site-packages/airflow/example_dags/example_time_delta_sensor_async.py
[2025-07-30T00:22:45.144+0000] {logging_mixin.py:188} INFO - [2025-07-30T00:22:45.144+0000] {dag.py:3036} INFO - Sync 1 DAGs
[2025-07-30T00:22:45.159+0000] {logging_mixin.py:188} INFO - [2025-07-30T00:22:45.158+0000] {dag.py:3823} INFO - Setting next_dagrun for example_time_delta_sensor_async to None, run_after=None
[2025-07-30T00:22:45.199+0000] {processor.py:183} INFO - Processing /home/azureuser/.pyenv/versions/3.11.9/envs/airflow-venv/lib/python3.11/site-packages/airflow/example_dags/example_time_delta_sensor_async.py took 0.097 seconds
[2025-07-30T00:23:34.289+0000] {processor.py:161} INFO - Started process (PID=34438) to work on /home/azureuser/.pyenv/versions/3.11.9/envs/airflow-venv/lib/python3.11/site-packages/airflow/example_dags/example_time_delta_sensor_async.py
[2025-07-30T00:23:34.291+0000] {processor.py:830} INFO - Processing file /home/azureuser/.pyenv/versions/3.11.9/envs/airflow-venv/lib/python3.11/site-packages/airflow/example_dags/example_time_delta_sensor_async.py for tasks to queue
[2025-07-30T00:23:34.292+0000] {logging_mixin.py:188} INFO - [2025-07-30T00:23:34.291+0000] {dagbag.py:538} INFO - Filling up the DagBag from /home/azureuser/.pyenv/versions/3.11.9/envs/airflow-venv/lib/python3.11/site-packages/airflow/example_dags/example_time_delta_sensor_async.py
[2025-07-30T00:23:34.298+0000] {processor.py:840} INFO - DAG(s) 'example_time_delta_sensor_async' retrieved from /home/azureuser/.pyenv/versions/3.11.9/envs/airflow-venv/lib/python3.11/site-packages/airflow/example_dags/example_time_delta_sensor_async.py
[2025-07-30T00:23:34.319+0000] {logging_mixin.py:188} INFO - [2025-07-30T00:23:34.319+0000] {dag.py:3036} INFO - Sync 1 DAGs
[2025-07-30T00:23:34.332+0000] {logging_mixin.py:188} INFO - [2025-07-30T00:23:34.332+0000] {dag.py:3823} INFO - Setting next_dagrun for example_time_delta_sensor_async to None, run_after=None
[2025-07-30T00:23:34.377+0000] {processor.py:183} INFO - Processing /home/azureuser/.pyenv/versions/3.11.9/envs/airflow-venv/lib/python3.11/site-packages/airflow/example_dags/example_time_delta_sensor_async.py took 0.092 seconds
[2025-07-30T00:24:19.289+0000] {processor.py:161} INFO - Started process (PID=34498) to work on /home/azureuser/.pyenv/versions/3.11.9/envs/airflow-venv/lib/python3.11/site-packages/airflow/example_dags/example_time_delta_sensor_async.py
[2025-07-30T00:24:19.291+0000] {processor.py:830} INFO - Processing file /home/azureuser/.pyenv/versions/3.11.9/envs/airflow-venv/lib/python3.11/site-packages/airflow/example_dags/example_time_delta_sensor_async.py for tasks to queue
[2025-07-30T00:24:19.292+0000] {logging_mixin.py:188} INFO - [2025-07-30T00:24:19.291+0000] {dagbag.py:538} INFO - Filling up the DagBag from /home/azureuser/.pyenv/versions/3.11.9/envs/airflow-venv/lib/python3.11/site-packages/airflow/example_dags/example_time_delta_sensor_async.py
[2025-07-30T00:24:19.301+0000] {processor.py:840} INFO - DAG(s) 'example_time_delta_sensor_async' retrieved from /home/azureuser/.pyenv/versions/3.11.9/envs/airflow-venv/lib/python3.11/site-packages/airflow/example_dags/example_time_delta_sensor_async.py
[2025-07-30T00:24:19.323+0000] {logging_mixin.py:188} INFO - [2025-07-30T00:24:19.323+0000] {dag.py:3036} INFO - Sync 1 DAGs
[2025-07-30T00:24:19.337+0000] {logging_mixin.py:188} INFO - [2025-07-30T00:24:19.337+0000] {dag.py:3823} INFO - Setting next_dagrun for example_time_delta_sensor_async to None, run_after=None
[2025-07-30T00:24:19.536+0000] {processor.py:183} INFO - Processing /home/azureuser/.pyenv/versions/3.11.9/envs/airflow-venv/lib/python3.11/site-packages/airflow/example_dags/example_time_delta_sensor_async.py took 0.251 seconds
[2025-07-30T00:25:10.466+0000] {processor.py:161} INFO - Started process (PID=34575) to work on /home/azureuser/.pyenv/versions/3.11.9/envs/airflow-venv/lib/python3.11/site-packages/airflow/example_dags/example_time_delta_sensor_async.py
[2025-07-30T00:25:10.467+0000] {processor.py:830} INFO - Processing file /home/azureuser/.pyenv/versions/3.11.9/envs/airflow-venv/lib/python3.11/site-packages/airflow/example_dags/example_time_delta_sensor_async.py for tasks to queue
[2025-07-30T00:25:10.468+0000] {logging_mixin.py:188} INFO - [2025-07-30T00:25:10.468+0000] {dagbag.py:538} INFO - Filling up the DagBag from /home/azureuser/.pyenv/versions/3.11.9/envs/airflow-venv/lib/python3.11/site-packages/airflow/example_dags/example_time_delta_sensor_async.py
[2025-07-30T00:25:10.476+0000] {processor.py:840} INFO - DAG(s) 'example_time_delta_sensor_async' retrieved from /home/azureuser/.pyenv/versions/3.11.9/envs/airflow-venv/lib/python3.11/site-packages/airflow/example_dags/example_time_delta_sensor_async.py
[2025-07-30T00:25:10.496+0000] {logging_mixin.py:188} INFO - [2025-07-30T00:25:10.496+0000] {dag.py:3036} INFO - Sync 1 DAGs
[2025-07-30T00:25:10.510+0000] {logging_mixin.py:188} INFO - [2025-07-30T00:25:10.510+0000] {dag.py:3823} INFO - Setting next_dagrun for example_time_delta_sensor_async to None, run_after=None
[2025-07-30T00:25:10.548+0000] {processor.py:183} INFO - Processing /home/azureuser/.pyenv/versions/3.11.9/envs/airflow-venv/lib/python3.11/site-packages/airflow/example_dags/example_time_delta_sensor_async.py took 0.087 seconds
[2025-07-30T00:25:51.724+0000] {processor.py:161} INFO - Started process (PID=34634) to work on /home/azureuser/.pyenv/versions/3.11.9/envs/airflow-venv/lib/python3.11/site-packages/airflow/example_dags/example_time_delta_sensor_async.py
[2025-07-30T00:25:51.727+0000] {processor.py:830} INFO - Processing file /home/azureuser/.pyenv/versions/3.11.9/envs/airflow-venv/lib/python3.11/site-packages/airflow/example_dags/example_time_delta_sensor_async.py for tasks to queue
[2025-07-30T00:25:51.729+0000] {logging_mixin.py:188} INFO - [2025-07-30T00:25:51.728+0000] {dagbag.py:538} INFO - Filling up the DagBag from /home/azureuser/.pyenv/versions/3.11.9/envs/airflow-venv/lib/python3.11/site-packages/airflow/example_dags/example_time_delta_sensor_async.py
[2025-07-30T00:25:51.741+0000] {processor.py:840} INFO - DAG(s) 'example_time_delta_sensor_async' retrieved from /home/azureuser/.pyenv/versions/3.11.9/envs/airflow-venv/lib/python3.11/site-packages/airflow/example_dags/example_time_delta_sensor_async.py
[2025-07-30T00:25:51.806+0000] {logging_mixin.py:188} INFO - [2025-07-30T00:25:51.806+0000] {dag.py:3036} INFO - Sync 1 DAGs
[2025-07-30T00:25:51.833+0000] {logging_mixin.py:188} INFO - [2025-07-30T00:25:51.833+0000] {dag.py:3823} INFO - Setting next_dagrun for example_time_delta_sensor_async to None, run_after=None
[2025-07-30T00:25:51.897+0000] {processor.py:183} INFO - Processing /home/azureuser/.pyenv/versions/3.11.9/envs/airflow-venv/lib/python3.11/site-packages/airflow/example_dags/example_time_delta_sensor_async.py took 0.182 seconds
[2025-07-30T20:45:40.945+0000] {processor.py:161} INFO - Started process (PID=1275) to work on /home/azureuser/.pyenv/versions/3.11.9/envs/airflow-venv/lib/python3.11/site-packages/airflow/example_dags/example_time_delta_sensor_async.py
[2025-07-30T20:45:40.947+0000] {processor.py:830} INFO - Processing file /home/azureuser/.pyenv/versions/3.11.9/envs/airflow-venv/lib/python3.11/site-packages/airflow/example_dags/example_time_delta_sensor_async.py for tasks to queue
[2025-07-30T20:45:40.948+0000] {logging_mixin.py:188} INFO - [2025-07-30T20:45:40.947+0000] {dagbag.py:538} INFO - Filling up the DagBag from /home/azureuser/.pyenv/versions/3.11.9/envs/airflow-venv/lib/python3.11/site-packages/airflow/example_dags/example_time_delta_sensor_async.py
[2025-07-30T20:45:40.956+0000] {processor.py:840} INFO - DAG(s) 'example_time_delta_sensor_async' retrieved from /home/azureuser/.pyenv/versions/3.11.9/envs/airflow-venv/lib/python3.11/site-packages/airflow/example_dags/example_time_delta_sensor_async.py
[2025-07-30T20:45:41.054+0000] {logging_mixin.py:188} INFO - [2025-07-30T20:45:41.054+0000] {dag.py:3036} INFO - Sync 1 DAGs
[2025-07-30T20:45:41.063+0000] {logging_mixin.py:188} INFO - [2025-07-30T20:45:41.062+0000] {dag.py:3823} INFO - Setting next_dagrun for example_time_delta_sensor_async to None, run_after=None
[2025-07-30T20:45:41.090+0000] {processor.py:183} INFO - Processing /home/azureuser/.pyenv/versions/3.11.9/envs/airflow-venv/lib/python3.11/site-packages/airflow/example_dags/example_time_delta_sensor_async.py took 0.148 seconds
[2025-07-30T20:46:31.132+0000] {processor.py:161} INFO - Started process (PID=1393) to work on /home/azureuser/.pyenv/versions/3.11.9/envs/airflow-venv/lib/python3.11/site-packages/airflow/example_dags/example_time_delta_sensor_async.py
[2025-07-30T20:46:31.135+0000] {processor.py:830} INFO - Processing file /home/azureuser/.pyenv/versions/3.11.9/envs/airflow-venv/lib/python3.11/site-packages/airflow/example_dags/example_time_delta_sensor_async.py for tasks to queue
[2025-07-30T20:46:31.136+0000] {logging_mixin.py:188} INFO - [2025-07-30T20:46:31.136+0000] {dagbag.py:538} INFO - Filling up the DagBag from /home/azureuser/.pyenv/versions/3.11.9/envs/airflow-venv/lib/python3.11/site-packages/airflow/example_dags/example_time_delta_sensor_async.py
[2025-07-30T20:46:31.143+0000] {processor.py:840} INFO - DAG(s) 'example_time_delta_sensor_async' retrieved from /home/azureuser/.pyenv/versions/3.11.9/envs/airflow-venv/lib/python3.11/site-packages/airflow/example_dags/example_time_delta_sensor_async.py
[2025-07-30T20:46:31.161+0000] {logging_mixin.py:188} INFO - [2025-07-30T20:46:31.161+0000] {dag.py:3036} INFO - Sync 1 DAGs
[2025-07-30T20:46:31.173+0000] {logging_mixin.py:188} INFO - [2025-07-30T20:46:31.173+0000] {dag.py:3823} INFO - Setting next_dagrun for example_time_delta_sensor_async to None, run_after=None
[2025-07-30T20:46:31.204+0000] {processor.py:183} INFO - Processing /home/azureuser/.pyenv/versions/3.11.9/envs/airflow-venv/lib/python3.11/site-packages/airflow/example_dags/example_time_delta_sensor_async.py took 0.075 seconds
[2025-07-30T20:47:18.929+0000] {processor.py:161} INFO - Started process (PID=1441) to work on /home/azureuser/.pyenv/versions/3.11.9/envs/airflow-venv/lib/python3.11/site-packages/airflow/example_dags/example_time_delta_sensor_async.py
[2025-07-30T20:47:18.930+0000] {processor.py:830} INFO - Processing file /home/azureuser/.pyenv/versions/3.11.9/envs/airflow-venv/lib/python3.11/site-packages/airflow/example_dags/example_time_delta_sensor_async.py for tasks to queue
[2025-07-30T20:47:18.931+0000] {logging_mixin.py:188} INFO - [2025-07-30T20:47:18.931+0000] {dagbag.py:538} INFO - Filling up the DagBag from /home/azureuser/.pyenv/versions/3.11.9/envs/airflow-venv/lib/python3.11/site-packages/airflow/example_dags/example_time_delta_sensor_async.py
[2025-07-30T20:47:18.937+0000] {processor.py:840} INFO - DAG(s) 'example_time_delta_sensor_async' retrieved from /home/azureuser/.pyenv/versions/3.11.9/envs/airflow-venv/lib/python3.11/site-packages/airflow/example_dags/example_time_delta_sensor_async.py
[2025-07-30T20:47:18.956+0000] {logging_mixin.py:188} INFO - [2025-07-30T20:47:18.956+0000] {dag.py:3036} INFO - Sync 1 DAGs
[2025-07-30T20:47:18.969+0000] {logging_mixin.py:188} INFO - [2025-07-30T20:47:18.969+0000] {dag.py:3823} INFO - Setting next_dagrun for example_time_delta_sensor_async to None, run_after=None
[2025-07-30T20:47:18.995+0000] {processor.py:183} INFO - Processing /home/azureuser/.pyenv/versions/3.11.9/envs/airflow-venv/lib/python3.11/site-packages/airflow/example_dags/example_time_delta_sensor_async.py took 0.070 seconds
[2025-07-30T21:03:29.484+0000] {processor.py:161} INFO - Started process (PID=1656) to work on /home/azureuser/.pyenv/versions/3.11.9/envs/airflow-venv/lib/python3.11/site-packages/airflow/example_dags/example_time_delta_sensor_async.py
[2025-07-30T21:03:29.485+0000] {processor.py:830} INFO - Processing file /home/azureuser/.pyenv/versions/3.11.9/envs/airflow-venv/lib/python3.11/site-packages/airflow/example_dags/example_time_delta_sensor_async.py for tasks to queue
[2025-07-30T21:03:29.486+0000] {logging_mixin.py:188} INFO - [2025-07-30T21:03:29.486+0000] {dagbag.py:538} INFO - Filling up the DagBag from /home/azureuser/.pyenv/versions/3.11.9/envs/airflow-venv/lib/python3.11/site-packages/airflow/example_dags/example_time_delta_sensor_async.py
[2025-07-30T21:03:29.492+0000] {processor.py:840} INFO - DAG(s) 'example_time_delta_sensor_async' retrieved from /home/azureuser/.pyenv/versions/3.11.9/envs/airflow-venv/lib/python3.11/site-packages/airflow/example_dags/example_time_delta_sensor_async.py
[2025-07-30T21:03:29.511+0000] {logging_mixin.py:188} INFO - [2025-07-30T21:03:29.511+0000] {dag.py:3036} INFO - Sync 1 DAGs
[2025-07-30T21:03:29.523+0000] {logging_mixin.py:188} INFO - [2025-07-30T21:03:29.523+0000] {dag.py:3823} INFO - Setting next_dagrun for example_time_delta_sensor_async to None, run_after=None
[2025-07-30T21:03:29.552+0000] {processor.py:183} INFO - Processing /home/azureuser/.pyenv/versions/3.11.9/envs/airflow-venv/lib/python3.11/site-packages/airflow/example_dags/example_time_delta_sensor_async.py took 0.072 seconds
[2025-07-30T21:04:24.654+0000] {processor.py:161} INFO - Started process (PID=1711) to work on /home/azureuser/.pyenv/versions/3.11.9/envs/airflow-venv/lib/python3.11/site-packages/airflow/example_dags/example_time_delta_sensor_async.py
[2025-07-30T21:04:24.656+0000] {processor.py:830} INFO - Processing file /home/azureuser/.pyenv/versions/3.11.9/envs/airflow-venv/lib/python3.11/site-packages/airflow/example_dags/example_time_delta_sensor_async.py for tasks to queue
[2025-07-30T21:04:24.657+0000] {logging_mixin.py:188} INFO - [2025-07-30T21:04:24.657+0000] {dagbag.py:538} INFO - Filling up the DagBag from /home/azureuser/.pyenv/versions/3.11.9/envs/airflow-venv/lib/python3.11/site-packages/airflow/example_dags/example_time_delta_sensor_async.py
[2025-07-30T21:04:24.664+0000] {processor.py:840} INFO - DAG(s) 'example_time_delta_sensor_async' retrieved from /home/azureuser/.pyenv/versions/3.11.9/envs/airflow-venv/lib/python3.11/site-packages/airflow/example_dags/example_time_delta_sensor_async.py
[2025-07-30T21:04:24.682+0000] {logging_mixin.py:188} INFO - [2025-07-30T21:04:24.682+0000] {dag.py:3036} INFO - Sync 1 DAGs
[2025-07-30T21:04:24.829+0000] {logging_mixin.py:188} INFO - [2025-07-30T21:04:24.829+0000] {dag.py:3823} INFO - Setting next_dagrun for example_time_delta_sensor_async to None, run_after=None
[2025-07-30T21:04:24.868+0000] {processor.py:183} INFO - Processing /home/azureuser/.pyenv/versions/3.11.9/envs/airflow-venv/lib/python3.11/site-packages/airflow/example_dags/example_time_delta_sensor_async.py took 0.217 seconds
[2025-07-30T21:05:13.923+0000] {processor.py:161} INFO - Started process (PID=1760) to work on /home/azureuser/.pyenv/versions/3.11.9/envs/airflow-venv/lib/python3.11/site-packages/airflow/example_dags/example_time_delta_sensor_async.py
[2025-07-30T21:05:13.924+0000] {processor.py:830} INFO - Processing file /home/azureuser/.pyenv/versions/3.11.9/envs/airflow-venv/lib/python3.11/site-packages/airflow/example_dags/example_time_delta_sensor_async.py for tasks to queue
[2025-07-30T21:05:13.925+0000] {logging_mixin.py:188} INFO - [2025-07-30T21:05:13.925+0000] {dagbag.py:538} INFO - Filling up the DagBag from /home/azureuser/.pyenv/versions/3.11.9/envs/airflow-venv/lib/python3.11/site-packages/airflow/example_dags/example_time_delta_sensor_async.py
[2025-07-30T21:05:13.932+0000] {processor.py:840} INFO - DAG(s) 'example_time_delta_sensor_async' retrieved from /home/azureuser/.pyenv/versions/3.11.9/envs/airflow-venv/lib/python3.11/site-packages/airflow/example_dags/example_time_delta_sensor_async.py
[2025-07-30T21:05:13.952+0000] {logging_mixin.py:188} INFO - [2025-07-30T21:05:13.952+0000] {dag.py:3036} INFO - Sync 1 DAGs
[2025-07-30T21:05:13.965+0000] {logging_mixin.py:188} INFO - [2025-07-30T21:05:13.965+0000] {dag.py:3823} INFO - Setting next_dagrun for example_time_delta_sensor_async to None, run_after=None
[2025-07-30T21:05:13.995+0000] {processor.py:183} INFO - Processing /home/azureuser/.pyenv/versions/3.11.9/envs/airflow-venv/lib/python3.11/site-packages/airflow/example_dags/example_time_delta_sensor_async.py took 0.076 seconds
[2025-07-30T21:05:50.691+0000] {processor.py:161} INFO - Started process (PID=1797) to work on /home/azureuser/.pyenv/versions/3.11.9/envs/airflow-venv/lib/python3.11/site-packages/airflow/example_dags/example_time_delta_sensor_async.py
[2025-07-30T21:05:50.692+0000] {processor.py:830} INFO - Processing file /home/azureuser/.pyenv/versions/3.11.9/envs/airflow-venv/lib/python3.11/site-packages/airflow/example_dags/example_time_delta_sensor_async.py for tasks to queue
[2025-07-30T21:05:50.693+0000] {logging_mixin.py:188} INFO - [2025-07-30T21:05:50.693+0000] {dagbag.py:538} INFO - Filling up the DagBag from /home/azureuser/.pyenv/versions/3.11.9/envs/airflow-venv/lib/python3.11/site-packages/airflow/example_dags/example_time_delta_sensor_async.py
[2025-07-30T21:05:50.699+0000] {processor.py:840} INFO - DAG(s) 'example_time_delta_sensor_async' retrieved from /home/azureuser/.pyenv/versions/3.11.9/envs/airflow-venv/lib/python3.11/site-packages/airflow/example_dags/example_time_delta_sensor_async.py
[2025-07-30T21:05:50.719+0000] {logging_mixin.py:188} INFO - [2025-07-30T21:05:50.719+0000] {dag.py:3036} INFO - Sync 1 DAGs
[2025-07-30T21:05:50.733+0000] {logging_mixin.py:188} INFO - [2025-07-30T21:05:50.732+0000] {dag.py:3823} INFO - Setting next_dagrun for example_time_delta_sensor_async to None, run_after=None
[2025-07-30T21:05:50.760+0000] {processor.py:183} INFO - Processing /home/azureuser/.pyenv/versions/3.11.9/envs/airflow-venv/lib/python3.11/site-packages/airflow/example_dags/example_time_delta_sensor_async.py took 0.073 seconds
[2025-07-30T21:06:28.900+0000] {processor.py:161} INFO - Started process (PID=1836) to work on /home/azureuser/.pyenv/versions/3.11.9/envs/airflow-venv/lib/python3.11/site-packages/airflow/example_dags/example_time_delta_sensor_async.py
[2025-07-30T21:06:28.902+0000] {processor.py:830} INFO - Processing file /home/azureuser/.pyenv/versions/3.11.9/envs/airflow-venv/lib/python3.11/site-packages/airflow/example_dags/example_time_delta_sensor_async.py for tasks to queue
[2025-07-30T21:06:28.903+0000] {logging_mixin.py:188} INFO - [2025-07-30T21:06:28.902+0000] {dagbag.py:538} INFO - Filling up the DagBag from /home/azureuser/.pyenv/versions/3.11.9/envs/airflow-venv/lib/python3.11/site-packages/airflow/example_dags/example_time_delta_sensor_async.py
[2025-07-30T21:06:28.909+0000] {processor.py:840} INFO - DAG(s) 'example_time_delta_sensor_async' retrieved from /home/azureuser/.pyenv/versions/3.11.9/envs/airflow-venv/lib/python3.11/site-packages/airflow/example_dags/example_time_delta_sensor_async.py
[2025-07-30T21:06:28.929+0000] {logging_mixin.py:188} INFO - [2025-07-30T21:06:28.929+0000] {dag.py:3036} INFO - Sync 1 DAGs
[2025-07-30T21:06:28.942+0000] {logging_mixin.py:188} INFO - [2025-07-30T21:06:28.942+0000] {dag.py:3823} INFO - Setting next_dagrun for example_time_delta_sensor_async to None, run_after=None
[2025-07-30T21:06:28.974+0000] {processor.py:183} INFO - Processing /home/azureuser/.pyenv/versions/3.11.9/envs/airflow-venv/lib/python3.11/site-packages/airflow/example_dags/example_time_delta_sensor_async.py took 0.078 seconds
[2025-07-30T21:07:06.102+0000] {processor.py:161} INFO - Started process (PID=1876) to work on /home/azureuser/.pyenv/versions/3.11.9/envs/airflow-venv/lib/python3.11/site-packages/airflow/example_dags/example_time_delta_sensor_async.py
[2025-07-30T21:07:06.104+0000] {processor.py:830} INFO - Processing file /home/azureuser/.pyenv/versions/3.11.9/envs/airflow-venv/lib/python3.11/site-packages/airflow/example_dags/example_time_delta_sensor_async.py for tasks to queue
[2025-07-30T21:07:06.105+0000] {logging_mixin.py:188} INFO - [2025-07-30T21:07:06.104+0000] {dagbag.py:538} INFO - Filling up the DagBag from /home/azureuser/.pyenv/versions/3.11.9/envs/airflow-venv/lib/python3.11/site-packages/airflow/example_dags/example_time_delta_sensor_async.py
[2025-07-30T21:07:06.111+0000] {processor.py:840} INFO - DAG(s) 'example_time_delta_sensor_async' retrieved from /home/azureuser/.pyenv/versions/3.11.9/envs/airflow-venv/lib/python3.11/site-packages/airflow/example_dags/example_time_delta_sensor_async.py
[2025-07-30T21:07:06.132+0000] {logging_mixin.py:188} INFO - [2025-07-30T21:07:06.132+0000] {dag.py:3036} INFO - Sync 1 DAGs
[2025-07-30T21:07:06.149+0000] {logging_mixin.py:188} INFO - [2025-07-30T21:07:06.148+0000] {dag.py:3823} INFO - Setting next_dagrun for example_time_delta_sensor_async to None, run_after=None
[2025-07-30T21:07:06.182+0000] {processor.py:183} INFO - Processing /home/azureuser/.pyenv/versions/3.11.9/envs/airflow-venv/lib/python3.11/site-packages/airflow/example_dags/example_time_delta_sensor_async.py took 0.084 seconds
