[2025-07-30T00:21:40.923+0000] {processor.py:161} INFO - Started process (PID=34267) to work on /home/azureuser/.pyenv/versions/3.11.9/envs/airflow-venv/lib/python3.11/site-packages/airflow/example_dags/example_branch_day_of_week_operator.py
[2025-07-30T00:21:40.924+0000] {processor.py:830} INFO - Processing file /home/azureuser/.pyenv/versions/3.11.9/envs/airflow-venv/lib/python3.11/site-packages/airflow/example_dags/example_branch_day_of_week_operator.py for tasks to queue
[2025-07-30T00:21:40.926+0000] {logging_mixin.py:188} INFO - [2025-07-30T00:21:40.925+0000] {dagbag.py:538} INFO - Filling up the DagBag from /home/azureuser/.pyenv/versions/3.11.9/envs/airflow-venv/lib/python3.11/site-packages/airflow/example_dags/example_branch_day_of_week_operator.py
[2025-07-30T00:21:40.937+0000] {processor.py:840} INFO - DAG(s) 'example_weekday_branch_operator' retrieved from /home/azureuser/.pyenv/versions/3.11.9/envs/airflow-venv/lib/python3.11/site-packages/airflow/example_dags/example_branch_day_of_week_operator.py
[2025-07-30T00:21:41.104+0000] {logging_mixin.py:188} INFO - [2025-07-30T00:21:41.103+0000] {override.py:1769} INFO - Created Permission View: can delete on DAG:example_weekday_branch_operator
[2025-07-30T00:21:41.131+0000] {logging_mixin.py:188} INFO - [2025-07-30T00:21:41.130+0000] {override.py:1769} INFO - Created Permission View: can read on DAG:example_weekday_branch_operator
[2025-07-30T00:21:41.155+0000] {logging_mixin.py:188} INFO - [2025-07-30T00:21:41.155+0000] {override.py:1769} INFO - Created Permission View: can edit on DAG:example_weekday_branch_operator
[2025-07-30T00:21:41.156+0000] {logging_mixin.py:188} INFO - [2025-07-30T00:21:41.156+0000] {dag.py:3036} INFO - Sync 1 DAGs
[2025-07-30T00:21:41.168+0000] {logging_mixin.py:188} INFO - [2025-07-30T00:21:41.167+0000] {dag.py:3058} INFO - Creating ORM DAG for example_weekday_branch_operator
[2025-07-30T00:21:41.180+0000] {logging_mixin.py:188} INFO - [2025-07-30T00:21:41.179+0000] {dag.py:3823} INFO - Setting next_dagrun for example_weekday_branch_operator to 2025-07-29 00:00:00+00:00, run_after=2025-07-30 00:00:00+00:00
[2025-07-30T00:21:41.225+0000] {processor.py:183} INFO - Processing /home/azureuser/.pyenv/versions/3.11.9/envs/airflow-venv/lib/python3.11/site-packages/airflow/example_dags/example_branch_day_of_week_operator.py took 0.306 seconds
[2025-07-30T00:22:49.787+0000] {processor.py:161} INFO - Started process (PID=34369) to work on /home/azureuser/.pyenv/versions/3.11.9/envs/airflow-venv/lib/python3.11/site-packages/airflow/example_dags/example_branch_day_of_week_operator.py
[2025-07-30T00:22:49.788+0000] {processor.py:830} INFO - Processing file /home/azureuser/.pyenv/versions/3.11.9/envs/airflow-venv/lib/python3.11/site-packages/airflow/example_dags/example_branch_day_of_week_operator.py for tasks to queue
[2025-07-30T00:22:49.789+0000] {logging_mixin.py:188} INFO - [2025-07-30T00:22:49.789+0000] {dagbag.py:538} INFO - Filling up the DagBag from /home/azureuser/.pyenv/versions/3.11.9/envs/airflow-venv/lib/python3.11/site-packages/airflow/example_dags/example_branch_day_of_week_operator.py
[2025-07-30T00:22:49.800+0000] {processor.py:840} INFO - DAG(s) 'example_weekday_branch_operator' retrieved from /home/azureuser/.pyenv/versions/3.11.9/envs/airflow-venv/lib/python3.11/site-packages/airflow/example_dags/example_branch_day_of_week_operator.py
[2025-07-30T00:22:49.822+0000] {logging_mixin.py:188} INFO - [2025-07-30T00:22:49.821+0000] {dag.py:3036} INFO - Sync 1 DAGs
[2025-07-30T00:22:49.846+0000] {logging_mixin.py:188} INFO - [2025-07-30T00:22:49.846+0000] {dag.py:3823} INFO - Setting next_dagrun for example_weekday_branch_operator to 2025-07-29 00:00:00+00:00, run_after=2025-07-30 00:00:00+00:00
[2025-07-30T00:22:49.889+0000] {processor.py:183} INFO - Processing /home/azureuser/.pyenv/versions/3.11.9/envs/airflow-venv/lib/python3.11/site-packages/airflow/example_dags/example_branch_day_of_week_operator.py took 0.106 seconds
[2025-07-30T00:23:49.944+0000] {processor.py:161} INFO - Started process (PID=34459) to work on /home/azureuser/.pyenv/versions/3.11.9/envs/airflow-venv/lib/python3.11/site-packages/airflow/example_dags/example_branch_day_of_week_operator.py
[2025-07-30T00:23:49.946+0000] {processor.py:830} INFO - Processing file /home/azureuser/.pyenv/versions/3.11.9/envs/airflow-venv/lib/python3.11/site-packages/airflow/example_dags/example_branch_day_of_week_operator.py for tasks to queue
[2025-07-30T00:23:49.947+0000] {logging_mixin.py:188} INFO - [2025-07-30T00:23:49.946+0000] {dagbag.py:538} INFO - Filling up the DagBag from /home/azureuser/.pyenv/versions/3.11.9/envs/airflow-venv/lib/python3.11/site-packages/airflow/example_dags/example_branch_day_of_week_operator.py
[2025-07-30T00:23:49.957+0000] {processor.py:840} INFO - DAG(s) 'example_weekday_branch_operator' retrieved from /home/azureuser/.pyenv/versions/3.11.9/envs/airflow-venv/lib/python3.11/site-packages/airflow/example_dags/example_branch_day_of_week_operator.py
[2025-07-30T00:23:49.978+0000] {logging_mixin.py:188} INFO - [2025-07-30T00:23:49.978+0000] {dag.py:3036} INFO - Sync 1 DAGs
[2025-07-30T00:23:50.003+0000] {logging_mixin.py:188} INFO - [2025-07-30T00:23:50.003+0000] {dag.py:3823} INFO - Setting next_dagrun for example_weekday_branch_operator to 2025-07-29 00:00:00+00:00, run_after=2025-07-30 00:00:00+00:00
[2025-07-30T00:23:50.049+0000] {processor.py:183} INFO - Processing /home/azureuser/.pyenv/versions/3.11.9/envs/airflow-venv/lib/python3.11/site-packages/airflow/example_dags/example_branch_day_of_week_operator.py took 0.109 seconds
[2025-07-30T00:25:04.403+0000] {processor.py:161} INFO - Started process (PID=34567) to work on /home/azureuser/.pyenv/versions/3.11.9/envs/airflow-venv/lib/python3.11/site-packages/airflow/example_dags/example_branch_day_of_week_operator.py
[2025-07-30T00:25:04.404+0000] {processor.py:830} INFO - Processing file /home/azureuser/.pyenv/versions/3.11.9/envs/airflow-venv/lib/python3.11/site-packages/airflow/example_dags/example_branch_day_of_week_operator.py for tasks to queue
[2025-07-30T00:25:04.405+0000] {logging_mixin.py:188} INFO - [2025-07-30T00:25:04.405+0000] {dagbag.py:538} INFO - Filling up the DagBag from /home/azureuser/.pyenv/versions/3.11.9/envs/airflow-venv/lib/python3.11/site-packages/airflow/example_dags/example_branch_day_of_week_operator.py
[2025-07-30T00:25:04.416+0000] {processor.py:840} INFO - DAG(s) 'example_weekday_branch_operator' retrieved from /home/azureuser/.pyenv/versions/3.11.9/envs/airflow-venv/lib/python3.11/site-packages/airflow/example_dags/example_branch_day_of_week_operator.py
[2025-07-30T00:25:04.438+0000] {logging_mixin.py:188} INFO - [2025-07-30T00:25:04.438+0000] {dag.py:3036} INFO - Sync 1 DAGs
[2025-07-30T00:25:04.463+0000] {logging_mixin.py:188} INFO - [2025-07-30T00:25:04.463+0000] {dag.py:3823} INFO - Setting next_dagrun for example_weekday_branch_operator to 2025-07-29 00:00:00+00:00, run_after=2025-07-30 00:00:00+00:00
[2025-07-30T00:25:04.502+0000] {processor.py:183} INFO - Processing /home/azureuser/.pyenv/versions/3.11.9/envs/airflow-venv/lib/python3.11/site-packages/airflow/example_dags/example_branch_day_of_week_operator.py took 0.104 seconds
[2025-07-30T00:26:04.608+0000] {processor.py:161} INFO - Started process (PID=34657) to work on /home/azureuser/.pyenv/versions/3.11.9/envs/airflow-venv/lib/python3.11/site-packages/airflow/example_dags/example_branch_day_of_week_operator.py
[2025-07-30T00:26:04.609+0000] {processor.py:830} INFO - Processing file /home/azureuser/.pyenv/versions/3.11.9/envs/airflow-venv/lib/python3.11/site-packages/airflow/example_dags/example_branch_day_of_week_operator.py for tasks to queue
[2025-07-30T00:26:04.610+0000] {logging_mixin.py:188} INFO - [2025-07-30T00:26:04.610+0000] {dagbag.py:538} INFO - Filling up the DagBag from /home/azureuser/.pyenv/versions/3.11.9/envs/airflow-venv/lib/python3.11/site-packages/airflow/example_dags/example_branch_day_of_week_operator.py
[2025-07-30T00:26:04.629+0000] {processor.py:840} INFO - DAG(s) 'example_weekday_branch_operator' retrieved from /home/azureuser/.pyenv/versions/3.11.9/envs/airflow-venv/lib/python3.11/site-packages/airflow/example_dags/example_branch_day_of_week_operator.py
[2025-07-30T00:26:04.652+0000] {logging_mixin.py:188} INFO - [2025-07-30T00:26:04.651+0000] {dag.py:3036} INFO - Sync 1 DAGs
[2025-07-30T00:26:04.735+0000] {logging_mixin.py:188} INFO - [2025-07-30T00:26:04.735+0000] {dag.py:3823} INFO - Setting next_dagrun for example_weekday_branch_operator to 2025-07-29 00:00:00+00:00, run_after=2025-07-30 00:00:00+00:00
[2025-07-30T00:26:05.184+0000] {processor.py:183} INFO - Processing /home/azureuser/.pyenv/versions/3.11.9/envs/airflow-venv/lib/python3.11/site-packages/airflow/example_dags/example_branch_day_of_week_operator.py took 0.583 seconds
[2025-07-30T20:46:15.481+0000] {processor.py:161} INFO - Started process (PID=1377) to work on /home/azureuser/.pyenv/versions/3.11.9/envs/airflow-venv/lib/python3.11/site-packages/airflow/example_dags/example_branch_day_of_week_operator.py
[2025-07-30T20:46:15.483+0000] {processor.py:830} INFO - Processing file /home/azureuser/.pyenv/versions/3.11.9/envs/airflow-venv/lib/python3.11/site-packages/airflow/example_dags/example_branch_day_of_week_operator.py for tasks to queue
[2025-07-30T20:46:15.486+0000] {logging_mixin.py:188} INFO - [2025-07-30T20:46:15.484+0000] {dagbag.py:538} INFO - Filling up the DagBag from /home/azureuser/.pyenv/versions/3.11.9/envs/airflow-venv/lib/python3.11/site-packages/airflow/example_dags/example_branch_day_of_week_operator.py
[2025-07-30T20:46:15.496+0000] {processor.py:840} INFO - DAG(s) 'example_weekday_branch_operator' retrieved from /home/azureuser/.pyenv/versions/3.11.9/envs/airflow-venv/lib/python3.11/site-packages/airflow/example_dags/example_branch_day_of_week_operator.py
[2025-07-30T20:46:15.636+0000] {logging_mixin.py:188} INFO - [2025-07-30T20:46:15.636+0000] {dag.py:3036} INFO - Sync 1 DAGs
[2025-07-30T20:46:15.657+0000] {logging_mixin.py:188} INFO - [2025-07-30T20:46:15.656+0000] {dag.py:3823} INFO - Setting next_dagrun for example_weekday_branch_operator to 2025-07-29 00:00:00+00:00, run_after=2025-07-30 00:00:00+00:00
[2025-07-30T20:46:15.686+0000] {processor.py:183} INFO - Processing /home/azureuser/.pyenv/versions/3.11.9/envs/airflow-venv/lib/python3.11/site-packages/airflow/example_dags/example_branch_day_of_week_operator.py took 0.211 seconds
[2025-07-30T20:47:12.631+0000] {processor.py:161} INFO - Started process (PID=1435) to work on /home/azureuser/.pyenv/versions/3.11.9/envs/airflow-venv/lib/python3.11/site-packages/airflow/example_dags/example_branch_day_of_week_operator.py
[2025-07-30T20:47:12.633+0000] {processor.py:830} INFO - Processing file /home/azureuser/.pyenv/versions/3.11.9/envs/airflow-venv/lib/python3.11/site-packages/airflow/example_dags/example_branch_day_of_week_operator.py for tasks to queue
[2025-07-30T20:47:12.633+0000] {logging_mixin.py:188} INFO - [2025-07-30T20:47:12.633+0000] {dagbag.py:538} INFO - Filling up the DagBag from /home/azureuser/.pyenv/versions/3.11.9/envs/airflow-venv/lib/python3.11/site-packages/airflow/example_dags/example_branch_day_of_week_operator.py
[2025-07-30T20:47:12.643+0000] {processor.py:840} INFO - DAG(s) 'example_weekday_branch_operator' retrieved from /home/azureuser/.pyenv/versions/3.11.9/envs/airflow-venv/lib/python3.11/site-packages/airflow/example_dags/example_branch_day_of_week_operator.py
[2025-07-30T20:47:12.661+0000] {logging_mixin.py:188} INFO - [2025-07-30T20:47:12.661+0000] {dag.py:3036} INFO - Sync 1 DAGs
[2025-07-30T20:47:12.683+0000] {logging_mixin.py:188} INFO - [2025-07-30T20:47:12.683+0000] {dag.py:3823} INFO - Setting next_dagrun for example_weekday_branch_operator to 2025-07-29 00:00:00+00:00, run_after=2025-07-30 00:00:00+00:00
[2025-07-30T20:47:12.708+0000] {processor.py:183} INFO - Processing /home/azureuser/.pyenv/versions/3.11.9/envs/airflow-venv/lib/python3.11/site-packages/airflow/example_dags/example_branch_day_of_week_operator.py took 0.081 seconds
[2025-07-30T21:03:50.538+0000] {processor.py:161} INFO - Started process (PID=1680) to work on /home/azureuser/.pyenv/versions/3.11.9/envs/airflow-venv/lib/python3.11/site-packages/airflow/example_dags/example_branch_day_of_week_operator.py
[2025-07-30T21:03:50.540+0000] {processor.py:830} INFO - Processing file /home/azureuser/.pyenv/versions/3.11.9/envs/airflow-venv/lib/python3.11/site-packages/airflow/example_dags/example_branch_day_of_week_operator.py for tasks to queue
[2025-07-30T21:03:50.541+0000] {logging_mixin.py:188} INFO - [2025-07-30T21:03:50.540+0000] {dagbag.py:538} INFO - Filling up the DagBag from /home/azureuser/.pyenv/versions/3.11.9/envs/airflow-venv/lib/python3.11/site-packages/airflow/example_dags/example_branch_day_of_week_operator.py
[2025-07-30T21:03:50.550+0000] {processor.py:840} INFO - DAG(s) 'example_weekday_branch_operator' retrieved from /home/azureuser/.pyenv/versions/3.11.9/envs/airflow-venv/lib/python3.11/site-packages/airflow/example_dags/example_branch_day_of_week_operator.py
[2025-07-30T21:03:50.570+0000] {logging_mixin.py:188} INFO - [2025-07-30T21:03:50.570+0000] {dag.py:3036} INFO - Sync 1 DAGs
[2025-07-30T21:03:50.592+0000] {logging_mixin.py:188} INFO - [2025-07-30T21:03:50.592+0000] {dag.py:3823} INFO - Setting next_dagrun for example_weekday_branch_operator to 2025-07-29 00:00:00+00:00, run_after=2025-07-30 00:00:00+00:00
[2025-07-30T21:03:50.769+0000] {processor.py:183} INFO - Processing /home/azureuser/.pyenv/versions/3.11.9/envs/airflow-venv/lib/python3.11/site-packages/airflow/example_dags/example_branch_day_of_week_operator.py took 0.235 seconds
[2025-07-30T21:04:47.621+0000] {processor.py:161} INFO - Started process (PID=1731) to work on /home/azureuser/.pyenv/versions/3.11.9/envs/airflow-venv/lib/python3.11/site-packages/airflow/example_dags/example_branch_day_of_week_operator.py
[2025-07-30T21:04:47.622+0000] {processor.py:830} INFO - Processing file /home/azureuser/.pyenv/versions/3.11.9/envs/airflow-venv/lib/python3.11/site-packages/airflow/example_dags/example_branch_day_of_week_operator.py for tasks to queue
[2025-07-30T21:04:47.623+0000] {logging_mixin.py:188} INFO - [2025-07-30T21:04:47.623+0000] {dagbag.py:538} INFO - Filling up the DagBag from /home/azureuser/.pyenv/versions/3.11.9/envs/airflow-venv/lib/python3.11/site-packages/airflow/example_dags/example_branch_day_of_week_operator.py
[2025-07-30T21:04:47.633+0000] {processor.py:840} INFO - DAG(s) 'example_weekday_branch_operator' retrieved from /home/azureuser/.pyenv/versions/3.11.9/envs/airflow-venv/lib/python3.11/site-packages/airflow/example_dags/example_branch_day_of_week_operator.py
[2025-07-30T21:04:47.794+0000] {logging_mixin.py:188} INFO - [2025-07-30T21:04:47.788+0000] {dag.py:3036} INFO - Sync 1 DAGs
[2025-07-30T21:04:47.820+0000] {logging_mixin.py:188} INFO - [2025-07-30T21:04:47.819+0000] {dag.py:3823} INFO - Setting next_dagrun for example_weekday_branch_operator to 2025-07-29 00:00:00+00:00, run_after=2025-07-30 00:00:00+00:00
[2025-07-30T21:04:47.852+0000] {processor.py:183} INFO - Processing /home/azureuser/.pyenv/versions/3.11.9/envs/airflow-venv/lib/python3.11/site-packages/airflow/example_dags/example_branch_day_of_week_operator.py took 0.235 seconds
[2025-07-30T21:05:47.130+0000] {processor.py:161} INFO - Started process (PID=1793) to work on /home/azureuser/.pyenv/versions/3.11.9/envs/airflow-venv/lib/python3.11/site-packages/airflow/example_dags/example_branch_day_of_week_operator.py
[2025-07-30T21:05:47.132+0000] {processor.py:830} INFO - Processing file /home/azureuser/.pyenv/versions/3.11.9/envs/airflow-venv/lib/python3.11/site-packages/airflow/example_dags/example_branch_day_of_week_operator.py for tasks to queue
[2025-07-30T21:05:47.133+0000] {logging_mixin.py:188} INFO - [2025-07-30T21:05:47.133+0000] {dagbag.py:538} INFO - Filling up the DagBag from /home/azureuser/.pyenv/versions/3.11.9/envs/airflow-venv/lib/python3.11/site-packages/airflow/example_dags/example_branch_day_of_week_operator.py
[2025-07-30T21:05:47.143+0000] {processor.py:840} INFO - DAG(s) 'example_weekday_branch_operator' retrieved from /home/azureuser/.pyenv/versions/3.11.9/envs/airflow-venv/lib/python3.11/site-packages/airflow/example_dags/example_branch_day_of_week_operator.py
[2025-07-30T21:05:47.163+0000] {logging_mixin.py:188} INFO - [2025-07-30T21:05:47.163+0000] {dag.py:3036} INFO - Sync 1 DAGs
[2025-07-30T21:05:47.186+0000] {logging_mixin.py:188} INFO - [2025-07-30T21:05:47.185+0000] {dag.py:3823} INFO - Setting next_dagrun for example_weekday_branch_operator to 2025-07-29 00:00:00+00:00, run_after=2025-07-30 00:00:00+00:00
[2025-07-30T21:05:47.214+0000] {processor.py:183} INFO - Processing /home/azureuser/.pyenv/versions/3.11.9/envs/airflow-venv/lib/python3.11/site-packages/airflow/example_dags/example_branch_day_of_week_operator.py took 0.087 seconds
[2025-07-30T21:06:41.314+0000] {processor.py:161} INFO - Started process (PID=1848) to work on /home/azureuser/.pyenv/versions/3.11.9/envs/airflow-venv/lib/python3.11/site-packages/airflow/example_dags/example_branch_day_of_week_operator.py
[2025-07-30T21:06:41.315+0000] {processor.py:830} INFO - Processing file /home/azureuser/.pyenv/versions/3.11.9/envs/airflow-venv/lib/python3.11/site-packages/airflow/example_dags/example_branch_day_of_week_operator.py for tasks to queue
[2025-07-30T21:06:41.316+0000] {logging_mixin.py:188} INFO - [2025-07-30T21:06:41.315+0000] {dagbag.py:538} INFO - Filling up the DagBag from /home/azureuser/.pyenv/versions/3.11.9/envs/airflow-venv/lib/python3.11/site-packages/airflow/example_dags/example_branch_day_of_week_operator.py
[2025-07-30T21:06:41.326+0000] {processor.py:840} INFO - DAG(s) 'example_weekday_branch_operator' retrieved from /home/azureuser/.pyenv/versions/3.11.9/envs/airflow-venv/lib/python3.11/site-packages/airflow/example_dags/example_branch_day_of_week_operator.py
[2025-07-30T21:06:41.346+0000] {logging_mixin.py:188} INFO - [2025-07-30T21:06:41.346+0000] {dag.py:3036} INFO - Sync 1 DAGs
[2025-07-30T21:06:41.368+0000] {logging_mixin.py:188} INFO - [2025-07-30T21:06:41.368+0000] {dag.py:3823} INFO - Setting next_dagrun for example_weekday_branch_operator to 2025-07-29 00:00:00+00:00, run_after=2025-07-30 00:00:00+00:00
[2025-07-30T21:06:41.398+0000] {processor.py:183} INFO - Processing /home/azureuser/.pyenv/versions/3.11.9/envs/airflow-venv/lib/python3.11/site-packages/airflow/example_dags/example_branch_day_of_week_operator.py took 0.088 seconds
