[2025-07-30T00:21:34.359+0000] {processor.py:161} INFO - Started process (PID=34256) to work on /home/azureuser/.pyenv/versions/3.11.9/envs/airflow-venv/lib/python3.11/site-packages/airflow/example_dags/example_dynamic_task_mapping.py
[2025-07-30T00:21:34.360+0000] {processor.py:830} INFO - Processing file /home/azureuser/.pyenv/versions/3.11.9/envs/airflow-venv/lib/python3.11/site-packages/airflow/example_dags/example_dynamic_task_mapping.py for tasks to queue
[2025-07-30T00:21:34.362+0000] {logging_mixin.py:188} INFO - [2025-07-30T00:21:34.361+0000] {dagbag.py:538} INFO - Filling up the DagBag from /home/azureuser/.pyenv/versions/3.11.9/envs/airflow-venv/lib/python3.11/site-packages/airflow/example_dags/example_dynamic_task_mapping.py
[2025-07-30T00:21:34.375+0000] {processor.py:840} INFO - DAG(s) 'example_dynamic_task_mapping' retrieved from /home/azureuser/.pyenv/versions/3.11.9/envs/airflow-venv/lib/python3.11/site-packages/airflow/example_dags/example_dynamic_task_mapping.py
[2025-07-30T00:21:34.535+0000] {logging_mixin.py:188} INFO - [2025-07-30T00:21:34.534+0000] {override.py:1769} INFO - Created Permission View: can delete on DAG:example_dynamic_task_mapping
[2025-07-30T00:21:34.569+0000] {logging_mixin.py:188} INFO - [2025-07-30T00:21:34.569+0000] {override.py:1769} INFO - Created Permission View: can read on DAG:example_dynamic_task_mapping
[2025-07-30T00:21:34.604+0000] {logging_mixin.py:188} INFO - [2025-07-30T00:21:34.603+0000] {override.py:1769} INFO - Created Permission View: can edit on DAG:example_dynamic_task_mapping
[2025-07-30T00:21:34.604+0000] {logging_mixin.py:188} INFO - [2025-07-30T00:21:34.604+0000] {dag.py:3036} INFO - Sync 1 DAGs
[2025-07-30T00:21:34.616+0000] {logging_mixin.py:188} INFO - [2025-07-30T00:21:34.616+0000] {dag.py:3058} INFO - Creating ORM DAG for example_dynamic_task_mapping
[2025-07-30T00:21:34.626+0000] {logging_mixin.py:188} INFO - [2025-07-30T00:21:34.626+0000] {dag.py:3823} INFO - Setting next_dagrun for example_dynamic_task_mapping to 2022-03-04 00:00:00+00:00, run_after=2022-03-05 00:00:00+00:00
[2025-07-30T00:21:34.660+0000] {processor.py:183} INFO - Processing /home/azureuser/.pyenv/versions/3.11.9/envs/airflow-venv/lib/python3.11/site-packages/airflow/example_dags/example_dynamic_task_mapping.py took 0.306 seconds
[2025-07-30T00:22:27.006+0000] {processor.py:161} INFO - Started process (PID=34337) to work on /home/azureuser/.pyenv/versions/3.11.9/envs/airflow-venv/lib/python3.11/site-packages/airflow/example_dags/example_dynamic_task_mapping.py
[2025-07-30T00:22:27.007+0000] {processor.py:830} INFO - Processing file /home/azureuser/.pyenv/versions/3.11.9/envs/airflow-venv/lib/python3.11/site-packages/airflow/example_dags/example_dynamic_task_mapping.py for tasks to queue
[2025-07-30T00:22:27.009+0000] {logging_mixin.py:188} INFO - [2025-07-30T00:22:27.008+0000] {dagbag.py:538} INFO - Filling up the DagBag from /home/azureuser/.pyenv/versions/3.11.9/envs/airflow-venv/lib/python3.11/site-packages/airflow/example_dags/example_dynamic_task_mapping.py
[2025-07-30T00:22:27.019+0000] {processor.py:840} INFO - DAG(s) 'example_dynamic_task_mapping' retrieved from /home/azureuser/.pyenv/versions/3.11.9/envs/airflow-venv/lib/python3.11/site-packages/airflow/example_dags/example_dynamic_task_mapping.py
[2025-07-30T00:22:27.038+0000] {logging_mixin.py:188} INFO - [2025-07-30T00:22:27.037+0000] {dag.py:3036} INFO - Sync 1 DAGs
[2025-07-30T00:22:27.061+0000] {logging_mixin.py:188} INFO - [2025-07-30T00:22:27.061+0000] {dag.py:3823} INFO - Setting next_dagrun for example_dynamic_task_mapping to 2022-03-04 00:00:00+00:00, run_after=2022-03-05 00:00:00+00:00
[2025-07-30T00:22:27.101+0000] {processor.py:183} INFO - Processing /home/azureuser/.pyenv/versions/3.11.9/envs/airflow-venv/lib/python3.11/site-packages/airflow/example_dags/example_dynamic_task_mapping.py took 0.099 seconds
[2025-07-30T00:23:29.542+0000] {processor.py:161} INFO - Started process (PID=34425) to work on /home/azureuser/.pyenv/versions/3.11.9/envs/airflow-venv/lib/python3.11/site-packages/airflow/example_dags/example_dynamic_task_mapping.py
[2025-07-30T00:23:29.544+0000] {processor.py:830} INFO - Processing file /home/azureuser/.pyenv/versions/3.11.9/envs/airflow-venv/lib/python3.11/site-packages/airflow/example_dags/example_dynamic_task_mapping.py for tasks to queue
[2025-07-30T00:23:29.545+0000] {logging_mixin.py:188} INFO - [2025-07-30T00:23:29.544+0000] {dagbag.py:538} INFO - Filling up the DagBag from /home/azureuser/.pyenv/versions/3.11.9/envs/airflow-venv/lib/python3.11/site-packages/airflow/example_dags/example_dynamic_task_mapping.py
[2025-07-30T00:23:29.555+0000] {processor.py:840} INFO - DAG(s) 'example_dynamic_task_mapping' retrieved from /home/azureuser/.pyenv/versions/3.11.9/envs/airflow-venv/lib/python3.11/site-packages/airflow/example_dags/example_dynamic_task_mapping.py
[2025-07-30T00:23:29.574+0000] {logging_mixin.py:188} INFO - [2025-07-30T00:23:29.573+0000] {dag.py:3036} INFO - Sync 1 DAGs
[2025-07-30T00:23:29.596+0000] {logging_mixin.py:188} INFO - [2025-07-30T00:23:29.596+0000] {dag.py:3823} INFO - Setting next_dagrun for example_dynamic_task_mapping to 2022-03-04 00:00:00+00:00, run_after=2022-03-05 00:00:00+00:00
[2025-07-30T00:23:29.633+0000] {processor.py:183} INFO - Processing /home/azureuser/.pyenv/versions/3.11.9/envs/airflow-venv/lib/python3.11/site-packages/airflow/example_dags/example_dynamic_task_mapping.py took 0.095 seconds
[2025-07-30T00:24:37.527+0000] {processor.py:161} INFO - Started process (PID=34519) to work on /home/azureuser/.pyenv/versions/3.11.9/envs/airflow-venv/lib/python3.11/site-packages/airflow/example_dags/example_dynamic_task_mapping.py
[2025-07-30T00:24:37.529+0000] {processor.py:830} INFO - Processing file /home/azureuser/.pyenv/versions/3.11.9/envs/airflow-venv/lib/python3.11/site-packages/airflow/example_dags/example_dynamic_task_mapping.py for tasks to queue
[2025-07-30T00:24:37.530+0000] {logging_mixin.py:188} INFO - [2025-07-30T00:24:37.529+0000] {dagbag.py:538} INFO - Filling up the DagBag from /home/azureuser/.pyenv/versions/3.11.9/envs/airflow-venv/lib/python3.11/site-packages/airflow/example_dags/example_dynamic_task_mapping.py
[2025-07-30T00:24:37.540+0000] {processor.py:840} INFO - DAG(s) 'example_dynamic_task_mapping' retrieved from /home/azureuser/.pyenv/versions/3.11.9/envs/airflow-venv/lib/python3.11/site-packages/airflow/example_dags/example_dynamic_task_mapping.py
[2025-07-30T00:24:37.559+0000] {logging_mixin.py:188} INFO - [2025-07-30T00:24:37.559+0000] {dag.py:3036} INFO - Sync 1 DAGs
[2025-07-30T00:24:37.742+0000] {logging_mixin.py:188} INFO - [2025-07-30T00:24:37.741+0000] {dag.py:3823} INFO - Setting next_dagrun for example_dynamic_task_mapping to 2022-03-04 00:00:00+00:00, run_after=2022-03-05 00:00:00+00:00
[2025-07-30T00:24:37.941+0000] {processor.py:183} INFO - Processing /home/azureuser/.pyenv/versions/3.11.9/envs/airflow-venv/lib/python3.11/site-packages/airflow/example_dags/example_dynamic_task_mapping.py took 0.418 seconds
[2025-07-30T00:25:28.655+0000] {processor.py:161} INFO - Started process (PID=34600) to work on /home/azureuser/.pyenv/versions/3.11.9/envs/airflow-venv/lib/python3.11/site-packages/airflow/example_dags/example_dynamic_task_mapping.py
[2025-07-30T00:25:28.657+0000] {processor.py:830} INFO - Processing file /home/azureuser/.pyenv/versions/3.11.9/envs/airflow-venv/lib/python3.11/site-packages/airflow/example_dags/example_dynamic_task_mapping.py for tasks to queue
[2025-07-30T00:25:28.658+0000] {logging_mixin.py:188} INFO - [2025-07-30T00:25:28.657+0000] {dagbag.py:538} INFO - Filling up the DagBag from /home/azureuser/.pyenv/versions/3.11.9/envs/airflow-venv/lib/python3.11/site-packages/airflow/example_dags/example_dynamic_task_mapping.py
[2025-07-30T00:25:28.680+0000] {processor.py:840} INFO - DAG(s) 'example_dynamic_task_mapping' retrieved from /home/azureuser/.pyenv/versions/3.11.9/envs/airflow-venv/lib/python3.11/site-packages/airflow/example_dags/example_dynamic_task_mapping.py
[2025-07-30T00:25:28.702+0000] {logging_mixin.py:188} INFO - [2025-07-30T00:25:28.701+0000] {dag.py:3036} INFO - Sync 1 DAGs
[2025-07-30T00:25:28.725+0000] {logging_mixin.py:188} INFO - [2025-07-30T00:25:28.725+0000] {dag.py:3823} INFO - Setting next_dagrun for example_dynamic_task_mapping to 2022-03-04 00:00:00+00:00, run_after=2022-03-05 00:00:00+00:00
[2025-07-30T00:25:28.763+0000] {processor.py:183} INFO - Processing /home/azureuser/.pyenv/versions/3.11.9/envs/airflow-venv/lib/python3.11/site-packages/airflow/example_dags/example_dynamic_task_mapping.py took 0.113 seconds
[2025-07-30T20:46:10.009+0000] {processor.py:161} INFO - Started process (PID=1366) to work on /home/azureuser/.pyenv/versions/3.11.9/envs/airflow-venv/lib/python3.11/site-packages/airflow/example_dags/example_dynamic_task_mapping.py
[2025-07-30T20:46:10.011+0000] {processor.py:830} INFO - Processing file /home/azureuser/.pyenv/versions/3.11.9/envs/airflow-venv/lib/python3.11/site-packages/airflow/example_dags/example_dynamic_task_mapping.py for tasks to queue
[2025-07-30T20:46:10.013+0000] {logging_mixin.py:188} INFO - [2025-07-30T20:46:10.012+0000] {dagbag.py:538} INFO - Filling up the DagBag from /home/azureuser/.pyenv/versions/3.11.9/envs/airflow-venv/lib/python3.11/site-packages/airflow/example_dags/example_dynamic_task_mapping.py
[2025-07-30T20:46:10.035+0000] {processor.py:840} INFO - DAG(s) 'example_dynamic_task_mapping' retrieved from /home/azureuser/.pyenv/versions/3.11.9/envs/airflow-venv/lib/python3.11/site-packages/airflow/example_dags/example_dynamic_task_mapping.py
[2025-07-30T20:46:10.247+0000] {logging_mixin.py:188} INFO - [2025-07-30T20:46:10.246+0000] {dag.py:3036} INFO - Sync 1 DAGs
[2025-07-30T20:46:10.283+0000] {logging_mixin.py:188} INFO - [2025-07-30T20:46:10.282+0000] {dag.py:3823} INFO - Setting next_dagrun for example_dynamic_task_mapping to 2022-03-04 00:00:00+00:00, run_after=2022-03-05 00:00:00+00:00
[2025-07-30T20:46:10.328+0000] {processor.py:183} INFO - Processing /home/azureuser/.pyenv/versions/3.11.9/envs/airflow-venv/lib/python3.11/site-packages/airflow/example_dags/example_dynamic_task_mapping.py took 0.327 seconds
[2025-07-30T20:46:58.334+0000] {processor.py:161} INFO - Started process (PID=1420) to work on /home/azureuser/.pyenv/versions/3.11.9/envs/airflow-venv/lib/python3.11/site-packages/airflow/example_dags/example_dynamic_task_mapping.py
[2025-07-30T20:46:58.336+0000] {processor.py:830} INFO - Processing file /home/azureuser/.pyenv/versions/3.11.9/envs/airflow-venv/lib/python3.11/site-packages/airflow/example_dags/example_dynamic_task_mapping.py for tasks to queue
[2025-07-30T20:46:58.337+0000] {logging_mixin.py:188} INFO - [2025-07-30T20:46:58.336+0000] {dagbag.py:538} INFO - Filling up the DagBag from /home/azureuser/.pyenv/versions/3.11.9/envs/airflow-venv/lib/python3.11/site-packages/airflow/example_dags/example_dynamic_task_mapping.py
[2025-07-30T20:46:58.347+0000] {processor.py:840} INFO - DAG(s) 'example_dynamic_task_mapping' retrieved from /home/azureuser/.pyenv/versions/3.11.9/envs/airflow-venv/lib/python3.11/site-packages/airflow/example_dags/example_dynamic_task_mapping.py
[2025-07-30T20:46:58.364+0000] {logging_mixin.py:188} INFO - [2025-07-30T20:46:58.364+0000] {dag.py:3036} INFO - Sync 1 DAGs
[2025-07-30T20:46:58.385+0000] {logging_mixin.py:188} INFO - [2025-07-30T20:46:58.385+0000] {dag.py:3823} INFO - Setting next_dagrun for example_dynamic_task_mapping to 2022-03-04 00:00:00+00:00, run_after=2022-03-05 00:00:00+00:00
[2025-07-30T20:46:58.410+0000] {processor.py:183} INFO - Processing /home/azureuser/.pyenv/versions/3.11.9/envs/airflow-venv/lib/python3.11/site-packages/airflow/example_dags/example_dynamic_task_mapping.py took 0.079 seconds
[2025-07-30T21:03:15.783+0000] {processor.py:161} INFO - Started process (PID=1643) to work on /home/azureuser/.pyenv/versions/3.11.9/envs/airflow-venv/lib/python3.11/site-packages/airflow/example_dags/example_dynamic_task_mapping.py
[2025-07-30T21:03:15.784+0000] {processor.py:830} INFO - Processing file /home/azureuser/.pyenv/versions/3.11.9/envs/airflow-venv/lib/python3.11/site-packages/airflow/example_dags/example_dynamic_task_mapping.py for tasks to queue
[2025-07-30T21:03:15.785+0000] {logging_mixin.py:188} INFO - [2025-07-30T21:03:15.784+0000] {dagbag.py:538} INFO - Filling up the DagBag from /home/azureuser/.pyenv/versions/3.11.9/envs/airflow-venv/lib/python3.11/site-packages/airflow/example_dags/example_dynamic_task_mapping.py
[2025-07-30T21:03:15.794+0000] {processor.py:840} INFO - DAG(s) 'example_dynamic_task_mapping' retrieved from /home/azureuser/.pyenv/versions/3.11.9/envs/airflow-venv/lib/python3.11/site-packages/airflow/example_dags/example_dynamic_task_mapping.py
[2025-07-30T21:03:15.811+0000] {logging_mixin.py:188} INFO - [2025-07-30T21:03:15.811+0000] {dag.py:3036} INFO - Sync 1 DAGs
[2025-07-30T21:03:15.832+0000] {logging_mixin.py:188} INFO - [2025-07-30T21:03:15.831+0000] {dag.py:3823} INFO - Setting next_dagrun for example_dynamic_task_mapping to 2022-03-04 00:00:00+00:00, run_after=2022-03-05 00:00:00+00:00
[2025-07-30T21:03:15.864+0000] {processor.py:183} INFO - Processing /home/azureuser/.pyenv/versions/3.11.9/envs/airflow-venv/lib/python3.11/site-packages/airflow/example_dags/example_dynamic_task_mapping.py took 0.085 seconds
[2025-07-30T21:04:19.650+0000] {processor.py:161} INFO - Started process (PID=1707) to work on /home/azureuser/.pyenv/versions/3.11.9/envs/airflow-venv/lib/python3.11/site-packages/airflow/example_dags/example_dynamic_task_mapping.py
[2025-07-30T21:04:19.651+0000] {processor.py:830} INFO - Processing file /home/azureuser/.pyenv/versions/3.11.9/envs/airflow-venv/lib/python3.11/site-packages/airflow/example_dags/example_dynamic_task_mapping.py for tasks to queue
[2025-07-30T21:04:19.654+0000] {logging_mixin.py:188} INFO - [2025-07-30T21:04:19.652+0000] {dagbag.py:538} INFO - Filling up the DagBag from /home/azureuser/.pyenv/versions/3.11.9/envs/airflow-venv/lib/python3.11/site-packages/airflow/example_dags/example_dynamic_task_mapping.py
[2025-07-30T21:04:19.667+0000] {processor.py:840} INFO - DAG(s) 'example_dynamic_task_mapping' retrieved from /home/azureuser/.pyenv/versions/3.11.9/envs/airflow-venv/lib/python3.11/site-packages/airflow/example_dags/example_dynamic_task_mapping.py
[2025-07-30T21:04:19.689+0000] {logging_mixin.py:188} INFO - [2025-07-30T21:04:19.689+0000] {dag.py:3036} INFO - Sync 1 DAGs
[2025-07-30T21:04:19.857+0000] {logging_mixin.py:188} INFO - [2025-07-30T21:04:19.857+0000] {dag.py:3823} INFO - Setting next_dagrun for example_dynamic_task_mapping to 2022-03-04 00:00:00+00:00, run_after=2022-03-05 00:00:00+00:00
[2025-07-30T21:04:19.882+0000] {processor.py:183} INFO - Processing /home/azureuser/.pyenv/versions/3.11.9/envs/airflow-venv/lib/python3.11/site-packages/airflow/example_dags/example_dynamic_task_mapping.py took 0.236 seconds
[2025-07-30T21:05:29.698+0000] {processor.py:161} INFO - Started process (PID=1775) to work on /home/azureuser/.pyenv/versions/3.11.9/envs/airflow-venv/lib/python3.11/site-packages/airflow/example_dags/example_dynamic_task_mapping.py
[2025-07-30T21:05:29.699+0000] {processor.py:830} INFO - Processing file /home/azureuser/.pyenv/versions/3.11.9/envs/airflow-venv/lib/python3.11/site-packages/airflow/example_dags/example_dynamic_task_mapping.py for tasks to queue
[2025-07-30T21:05:29.700+0000] {logging_mixin.py:188} INFO - [2025-07-30T21:05:29.700+0000] {dagbag.py:538} INFO - Filling up the DagBag from /home/azureuser/.pyenv/versions/3.11.9/envs/airflow-venv/lib/python3.11/site-packages/airflow/example_dags/example_dynamic_task_mapping.py
[2025-07-30T21:05:29.711+0000] {processor.py:840} INFO - DAG(s) 'example_dynamic_task_mapping' retrieved from /home/azureuser/.pyenv/versions/3.11.9/envs/airflow-venv/lib/python3.11/site-packages/airflow/example_dags/example_dynamic_task_mapping.py
[2025-07-30T21:05:29.735+0000] {logging_mixin.py:188} INFO - [2025-07-30T21:05:29.734+0000] {dag.py:3036} INFO - Sync 1 DAGs
[2025-07-30T21:05:29.760+0000] {logging_mixin.py:188} INFO - [2025-07-30T21:05:29.759+0000] {dag.py:3823} INFO - Setting next_dagrun for example_dynamic_task_mapping to 2022-03-04 00:00:00+00:00, run_after=2022-03-05 00:00:00+00:00
[2025-07-30T21:05:29.788+0000] {processor.py:183} INFO - Processing /home/azureuser/.pyenv/versions/3.11.9/envs/airflow-venv/lib/python3.11/site-packages/airflow/example_dags/example_dynamic_task_mapping.py took 0.095 seconds
[2025-07-30T21:06:23.455+0000] {processor.py:161} INFO - Started process (PID=1830) to work on /home/azureuser/.pyenv/versions/3.11.9/envs/airflow-venv/lib/python3.11/site-packages/airflow/example_dags/example_dynamic_task_mapping.py
[2025-07-30T21:06:23.456+0000] {processor.py:830} INFO - Processing file /home/azureuser/.pyenv/versions/3.11.9/envs/airflow-venv/lib/python3.11/site-packages/airflow/example_dags/example_dynamic_task_mapping.py for tasks to queue
[2025-07-30T21:06:23.459+0000] {logging_mixin.py:188} INFO - [2025-07-30T21:06:23.457+0000] {dagbag.py:538} INFO - Filling up the DagBag from /home/azureuser/.pyenv/versions/3.11.9/envs/airflow-venv/lib/python3.11/site-packages/airflow/example_dags/example_dynamic_task_mapping.py
[2025-07-30T21:06:23.474+0000] {processor.py:840} INFO - DAG(s) 'example_dynamic_task_mapping' retrieved from /home/azureuser/.pyenv/versions/3.11.9/envs/airflow-venv/lib/python3.11/site-packages/airflow/example_dags/example_dynamic_task_mapping.py
[2025-07-30T21:06:23.494+0000] {logging_mixin.py:188} INFO - [2025-07-30T21:06:23.494+0000] {dag.py:3036} INFO - Sync 1 DAGs
[2025-07-30T21:06:23.519+0000] {logging_mixin.py:188} INFO - [2025-07-30T21:06:23.519+0000] {dag.py:3823} INFO - Setting next_dagrun for example_dynamic_task_mapping to 2022-03-04 00:00:00+00:00, run_after=2022-03-05 00:00:00+00:00
[2025-07-30T21:06:23.557+0000] {processor.py:183} INFO - Processing /home/azureuser/.pyenv/versions/3.11.9/envs/airflow-venv/lib/python3.11/site-packages/airflow/example_dags/example_dynamic_task_mapping.py took 0.106 seconds
