[2025-07-30T00:21:13.884+0000] {processor.py:161} INFO - Started process (PID=34225) to work on /home/azureuser/.pyenv/versions/3.11.9/envs/airflow-venv/lib/python3.11/site-packages/airflow/example_dags/example_setup_teardown_taskflow.py
[2025-07-30T00:21:13.885+0000] {processor.py:830} INFO - Processing file /home/azureuser/.pyenv/versions/3.11.9/envs/airflow-venv/lib/python3.11/site-packages/airflow/example_dags/example_setup_teardown_taskflow.py for tasks to queue
[2025-07-30T00:21:13.886+0000] {logging_mixin.py:188} INFO - [2025-07-30T00:21:13.886+0000] {dagbag.py:538} INFO - Filling up the DagBag from /home/azureuser/.pyenv/versions/3.11.9/envs/airflow-venv/lib/python3.11/site-packages/airflow/example_dags/example_setup_teardown_taskflow.py
[2025-07-30T00:21:13.903+0000] {processor.py:840} INFO - DAG(s) 'example_setup_teardown_taskflow' retrieved from /home/azureuser/.pyenv/versions/3.11.9/envs/airflow-venv/lib/python3.11/site-packages/airflow/example_dags/example_setup_teardown_taskflow.py
[2025-07-30T00:21:14.071+0000] {logging_mixin.py:188} INFO - [2025-07-30T00:21:14.070+0000] {override.py:1769} INFO - Created Permission View: can delete on DAG:example_setup_teardown_taskflow
[2025-07-30T00:21:14.098+0000] {logging_mixin.py:188} INFO - [2025-07-30T00:21:14.097+0000] {override.py:1769} INFO - Created Permission View: can read on DAG:example_setup_teardown_taskflow
[2025-07-30T00:21:14.122+0000] {logging_mixin.py:188} INFO - [2025-07-30T00:21:14.121+0000] {override.py:1769} INFO - Created Permission View: can edit on DAG:example_setup_teardown_taskflow
[2025-07-30T00:21:14.122+0000] {logging_mixin.py:188} INFO - [2025-07-30T00:21:14.122+0000] {dag.py:3036} INFO - Sync 1 DAGs
[2025-07-30T00:21:14.136+0000] {logging_mixin.py:188} INFO - [2025-07-30T00:21:14.135+0000] {dag.py:3058} INFO - Creating ORM DAG for example_setup_teardown_taskflow
[2025-07-30T00:21:14.146+0000] {logging_mixin.py:188} INFO - [2025-07-30T00:21:14.145+0000] {dag.py:3823} INFO - Setting next_dagrun for example_setup_teardown_taskflow to 2025-07-29 00:00:00+00:00, run_after=2025-07-30 00:00:00+00:00
[2025-07-30T00:21:14.184+0000] {processor.py:183} INFO - Processing /home/azureuser/.pyenv/versions/3.11.9/envs/airflow-venv/lib/python3.11/site-packages/airflow/example_dags/example_setup_teardown_taskflow.py took 0.305 seconds
[2025-07-30T00:22:08.466+0000] {processor.py:161} INFO - Started process (PID=34312) to work on /home/azureuser/.pyenv/versions/3.11.9/envs/airflow-venv/lib/python3.11/site-packages/airflow/example_dags/example_setup_teardown_taskflow.py
[2025-07-30T00:22:08.467+0000] {processor.py:830} INFO - Processing file /home/azureuser/.pyenv/versions/3.11.9/envs/airflow-venv/lib/python3.11/site-packages/airflow/example_dags/example_setup_teardown_taskflow.py for tasks to queue
[2025-07-30T00:22:08.469+0000] {logging_mixin.py:188} INFO - [2025-07-30T00:22:08.468+0000] {dagbag.py:538} INFO - Filling up the DagBag from /home/azureuser/.pyenv/versions/3.11.9/envs/airflow-venv/lib/python3.11/site-packages/airflow/example_dags/example_setup_teardown_taskflow.py
[2025-07-30T00:22:08.484+0000] {processor.py:840} INFO - DAG(s) 'example_setup_teardown_taskflow' retrieved from /home/azureuser/.pyenv/versions/3.11.9/envs/airflow-venv/lib/python3.11/site-packages/airflow/example_dags/example_setup_teardown_taskflow.py
[2025-07-30T00:22:08.505+0000] {logging_mixin.py:188} INFO - [2025-07-30T00:22:08.505+0000] {dag.py:3036} INFO - Sync 1 DAGs
[2025-07-30T00:22:08.532+0000] {logging_mixin.py:188} INFO - [2025-07-30T00:22:08.532+0000] {dag.py:3823} INFO - Setting next_dagrun for example_setup_teardown_taskflow to 2025-07-29 00:00:00+00:00, run_after=2025-07-30 00:00:00+00:00
[2025-07-30T00:22:08.571+0000] {processor.py:183} INFO - Processing /home/azureuser/.pyenv/versions/3.11.9/envs/airflow-venv/lib/python3.11/site-packages/airflow/example_dags/example_setup_teardown_taskflow.py took 0.110 seconds
[2025-07-30T00:22:59.481+0000] {processor.py:161} INFO - Started process (PID=34382) to work on /home/azureuser/.pyenv/versions/3.11.9/envs/airflow-venv/lib/python3.11/site-packages/airflow/example_dags/example_setup_teardown_taskflow.py
[2025-07-30T00:22:59.483+0000] {processor.py:830} INFO - Processing file /home/azureuser/.pyenv/versions/3.11.9/envs/airflow-venv/lib/python3.11/site-packages/airflow/example_dags/example_setup_teardown_taskflow.py for tasks to queue
[2025-07-30T00:22:59.484+0000] {logging_mixin.py:188} INFO - [2025-07-30T00:22:59.483+0000] {dagbag.py:538} INFO - Filling up the DagBag from /home/azureuser/.pyenv/versions/3.11.9/envs/airflow-venv/lib/python3.11/site-packages/airflow/example_dags/example_setup_teardown_taskflow.py
[2025-07-30T00:22:59.498+0000] {processor.py:840} INFO - DAG(s) 'example_setup_teardown_taskflow' retrieved from /home/azureuser/.pyenv/versions/3.11.9/envs/airflow-venv/lib/python3.11/site-packages/airflow/example_dags/example_setup_teardown_taskflow.py
[2025-07-30T00:22:59.519+0000] {logging_mixin.py:188} INFO - [2025-07-30T00:22:59.518+0000] {dag.py:3036} INFO - Sync 1 DAGs
[2025-07-30T00:22:59.541+0000] {logging_mixin.py:188} INFO - [2025-07-30T00:22:59.541+0000] {dag.py:3823} INFO - Setting next_dagrun for example_setup_teardown_taskflow to 2025-07-29 00:00:00+00:00, run_after=2025-07-30 00:00:00+00:00
[2025-07-30T00:22:59.581+0000] {processor.py:183} INFO - Processing /home/azureuser/.pyenv/versions/3.11.9/envs/airflow-venv/lib/python3.11/site-packages/airflow/example_dags/example_setup_teardown_taskflow.py took 0.104 seconds
[2025-07-30T00:23:44.927+0000] {processor.py:161} INFO - Started process (PID=34452) to work on /home/azureuser/.pyenv/versions/3.11.9/envs/airflow-venv/lib/python3.11/site-packages/airflow/example_dags/example_setup_teardown_taskflow.py
[2025-07-30T00:23:44.929+0000] {processor.py:830} INFO - Processing file /home/azureuser/.pyenv/versions/3.11.9/envs/airflow-venv/lib/python3.11/site-packages/airflow/example_dags/example_setup_teardown_taskflow.py for tasks to queue
[2025-07-30T00:23:44.930+0000] {logging_mixin.py:188} INFO - [2025-07-30T00:23:44.929+0000] {dagbag.py:538} INFO - Filling up the DagBag from /home/azureuser/.pyenv/versions/3.11.9/envs/airflow-venv/lib/python3.11/site-packages/airflow/example_dags/example_setup_teardown_taskflow.py
[2025-07-30T00:23:44.944+0000] {processor.py:840} INFO - DAG(s) 'example_setup_teardown_taskflow' retrieved from /home/azureuser/.pyenv/versions/3.11.9/envs/airflow-venv/lib/python3.11/site-packages/airflow/example_dags/example_setup_teardown_taskflow.py
[2025-07-30T00:23:44.965+0000] {logging_mixin.py:188} INFO - [2025-07-30T00:23:44.964+0000] {dag.py:3036} INFO - Sync 1 DAGs
[2025-07-30T00:23:44.987+0000] {logging_mixin.py:188} INFO - [2025-07-30T00:23:44.987+0000] {dag.py:3823} INFO - Setting next_dagrun for example_setup_teardown_taskflow to 2025-07-29 00:00:00+00:00, run_after=2025-07-30 00:00:00+00:00
[2025-07-30T00:23:45.024+0000] {processor.py:183} INFO - Processing /home/azureuser/.pyenv/versions/3.11.9/envs/airflow-venv/lib/python3.11/site-packages/airflow/example_dags/example_setup_teardown_taskflow.py took 0.102 seconds
[2025-07-30T00:24:32.061+0000] {processor.py:161} INFO - Started process (PID=34512) to work on /home/azureuser/.pyenv/versions/3.11.9/envs/airflow-venv/lib/python3.11/site-packages/airflow/example_dags/example_setup_teardown_taskflow.py
[2025-07-30T00:24:32.062+0000] {processor.py:830} INFO - Processing file /home/azureuser/.pyenv/versions/3.11.9/envs/airflow-venv/lib/python3.11/site-packages/airflow/example_dags/example_setup_teardown_taskflow.py for tasks to queue
[2025-07-30T00:24:32.063+0000] {logging_mixin.py:188} INFO - [2025-07-30T00:24:32.063+0000] {dagbag.py:538} INFO - Filling up the DagBag from /home/azureuser/.pyenv/versions/3.11.9/envs/airflow-venv/lib/python3.11/site-packages/airflow/example_dags/example_setup_teardown_taskflow.py
[2025-07-30T00:24:32.077+0000] {processor.py:840} INFO - DAG(s) 'example_setup_teardown_taskflow' retrieved from /home/azureuser/.pyenv/versions/3.11.9/envs/airflow-venv/lib/python3.11/site-packages/airflow/example_dags/example_setup_teardown_taskflow.py
[2025-07-30T00:24:32.098+0000] {logging_mixin.py:188} INFO - [2025-07-30T00:24:32.098+0000] {dag.py:3036} INFO - Sync 1 DAGs
[2025-07-30T00:24:32.279+0000] {logging_mixin.py:188} INFO - [2025-07-30T00:24:32.279+0000] {dag.py:3823} INFO - Setting next_dagrun for example_setup_teardown_taskflow to 2025-07-29 00:00:00+00:00, run_after=2025-07-30 00:00:00+00:00
[2025-07-30T00:24:32.317+0000] {processor.py:183} INFO - Processing /home/azureuser/.pyenv/versions/3.11.9/envs/airflow-venv/lib/python3.11/site-packages/airflow/example_dags/example_setup_teardown_taskflow.py took 0.261 seconds
[2025-07-30T00:25:20.901+0000] {processor.py:161} INFO - Started process (PID=34589) to work on /home/azureuser/.pyenv/versions/3.11.9/envs/airflow-venv/lib/python3.11/site-packages/airflow/example_dags/example_setup_teardown_taskflow.py
[2025-07-30T00:25:20.903+0000] {processor.py:830} INFO - Processing file /home/azureuser/.pyenv/versions/3.11.9/envs/airflow-venv/lib/python3.11/site-packages/airflow/example_dags/example_setup_teardown_taskflow.py for tasks to queue
[2025-07-30T00:25:20.904+0000] {logging_mixin.py:188} INFO - [2025-07-30T00:25:20.904+0000] {dagbag.py:538} INFO - Filling up the DagBag from /home/azureuser/.pyenv/versions/3.11.9/envs/airflow-venv/lib/python3.11/site-packages/airflow/example_dags/example_setup_teardown_taskflow.py
[2025-07-30T00:25:20.918+0000] {processor.py:840} INFO - DAG(s) 'example_setup_teardown_taskflow' retrieved from /home/azureuser/.pyenv/versions/3.11.9/envs/airflow-venv/lib/python3.11/site-packages/airflow/example_dags/example_setup_teardown_taskflow.py
[2025-07-30T00:25:20.940+0000] {logging_mixin.py:188} INFO - [2025-07-30T00:25:20.939+0000] {dag.py:3036} INFO - Sync 1 DAGs
[2025-07-30T00:25:20.963+0000] {logging_mixin.py:188} INFO - [2025-07-30T00:25:20.963+0000] {dag.py:3823} INFO - Setting next_dagrun for example_setup_teardown_taskflow to 2025-07-29 00:00:00+00:00, run_after=2025-07-30 00:00:00+00:00
[2025-07-30T00:25:21.008+0000] {processor.py:183} INFO - Processing /home/azureuser/.pyenv/versions/3.11.9/envs/airflow-venv/lib/python3.11/site-packages/airflow/example_dags/example_setup_teardown_taskflow.py took 0.111 seconds
[2025-07-30T00:26:26.760+0000] {processor.py:161} INFO - Started process (PID=34688) to work on /home/azureuser/.pyenv/versions/3.11.9/envs/airflow-venv/lib/python3.11/site-packages/airflow/example_dags/example_setup_teardown_taskflow.py
[2025-07-30T00:26:26.763+0000] {processor.py:830} INFO - Processing file /home/azureuser/.pyenv/versions/3.11.9/envs/airflow-venv/lib/python3.11/site-packages/airflow/example_dags/example_setup_teardown_taskflow.py for tasks to queue
[2025-07-30T00:26:26.764+0000] {logging_mixin.py:188} INFO - [2025-07-30T00:26:26.763+0000] {dagbag.py:538} INFO - Filling up the DagBag from /home/azureuser/.pyenv/versions/3.11.9/envs/airflow-venv/lib/python3.11/site-packages/airflow/example_dags/example_setup_teardown_taskflow.py
[2025-07-30T00:26:26.780+0000] {processor.py:840} INFO - DAG(s) 'example_setup_teardown_taskflow' retrieved from /home/azureuser/.pyenv/versions/3.11.9/envs/airflow-venv/lib/python3.11/site-packages/airflow/example_dags/example_setup_teardown_taskflow.py
[2025-07-30T00:26:27.376+0000] {logging_mixin.py:188} INFO - [2025-07-30T00:26:27.356+0000] {dag.py:3036} INFO - Sync 1 DAGs
[2025-07-30T00:26:27.479+0000] {logging_mixin.py:188} INFO - [2025-07-30T00:26:27.473+0000] {dag.py:3823} INFO - Setting next_dagrun for example_setup_teardown_taskflow to 2025-07-29 00:00:00+00:00, run_after=2025-07-30 00:00:00+00:00
[2025-07-30T00:26:27.690+0000] {processor.py:183} INFO - Processing /home/azureuser/.pyenv/versions/3.11.9/envs/airflow-venv/lib/python3.11/site-packages/airflow/example_dags/example_setup_teardown_taskflow.py took 0.934 seconds
[2025-07-30T20:45:51.677+0000] {processor.py:161} INFO - Started process (PID=1348) to work on /home/azureuser/.pyenv/versions/3.11.9/envs/airflow-venv/lib/python3.11/site-packages/airflow/example_dags/example_setup_teardown_taskflow.py
[2025-07-30T20:45:51.678+0000] {processor.py:830} INFO - Processing file /home/azureuser/.pyenv/versions/3.11.9/envs/airflow-venv/lib/python3.11/site-packages/airflow/example_dags/example_setup_teardown_taskflow.py for tasks to queue
[2025-07-30T20:45:51.679+0000] {logging_mixin.py:188} INFO - [2025-07-30T20:45:51.678+0000] {dagbag.py:538} INFO - Filling up the DagBag from /home/azureuser/.pyenv/versions/3.11.9/envs/airflow-venv/lib/python3.11/site-packages/airflow/example_dags/example_setup_teardown_taskflow.py
[2025-07-30T20:45:51.691+0000] {processor.py:840} INFO - DAG(s) 'example_setup_teardown_taskflow' retrieved from /home/azureuser/.pyenv/versions/3.11.9/envs/airflow-venv/lib/python3.11/site-packages/airflow/example_dags/example_setup_teardown_taskflow.py
[2025-07-30T20:45:51.713+0000] {logging_mixin.py:188} INFO - [2025-07-30T20:45:51.713+0000] {dag.py:3036} INFO - Sync 1 DAGs
[2025-07-30T20:45:51.740+0000] {logging_mixin.py:188} INFO - [2025-07-30T20:45:51.740+0000] {dag.py:3823} INFO - Setting next_dagrun for example_setup_teardown_taskflow to 2025-07-29 00:00:00+00:00, run_after=2025-07-30 00:00:00+00:00
[2025-07-30T20:45:51.768+0000] {processor.py:183} INFO - Processing /home/azureuser/.pyenv/versions/3.11.9/envs/airflow-venv/lib/python3.11/site-packages/airflow/example_dags/example_setup_teardown_taskflow.py took 0.095 seconds
[2025-07-30T20:46:41.440+0000] {processor.py:161} INFO - Started process (PID=1403) to work on /home/azureuser/.pyenv/versions/3.11.9/envs/airflow-venv/lib/python3.11/site-packages/airflow/example_dags/example_setup_teardown_taskflow.py
[2025-07-30T20:46:41.441+0000] {processor.py:830} INFO - Processing file /home/azureuser/.pyenv/versions/3.11.9/envs/airflow-venv/lib/python3.11/site-packages/airflow/example_dags/example_setup_teardown_taskflow.py for tasks to queue
[2025-07-30T20:46:41.442+0000] {logging_mixin.py:188} INFO - [2025-07-30T20:46:41.441+0000] {dagbag.py:538} INFO - Filling up the DagBag from /home/azureuser/.pyenv/versions/3.11.9/envs/airflow-venv/lib/python3.11/site-packages/airflow/example_dags/example_setup_teardown_taskflow.py
[2025-07-30T20:46:41.454+0000] {processor.py:840} INFO - DAG(s) 'example_setup_teardown_taskflow' retrieved from /home/azureuser/.pyenv/versions/3.11.9/envs/airflow-venv/lib/python3.11/site-packages/airflow/example_dags/example_setup_teardown_taskflow.py
[2025-07-30T20:46:41.472+0000] {logging_mixin.py:188} INFO - [2025-07-30T20:46:41.472+0000] {dag.py:3036} INFO - Sync 1 DAGs
[2025-07-30T20:46:41.493+0000] {logging_mixin.py:188} INFO - [2025-07-30T20:46:41.492+0000] {dag.py:3823} INFO - Setting next_dagrun for example_setup_teardown_taskflow to 2025-07-29 00:00:00+00:00, run_after=2025-07-30 00:00:00+00:00
[2025-07-30T20:46:41.519+0000] {processor.py:183} INFO - Processing /home/azureuser/.pyenv/versions/3.11.9/envs/airflow-venv/lib/python3.11/site-packages/airflow/example_dags/example_setup_teardown_taskflow.py took 0.083 seconds
[2025-07-30T20:47:29.184+0000] {processor.py:161} INFO - Started process (PID=1451) to work on /home/azureuser/.pyenv/versions/3.11.9/envs/airflow-venv/lib/python3.11/site-packages/airflow/example_dags/example_setup_teardown_taskflow.py
[2025-07-30T20:47:29.185+0000] {processor.py:830} INFO - Processing file /home/azureuser/.pyenv/versions/3.11.9/envs/airflow-venv/lib/python3.11/site-packages/airflow/example_dags/example_setup_teardown_taskflow.py for tasks to queue
[2025-07-30T20:47:29.186+0000] {logging_mixin.py:188} INFO - [2025-07-30T20:47:29.186+0000] {dagbag.py:538} INFO - Filling up the DagBag from /home/azureuser/.pyenv/versions/3.11.9/envs/airflow-venv/lib/python3.11/site-packages/airflow/example_dags/example_setup_teardown_taskflow.py
[2025-07-30T20:47:29.198+0000] {processor.py:840} INFO - DAG(s) 'example_setup_teardown_taskflow' retrieved from /home/azureuser/.pyenv/versions/3.11.9/envs/airflow-venv/lib/python3.11/site-packages/airflow/example_dags/example_setup_teardown_taskflow.py
[2025-07-30T20:47:29.217+0000] {logging_mixin.py:188} INFO - [2025-07-30T20:47:29.216+0000] {dag.py:3036} INFO - Sync 1 DAGs
[2025-07-30T20:47:29.237+0000] {logging_mixin.py:188} INFO - [2025-07-30T20:47:29.237+0000] {dag.py:3823} INFO - Setting next_dagrun for example_setup_teardown_taskflow to 2025-07-29 00:00:00+00:00, run_after=2025-07-30 00:00:00+00:00
[2025-07-30T20:47:29.267+0000] {processor.py:183} INFO - Processing /home/azureuser/.pyenv/versions/3.11.9/envs/airflow-venv/lib/python3.11/site-packages/airflow/example_dags/example_setup_teardown_taskflow.py took 0.087 seconds
[2025-07-30T21:03:39.886+0000] {processor.py:161} INFO - Started process (PID=1666) to work on /home/azureuser/.pyenv/versions/3.11.9/envs/airflow-venv/lib/python3.11/site-packages/airflow/example_dags/example_setup_teardown_taskflow.py
[2025-07-30T21:03:39.887+0000] {processor.py:830} INFO - Processing file /home/azureuser/.pyenv/versions/3.11.9/envs/airflow-venv/lib/python3.11/site-packages/airflow/example_dags/example_setup_teardown_taskflow.py for tasks to queue
[2025-07-30T21:03:39.888+0000] {logging_mixin.py:188} INFO - [2025-07-30T21:03:39.888+0000] {dagbag.py:538} INFO - Filling up the DagBag from /home/azureuser/.pyenv/versions/3.11.9/envs/airflow-venv/lib/python3.11/site-packages/airflow/example_dags/example_setup_teardown_taskflow.py
[2025-07-30T21:03:39.901+0000] {processor.py:840} INFO - DAG(s) 'example_setup_teardown_taskflow' retrieved from /home/azureuser/.pyenv/versions/3.11.9/envs/airflow-venv/lib/python3.11/site-packages/airflow/example_dags/example_setup_teardown_taskflow.py
[2025-07-30T21:03:39.919+0000] {logging_mixin.py:188} INFO - [2025-07-30T21:03:39.919+0000] {dag.py:3036} INFO - Sync 1 DAGs
[2025-07-30T21:03:39.940+0000] {logging_mixin.py:188} INFO - [2025-07-30T21:03:39.940+0000] {dag.py:3823} INFO - Setting next_dagrun for example_setup_teardown_taskflow to 2025-07-29 00:00:00+00:00, run_after=2025-07-30 00:00:00+00:00
[2025-07-30T21:03:39.969+0000] {processor.py:183} INFO - Processing /home/azureuser/.pyenv/versions/3.11.9/envs/airflow-venv/lib/python3.11/site-packages/airflow/example_dags/example_setup_teardown_taskflow.py took 0.086 seconds
[2025-07-30T21:04:35.944+0000] {processor.py:161} INFO - Started process (PID=1721) to work on /home/azureuser/.pyenv/versions/3.11.9/envs/airflow-venv/lib/python3.11/site-packages/airflow/example_dags/example_setup_teardown_taskflow.py
[2025-07-30T21:04:35.945+0000] {processor.py:830} INFO - Processing file /home/azureuser/.pyenv/versions/3.11.9/envs/airflow-venv/lib/python3.11/site-packages/airflow/example_dags/example_setup_teardown_taskflow.py for tasks to queue
[2025-07-30T21:04:35.946+0000] {logging_mixin.py:188} INFO - [2025-07-30T21:04:35.946+0000] {dagbag.py:538} INFO - Filling up the DagBag from /home/azureuser/.pyenv/versions/3.11.9/envs/airflow-venv/lib/python3.11/site-packages/airflow/example_dags/example_setup_teardown_taskflow.py
[2025-07-30T21:04:35.959+0000] {processor.py:840} INFO - DAG(s) 'example_setup_teardown_taskflow' retrieved from /home/azureuser/.pyenv/versions/3.11.9/envs/airflow-venv/lib/python3.11/site-packages/airflow/example_dags/example_setup_teardown_taskflow.py
[2025-07-30T21:04:35.978+0000] {logging_mixin.py:188} INFO - [2025-07-30T21:04:35.978+0000] {dag.py:3036} INFO - Sync 1 DAGs
[2025-07-30T21:04:36.125+0000] {logging_mixin.py:188} INFO - [2025-07-30T21:04:36.125+0000] {dag.py:3823} INFO - Setting next_dagrun for example_setup_teardown_taskflow to 2025-07-29 00:00:00+00:00, run_after=2025-07-30 00:00:00+00:00
[2025-07-30T21:04:36.150+0000] {processor.py:183} INFO - Processing /home/azureuser/.pyenv/versions/3.11.9/envs/airflow-venv/lib/python3.11/site-packages/airflow/example_dags/example_setup_teardown_taskflow.py took 0.210 seconds
[2025-07-30T21:05:24.120+0000] {processor.py:161} INFO - Started process (PID=1770) to work on /home/azureuser/.pyenv/versions/3.11.9/envs/airflow-venv/lib/python3.11/site-packages/airflow/example_dags/example_setup_teardown_taskflow.py
[2025-07-30T21:05:24.122+0000] {processor.py:830} INFO - Processing file /home/azureuser/.pyenv/versions/3.11.9/envs/airflow-venv/lib/python3.11/site-packages/airflow/example_dags/example_setup_teardown_taskflow.py for tasks to queue
[2025-07-30T21:05:24.123+0000] {logging_mixin.py:188} INFO - [2025-07-30T21:05:24.122+0000] {dagbag.py:538} INFO - Filling up the DagBag from /home/azureuser/.pyenv/versions/3.11.9/envs/airflow-venv/lib/python3.11/site-packages/airflow/example_dags/example_setup_teardown_taskflow.py
[2025-07-30T21:05:24.137+0000] {processor.py:840} INFO - DAG(s) 'example_setup_teardown_taskflow' retrieved from /home/azureuser/.pyenv/versions/3.11.9/envs/airflow-venv/lib/python3.11/site-packages/airflow/example_dags/example_setup_teardown_taskflow.py
[2025-07-30T21:05:24.156+0000] {logging_mixin.py:188} INFO - [2025-07-30T21:05:24.156+0000] {dag.py:3036} INFO - Sync 1 DAGs
[2025-07-30T21:05:24.182+0000] {logging_mixin.py:188} INFO - [2025-07-30T21:05:24.182+0000] {dag.py:3823} INFO - Setting next_dagrun for example_setup_teardown_taskflow to 2025-07-29 00:00:00+00:00, run_after=2025-07-30 00:00:00+00:00
[2025-07-30T21:05:24.212+0000] {processor.py:183} INFO - Processing /home/azureuser/.pyenv/versions/3.11.9/envs/airflow-venv/lib/python3.11/site-packages/airflow/example_dags/example_setup_teardown_taskflow.py took 0.095 seconds
[2025-07-30T21:06:18.763+0000] {processor.py:161} INFO - Started process (PID=1825) to work on /home/azureuser/.pyenv/versions/3.11.9/envs/airflow-venv/lib/python3.11/site-packages/airflow/example_dags/example_setup_teardown_taskflow.py
[2025-07-30T21:06:18.764+0000] {processor.py:830} INFO - Processing file /home/azureuser/.pyenv/versions/3.11.9/envs/airflow-venv/lib/python3.11/site-packages/airflow/example_dags/example_setup_teardown_taskflow.py for tasks to queue
[2025-07-30T21:06:18.765+0000] {logging_mixin.py:188} INFO - [2025-07-30T21:06:18.765+0000] {dagbag.py:538} INFO - Filling up the DagBag from /home/azureuser/.pyenv/versions/3.11.9/envs/airflow-venv/lib/python3.11/site-packages/airflow/example_dags/example_setup_teardown_taskflow.py
[2025-07-30T21:06:18.778+0000] {processor.py:840} INFO - DAG(s) 'example_setup_teardown_taskflow' retrieved from /home/azureuser/.pyenv/versions/3.11.9/envs/airflow-venv/lib/python3.11/site-packages/airflow/example_dags/example_setup_teardown_taskflow.py
[2025-07-30T21:06:18.798+0000] {logging_mixin.py:188} INFO - [2025-07-30T21:06:18.797+0000] {dag.py:3036} INFO - Sync 1 DAGs
[2025-07-30T21:06:18.819+0000] {logging_mixin.py:188} INFO - [2025-07-30T21:06:18.819+0000] {dag.py:3823} INFO - Setting next_dagrun for example_setup_teardown_taskflow to 2025-07-29 00:00:00+00:00, run_after=2025-07-30 00:00:00+00:00
[2025-07-30T21:06:18.848+0000] {processor.py:183} INFO - Processing /home/azureuser/.pyenv/versions/3.11.9/envs/airflow-venv/lib/python3.11/site-packages/airflow/example_dags/example_setup_teardown_taskflow.py took 0.089 seconds
