[2025-07-30T00:21:07.344+0000] {processor.py:161} INFO - Started process (PID=34207) to work on /home/azureuser/.pyenv/versions/3.11.9/envs/airflow-venv/lib/python3.11/site-packages/airflow/example_dags/example_sla_dag.py
[2025-07-30T00:21:07.345+0000] {processor.py:830} INFO - Processing file /home/azureuser/.pyenv/versions/3.11.9/envs/airflow-venv/lib/python3.11/site-packages/airflow/example_dags/example_sla_dag.py for tasks to queue
[2025-07-30T00:21:07.346+0000] {logging_mixin.py:188} INFO - [2025-07-30T00:21:07.346+0000] {dagbag.py:538} INFO - Filling up the DagBag from /home/azureuser/.pyenv/versions/3.11.9/envs/airflow-venv/lib/python3.11/site-packages/airflow/example_dags/example_sla_dag.py
[2025-07-30T00:21:07.359+0000] {processor.py:840} INFO - DAG(s) 'example_sla_dag' retrieved from /home/azureuser/.pyenv/versions/3.11.9/envs/airflow-venv/lib/python3.11/site-packages/airflow/example_dags/example_sla_dag.py
[2025-07-30T00:21:07.518+0000] {logging_mixin.py:188} INFO - [2025-07-30T00:21:07.517+0000] {override.py:1769} INFO - Created Permission View: can delete on DAG:example_sla_dag
[2025-07-30T00:21:07.546+0000] {logging_mixin.py:188} INFO - [2025-07-30T00:21:07.545+0000] {override.py:1769} INFO - Created Permission View: can read on DAG:example_sla_dag
[2025-07-30T00:21:07.570+0000] {logging_mixin.py:188} INFO - [2025-07-30T00:21:07.570+0000] {override.py:1769} INFO - Created Permission View: can edit on DAG:example_sla_dag
[2025-07-30T00:21:07.571+0000] {logging_mixin.py:188} INFO - [2025-07-30T00:21:07.571+0000] {dag.py:3036} INFO - Sync 1 DAGs
[2025-07-30T00:21:07.584+0000] {logging_mixin.py:188} INFO - [2025-07-30T00:21:07.584+0000] {dag.py:3058} INFO - Creating ORM DAG for example_sla_dag
[2025-07-30T00:21:07.598+0000] {logging_mixin.py:188} INFO - [2025-07-30T00:21:07.598+0000] {dag.py:3823} INFO - Setting next_dagrun for example_sla_dag to 2025-07-30 00:18:00+00:00, run_after=2025-07-30 00:20:00+00:00
[2025-07-30T00:21:07.652+0000] {processor.py:183} INFO - Processing /home/azureuser/.pyenv/versions/3.11.9/envs/airflow-venv/lib/python3.11/site-packages/airflow/example_dags/example_sla_dag.py took 0.312 seconds
[2025-07-30T00:22:03.195+0000] {processor.py:161} INFO - Started process (PID=34302) to work on /home/azureuser/.pyenv/versions/3.11.9/envs/airflow-venv/lib/python3.11/site-packages/airflow/example_dags/example_sla_dag.py
[2025-07-30T00:22:03.197+0000] {processor.py:830} INFO - Processing file /home/azureuser/.pyenv/versions/3.11.9/envs/airflow-venv/lib/python3.11/site-packages/airflow/example_dags/example_sla_dag.py for tasks to queue
[2025-07-30T00:22:03.198+0000] {logging_mixin.py:188} INFO - [2025-07-30T00:22:03.197+0000] {dagbag.py:538} INFO - Filling up the DagBag from /home/azureuser/.pyenv/versions/3.11.9/envs/airflow-venv/lib/python3.11/site-packages/airflow/example_dags/example_sla_dag.py
[2025-07-30T00:22:03.210+0000] {processor.py:840} INFO - DAG(s) 'example_sla_dag' retrieved from /home/azureuser/.pyenv/versions/3.11.9/envs/airflow-venv/lib/python3.11/site-packages/airflow/example_dags/example_sla_dag.py
[2025-07-30T00:22:03.230+0000] {logging_mixin.py:188} INFO - [2025-07-30T00:22:03.230+0000] {dag.py:3036} INFO - Sync 1 DAGs
[2025-07-30T00:22:03.263+0000] {logging_mixin.py:188} INFO - [2025-07-30T00:22:03.262+0000] {dag.py:3823} INFO - Setting next_dagrun for example_sla_dag to 2025-07-30 00:20:00+00:00, run_after=2025-07-30 00:22:00+00:00
[2025-07-30T00:22:03.296+0000] {processor.py:183} INFO - Processing /home/azureuser/.pyenv/versions/3.11.9/envs/airflow-venv/lib/python3.11/site-packages/airflow/example_dags/example_sla_dag.py took 0.105 seconds
[2025-07-30T00:22:54.210+0000] {processor.py:161} INFO - Started process (PID=34373) to work on /home/azureuser/.pyenv/versions/3.11.9/envs/airflow-venv/lib/python3.11/site-packages/airflow/example_dags/example_sla_dag.py
[2025-07-30T00:22:54.211+0000] {processor.py:830} INFO - Processing file /home/azureuser/.pyenv/versions/3.11.9/envs/airflow-venv/lib/python3.11/site-packages/airflow/example_dags/example_sla_dag.py for tasks to queue
[2025-07-30T00:22:54.212+0000] {logging_mixin.py:188} INFO - [2025-07-30T00:22:54.212+0000] {dagbag.py:538} INFO - Filling up the DagBag from /home/azureuser/.pyenv/versions/3.11.9/envs/airflow-venv/lib/python3.11/site-packages/airflow/example_dags/example_sla_dag.py
[2025-07-30T00:22:54.224+0000] {processor.py:840} INFO - DAG(s) 'example_sla_dag' retrieved from /home/azureuser/.pyenv/versions/3.11.9/envs/airflow-venv/lib/python3.11/site-packages/airflow/example_dags/example_sla_dag.py
[2025-07-30T00:22:54.243+0000] {logging_mixin.py:188} INFO - [2025-07-30T00:22:54.243+0000] {dag.py:3036} INFO - Sync 1 DAGs
[2025-07-30T00:22:54.269+0000] {logging_mixin.py:188} INFO - [2025-07-30T00:22:54.269+0000] {dag.py:3823} INFO - Setting next_dagrun for example_sla_dag to 2025-07-30 00:20:00+00:00, run_after=2025-07-30 00:22:00+00:00
[2025-07-30T00:22:54.304+0000] {processor.py:183} INFO - Processing /home/azureuser/.pyenv/versions/3.11.9/envs/airflow-venv/lib/python3.11/site-packages/airflow/example_dags/example_sla_dag.py took 0.099 seconds
[2025-07-30T00:23:39.558+0000] {processor.py:161} INFO - Started process (PID=34445) to work on /home/azureuser/.pyenv/versions/3.11.9/envs/airflow-venv/lib/python3.11/site-packages/airflow/example_dags/example_sla_dag.py
[2025-07-30T00:23:39.560+0000] {processor.py:830} INFO - Processing file /home/azureuser/.pyenv/versions/3.11.9/envs/airflow-venv/lib/python3.11/site-packages/airflow/example_dags/example_sla_dag.py for tasks to queue
[2025-07-30T00:23:39.561+0000] {logging_mixin.py:188} INFO - [2025-07-30T00:23:39.561+0000] {dagbag.py:538} INFO - Filling up the DagBag from /home/azureuser/.pyenv/versions/3.11.9/envs/airflow-venv/lib/python3.11/site-packages/airflow/example_dags/example_sla_dag.py
[2025-07-30T00:23:39.572+0000] {processor.py:840} INFO - DAG(s) 'example_sla_dag' retrieved from /home/azureuser/.pyenv/versions/3.11.9/envs/airflow-venv/lib/python3.11/site-packages/airflow/example_dags/example_sla_dag.py
[2025-07-30T00:23:39.592+0000] {logging_mixin.py:188} INFO - [2025-07-30T00:23:39.592+0000] {dag.py:3036} INFO - Sync 1 DAGs
[2025-07-30T00:23:39.619+0000] {logging_mixin.py:188} INFO - [2025-07-30T00:23:39.618+0000] {dag.py:3823} INFO - Setting next_dagrun for example_sla_dag to 2025-07-30 00:20:00+00:00, run_after=2025-07-30 00:22:00+00:00
[2025-07-30T00:23:39.656+0000] {processor.py:183} INFO - Processing /home/azureuser/.pyenv/versions/3.11.9/envs/airflow-venv/lib/python3.11/site-packages/airflow/example_dags/example_sla_dag.py took 0.102 seconds
[2025-07-30T00:24:25.779+0000] {processor.py:161} INFO - Started process (PID=34505) to work on /home/azureuser/.pyenv/versions/3.11.9/envs/airflow-venv/lib/python3.11/site-packages/airflow/example_dags/example_sla_dag.py
[2025-07-30T00:24:25.780+0000] {processor.py:830} INFO - Processing file /home/azureuser/.pyenv/versions/3.11.9/envs/airflow-venv/lib/python3.11/site-packages/airflow/example_dags/example_sla_dag.py for tasks to queue
[2025-07-30T00:24:25.781+0000] {logging_mixin.py:188} INFO - [2025-07-30T00:24:25.781+0000] {dagbag.py:538} INFO - Filling up the DagBag from /home/azureuser/.pyenv/versions/3.11.9/envs/airflow-venv/lib/python3.11/site-packages/airflow/example_dags/example_sla_dag.py
[2025-07-30T00:24:25.794+0000] {processor.py:840} INFO - DAG(s) 'example_sla_dag' retrieved from /home/azureuser/.pyenv/versions/3.11.9/envs/airflow-venv/lib/python3.11/site-packages/airflow/example_dags/example_sla_dag.py
[2025-07-30T00:24:25.813+0000] {logging_mixin.py:188} INFO - [2025-07-30T00:24:25.812+0000] {dag.py:3036} INFO - Sync 1 DAGs
[2025-07-30T00:24:25.997+0000] {logging_mixin.py:188} INFO - [2025-07-30T00:24:25.996+0000] {dag.py:3823} INFO - Setting next_dagrun for example_sla_dag to 2025-07-30 00:22:00+00:00, run_after=2025-07-30 00:24:00+00:00
[2025-07-30T00:24:26.033+0000] {processor.py:183} INFO - Processing /home/azureuser/.pyenv/versions/3.11.9/envs/airflow-venv/lib/python3.11/site-packages/airflow/example_dags/example_sla_dag.py took 0.258 seconds
[2025-07-30T00:25:15.629+0000] {processor.py:161} INFO - Started process (PID=34582) to work on /home/azureuser/.pyenv/versions/3.11.9/envs/airflow-venv/lib/python3.11/site-packages/airflow/example_dags/example_sla_dag.py
[2025-07-30T00:25:15.630+0000] {processor.py:830} INFO - Processing file /home/azureuser/.pyenv/versions/3.11.9/envs/airflow-venv/lib/python3.11/site-packages/airflow/example_dags/example_sla_dag.py for tasks to queue
[2025-07-30T00:25:15.631+0000] {logging_mixin.py:188} INFO - [2025-07-30T00:25:15.631+0000] {dagbag.py:538} INFO - Filling up the DagBag from /home/azureuser/.pyenv/versions/3.11.9/envs/airflow-venv/lib/python3.11/site-packages/airflow/example_dags/example_sla_dag.py
[2025-07-30T00:25:15.643+0000] {processor.py:840} INFO - DAG(s) 'example_sla_dag' retrieved from /home/azureuser/.pyenv/versions/3.11.9/envs/airflow-venv/lib/python3.11/site-packages/airflow/example_dags/example_sla_dag.py
[2025-07-30T00:25:15.663+0000] {logging_mixin.py:188} INFO - [2025-07-30T00:25:15.663+0000] {dag.py:3036} INFO - Sync 1 DAGs
[2025-07-30T00:25:15.690+0000] {logging_mixin.py:188} INFO - [2025-07-30T00:25:15.690+0000] {dag.py:3823} INFO - Setting next_dagrun for example_sla_dag to 2025-07-30 00:22:00+00:00, run_after=2025-07-30 00:24:00+00:00
[2025-07-30T00:25:15.733+0000] {processor.py:183} INFO - Processing /home/azureuser/.pyenv/versions/3.11.9/envs/airflow-venv/lib/python3.11/site-packages/airflow/example_dags/example_sla_dag.py took 0.109 seconds
[2025-07-30T00:25:57.374+0000] {processor.py:161} INFO - Started process (PID=34641) to work on /home/azureuser/.pyenv/versions/3.11.9/envs/airflow-venv/lib/python3.11/site-packages/airflow/example_dags/example_sla_dag.py
[2025-07-30T00:25:57.375+0000] {processor.py:830} INFO - Processing file /home/azureuser/.pyenv/versions/3.11.9/envs/airflow-venv/lib/python3.11/site-packages/airflow/example_dags/example_sla_dag.py for tasks to queue
[2025-07-30T00:25:57.376+0000] {logging_mixin.py:188} INFO - [2025-07-30T00:25:57.376+0000] {dagbag.py:538} INFO - Filling up the DagBag from /home/azureuser/.pyenv/versions/3.11.9/envs/airflow-venv/lib/python3.11/site-packages/airflow/example_dags/example_sla_dag.py
[2025-07-30T00:25:57.389+0000] {processor.py:840} INFO - DAG(s) 'example_sla_dag' retrieved from /home/azureuser/.pyenv/versions/3.11.9/envs/airflow-venv/lib/python3.11/site-packages/airflow/example_dags/example_sla_dag.py
[2025-07-30T00:25:57.399+0000] {logging_mixin.py:188} INFO - [2025-07-30T00:25:57.399+0000] {dag.py:3036} INFO - Sync 1 DAGs
[2025-07-30T00:25:57.429+0000] {logging_mixin.py:188} INFO - [2025-07-30T00:25:57.429+0000] {dag.py:3823} INFO - Setting next_dagrun for example_sla_dag to 2025-07-30 00:22:00+00:00, run_after=2025-07-30 00:24:00+00:00
[2025-07-30T00:25:57.472+0000] {processor.py:183} INFO - Processing /home/azureuser/.pyenv/versions/3.11.9/envs/airflow-venv/lib/python3.11/site-packages/airflow/example_dags/example_sla_dag.py took 0.102 seconds
[2025-07-30T20:45:46.427+0000] {processor.py:161} INFO - Started process (PID=1343) to work on /home/azureuser/.pyenv/versions/3.11.9/envs/airflow-venv/lib/python3.11/site-packages/airflow/example_dags/example_sla_dag.py
[2025-07-30T20:45:46.431+0000] {processor.py:830} INFO - Processing file /home/azureuser/.pyenv/versions/3.11.9/envs/airflow-venv/lib/python3.11/site-packages/airflow/example_dags/example_sla_dag.py for tasks to queue
[2025-07-30T20:45:46.432+0000] {logging_mixin.py:188} INFO - [2025-07-30T20:45:46.431+0000] {dagbag.py:538} INFO - Filling up the DagBag from /home/azureuser/.pyenv/versions/3.11.9/envs/airflow-venv/lib/python3.11/site-packages/airflow/example_dags/example_sla_dag.py
[2025-07-30T20:45:46.442+0000] {processor.py:840} INFO - DAG(s) 'example_sla_dag' retrieved from /home/azureuser/.pyenv/versions/3.11.9/envs/airflow-venv/lib/python3.11/site-packages/airflow/example_dags/example_sla_dag.py
[2025-07-30T20:45:46.540+0000] {logging_mixin.py:188} INFO - [2025-07-30T20:45:46.540+0000] {dag.py:3036} INFO - Sync 1 DAGs
[2025-07-30T20:45:46.562+0000] {logging_mixin.py:188} INFO - [2025-07-30T20:45:46.561+0000] {dag.py:3823} INFO - Setting next_dagrun for example_sla_dag to 2025-07-30 20:42:00+00:00, run_after=2025-07-30 20:44:00+00:00
[2025-07-30T20:45:46.587+0000] {processor.py:183} INFO - Processing /home/azureuser/.pyenv/versions/3.11.9/envs/airflow-venv/lib/python3.11/site-packages/airflow/example_dags/example_sla_dag.py took 0.163 seconds
[2025-07-30T20:46:36.294+0000] {processor.py:161} INFO - Started process (PID=1398) to work on /home/azureuser/.pyenv/versions/3.11.9/envs/airflow-venv/lib/python3.11/site-packages/airflow/example_dags/example_sla_dag.py
[2025-07-30T20:46:36.296+0000] {processor.py:830} INFO - Processing file /home/azureuser/.pyenv/versions/3.11.9/envs/airflow-venv/lib/python3.11/site-packages/airflow/example_dags/example_sla_dag.py for tasks to queue
[2025-07-30T20:46:36.297+0000] {logging_mixin.py:188} INFO - [2025-07-30T20:46:36.296+0000] {dagbag.py:538} INFO - Filling up the DagBag from /home/azureuser/.pyenv/versions/3.11.9/envs/airflow-venv/lib/python3.11/site-packages/airflow/example_dags/example_sla_dag.py
[2025-07-30T20:46:36.308+0000] {processor.py:840} INFO - DAG(s) 'example_sla_dag' retrieved from /home/azureuser/.pyenv/versions/3.11.9/envs/airflow-venv/lib/python3.11/site-packages/airflow/example_dags/example_sla_dag.py
[2025-07-30T20:46:36.325+0000] {logging_mixin.py:188} INFO - [2025-07-30T20:46:36.325+0000] {dag.py:3036} INFO - Sync 1 DAGs
[2025-07-30T20:46:36.348+0000] {logging_mixin.py:188} INFO - [2025-07-30T20:46:36.348+0000] {dag.py:3823} INFO - Setting next_dagrun for example_sla_dag to 2025-07-30 20:44:00+00:00, run_after=2025-07-30 20:46:00+00:00
[2025-07-30T20:46:36.374+0000] {processor.py:183} INFO - Processing /home/azureuser/.pyenv/versions/3.11.9/envs/airflow-venv/lib/python3.11/site-packages/airflow/example_dags/example_sla_dag.py took 0.088 seconds
[2025-07-30T20:47:24.078+0000] {processor.py:161} INFO - Started process (PID=1446) to work on /home/azureuser/.pyenv/versions/3.11.9/envs/airflow-venv/lib/python3.11/site-packages/airflow/example_dags/example_sla_dag.py
[2025-07-30T20:47:24.079+0000] {processor.py:830} INFO - Processing file /home/azureuser/.pyenv/versions/3.11.9/envs/airflow-venv/lib/python3.11/site-packages/airflow/example_dags/example_sla_dag.py for tasks to queue
[2025-07-30T20:47:24.080+0000] {logging_mixin.py:188} INFO - [2025-07-30T20:47:24.080+0000] {dagbag.py:538} INFO - Filling up the DagBag from /home/azureuser/.pyenv/versions/3.11.9/envs/airflow-venv/lib/python3.11/site-packages/airflow/example_dags/example_sla_dag.py
[2025-07-30T20:47:24.091+0000] {processor.py:840} INFO - DAG(s) 'example_sla_dag' retrieved from /home/azureuser/.pyenv/versions/3.11.9/envs/airflow-venv/lib/python3.11/site-packages/airflow/example_dags/example_sla_dag.py
[2025-07-30T20:47:24.108+0000] {logging_mixin.py:188} INFO - [2025-07-30T20:47:24.108+0000] {dag.py:3036} INFO - Sync 1 DAGs
[2025-07-30T20:47:24.131+0000] {logging_mixin.py:188} INFO - [2025-07-30T20:47:24.131+0000] {dag.py:3823} INFO - Setting next_dagrun for example_sla_dag to 2025-07-30 20:44:00+00:00, run_after=2025-07-30 20:46:00+00:00
[2025-07-30T20:47:24.157+0000] {processor.py:183} INFO - Processing /home/azureuser/.pyenv/versions/3.11.9/envs/airflow-venv/lib/python3.11/site-packages/airflow/example_dags/example_sla_dag.py took 0.083 seconds
[2025-07-30T21:03:34.256+0000] {processor.py:161} INFO - Started process (PID=1661) to work on /home/azureuser/.pyenv/versions/3.11.9/envs/airflow-venv/lib/python3.11/site-packages/airflow/example_dags/example_sla_dag.py
[2025-07-30T21:03:34.258+0000] {processor.py:830} INFO - Processing file /home/azureuser/.pyenv/versions/3.11.9/envs/airflow-venv/lib/python3.11/site-packages/airflow/example_dags/example_sla_dag.py for tasks to queue
[2025-07-30T21:03:34.259+0000] {logging_mixin.py:188} INFO - [2025-07-30T21:03:34.258+0000] {dagbag.py:538} INFO - Filling up the DagBag from /home/azureuser/.pyenv/versions/3.11.9/envs/airflow-venv/lib/python3.11/site-packages/airflow/example_dags/example_sla_dag.py
[2025-07-30T21:03:34.269+0000] {processor.py:840} INFO - DAG(s) 'example_sla_dag' retrieved from /home/azureuser/.pyenv/versions/3.11.9/envs/airflow-venv/lib/python3.11/site-packages/airflow/example_dags/example_sla_dag.py
[2025-07-30T21:03:34.287+0000] {logging_mixin.py:188} INFO - [2025-07-30T21:03:34.286+0000] {dag.py:3036} INFO - Sync 1 DAGs
[2025-07-30T21:03:34.311+0000] {logging_mixin.py:188} INFO - [2025-07-30T21:03:34.310+0000] {dag.py:3823} INFO - Setting next_dagrun for example_sla_dag to 2025-07-30 21:00:00+00:00, run_after=2025-07-30 21:02:00+00:00
[2025-07-30T21:03:34.336+0000] {processor.py:183} INFO - Processing /home/azureuser/.pyenv/versions/3.11.9/envs/airflow-venv/lib/python3.11/site-packages/airflow/example_dags/example_sla_dag.py took 0.084 seconds
[2025-07-30T21:04:29.910+0000] {processor.py:161} INFO - Started process (PID=1716) to work on /home/azureuser/.pyenv/versions/3.11.9/envs/airflow-venv/lib/python3.11/site-packages/airflow/example_dags/example_sla_dag.py
[2025-07-30T21:04:29.911+0000] {processor.py:830} INFO - Processing file /home/azureuser/.pyenv/versions/3.11.9/envs/airflow-venv/lib/python3.11/site-packages/airflow/example_dags/example_sla_dag.py for tasks to queue
[2025-07-30T21:04:29.912+0000] {logging_mixin.py:188} INFO - [2025-07-30T21:04:29.912+0000] {dagbag.py:538} INFO - Filling up the DagBag from /home/azureuser/.pyenv/versions/3.11.9/envs/airflow-venv/lib/python3.11/site-packages/airflow/example_dags/example_sla_dag.py
[2025-07-30T21:04:29.924+0000] {processor.py:840} INFO - DAG(s) 'example_sla_dag' retrieved from /home/azureuser/.pyenv/versions/3.11.9/envs/airflow-venv/lib/python3.11/site-packages/airflow/example_dags/example_sla_dag.py
[2025-07-30T21:04:29.942+0000] {logging_mixin.py:188} INFO - [2025-07-30T21:04:29.941+0000] {dag.py:3036} INFO - Sync 1 DAGs
[2025-07-30T21:04:30.097+0000] {logging_mixin.py:188} INFO - [2025-07-30T21:04:30.097+0000] {dag.py:3823} INFO - Setting next_dagrun for example_sla_dag to 2025-07-30 21:02:00+00:00, run_after=2025-07-30 21:04:00+00:00
[2025-07-30T21:04:30.124+0000] {processor.py:183} INFO - Processing /home/azureuser/.pyenv/versions/3.11.9/envs/airflow-venv/lib/python3.11/site-packages/airflow/example_dags/example_sla_dag.py took 0.218 seconds
[2025-07-30T21:05:19.129+0000] {processor.py:161} INFO - Started process (PID=1765) to work on /home/azureuser/.pyenv/versions/3.11.9/envs/airflow-venv/lib/python3.11/site-packages/airflow/example_dags/example_sla_dag.py
[2025-07-30T21:05:19.131+0000] {processor.py:830} INFO - Processing file /home/azureuser/.pyenv/versions/3.11.9/envs/airflow-venv/lib/python3.11/site-packages/airflow/example_dags/example_sla_dag.py for tasks to queue
[2025-07-30T21:05:19.133+0000] {logging_mixin.py:188} INFO - [2025-07-30T21:05:19.132+0000] {dagbag.py:538} INFO - Filling up the DagBag from /home/azureuser/.pyenv/versions/3.11.9/envs/airflow-venv/lib/python3.11/site-packages/airflow/example_dags/example_sla_dag.py
[2025-07-30T21:05:19.144+0000] {processor.py:840} INFO - DAG(s) 'example_sla_dag' retrieved from /home/azureuser/.pyenv/versions/3.11.9/envs/airflow-venv/lib/python3.11/site-packages/airflow/example_dags/example_sla_dag.py
[2025-07-30T21:05:19.162+0000] {logging_mixin.py:188} INFO - [2025-07-30T21:05:19.162+0000] {dag.py:3036} INFO - Sync 1 DAGs
[2025-07-30T21:05:19.187+0000] {logging_mixin.py:188} INFO - [2025-07-30T21:05:19.186+0000] {dag.py:3823} INFO - Setting next_dagrun for example_sla_dag to 2025-07-30 21:02:00+00:00, run_after=2025-07-30 21:04:00+00:00
[2025-07-30T21:05:19.214+0000] {processor.py:183} INFO - Processing /home/azureuser/.pyenv/versions/3.11.9/envs/airflow-venv/lib/python3.11/site-packages/airflow/example_dags/example_sla_dag.py took 0.093 seconds
[2025-07-30T21:06:13.668+0000] {processor.py:161} INFO - Started process (PID=1820) to work on /home/azureuser/.pyenv/versions/3.11.9/envs/airflow-venv/lib/python3.11/site-packages/airflow/example_dags/example_sla_dag.py
[2025-07-30T21:06:13.669+0000] {processor.py:830} INFO - Processing file /home/azureuser/.pyenv/versions/3.11.9/envs/airflow-venv/lib/python3.11/site-packages/airflow/example_dags/example_sla_dag.py for tasks to queue
[2025-07-30T21:06:13.670+0000] {logging_mixin.py:188} INFO - [2025-07-30T21:06:13.670+0000] {dagbag.py:538} INFO - Filling up the DagBag from /home/azureuser/.pyenv/versions/3.11.9/envs/airflow-venv/lib/python3.11/site-packages/airflow/example_dags/example_sla_dag.py
[2025-07-30T21:06:13.682+0000] {processor.py:840} INFO - DAG(s) 'example_sla_dag' retrieved from /home/azureuser/.pyenv/versions/3.11.9/envs/airflow-venv/lib/python3.11/site-packages/airflow/example_dags/example_sla_dag.py
[2025-07-30T21:06:13.700+0000] {logging_mixin.py:188} INFO - [2025-07-30T21:06:13.700+0000] {dag.py:3036} INFO - Sync 1 DAGs
[2025-07-30T21:06:13.725+0000] {logging_mixin.py:188} INFO - [2025-07-30T21:06:13.725+0000] {dag.py:3823} INFO - Setting next_dagrun for example_sla_dag to 2025-07-30 21:04:00+00:00, run_after=2025-07-30 21:06:00+00:00
[2025-07-30T21:06:13.757+0000] {processor.py:183} INFO - Processing /home/azureuser/.pyenv/versions/3.11.9/envs/airflow-venv/lib/python3.11/site-packages/airflow/example_dags/example_sla_dag.py took 0.093 seconds
[2025-07-30T21:07:07.997+0000] {processor.py:161} INFO - Started process (PID=1881) to work on /home/azureuser/.pyenv/versions/3.11.9/envs/airflow-venv/lib/python3.11/site-packages/airflow/example_dags/example_sla_dag.py
[2025-07-30T21:07:08.001+0000] {processor.py:830} INFO - Processing file /home/azureuser/.pyenv/versions/3.11.9/envs/airflow-venv/lib/python3.11/site-packages/airflow/example_dags/example_sla_dag.py for tasks to queue
[2025-07-30T21:07:08.002+0000] {logging_mixin.py:188} INFO - [2025-07-30T21:07:08.001+0000] {dagbag.py:538} INFO - Filling up the DagBag from /home/azureuser/.pyenv/versions/3.11.9/envs/airflow-venv/lib/python3.11/site-packages/airflow/example_dags/example_sla_dag.py
[2025-07-30T21:07:08.014+0000] {processor.py:840} INFO - DAG(s) 'example_sla_dag' retrieved from /home/azureuser/.pyenv/versions/3.11.9/envs/airflow-venv/lib/python3.11/site-packages/airflow/example_dags/example_sla_dag.py
[2025-07-30T21:07:08.054+0000] {logging_mixin.py:188} INFO - [2025-07-30T21:07:08.050+0000] {dag.py:3036} INFO - Sync 1 DAGs
[2025-07-30T21:07:08.093+0000] {logging_mixin.py:188} INFO - [2025-07-30T21:07:08.092+0000] {dag.py:3823} INFO - Setting next_dagrun for example_sla_dag to 2025-07-30 21:04:00+00:00, run_after=2025-07-30 21:06:00+00:00
[2025-07-30T21:07:08.134+0000] {processor.py:183} INFO - Processing /home/azureuser/.pyenv/versions/3.11.9/envs/airflow-venv/lib/python3.11/site-packages/airflow/example_dags/example_sla_dag.py took 0.141 seconds
