[2025-07-30T00:21:16.776+0000] {processor.py:161} INFO - Started process (PID=34227) to work on /home/azureuser/.pyenv/versions/3.11.9/envs/airflow-venv/lib/python3.11/site-packages/airflow/example_dags/example_python_operator.py
[2025-07-30T00:21:16.777+0000] {processor.py:830} INFO - Processing file /home/azureuser/.pyenv/versions/3.11.9/envs/airflow-venv/lib/python3.11/site-packages/airflow/example_dags/example_python_operator.py for tasks to queue
[2025-07-30T00:21:16.778+0000] {logging_mixin.py:188} INFO - [2025-07-30T00:21:16.777+0000] {dagbag.py:538} INFO - Filling up the DagBag from /home/azureuser/.pyenv/versions/3.11.9/envs/airflow-venv/lib/python3.11/site-packages/airflow/example_dags/example_python_operator.py
[2025-07-30T00:21:16.787+0000] {logging_mixin.py:188} INFO - [2025-07-30T00:21:16.787+0000] {example_python_operator.py:88} WARNING - The virtalenv_python example task requires virtualenv, please install it.
[2025-07-30T00:21:16.787+0000] {processor.py:840} INFO - DAG(s) 'example_python_operator' retrieved from /home/azureuser/.pyenv/versions/3.11.9/envs/airflow-venv/lib/python3.11/site-packages/airflow/example_dags/example_python_operator.py
[2025-07-30T00:21:16.965+0000] {logging_mixin.py:188} INFO - [2025-07-30T00:21:16.964+0000] {override.py:1769} INFO - Created Permission View: can delete on DAG:example_python_operator
[2025-07-30T00:21:16.991+0000] {logging_mixin.py:188} INFO - [2025-07-30T00:21:16.990+0000] {override.py:1769} INFO - Created Permission View: can read on DAG:example_python_operator
[2025-07-30T00:21:17.025+0000] {logging_mixin.py:188} INFO - [2025-07-30T00:21:17.025+0000] {override.py:1769} INFO - Created Permission View: can edit on DAG:example_python_operator
[2025-07-30T00:21:17.026+0000] {logging_mixin.py:188} INFO - [2025-07-30T00:21:17.026+0000] {dag.py:3036} INFO - Sync 1 DAGs
[2025-07-30T00:21:17.040+0000] {logging_mixin.py:188} INFO - [2025-07-30T00:21:17.040+0000] {dag.py:3058} INFO - Creating ORM DAG for example_python_operator
[2025-07-30T00:21:17.041+0000] {logging_mixin.py:188} INFO - [2025-07-30T00:21:17.041+0000] {dag.py:3823} INFO - Setting next_dagrun for example_python_operator to None, run_after=None
[2025-07-30T00:21:17.081+0000] {processor.py:183} INFO - Processing /home/azureuser/.pyenv/versions/3.11.9/envs/airflow-venv/lib/python3.11/site-packages/airflow/example_dags/example_python_operator.py took 0.310 seconds
[2025-07-30T00:22:10.316+0000] {processor.py:161} INFO - Started process (PID=34314) to work on /home/azureuser/.pyenv/versions/3.11.9/envs/airflow-venv/lib/python3.11/site-packages/airflow/example_dags/example_python_operator.py
[2025-07-30T00:22:10.318+0000] {processor.py:830} INFO - Processing file /home/azureuser/.pyenv/versions/3.11.9/envs/airflow-venv/lib/python3.11/site-packages/airflow/example_dags/example_python_operator.py for tasks to queue
[2025-07-30T00:22:10.319+0000] {logging_mixin.py:188} INFO - [2025-07-30T00:22:10.318+0000] {dagbag.py:538} INFO - Filling up the DagBag from /home/azureuser/.pyenv/versions/3.11.9/envs/airflow-venv/lib/python3.11/site-packages/airflow/example_dags/example_python_operator.py
[2025-07-30T00:22:10.329+0000] {logging_mixin.py:188} INFO - [2025-07-30T00:22:10.328+0000] {example_python_operator.py:88} WARNING - The virtalenv_python example task requires virtualenv, please install it.
[2025-07-30T00:22:10.329+0000] {processor.py:840} INFO - DAG(s) 'example_python_operator' retrieved from /home/azureuser/.pyenv/versions/3.11.9/envs/airflow-venv/lib/python3.11/site-packages/airflow/example_dags/example_python_operator.py
[2025-07-30T00:22:10.350+0000] {logging_mixin.py:188} INFO - [2025-07-30T00:22:10.350+0000] {dag.py:3036} INFO - Sync 1 DAGs
[2025-07-30T00:22:10.364+0000] {logging_mixin.py:188} INFO - [2025-07-30T00:22:10.363+0000] {dag.py:3823} INFO - Setting next_dagrun for example_python_operator to None, run_after=None
[2025-07-30T00:22:10.401+0000] {processor.py:183} INFO - Processing /home/azureuser/.pyenv/versions/3.11.9/envs/airflow-venv/lib/python3.11/site-packages/airflow/example_dags/example_python_operator.py took 0.089 seconds
[2025-07-30T00:23:01.280+0000] {processor.py:161} INFO - Started process (PID=34384) to work on /home/azureuser/.pyenv/versions/3.11.9/envs/airflow-venv/lib/python3.11/site-packages/airflow/example_dags/example_python_operator.py
[2025-07-30T00:23:01.281+0000] {processor.py:830} INFO - Processing file /home/azureuser/.pyenv/versions/3.11.9/envs/airflow-venv/lib/python3.11/site-packages/airflow/example_dags/example_python_operator.py for tasks to queue
[2025-07-30T00:23:01.283+0000] {logging_mixin.py:188} INFO - [2025-07-30T00:23:01.282+0000] {dagbag.py:538} INFO - Filling up the DagBag from /home/azureuser/.pyenv/versions/3.11.9/envs/airflow-venv/lib/python3.11/site-packages/airflow/example_dags/example_python_operator.py
[2025-07-30T00:23:01.292+0000] {logging_mixin.py:188} INFO - [2025-07-30T00:23:01.292+0000] {example_python_operator.py:88} WARNING - The virtalenv_python example task requires virtualenv, please install it.
[2025-07-30T00:23:01.292+0000] {processor.py:840} INFO - DAG(s) 'example_python_operator' retrieved from /home/azureuser/.pyenv/versions/3.11.9/envs/airflow-venv/lib/python3.11/site-packages/airflow/example_dags/example_python_operator.py
[2025-07-30T00:23:01.314+0000] {logging_mixin.py:188} INFO - [2025-07-30T00:23:01.314+0000] {dag.py:3036} INFO - Sync 1 DAGs
[2025-07-30T00:23:01.330+0000] {logging_mixin.py:188} INFO - [2025-07-30T00:23:01.330+0000] {dag.py:3823} INFO - Setting next_dagrun for example_python_operator to None, run_after=None
[2025-07-30T00:23:01.374+0000] {processor.py:183} INFO - Processing /home/azureuser/.pyenv/versions/3.11.9/envs/airflow-venv/lib/python3.11/site-packages/airflow/example_dags/example_python_operator.py took 0.098 seconds
[2025-07-30T00:23:46.442+0000] {processor.py:161} INFO - Started process (PID=34454) to work on /home/azureuser/.pyenv/versions/3.11.9/envs/airflow-venv/lib/python3.11/site-packages/airflow/example_dags/example_python_operator.py
[2025-07-30T00:23:46.443+0000] {processor.py:830} INFO - Processing file /home/azureuser/.pyenv/versions/3.11.9/envs/airflow-venv/lib/python3.11/site-packages/airflow/example_dags/example_python_operator.py for tasks to queue
[2025-07-30T00:23:46.444+0000] {logging_mixin.py:188} INFO - [2025-07-30T00:23:46.444+0000] {dagbag.py:538} INFO - Filling up the DagBag from /home/azureuser/.pyenv/versions/3.11.9/envs/airflow-venv/lib/python3.11/site-packages/airflow/example_dags/example_python_operator.py
[2025-07-30T00:23:46.453+0000] {logging_mixin.py:188} INFO - [2025-07-30T00:23:46.453+0000] {example_python_operator.py:88} WARNING - The virtalenv_python example task requires virtualenv, please install it.
[2025-07-30T00:23:46.454+0000] {processor.py:840} INFO - DAG(s) 'example_python_operator' retrieved from /home/azureuser/.pyenv/versions/3.11.9/envs/airflow-venv/lib/python3.11/site-packages/airflow/example_dags/example_python_operator.py
[2025-07-30T00:23:46.475+0000] {logging_mixin.py:188} INFO - [2025-07-30T00:23:46.475+0000] {dag.py:3036} INFO - Sync 1 DAGs
[2025-07-30T00:23:46.488+0000] {logging_mixin.py:188} INFO - [2025-07-30T00:23:46.488+0000] {dag.py:3823} INFO - Setting next_dagrun for example_python_operator to None, run_after=None
[2025-07-30T00:23:46.529+0000] {processor.py:183} INFO - Processing /home/azureuser/.pyenv/versions/3.11.9/envs/airflow-venv/lib/python3.11/site-packages/airflow/example_dags/example_python_operator.py took 0.091 seconds
[2025-07-30T00:24:33.811+0000] {processor.py:161} INFO - Started process (PID=34515) to work on /home/azureuser/.pyenv/versions/3.11.9/envs/airflow-venv/lib/python3.11/site-packages/airflow/example_dags/example_python_operator.py
[2025-07-30T00:24:33.814+0000] {processor.py:830} INFO - Processing file /home/azureuser/.pyenv/versions/3.11.9/envs/airflow-venv/lib/python3.11/site-packages/airflow/example_dags/example_python_operator.py for tasks to queue
[2025-07-30T00:24:33.815+0000] {logging_mixin.py:188} INFO - [2025-07-30T00:24:33.815+0000] {dagbag.py:538} INFO - Filling up the DagBag from /home/azureuser/.pyenv/versions/3.11.9/envs/airflow-venv/lib/python3.11/site-packages/airflow/example_dags/example_python_operator.py
[2025-07-30T00:24:33.824+0000] {logging_mixin.py:188} INFO - [2025-07-30T00:24:33.824+0000] {example_python_operator.py:88} WARNING - The virtalenv_python example task requires virtualenv, please install it.
[2025-07-30T00:24:33.825+0000] {processor.py:840} INFO - DAG(s) 'example_python_operator' retrieved from /home/azureuser/.pyenv/versions/3.11.9/envs/airflow-venv/lib/python3.11/site-packages/airflow/example_dags/example_python_operator.py
[2025-07-30T00:24:33.847+0000] {logging_mixin.py:188} INFO - [2025-07-30T00:24:33.847+0000] {dag.py:3036} INFO - Sync 1 DAGs
[2025-07-30T00:24:34.019+0000] {logging_mixin.py:188} INFO - [2025-07-30T00:24:34.019+0000] {dag.py:3823} INFO - Setting next_dagrun for example_python_operator to None, run_after=None
[2025-07-30T00:24:34.056+0000] {processor.py:183} INFO - Processing /home/azureuser/.pyenv/versions/3.11.9/envs/airflow-venv/lib/python3.11/site-packages/airflow/example_dags/example_python_operator.py took 0.253 seconds
[2025-07-30T00:25:23.368+0000] {processor.py:161} INFO - Started process (PID=34593) to work on /home/azureuser/.pyenv/versions/3.11.9/envs/airflow-venv/lib/python3.11/site-packages/airflow/example_dags/example_python_operator.py
[2025-07-30T00:25:23.370+0000] {processor.py:830} INFO - Processing file /home/azureuser/.pyenv/versions/3.11.9/envs/airflow-venv/lib/python3.11/site-packages/airflow/example_dags/example_python_operator.py for tasks to queue
[2025-07-30T00:25:23.371+0000] {logging_mixin.py:188} INFO - [2025-07-30T00:25:23.371+0000] {dagbag.py:538} INFO - Filling up the DagBag from /home/azureuser/.pyenv/versions/3.11.9/envs/airflow-venv/lib/python3.11/site-packages/airflow/example_dags/example_python_operator.py
[2025-07-30T00:25:23.381+0000] {logging_mixin.py:188} INFO - [2025-07-30T00:25:23.380+0000] {example_python_operator.py:88} WARNING - The virtalenv_python example task requires virtualenv, please install it.
[2025-07-30T00:25:23.381+0000] {processor.py:840} INFO - DAG(s) 'example_python_operator' retrieved from /home/azureuser/.pyenv/versions/3.11.9/envs/airflow-venv/lib/python3.11/site-packages/airflow/example_dags/example_python_operator.py
[2025-07-30T00:25:23.404+0000] {logging_mixin.py:188} INFO - [2025-07-30T00:25:23.403+0000] {dag.py:3036} INFO - Sync 1 DAGs
[2025-07-30T00:25:23.418+0000] {logging_mixin.py:188} INFO - [2025-07-30T00:25:23.418+0000] {dag.py:3823} INFO - Setting next_dagrun for example_python_operator to None, run_after=None
[2025-07-30T00:25:23.457+0000] {processor.py:183} INFO - Processing /home/azureuser/.pyenv/versions/3.11.9/envs/airflow-venv/lib/python3.11/site-packages/airflow/example_dags/example_python_operator.py took 0.093 seconds
[2025-07-30T00:26:32.975+0000] {processor.py:161} INFO - Started process (PID=34692) to work on /home/azureuser/.pyenv/versions/3.11.9/envs/airflow-venv/lib/python3.11/site-packages/airflow/example_dags/example_python_operator.py
[2025-07-30T00:26:32.977+0000] {processor.py:830} INFO - Processing file /home/azureuser/.pyenv/versions/3.11.9/envs/airflow-venv/lib/python3.11/site-packages/airflow/example_dags/example_python_operator.py for tasks to queue
[2025-07-30T00:26:32.981+0000] {logging_mixin.py:188} INFO - [2025-07-30T00:26:32.977+0000] {dagbag.py:538} INFO - Filling up the DagBag from /home/azureuser/.pyenv/versions/3.11.9/envs/airflow-venv/lib/python3.11/site-packages/airflow/example_dags/example_python_operator.py
[2025-07-30T00:26:33.011+0000] {logging_mixin.py:188} INFO - [2025-07-30T00:26:33.007+0000] {example_python_operator.py:88} WARNING - The virtalenv_python example task requires virtualenv, please install it.
[2025-07-30T00:26:33.012+0000] {processor.py:840} INFO - DAG(s) 'example_python_operator' retrieved from /home/azureuser/.pyenv/versions/3.11.9/envs/airflow-venv/lib/python3.11/site-packages/airflow/example_dags/example_python_operator.py
[2025-07-30T00:26:33.353+0000] {logging_mixin.py:188} INFO - [2025-07-30T00:26:33.350+0000] {dag.py:3036} INFO - Sync 1 DAGs
[2025-07-30T00:26:33.366+0000] {logging_mixin.py:188} INFO - [2025-07-30T00:26:33.366+0000] {dag.py:3823} INFO - Setting next_dagrun for example_python_operator to None, run_after=None
[2025-07-30T00:26:33.566+0000] {processor.py:183} INFO - Processing /home/azureuser/.pyenv/versions/3.11.9/envs/airflow-venv/lib/python3.11/site-packages/airflow/example_dags/example_python_operator.py took 0.595 seconds
[2025-07-30T20:45:53.949+0000] {processor.py:161} INFO - Started process (PID=1350) to work on /home/azureuser/.pyenv/versions/3.11.9/envs/airflow-venv/lib/python3.11/site-packages/airflow/example_dags/example_python_operator.py
[2025-07-30T20:45:53.952+0000] {processor.py:830} INFO - Processing file /home/azureuser/.pyenv/versions/3.11.9/envs/airflow-venv/lib/python3.11/site-packages/airflow/example_dags/example_python_operator.py for tasks to queue
[2025-07-30T20:45:53.953+0000] {logging_mixin.py:188} INFO - [2025-07-30T20:45:53.952+0000] {dagbag.py:538} INFO - Filling up the DagBag from /home/azureuser/.pyenv/versions/3.11.9/envs/airflow-venv/lib/python3.11/site-packages/airflow/example_dags/example_python_operator.py
[2025-07-30T20:45:53.960+0000] {logging_mixin.py:188} INFO - [2025-07-30T20:45:53.960+0000] {example_python_operator.py:88} WARNING - The virtalenv_python example task requires virtualenv, please install it.
[2025-07-30T20:45:53.961+0000] {processor.py:840} INFO - DAG(s) 'example_python_operator' retrieved from /home/azureuser/.pyenv/versions/3.11.9/envs/airflow-venv/lib/python3.11/site-packages/airflow/example_dags/example_python_operator.py
[2025-07-30T20:45:53.981+0000] {logging_mixin.py:188} INFO - [2025-07-30T20:45:53.981+0000] {dag.py:3036} INFO - Sync 1 DAGs
[2025-07-30T20:45:53.992+0000] {logging_mixin.py:188} INFO - [2025-07-30T20:45:53.992+0000] {dag.py:3823} INFO - Setting next_dagrun for example_python_operator to None, run_after=None
[2025-07-30T20:45:54.021+0000] {processor.py:183} INFO - Processing /home/azureuser/.pyenv/versions/3.11.9/envs/airflow-venv/lib/python3.11/site-packages/airflow/example_dags/example_python_operator.py took 0.076 seconds
[2025-07-30T20:46:43.724+0000] {processor.py:161} INFO - Started process (PID=1405) to work on /home/azureuser/.pyenv/versions/3.11.9/envs/airflow-venv/lib/python3.11/site-packages/airflow/example_dags/example_python_operator.py
[2025-07-30T20:46:43.726+0000] {processor.py:830} INFO - Processing file /home/azureuser/.pyenv/versions/3.11.9/envs/airflow-venv/lib/python3.11/site-packages/airflow/example_dags/example_python_operator.py for tasks to queue
[2025-07-30T20:46:43.727+0000] {logging_mixin.py:188} INFO - [2025-07-30T20:46:43.726+0000] {dagbag.py:538} INFO - Filling up the DagBag from /home/azureuser/.pyenv/versions/3.11.9/envs/airflow-venv/lib/python3.11/site-packages/airflow/example_dags/example_python_operator.py
[2025-07-30T20:46:43.735+0000] {logging_mixin.py:188} INFO - [2025-07-30T20:46:43.735+0000] {example_python_operator.py:88} WARNING - The virtalenv_python example task requires virtualenv, please install it.
[2025-07-30T20:46:43.735+0000] {processor.py:840} INFO - DAG(s) 'example_python_operator' retrieved from /home/azureuser/.pyenv/versions/3.11.9/envs/airflow-venv/lib/python3.11/site-packages/airflow/example_dags/example_python_operator.py
[2025-07-30T20:46:43.754+0000] {logging_mixin.py:188} INFO - [2025-07-30T20:46:43.754+0000] {dag.py:3036} INFO - Sync 1 DAGs
[2025-07-30T20:46:43.766+0000] {logging_mixin.py:188} INFO - [2025-07-30T20:46:43.766+0000] {dag.py:3823} INFO - Setting next_dagrun for example_python_operator to None, run_after=None
[2025-07-30T20:46:43.809+0000] {processor.py:183} INFO - Processing /home/azureuser/.pyenv/versions/3.11.9/envs/airflow-venv/lib/python3.11/site-packages/airflow/example_dags/example_python_operator.py took 0.088 seconds
[2025-07-30T20:47:30.303+0000] {processor.py:161} INFO - Started process (PID=1453) to work on /home/azureuser/.pyenv/versions/3.11.9/envs/airflow-venv/lib/python3.11/site-packages/airflow/example_dags/example_python_operator.py
[2025-07-30T20:47:30.304+0000] {processor.py:830} INFO - Processing file /home/azureuser/.pyenv/versions/3.11.9/envs/airflow-venv/lib/python3.11/site-packages/airflow/example_dags/example_python_operator.py for tasks to queue
[2025-07-30T20:47:30.305+0000] {logging_mixin.py:188} INFO - [2025-07-30T20:47:30.305+0000] {dagbag.py:538} INFO - Filling up the DagBag from /home/azureuser/.pyenv/versions/3.11.9/envs/airflow-venv/lib/python3.11/site-packages/airflow/example_dags/example_python_operator.py
[2025-07-30T20:47:30.314+0000] {logging_mixin.py:188} INFO - [2025-07-30T20:47:30.314+0000] {example_python_operator.py:88} WARNING - The virtalenv_python example task requires virtualenv, please install it.
[2025-07-30T20:47:30.314+0000] {processor.py:840} INFO - DAG(s) 'example_python_operator' retrieved from /home/azureuser/.pyenv/versions/3.11.9/envs/airflow-venv/lib/python3.11/site-packages/airflow/example_dags/example_python_operator.py
[2025-07-30T20:47:30.333+0000] {logging_mixin.py:188} INFO - [2025-07-30T20:47:30.333+0000] {dag.py:3036} INFO - Sync 1 DAGs
[2025-07-30T20:47:30.345+0000] {logging_mixin.py:188} INFO - [2025-07-30T20:47:30.345+0000] {dag.py:3823} INFO - Setting next_dagrun for example_python_operator to None, run_after=None
[2025-07-30T20:47:30.376+0000] {processor.py:183} INFO - Processing /home/azureuser/.pyenv/versions/3.11.9/envs/airflow-venv/lib/python3.11/site-packages/airflow/example_dags/example_python_operator.py took 0.076 seconds
[2025-07-30T21:03:41.649+0000] {processor.py:161} INFO - Started process (PID=1669) to work on /home/azureuser/.pyenv/versions/3.11.9/envs/airflow-venv/lib/python3.11/site-packages/airflow/example_dags/example_python_operator.py
[2025-07-30T21:03:41.653+0000] {processor.py:830} INFO - Processing file /home/azureuser/.pyenv/versions/3.11.9/envs/airflow-venv/lib/python3.11/site-packages/airflow/example_dags/example_python_operator.py for tasks to queue
[2025-07-30T21:03:41.655+0000] {logging_mixin.py:188} INFO - [2025-07-30T21:03:41.654+0000] {dagbag.py:538} INFO - Filling up the DagBag from /home/azureuser/.pyenv/versions/3.11.9/envs/airflow-venv/lib/python3.11/site-packages/airflow/example_dags/example_python_operator.py
[2025-07-30T21:03:41.672+0000] {logging_mixin.py:188} INFO - [2025-07-30T21:03:41.671+0000] {example_python_operator.py:88} WARNING - The virtalenv_python example task requires virtualenv, please install it.
[2025-07-30T21:03:41.672+0000] {processor.py:840} INFO - DAG(s) 'example_python_operator' retrieved from /home/azureuser/.pyenv/versions/3.11.9/envs/airflow-venv/lib/python3.11/site-packages/airflow/example_dags/example_python_operator.py
[2025-07-30T21:03:41.707+0000] {logging_mixin.py:188} INFO - [2025-07-30T21:03:41.707+0000] {dag.py:3036} INFO - Sync 1 DAGs
[2025-07-30T21:03:41.731+0000] {logging_mixin.py:188} INFO - [2025-07-30T21:03:41.731+0000] {dag.py:3823} INFO - Setting next_dagrun for example_python_operator to None, run_after=None
[2025-07-30T21:03:41.777+0000] {processor.py:183} INFO - Processing /home/azureuser/.pyenv/versions/3.11.9/envs/airflow-venv/lib/python3.11/site-packages/airflow/example_dags/example_python_operator.py took 0.134 seconds
[2025-07-30T21:04:37.945+0000] {processor.py:161} INFO - Started process (PID=1723) to work on /home/azureuser/.pyenv/versions/3.11.9/envs/airflow-venv/lib/python3.11/site-packages/airflow/example_dags/example_python_operator.py
[2025-07-30T21:04:37.946+0000] {processor.py:830} INFO - Processing file /home/azureuser/.pyenv/versions/3.11.9/envs/airflow-venv/lib/python3.11/site-packages/airflow/example_dags/example_python_operator.py for tasks to queue
[2025-07-30T21:04:37.947+0000] {logging_mixin.py:188} INFO - [2025-07-30T21:04:37.947+0000] {dagbag.py:538} INFO - Filling up the DagBag from /home/azureuser/.pyenv/versions/3.11.9/envs/airflow-venv/lib/python3.11/site-packages/airflow/example_dags/example_python_operator.py
[2025-07-30T21:04:37.956+0000] {logging_mixin.py:188} INFO - [2025-07-30T21:04:37.956+0000] {example_python_operator.py:88} WARNING - The virtalenv_python example task requires virtualenv, please install it.
[2025-07-30T21:04:37.957+0000] {processor.py:840} INFO - DAG(s) 'example_python_operator' retrieved from /home/azureuser/.pyenv/versions/3.11.9/envs/airflow-venv/lib/python3.11/site-packages/airflow/example_dags/example_python_operator.py
[2025-07-30T21:04:37.976+0000] {logging_mixin.py:188} INFO - [2025-07-30T21:04:37.976+0000] {dag.py:3036} INFO - Sync 1 DAGs
[2025-07-30T21:04:38.120+0000] {logging_mixin.py:188} INFO - [2025-07-30T21:04:38.120+0000] {dag.py:3823} INFO - Setting next_dagrun for example_python_operator to None, run_after=None
[2025-07-30T21:04:38.145+0000] {processor.py:183} INFO - Processing /home/azureuser/.pyenv/versions/3.11.9/envs/airflow-venv/lib/python3.11/site-packages/airflow/example_dags/example_python_operator.py took 0.204 seconds
[2025-07-30T21:05:26.080+0000] {processor.py:161} INFO - Started process (PID=1772) to work on /home/azureuser/.pyenv/versions/3.11.9/envs/airflow-venv/lib/python3.11/site-packages/airflow/example_dags/example_python_operator.py
[2025-07-30T21:05:26.081+0000] {processor.py:830} INFO - Processing file /home/azureuser/.pyenv/versions/3.11.9/envs/airflow-venv/lib/python3.11/site-packages/airflow/example_dags/example_python_operator.py for tasks to queue
[2025-07-30T21:05:26.082+0000] {logging_mixin.py:188} INFO - [2025-07-30T21:05:26.082+0000] {dagbag.py:538} INFO - Filling up the DagBag from /home/azureuser/.pyenv/versions/3.11.9/envs/airflow-venv/lib/python3.11/site-packages/airflow/example_dags/example_python_operator.py
[2025-07-30T21:05:26.091+0000] {logging_mixin.py:188} INFO - [2025-07-30T21:05:26.091+0000] {example_python_operator.py:88} WARNING - The virtalenv_python example task requires virtualenv, please install it.
[2025-07-30T21:05:26.092+0000] {processor.py:840} INFO - DAG(s) 'example_python_operator' retrieved from /home/azureuser/.pyenv/versions/3.11.9/envs/airflow-venv/lib/python3.11/site-packages/airflow/example_dags/example_python_operator.py
[2025-07-30T21:05:26.113+0000] {logging_mixin.py:188} INFO - [2025-07-30T21:05:26.113+0000] {dag.py:3036} INFO - Sync 1 DAGs
[2025-07-30T21:05:26.126+0000] {logging_mixin.py:188} INFO - [2025-07-30T21:05:26.125+0000] {dag.py:3823} INFO - Setting next_dagrun for example_python_operator to None, run_after=None
[2025-07-30T21:05:26.153+0000] {processor.py:183} INFO - Processing /home/azureuser/.pyenv/versions/3.11.9/envs/airflow-venv/lib/python3.11/site-packages/airflow/example_dags/example_python_operator.py took 0.077 seconds
[2025-07-30T21:06:21.033+0000] {processor.py:161} INFO - Started process (PID=1827) to work on /home/azureuser/.pyenv/versions/3.11.9/envs/airflow-venv/lib/python3.11/site-packages/airflow/example_dags/example_python_operator.py
[2025-07-30T21:06:21.035+0000] {processor.py:830} INFO - Processing file /home/azureuser/.pyenv/versions/3.11.9/envs/airflow-venv/lib/python3.11/site-packages/airflow/example_dags/example_python_operator.py for tasks to queue
[2025-07-30T21:06:21.036+0000] {logging_mixin.py:188} INFO - [2025-07-30T21:06:21.035+0000] {dagbag.py:538} INFO - Filling up the DagBag from /home/azureuser/.pyenv/versions/3.11.9/envs/airflow-venv/lib/python3.11/site-packages/airflow/example_dags/example_python_operator.py
[2025-07-30T21:06:21.045+0000] {logging_mixin.py:188} INFO - [2025-07-30T21:06:21.044+0000] {example_python_operator.py:88} WARNING - The virtalenv_python example task requires virtualenv, please install it.
[2025-07-30T21:06:21.045+0000] {processor.py:840} INFO - DAG(s) 'example_python_operator' retrieved from /home/azureuser/.pyenv/versions/3.11.9/envs/airflow-venv/lib/python3.11/site-packages/airflow/example_dags/example_python_operator.py
[2025-07-30T21:06:21.066+0000] {logging_mixin.py:188} INFO - [2025-07-30T21:06:21.065+0000] {dag.py:3036} INFO - Sync 1 DAGs
[2025-07-30T21:06:21.079+0000] {logging_mixin.py:188} INFO - [2025-07-30T21:06:21.078+0000] {dag.py:3823} INFO - Setting next_dagrun for example_python_operator to None, run_after=None
[2025-07-30T21:06:21.108+0000] {processor.py:183} INFO - Processing /home/azureuser/.pyenv/versions/3.11.9/envs/airflow-venv/lib/python3.11/site-packages/airflow/example_dags/example_python_operator.py took 0.078 seconds
