[2025-07-30T00:21:42.403+0000] {processor.py:161} INFO - Started process (PID=34268) to work on /home/azureuser/.pyenv/versions/3.11.9/envs/airflow-venv/lib/python3.11/site-packages/airflow/example_dags/example_branch_python_dop_operator_3.py
[2025-07-30T00:21:42.404+0000] {processor.py:830} INFO - Processing file /home/azureuser/.pyenv/versions/3.11.9/envs/airflow-venv/lib/python3.11/site-packages/airflow/example_dags/example_branch_python_dop_operator_3.py for tasks to queue
[2025-07-30T00:21:42.406+0000] {logging_mixin.py:188} INFO - [2025-07-30T00:21:42.405+0000] {dagbag.py:538} INFO - Filling up the DagBag from /home/azureuser/.pyenv/versions/3.11.9/envs/airflow-venv/lib/python3.11/site-packages/airflow/example_dags/example_branch_python_dop_operator_3.py
[2025-07-30T00:21:42.418+0000] {processor.py:840} INFO - DAG(s) 'example_branch_dop_operator_v3' retrieved from /home/azureuser/.pyenv/versions/3.11.9/envs/airflow-venv/lib/python3.11/site-packages/airflow/example_dags/example_branch_python_dop_operator_3.py
[2025-07-30T00:21:42.576+0000] {logging_mixin.py:188} INFO - [2025-07-30T00:21:42.575+0000] {override.py:1769} INFO - Created Permission View: can delete on DAG:example_branch_dop_operator_v3
[2025-07-30T00:21:42.604+0000] {logging_mixin.py:188} INFO - [2025-07-30T00:21:42.603+0000] {override.py:1769} INFO - Created Permission View: can read on DAG:example_branch_dop_operator_v3
[2025-07-30T00:21:42.627+0000] {logging_mixin.py:188} INFO - [2025-07-30T00:21:42.626+0000] {override.py:1769} INFO - Created Permission View: can edit on DAG:example_branch_dop_operator_v3
[2025-07-30T00:21:42.627+0000] {logging_mixin.py:188} INFO - [2025-07-30T00:21:42.627+0000] {dag.py:3036} INFO - Sync 1 DAGs
[2025-07-30T00:21:42.639+0000] {logging_mixin.py:188} INFO - [2025-07-30T00:21:42.638+0000] {dag.py:3058} INFO - Creating ORM DAG for example_branch_dop_operator_v3
[2025-07-30T00:21:42.654+0000] {logging_mixin.py:188} INFO - [2025-07-30T00:21:42.654+0000] {dag.py:3823} INFO - Setting next_dagrun for example_branch_dop_operator_v3 to 2025-07-30 00:20:00+00:00, run_after=2025-07-30 00:21:00+00:00
[2025-07-30T00:21:42.694+0000] {processor.py:183} INFO - Processing /home/azureuser/.pyenv/versions/3.11.9/envs/airflow-venv/lib/python3.11/site-packages/airflow/example_dags/example_branch_python_dop_operator_3.py took 0.295 seconds
[2025-07-30T00:22:51.032+0000] {processor.py:161} INFO - Started process (PID=34370) to work on /home/azureuser/.pyenv/versions/3.11.9/envs/airflow-venv/lib/python3.11/site-packages/airflow/example_dags/example_branch_python_dop_operator_3.py
[2025-07-30T00:22:51.034+0000] {processor.py:830} INFO - Processing file /home/azureuser/.pyenv/versions/3.11.9/envs/airflow-venv/lib/python3.11/site-packages/airflow/example_dags/example_branch_python_dop_operator_3.py for tasks to queue
[2025-07-30T00:22:51.035+0000] {logging_mixin.py:188} INFO - [2025-07-30T00:22:51.034+0000] {dagbag.py:538} INFO - Filling up the DagBag from /home/azureuser/.pyenv/versions/3.11.9/envs/airflow-venv/lib/python3.11/site-packages/airflow/example_dags/example_branch_python_dop_operator_3.py
[2025-07-30T00:22:51.048+0000] {processor.py:840} INFO - DAG(s) 'example_branch_dop_operator_v3' retrieved from /home/azureuser/.pyenv/versions/3.11.9/envs/airflow-venv/lib/python3.11/site-packages/airflow/example_dags/example_branch_python_dop_operator_3.py
[2025-07-30T00:22:51.072+0000] {logging_mixin.py:188} INFO - [2025-07-30T00:22:51.072+0000] {dag.py:3036} INFO - Sync 1 DAGs
[2025-07-30T00:22:51.101+0000] {logging_mixin.py:188} INFO - [2025-07-30T00:22:51.101+0000] {dag.py:3823} INFO - Setting next_dagrun for example_branch_dop_operator_v3 to 2025-07-30 00:21:00+00:00, run_after=2025-07-30 00:22:00+00:00
[2025-07-30T00:22:51.144+0000] {processor.py:183} INFO - Processing /home/azureuser/.pyenv/versions/3.11.9/envs/airflow-venv/lib/python3.11/site-packages/airflow/example_dags/example_branch_python_dop_operator_3.py took 0.117 seconds
[2025-07-30T00:23:50.976+0000] {processor.py:161} INFO - Started process (PID=34460) to work on /home/azureuser/.pyenv/versions/3.11.9/envs/airflow-venv/lib/python3.11/site-packages/airflow/example_dags/example_branch_python_dop_operator_3.py
[2025-07-30T00:23:50.977+0000] {processor.py:830} INFO - Processing file /home/azureuser/.pyenv/versions/3.11.9/envs/airflow-venv/lib/python3.11/site-packages/airflow/example_dags/example_branch_python_dop_operator_3.py for tasks to queue
[2025-07-30T00:23:50.978+0000] {logging_mixin.py:188} INFO - [2025-07-30T00:23:50.977+0000] {dagbag.py:538} INFO - Filling up the DagBag from /home/azureuser/.pyenv/versions/3.11.9/envs/airflow-venv/lib/python3.11/site-packages/airflow/example_dags/example_branch_python_dop_operator_3.py
[2025-07-30T00:23:50.990+0000] {processor.py:840} INFO - DAG(s) 'example_branch_dop_operator_v3' retrieved from /home/azureuser/.pyenv/versions/3.11.9/envs/airflow-venv/lib/python3.11/site-packages/airflow/example_dags/example_branch_python_dop_operator_3.py
[2025-07-30T00:23:51.010+0000] {logging_mixin.py:188} INFO - [2025-07-30T00:23:51.010+0000] {dag.py:3036} INFO - Sync 1 DAGs
[2025-07-30T00:23:51.037+0000] {logging_mixin.py:188} INFO - [2025-07-30T00:23:51.037+0000] {dag.py:3823} INFO - Setting next_dagrun for example_branch_dop_operator_v3 to 2025-07-30 00:22:00+00:00, run_after=2025-07-30 00:23:00+00:00
[2025-07-30T00:23:51.080+0000] {processor.py:183} INFO - Processing /home/azureuser/.pyenv/versions/3.11.9/envs/airflow-venv/lib/python3.11/site-packages/airflow/example_dags/example_branch_python_dop_operator_3.py took 0.108 seconds
[2025-07-30T00:25:05.199+0000] {processor.py:161} INFO - Started process (PID=34568) to work on /home/azureuser/.pyenv/versions/3.11.9/envs/airflow-venv/lib/python3.11/site-packages/airflow/example_dags/example_branch_python_dop_operator_3.py
[2025-07-30T00:25:05.200+0000] {processor.py:830} INFO - Processing file /home/azureuser/.pyenv/versions/3.11.9/envs/airflow-venv/lib/python3.11/site-packages/airflow/example_dags/example_branch_python_dop_operator_3.py for tasks to queue
[2025-07-30T00:25:05.202+0000] {logging_mixin.py:188} INFO - [2025-07-30T00:25:05.201+0000] {dagbag.py:538} INFO - Filling up the DagBag from /home/azureuser/.pyenv/versions/3.11.9/envs/airflow-venv/lib/python3.11/site-packages/airflow/example_dags/example_branch_python_dop_operator_3.py
[2025-07-30T00:25:05.214+0000] {processor.py:840} INFO - DAG(s) 'example_branch_dop_operator_v3' retrieved from /home/azureuser/.pyenv/versions/3.11.9/envs/airflow-venv/lib/python3.11/site-packages/airflow/example_dags/example_branch_python_dop_operator_3.py
[2025-07-30T00:25:05.235+0000] {logging_mixin.py:188} INFO - [2025-07-30T00:25:05.234+0000] {dag.py:3036} INFO - Sync 1 DAGs
[2025-07-30T00:25:05.263+0000] {logging_mixin.py:188} INFO - [2025-07-30T00:25:05.263+0000] {dag.py:3823} INFO - Setting next_dagrun for example_branch_dop_operator_v3 to 2025-07-30 00:24:00+00:00, run_after=2025-07-30 00:25:00+00:00
[2025-07-30T00:25:05.304+0000] {processor.py:183} INFO - Processing /home/azureuser/.pyenv/versions/3.11.9/envs/airflow-venv/lib/python3.11/site-packages/airflow/example_dags/example_branch_python_dop_operator_3.py took 0.110 seconds
[2025-07-30T00:26:06.418+0000] {processor.py:161} INFO - Started process (PID=34658) to work on /home/azureuser/.pyenv/versions/3.11.9/envs/airflow-venv/lib/python3.11/site-packages/airflow/example_dags/example_branch_python_dop_operator_3.py
[2025-07-30T00:26:06.420+0000] {processor.py:830} INFO - Processing file /home/azureuser/.pyenv/versions/3.11.9/envs/airflow-venv/lib/python3.11/site-packages/airflow/example_dags/example_branch_python_dop_operator_3.py for tasks to queue
[2025-07-30T00:26:06.421+0000] {logging_mixin.py:188} INFO - [2025-07-30T00:26:06.421+0000] {dagbag.py:538} INFO - Filling up the DagBag from /home/azureuser/.pyenv/versions/3.11.9/envs/airflow-venv/lib/python3.11/site-packages/airflow/example_dags/example_branch_python_dop_operator_3.py
[2025-07-30T00:26:06.435+0000] {processor.py:840} INFO - DAG(s) 'example_branch_dop_operator_v3' retrieved from /home/azureuser/.pyenv/versions/3.11.9/envs/airflow-venv/lib/python3.11/site-packages/airflow/example_dags/example_branch_python_dop_operator_3.py
[2025-07-30T00:26:06.451+0000] {logging_mixin.py:188} INFO - [2025-07-30T00:26:06.451+0000] {dag.py:3036} INFO - Sync 1 DAGs
[2025-07-30T00:26:06.579+0000] {logging_mixin.py:188} INFO - [2025-07-30T00:26:06.579+0000] {dag.py:3823} INFO - Setting next_dagrun for example_branch_dop_operator_v3 to 2025-07-30 00:25:00+00:00, run_after=2025-07-30 00:26:00+00:00
[2025-07-30T00:26:06.663+0000] {processor.py:183} INFO - Processing /home/azureuser/.pyenv/versions/3.11.9/envs/airflow-venv/lib/python3.11/site-packages/airflow/example_dags/example_branch_python_dop_operator_3.py took 0.253 seconds
[2025-07-30T20:46:16.830+0000] {processor.py:161} INFO - Started process (PID=1378) to work on /home/azureuser/.pyenv/versions/3.11.9/envs/airflow-venv/lib/python3.11/site-packages/airflow/example_dags/example_branch_python_dop_operator_3.py
[2025-07-30T20:46:16.831+0000] {processor.py:830} INFO - Processing file /home/azureuser/.pyenv/versions/3.11.9/envs/airflow-venv/lib/python3.11/site-packages/airflow/example_dags/example_branch_python_dop_operator_3.py for tasks to queue
[2025-07-30T20:46:16.832+0000] {logging_mixin.py:188} INFO - [2025-07-30T20:46:16.832+0000] {dagbag.py:538} INFO - Filling up the DagBag from /home/azureuser/.pyenv/versions/3.11.9/envs/airflow-venv/lib/python3.11/site-packages/airflow/example_dags/example_branch_python_dop_operator_3.py
[2025-07-30T20:46:16.843+0000] {processor.py:840} INFO - DAG(s) 'example_branch_dop_operator_v3' retrieved from /home/azureuser/.pyenv/versions/3.11.9/envs/airflow-venv/lib/python3.11/site-packages/airflow/example_dags/example_branch_python_dop_operator_3.py
[2025-07-30T20:46:16.944+0000] {logging_mixin.py:188} INFO - [2025-07-30T20:46:16.944+0000] {dag.py:3036} INFO - Sync 1 DAGs
[2025-07-30T20:46:16.966+0000] {logging_mixin.py:188} INFO - [2025-07-30T20:46:16.965+0000] {dag.py:3823} INFO - Setting next_dagrun for example_branch_dop_operator_v3 to 2025-07-30 20:45:00+00:00, run_after=2025-07-30 20:46:00+00:00
[2025-07-30T20:46:16.998+0000] {processor.py:183} INFO - Processing /home/azureuser/.pyenv/versions/3.11.9/envs/airflow-venv/lib/python3.11/site-packages/airflow/example_dags/example_branch_python_dop_operator_3.py took 0.172 seconds
[2025-07-30T20:47:13.780+0000] {processor.py:161} INFO - Started process (PID=1436) to work on /home/azureuser/.pyenv/versions/3.11.9/envs/airflow-venv/lib/python3.11/site-packages/airflow/example_dags/example_branch_python_dop_operator_3.py
[2025-07-30T20:47:13.781+0000] {processor.py:830} INFO - Processing file /home/azureuser/.pyenv/versions/3.11.9/envs/airflow-venv/lib/python3.11/site-packages/airflow/example_dags/example_branch_python_dop_operator_3.py for tasks to queue
[2025-07-30T20:47:13.782+0000] {logging_mixin.py:188} INFO - [2025-07-30T20:47:13.782+0000] {dagbag.py:538} INFO - Filling up the DagBag from /home/azureuser/.pyenv/versions/3.11.9/envs/airflow-venv/lib/python3.11/site-packages/airflow/example_dags/example_branch_python_dop_operator_3.py
[2025-07-30T20:47:13.793+0000] {processor.py:840} INFO - DAG(s) 'example_branch_dop_operator_v3' retrieved from /home/azureuser/.pyenv/versions/3.11.9/envs/airflow-venv/lib/python3.11/site-packages/airflow/example_dags/example_branch_python_dop_operator_3.py
[2025-07-30T20:47:13.811+0000] {logging_mixin.py:188} INFO - [2025-07-30T20:47:13.810+0000] {dag.py:3036} INFO - Sync 1 DAGs
[2025-07-30T20:47:13.835+0000] {logging_mixin.py:188} INFO - [2025-07-30T20:47:13.835+0000] {dag.py:3823} INFO - Setting next_dagrun for example_branch_dop_operator_v3 to 2025-07-30 20:46:00+00:00, run_after=2025-07-30 20:47:00+00:00
[2025-07-30T20:47:13.860+0000] {processor.py:183} INFO - Processing /home/azureuser/.pyenv/versions/3.11.9/envs/airflow-venv/lib/python3.11/site-packages/airflow/example_dags/example_branch_python_dop_operator_3.py took 0.084 seconds
[2025-07-30T21:03:51.893+0000] {processor.py:161} INFO - Started process (PID=1681) to work on /home/azureuser/.pyenv/versions/3.11.9/envs/airflow-venv/lib/python3.11/site-packages/airflow/example_dags/example_branch_python_dop_operator_3.py
[2025-07-30T21:03:51.894+0000] {processor.py:830} INFO - Processing file /home/azureuser/.pyenv/versions/3.11.9/envs/airflow-venv/lib/python3.11/site-packages/airflow/example_dags/example_branch_python_dop_operator_3.py for tasks to queue
[2025-07-30T21:03:51.895+0000] {logging_mixin.py:188} INFO - [2025-07-30T21:03:51.895+0000] {dagbag.py:538} INFO - Filling up the DagBag from /home/azureuser/.pyenv/versions/3.11.9/envs/airflow-venv/lib/python3.11/site-packages/airflow/example_dags/example_branch_python_dop_operator_3.py
[2025-07-30T21:03:51.906+0000] {processor.py:840} INFO - DAG(s) 'example_branch_dop_operator_v3' retrieved from /home/azureuser/.pyenv/versions/3.11.9/envs/airflow-venv/lib/python3.11/site-packages/airflow/example_dags/example_branch_python_dop_operator_3.py
[2025-07-30T21:03:51.926+0000] {logging_mixin.py:188} INFO - [2025-07-30T21:03:51.925+0000] {dag.py:3036} INFO - Sync 1 DAGs
[2025-07-30T21:03:51.952+0000] {logging_mixin.py:188} INFO - [2025-07-30T21:03:51.952+0000] {dag.py:3823} INFO - Setting next_dagrun for example_branch_dop_operator_v3 to 2025-07-30 21:02:00+00:00, run_after=2025-07-30 21:03:00+00:00
[2025-07-30T21:03:52.114+0000] {processor.py:183} INFO - Processing /home/azureuser/.pyenv/versions/3.11.9/envs/airflow-venv/lib/python3.11/site-packages/airflow/example_dags/example_branch_python_dop_operator_3.py took 0.225 seconds
[2025-07-30T21:05:07.854+0000] {processor.py:161} INFO - Started process (PID=1754) to work on /home/azureuser/.pyenv/versions/3.11.9/envs/airflow-venv/lib/python3.11/site-packages/airflow/example_dags/example_branch_python_dop_operator_3.py
[2025-07-30T21:05:07.855+0000] {processor.py:830} INFO - Processing file /home/azureuser/.pyenv/versions/3.11.9/envs/airflow-venv/lib/python3.11/site-packages/airflow/example_dags/example_branch_python_dop_operator_3.py for tasks to queue
[2025-07-30T21:05:07.857+0000] {logging_mixin.py:188} INFO - [2025-07-30T21:05:07.856+0000] {dagbag.py:538} INFO - Filling up the DagBag from /home/azureuser/.pyenv/versions/3.11.9/envs/airflow-venv/lib/python3.11/site-packages/airflow/example_dags/example_branch_python_dop_operator_3.py
[2025-07-30T21:05:07.868+0000] {processor.py:840} INFO - DAG(s) 'example_branch_dop_operator_v3' retrieved from /home/azureuser/.pyenv/versions/3.11.9/envs/airflow-venv/lib/python3.11/site-packages/airflow/example_dags/example_branch_python_dop_operator_3.py
[2025-07-30T21:05:07.886+0000] {logging_mixin.py:188} INFO - [2025-07-30T21:05:07.886+0000] {dag.py:3036} INFO - Sync 1 DAGs
[2025-07-30T21:05:07.912+0000] {logging_mixin.py:188} INFO - [2025-07-30T21:05:07.912+0000] {dag.py:3823} INFO - Setting next_dagrun for example_branch_dop_operator_v3 to 2025-07-30 21:04:00+00:00, run_after=2025-07-30 21:05:00+00:00
[2025-07-30T21:05:07.939+0000] {processor.py:183} INFO - Processing /home/azureuser/.pyenv/versions/3.11.9/envs/airflow-venv/lib/python3.11/site-packages/airflow/example_dags/example_branch_python_dop_operator_3.py took 0.089 seconds
[2025-07-30T21:06:03.478+0000] {processor.py:161} INFO - Started process (PID=1810) to work on /home/azureuser/.pyenv/versions/3.11.9/envs/airflow-venv/lib/python3.11/site-packages/airflow/example_dags/example_branch_python_dop_operator_3.py
[2025-07-30T21:06:03.479+0000] {processor.py:830} INFO - Processing file /home/azureuser/.pyenv/versions/3.11.9/envs/airflow-venv/lib/python3.11/site-packages/airflow/example_dags/example_branch_python_dop_operator_3.py for tasks to queue
[2025-07-30T21:06:03.480+0000] {logging_mixin.py:188} INFO - [2025-07-30T21:06:03.480+0000] {dagbag.py:538} INFO - Filling up the DagBag from /home/azureuser/.pyenv/versions/3.11.9/envs/airflow-venv/lib/python3.11/site-packages/airflow/example_dags/example_branch_python_dop_operator_3.py
[2025-07-30T21:06:03.492+0000] {processor.py:840} INFO - DAG(s) 'example_branch_dop_operator_v3' retrieved from /home/azureuser/.pyenv/versions/3.11.9/envs/airflow-venv/lib/python3.11/site-packages/airflow/example_dags/example_branch_python_dop_operator_3.py
[2025-07-30T21:06:03.514+0000] {logging_mixin.py:188} INFO - [2025-07-30T21:06:03.514+0000] {dag.py:3036} INFO - Sync 1 DAGs
[2025-07-30T21:06:03.541+0000] {logging_mixin.py:188} INFO - [2025-07-30T21:06:03.541+0000] {dag.py:3823} INFO - Setting next_dagrun for example_branch_dop_operator_v3 to 2025-07-30 21:05:00+00:00, run_after=2025-07-30 21:06:00+00:00
[2025-07-30T21:06:03.571+0000] {processor.py:183} INFO - Processing /home/azureuser/.pyenv/versions/3.11.9/envs/airflow-venv/lib/python3.11/site-packages/airflow/example_dags/example_branch_python_dop_operator_3.py took 0.098 seconds
[2025-07-30T21:06:57.788+0000] {processor.py:161} INFO - Started process (PID=1864) to work on /home/azureuser/.pyenv/versions/3.11.9/envs/airflow-venv/lib/python3.11/site-packages/airflow/example_dags/example_branch_python_dop_operator_3.py
[2025-07-30T21:06:57.789+0000] {processor.py:830} INFO - Processing file /home/azureuser/.pyenv/versions/3.11.9/envs/airflow-venv/lib/python3.11/site-packages/airflow/example_dags/example_branch_python_dop_operator_3.py for tasks to queue
[2025-07-30T21:06:57.790+0000] {logging_mixin.py:188} INFO - [2025-07-30T21:06:57.790+0000] {dagbag.py:538} INFO - Filling up the DagBag from /home/azureuser/.pyenv/versions/3.11.9/envs/airflow-venv/lib/python3.11/site-packages/airflow/example_dags/example_branch_python_dop_operator_3.py
[2025-07-30T21:06:57.803+0000] {processor.py:840} INFO - DAG(s) 'example_branch_dop_operator_v3' retrieved from /home/azureuser/.pyenv/versions/3.11.9/envs/airflow-venv/lib/python3.11/site-packages/airflow/example_dags/example_branch_python_dop_operator_3.py
[2025-07-30T21:06:57.823+0000] {logging_mixin.py:188} INFO - [2025-07-30T21:06:57.823+0000] {dag.py:3036} INFO - Sync 1 DAGs
[2025-07-30T21:06:57.850+0000] {logging_mixin.py:188} INFO - [2025-07-30T21:06:57.849+0000] {dag.py:3823} INFO - Setting next_dagrun for example_branch_dop_operator_v3 to 2025-07-30 21:05:00+00:00, run_after=2025-07-30 21:06:00+00:00
[2025-07-30T21:06:57.880+0000] {processor.py:183} INFO - Processing /home/azureuser/.pyenv/versions/3.11.9/envs/airflow-venv/lib/python3.11/site-packages/airflow/example_dags/example_branch_python_dop_operator_3.py took 0.097 seconds
