[2025-07-30T00:20:52.189+0000] {processor.py:161} INFO - Started process (PID=34132) to work on /home/azureuser/.pyenv/versions/3.11.9/envs/airflow-venv/lib/python3.11/site-packages/airflow/example_dags/example_xcom.py
[2025-07-30T00:20:52.191+0000] {processor.py:830} INFO - Processing file /home/azureuser/.pyenv/versions/3.11.9/envs/airflow-venv/lib/python3.11/site-packages/airflow/example_dags/example_xcom.py for tasks to queue
[2025-07-30T00:20:52.192+0000] {logging_mixin.py:188} INFO - [2025-07-30T00:20:52.191+0000] {dagbag.py:538} INFO - Filling up the DagBag from /home/azureuser/.pyenv/versions/3.11.9/envs/airflow-venv/lib/python3.11/site-packages/airflow/example_dags/example_xcom.py
[2025-07-30T00:20:52.211+0000] {processor.py:840} INFO - DAG(s) 'example_xcom' retrieved from /home/azureuser/.pyenv/versions/3.11.9/envs/airflow-venv/lib/python3.11/site-packages/airflow/example_dags/example_xcom.py
[2025-07-30T00:20:52.405+0000] {logging_mixin.py:188} INFO - [2025-07-30T00:20:52.404+0000] {override.py:1769} INFO - Created Permission View: can delete on DAG:example_xcom
[2025-07-30T00:20:52.431+0000] {logging_mixin.py:188} INFO - [2025-07-30T00:20:52.431+0000] {override.py:1769} INFO - Created Permission View: can read on DAG:example_xcom
[2025-07-30T00:20:52.457+0000] {logging_mixin.py:188} INFO - [2025-07-30T00:20:52.456+0000] {override.py:1769} INFO - Created Permission View: can edit on DAG:example_xcom
[2025-07-30T00:20:52.457+0000] {logging_mixin.py:188} INFO - [2025-07-30T00:20:52.457+0000] {dag.py:3036} INFO - Sync 1 DAGs
[2025-07-30T00:20:52.470+0000] {logging_mixin.py:188} INFO - [2025-07-30T00:20:52.470+0000] {dag.py:3058} INFO - Creating ORM DAG for example_xcom
[2025-07-30T00:20:52.481+0000] {logging_mixin.py:188} INFO - [2025-07-30T00:20:52.481+0000] {dag.py:3823} INFO - Setting next_dagrun for example_xcom to 2021-01-01 00:00:00+00:00, run_after=2021-01-01 00:00:00+00:00
[2025-07-30T00:20:52.525+0000] {processor.py:183} INFO - Processing /home/azureuser/.pyenv/versions/3.11.9/envs/airflow-venv/lib/python3.11/site-packages/airflow/example_dags/example_xcom.py took 0.340 seconds
[2025-07-30T00:21:51.062+0000] {processor.py:161} INFO - Started process (PID=34282) to work on /home/azureuser/.pyenv/versions/3.11.9/envs/airflow-venv/lib/python3.11/site-packages/airflow/example_dags/example_xcom.py
[2025-07-30T00:21:51.063+0000] {processor.py:830} INFO - Processing file /home/azureuser/.pyenv/versions/3.11.9/envs/airflow-venv/lib/python3.11/site-packages/airflow/example_dags/example_xcom.py for tasks to queue
[2025-07-30T00:21:51.064+0000] {logging_mixin.py:188} INFO - [2025-07-30T00:21:51.064+0000] {dagbag.py:538} INFO - Filling up the DagBag from /home/azureuser/.pyenv/versions/3.11.9/envs/airflow-venv/lib/python3.11/site-packages/airflow/example_dags/example_xcom.py
[2025-07-30T00:21:51.076+0000] {processor.py:840} INFO - DAG(s) 'example_xcom' retrieved from /home/azureuser/.pyenv/versions/3.11.9/envs/airflow-venv/lib/python3.11/site-packages/airflow/example_dags/example_xcom.py
[2025-07-30T00:21:51.098+0000] {logging_mixin.py:188} INFO - [2025-07-30T00:21:51.097+0000] {dag.py:3036} INFO - Sync 1 DAGs
[2025-07-30T00:21:51.121+0000] {logging_mixin.py:188} INFO - [2025-07-30T00:21:51.121+0000] {dag.py:3823} INFO - Setting next_dagrun for example_xcom to 2021-01-01 00:00:00+00:00, run_after=2021-01-01 00:00:00+00:00
[2025-07-30T00:21:51.203+0000] {processor.py:183} INFO - Processing /home/azureuser/.pyenv/versions/3.11.9/envs/airflow-venv/lib/python3.11/site-packages/airflow/example_dags/example_xcom.py took 0.146 seconds
[2025-07-30T00:22:37.469+0000] {processor.py:161} INFO - Started process (PID=34351) to work on /home/azureuser/.pyenv/versions/3.11.9/envs/airflow-venv/lib/python3.11/site-packages/airflow/example_dags/example_xcom.py
[2025-07-30T00:22:37.471+0000] {processor.py:830} INFO - Processing file /home/azureuser/.pyenv/versions/3.11.9/envs/airflow-venv/lib/python3.11/site-packages/airflow/example_dags/example_xcom.py for tasks to queue
[2025-07-30T00:22:37.472+0000] {logging_mixin.py:188} INFO - [2025-07-30T00:22:37.472+0000] {dagbag.py:538} INFO - Filling up the DagBag from /home/azureuser/.pyenv/versions/3.11.9/envs/airflow-venv/lib/python3.11/site-packages/airflow/example_dags/example_xcom.py
[2025-07-30T00:22:37.483+0000] {processor.py:840} INFO - DAG(s) 'example_xcom' retrieved from /home/azureuser/.pyenv/versions/3.11.9/envs/airflow-venv/lib/python3.11/site-packages/airflow/example_dags/example_xcom.py
[2025-07-30T00:22:37.503+0000] {logging_mixin.py:188} INFO - [2025-07-30T00:22:37.503+0000] {dag.py:3036} INFO - Sync 1 DAGs
[2025-07-30T00:22:37.525+0000] {logging_mixin.py:188} INFO - [2025-07-30T00:22:37.525+0000] {dag.py:3823} INFO - Setting next_dagrun for example_xcom to 2021-01-01 00:00:00+00:00, run_after=2021-01-01 00:00:00+00:00
[2025-07-30T00:22:37.566+0000] {processor.py:183} INFO - Processing /home/azureuser/.pyenv/versions/3.11.9/envs/airflow-venv/lib/python3.11/site-packages/airflow/example_dags/example_xcom.py took 0.101 seconds
[2025-07-30T00:23:19.449+0000] {processor.py:161} INFO - Started process (PID=34410) to work on /home/azureuser/.pyenv/versions/3.11.9/envs/airflow-venv/lib/python3.11/site-packages/airflow/example_dags/example_xcom.py
[2025-07-30T00:23:19.450+0000] {processor.py:830} INFO - Processing file /home/azureuser/.pyenv/versions/3.11.9/envs/airflow-venv/lib/python3.11/site-packages/airflow/example_dags/example_xcom.py for tasks to queue
[2025-07-30T00:23:19.452+0000] {logging_mixin.py:188} INFO - [2025-07-30T00:23:19.451+0000] {dagbag.py:538} INFO - Filling up the DagBag from /home/azureuser/.pyenv/versions/3.11.9/envs/airflow-venv/lib/python3.11/site-packages/airflow/example_dags/example_xcom.py
[2025-07-30T00:23:19.462+0000] {processor.py:840} INFO - DAG(s) 'example_xcom' retrieved from /home/azureuser/.pyenv/versions/3.11.9/envs/airflow-venv/lib/python3.11/site-packages/airflow/example_dags/example_xcom.py
[2025-07-30T00:23:19.483+0000] {logging_mixin.py:188} INFO - [2025-07-30T00:23:19.482+0000] {dag.py:3036} INFO - Sync 1 DAGs
[2025-07-30T00:23:19.505+0000] {logging_mixin.py:188} INFO - [2025-07-30T00:23:19.504+0000] {dag.py:3823} INFO - Setting next_dagrun for example_xcom to 2021-01-01 00:00:00+00:00, run_after=2021-01-01 00:00:00+00:00
[2025-07-30T00:23:19.561+0000] {processor.py:183} INFO - Processing /home/azureuser/.pyenv/versions/3.11.9/envs/airflow-venv/lib/python3.11/site-packages/airflow/example_dags/example_xcom.py took 0.117 seconds
[2025-07-30T00:23:59.196+0000] {processor.py:161} INFO - Started process (PID=34472) to work on /home/azureuser/.pyenv/versions/3.11.9/envs/airflow-venv/lib/python3.11/site-packages/airflow/example_dags/example_xcom.py
[2025-07-30T00:23:59.198+0000] {processor.py:830} INFO - Processing file /home/azureuser/.pyenv/versions/3.11.9/envs/airflow-venv/lib/python3.11/site-packages/airflow/example_dags/example_xcom.py for tasks to queue
[2025-07-30T00:23:59.199+0000] {logging_mixin.py:188} INFO - [2025-07-30T00:23:59.199+0000] {dagbag.py:538} INFO - Filling up the DagBag from /home/azureuser/.pyenv/versions/3.11.9/envs/airflow-venv/lib/python3.11/site-packages/airflow/example_dags/example_xcom.py
[2025-07-30T00:23:59.210+0000] {processor.py:840} INFO - DAG(s) 'example_xcom' retrieved from /home/azureuser/.pyenv/versions/3.11.9/envs/airflow-venv/lib/python3.11/site-packages/airflow/example_dags/example_xcom.py
[2025-07-30T00:23:59.231+0000] {logging_mixin.py:188} INFO - [2025-07-30T00:23:59.230+0000] {dag.py:3036} INFO - Sync 1 DAGs
[2025-07-30T00:23:59.253+0000] {logging_mixin.py:188} INFO - [2025-07-30T00:23:59.253+0000] {dag.py:3823} INFO - Setting next_dagrun for example_xcom to 2021-01-01 00:00:00+00:00, run_after=2021-01-01 00:00:00+00:00
[2025-07-30T00:23:59.447+0000] {processor.py:183} INFO - Processing /home/azureuser/.pyenv/versions/3.11.9/envs/airflow-venv/lib/python3.11/site-packages/airflow/example_dags/example_xcom.py took 0.255 seconds
[2025-07-30T00:24:47.684+0000] {processor.py:161} INFO - Started process (PID=34533) to work on /home/azureuser/.pyenv/versions/3.11.9/envs/airflow-venv/lib/python3.11/site-packages/airflow/example_dags/example_xcom.py
[2025-07-30T00:24:47.686+0000] {processor.py:830} INFO - Processing file /home/azureuser/.pyenv/versions/3.11.9/envs/airflow-venv/lib/python3.11/site-packages/airflow/example_dags/example_xcom.py for tasks to queue
[2025-07-30T00:24:47.692+0000] {logging_mixin.py:188} INFO - [2025-07-30T00:24:47.687+0000] {dagbag.py:538} INFO - Filling up the DagBag from /home/azureuser/.pyenv/versions/3.11.9/envs/airflow-venv/lib/python3.11/site-packages/airflow/example_dags/example_xcom.py
[2025-07-30T00:24:47.871+0000] {processor.py:840} INFO - DAG(s) 'example_xcom' retrieved from /home/azureuser/.pyenv/versions/3.11.9/envs/airflow-venv/lib/python3.11/site-packages/airflow/example_dags/example_xcom.py
[2025-07-30T00:24:47.885+0000] {logging_mixin.py:188} INFO - [2025-07-30T00:24:47.885+0000] {dag.py:3036} INFO - Sync 1 DAGs
[2025-07-30T00:24:47.903+0000] {logging_mixin.py:188} INFO - [2025-07-30T00:24:47.903+0000] {dag.py:3823} INFO - Setting next_dagrun for example_xcom to 2021-01-01 00:00:00+00:00, run_after=2021-01-01 00:00:00+00:00
[2025-07-30T00:24:47.945+0000] {processor.py:183} INFO - Processing /home/azureuser/.pyenv/versions/3.11.9/envs/airflow-venv/lib/python3.11/site-packages/airflow/example_dags/example_xcom.py took 0.266 seconds
[2025-07-30T00:25:33.794+0000] {processor.py:161} INFO - Started process (PID=34608) to work on /home/azureuser/.pyenv/versions/3.11.9/envs/airflow-venv/lib/python3.11/site-packages/airflow/example_dags/example_xcom.py
[2025-07-30T00:25:33.795+0000] {processor.py:830} INFO - Processing file /home/azureuser/.pyenv/versions/3.11.9/envs/airflow-venv/lib/python3.11/site-packages/airflow/example_dags/example_xcom.py for tasks to queue
[2025-07-30T00:25:33.796+0000] {logging_mixin.py:188} INFO - [2025-07-30T00:25:33.796+0000] {dagbag.py:538} INFO - Filling up the DagBag from /home/azureuser/.pyenv/versions/3.11.9/envs/airflow-venv/lib/python3.11/site-packages/airflow/example_dags/example_xcom.py
[2025-07-30T00:25:33.807+0000] {processor.py:840} INFO - DAG(s) 'example_xcom' retrieved from /home/azureuser/.pyenv/versions/3.11.9/envs/airflow-venv/lib/python3.11/site-packages/airflow/example_dags/example_xcom.py
[2025-07-30T00:25:33.828+0000] {logging_mixin.py:188} INFO - [2025-07-30T00:25:33.828+0000] {dag.py:3036} INFO - Sync 1 DAGs
[2025-07-30T00:25:33.851+0000] {logging_mixin.py:188} INFO - [2025-07-30T00:25:33.851+0000] {dag.py:3823} INFO - Setting next_dagrun for example_xcom to 2021-01-01 00:00:00+00:00, run_after=2021-01-01 00:00:00+00:00
[2025-07-30T00:25:33.896+0000] {processor.py:183} INFO - Processing /home/azureuser/.pyenv/versions/3.11.9/envs/airflow-venv/lib/python3.11/site-packages/airflow/example_dags/example_xcom.py took 0.106 seconds
[2025-07-30T00:26:17.661+0000] {processor.py:161} INFO - Started process (PID=34676) to work on /home/azureuser/.pyenv/versions/3.11.9/envs/airflow-venv/lib/python3.11/site-packages/airflow/example_dags/example_xcom.py
[2025-07-30T00:26:17.663+0000] {processor.py:830} INFO - Processing file /home/azureuser/.pyenv/versions/3.11.9/envs/airflow-venv/lib/python3.11/site-packages/airflow/example_dags/example_xcom.py for tasks to queue
[2025-07-30T00:26:17.664+0000] {logging_mixin.py:188} INFO - [2025-07-30T00:26:17.664+0000] {dagbag.py:538} INFO - Filling up the DagBag from /home/azureuser/.pyenv/versions/3.11.9/envs/airflow-venv/lib/python3.11/site-packages/airflow/example_dags/example_xcom.py
[2025-07-30T00:26:17.677+0000] {processor.py:840} INFO - DAG(s) 'example_xcom' retrieved from /home/azureuser/.pyenv/versions/3.11.9/envs/airflow-venv/lib/python3.11/site-packages/airflow/example_dags/example_xcom.py
[2025-07-30T00:26:17.702+0000] {logging_mixin.py:188} INFO - [2025-07-30T00:26:17.698+0000] {dag.py:3036} INFO - Sync 1 DAGs
[2025-07-30T00:26:17.831+0000] {logging_mixin.py:188} INFO - [2025-07-30T00:26:17.826+0000] {dag.py:3823} INFO - Setting next_dagrun for example_xcom to 2021-01-01 00:00:00+00:00, run_after=2021-01-01 00:00:00+00:00
[2025-07-30T00:26:19.676+0000] {processor.py:183} INFO - Processing /home/azureuser/.pyenv/versions/3.11.9/envs/airflow-venv/lib/python3.11/site-packages/airflow/example_dags/example_xcom.py took 2.018 seconds
[2025-07-30T20:45:33.028+0000] {processor.py:161} INFO - Started process (PID=1261) to work on /home/azureuser/.pyenv/versions/3.11.9/envs/airflow-venv/lib/python3.11/site-packages/airflow/example_dags/example_xcom.py
[2025-07-30T20:45:33.031+0000] {processor.py:830} INFO - Processing file /home/azureuser/.pyenv/versions/3.11.9/envs/airflow-venv/lib/python3.11/site-packages/airflow/example_dags/example_xcom.py for tasks to queue
[2025-07-30T20:45:33.032+0000] {logging_mixin.py:188} INFO - [2025-07-30T20:45:33.032+0000] {dagbag.py:538} INFO - Filling up the DagBag from /home/azureuser/.pyenv/versions/3.11.9/envs/airflow-venv/lib/python3.11/site-packages/airflow/example_dags/example_xcom.py
[2025-07-30T20:45:33.055+0000] {processor.py:840} INFO - DAG(s) 'example_xcom' retrieved from /home/azureuser/.pyenv/versions/3.11.9/envs/airflow-venv/lib/python3.11/site-packages/airflow/example_dags/example_xcom.py
[2025-07-30T20:45:33.313+0000] {logging_mixin.py:188} INFO - [2025-07-30T20:45:33.313+0000] {dag.py:3036} INFO - Sync 1 DAGs
[2025-07-30T20:45:33.329+0000] {logging_mixin.py:188} INFO - [2025-07-30T20:45:33.329+0000] {dag.py:3823} INFO - Setting next_dagrun for example_xcom to 2021-01-01 00:00:00+00:00, run_after=2021-01-01 00:00:00+00:00
[2025-07-30T20:45:33.355+0000] {processor.py:183} INFO - Processing /home/azureuser/.pyenv/versions/3.11.9/envs/airflow-venv/lib/python3.11/site-packages/airflow/example_dags/example_xcom.py took 0.330 seconds
[2025-07-30T20:46:25.387+0000] {processor.py:161} INFO - Started process (PID=1386) to work on /home/azureuser/.pyenv/versions/3.11.9/envs/airflow-venv/lib/python3.11/site-packages/airflow/example_dags/example_xcom.py
[2025-07-30T20:46:25.388+0000] {processor.py:830} INFO - Processing file /home/azureuser/.pyenv/versions/3.11.9/envs/airflow-venv/lib/python3.11/site-packages/airflow/example_dags/example_xcom.py for tasks to queue
[2025-07-30T20:46:25.389+0000] {logging_mixin.py:188} INFO - [2025-07-30T20:46:25.389+0000] {dagbag.py:538} INFO - Filling up the DagBag from /home/azureuser/.pyenv/versions/3.11.9/envs/airflow-venv/lib/python3.11/site-packages/airflow/example_dags/example_xcom.py
[2025-07-30T20:46:25.399+0000] {processor.py:840} INFO - DAG(s) 'example_xcom' retrieved from /home/azureuser/.pyenv/versions/3.11.9/envs/airflow-venv/lib/python3.11/site-packages/airflow/example_dags/example_xcom.py
[2025-07-30T20:46:25.418+0000] {logging_mixin.py:188} INFO - [2025-07-30T20:46:25.418+0000] {dag.py:3036} INFO - Sync 1 DAGs
[2025-07-30T20:46:25.438+0000] {logging_mixin.py:188} INFO - [2025-07-30T20:46:25.438+0000] {dag.py:3823} INFO - Setting next_dagrun for example_xcom to 2021-01-01 00:00:00+00:00, run_after=2021-01-01 00:00:00+00:00
[2025-07-30T20:46:25.469+0000] {processor.py:183} INFO - Processing /home/azureuser/.pyenv/versions/3.11.9/envs/airflow-venv/lib/python3.11/site-packages/airflow/example_dags/example_xcom.py took 0.085 seconds
[2025-07-30T20:47:03.489+0000] {processor.py:161} INFO - Started process (PID=1426) to work on /home/azureuser/.pyenv/versions/3.11.9/envs/airflow-venv/lib/python3.11/site-packages/airflow/example_dags/example_xcom.py
[2025-07-30T20:47:03.490+0000] {processor.py:830} INFO - Processing file /home/azureuser/.pyenv/versions/3.11.9/envs/airflow-venv/lib/python3.11/site-packages/airflow/example_dags/example_xcom.py for tasks to queue
[2025-07-30T20:47:03.491+0000] {logging_mixin.py:188} INFO - [2025-07-30T20:47:03.491+0000] {dagbag.py:538} INFO - Filling up the DagBag from /home/azureuser/.pyenv/versions/3.11.9/envs/airflow-venv/lib/python3.11/site-packages/airflow/example_dags/example_xcom.py
[2025-07-30T20:47:03.501+0000] {processor.py:840} INFO - DAG(s) 'example_xcom' retrieved from /home/azureuser/.pyenv/versions/3.11.9/envs/airflow-venv/lib/python3.11/site-packages/airflow/example_dags/example_xcom.py
[2025-07-30T20:47:03.519+0000] {logging_mixin.py:188} INFO - [2025-07-30T20:47:03.519+0000] {dag.py:3036} INFO - Sync 1 DAGs
[2025-07-30T20:47:03.539+0000] {logging_mixin.py:188} INFO - [2025-07-30T20:47:03.539+0000] {dag.py:3823} INFO - Setting next_dagrun for example_xcom to 2021-01-01 00:00:00+00:00, run_after=2021-01-01 00:00:00+00:00
[2025-07-30T20:47:03.566+0000] {processor.py:183} INFO - Processing /home/azureuser/.pyenv/versions/3.11.9/envs/airflow-venv/lib/python3.11/site-packages/airflow/example_dags/example_xcom.py took 0.081 seconds
[2025-07-30T20:47:39.498+0000] {processor.py:161} INFO - Started process (PID=1462) to work on /home/azureuser/.pyenv/versions/3.11.9/envs/airflow-venv/lib/python3.11/site-packages/airflow/example_dags/example_xcom.py
[2025-07-30T20:47:39.500+0000] {processor.py:830} INFO - Processing file /home/azureuser/.pyenv/versions/3.11.9/envs/airflow-venv/lib/python3.11/site-packages/airflow/example_dags/example_xcom.py for tasks to queue
[2025-07-30T20:47:39.504+0000] {logging_mixin.py:188} INFO - [2025-07-30T20:47:39.501+0000] {dagbag.py:538} INFO - Filling up the DagBag from /home/azureuser/.pyenv/versions/3.11.9/envs/airflow-venv/lib/python3.11/site-packages/airflow/example_dags/example_xcom.py
[2025-07-30T20:47:39.679+0000] {processor.py:840} INFO - DAG(s) 'example_xcom' retrieved from /home/azureuser/.pyenv/versions/3.11.9/envs/airflow-venv/lib/python3.11/site-packages/airflow/example_dags/example_xcom.py
[2025-07-30T20:47:40.231+0000] {logging_mixin.py:188} INFO - [2025-07-30T20:47:40.076+0000] {dag.py:3036} INFO - Sync 1 DAGs
[2025-07-30T20:54:10.095+0000] {logging_mixin.py:188} INFO - [2025-07-30T20:54:09.996+0000] {dag.py:3036} INFO - Sync 1 DAGs
[2025-07-30T20:54:10.234+0000] {logging_mixin.py:188} INFO - [2025-07-30T20:54:10.230+0000] {dag.py:3823} INFO - Setting next_dagrun for example_xcom to 2021-01-01 00:00:00+00:00, run_after=2021-01-01 00:00:00+00:00
[2025-07-30T20:54:29.430+0000] {processor.py:183} INFO - Processing /home/azureuser/.pyenv/versions/3.11.9/envs/airflow-venv/lib/python3.11/site-packages/airflow/example_dags/example_xcom.py took 409.946 seconds
[2025-07-30T21:03:22.067+0000] {processor.py:161} INFO - Started process (PID=1649) to work on /home/azureuser/.pyenv/versions/3.11.9/envs/airflow-venv/lib/python3.11/site-packages/airflow/example_dags/example_xcom.py
[2025-07-30T21:03:22.069+0000] {processor.py:830} INFO - Processing file /home/azureuser/.pyenv/versions/3.11.9/envs/airflow-venv/lib/python3.11/site-packages/airflow/example_dags/example_xcom.py for tasks to queue
[2025-07-30T21:03:22.070+0000] {logging_mixin.py:188} INFO - [2025-07-30T21:03:22.069+0000] {dagbag.py:538} INFO - Filling up the DagBag from /home/azureuser/.pyenv/versions/3.11.9/envs/airflow-venv/lib/python3.11/site-packages/airflow/example_dags/example_xcom.py
[2025-07-30T21:03:22.079+0000] {processor.py:840} INFO - DAG(s) 'example_xcom' retrieved from /home/azureuser/.pyenv/versions/3.11.9/envs/airflow-venv/lib/python3.11/site-packages/airflow/example_dags/example_xcom.py
[2025-07-30T21:03:22.097+0000] {logging_mixin.py:188} INFO - [2025-07-30T21:03:22.097+0000] {dag.py:3036} INFO - Sync 1 DAGs
[2025-07-30T21:03:22.117+0000] {logging_mixin.py:188} INFO - [2025-07-30T21:03:22.117+0000] {dag.py:3823} INFO - Setting next_dagrun for example_xcom to 2021-01-01 00:00:00+00:00, run_after=2021-01-01 00:00:00+00:00
[2025-07-30T21:03:22.147+0000] {processor.py:183} INFO - Processing /home/azureuser/.pyenv/versions/3.11.9/envs/airflow-venv/lib/python3.11/site-packages/airflow/example_dags/example_xcom.py took 0.083 seconds
[2025-07-30T21:04:00.911+0000] {processor.py:161} INFO - Started process (PID=1690) to work on /home/azureuser/.pyenv/versions/3.11.9/envs/airflow-venv/lib/python3.11/site-packages/airflow/example_dags/example_xcom.py
[2025-07-30T21:04:00.913+0000] {processor.py:830} INFO - Processing file /home/azureuser/.pyenv/versions/3.11.9/envs/airflow-venv/lib/python3.11/site-packages/airflow/example_dags/example_xcom.py for tasks to queue
[2025-07-30T21:04:00.914+0000] {logging_mixin.py:188} INFO - [2025-07-30T21:04:00.913+0000] {dagbag.py:538} INFO - Filling up the DagBag from /home/azureuser/.pyenv/versions/3.11.9/envs/airflow-venv/lib/python3.11/site-packages/airflow/example_dags/example_xcom.py
[2025-07-30T21:04:00.924+0000] {processor.py:840} INFO - DAG(s) 'example_xcom' retrieved from /home/azureuser/.pyenv/versions/3.11.9/envs/airflow-venv/lib/python3.11/site-packages/airflow/example_dags/example_xcom.py
[2025-07-30T21:04:00.943+0000] {logging_mixin.py:188} INFO - [2025-07-30T21:04:00.943+0000] {dag.py:3036} INFO - Sync 1 DAGs
[2025-07-30T21:04:00.964+0000] {logging_mixin.py:188} INFO - [2025-07-30T21:04:00.964+0000] {dag.py:3823} INFO - Setting next_dagrun for example_xcom to 2021-01-01 00:00:00+00:00, run_after=2021-01-01 00:00:00+00:00
[2025-07-30T21:04:01.134+0000] {processor.py:183} INFO - Processing /home/azureuser/.pyenv/versions/3.11.9/envs/airflow-venv/lib/python3.11/site-packages/airflow/example_dags/example_xcom.py took 0.227 seconds
[2025-07-30T21:04:53.811+0000] {processor.py:161} INFO - Started process (PID=1737) to work on /home/azureuser/.pyenv/versions/3.11.9/envs/airflow-venv/lib/python3.11/site-packages/airflow/example_dags/example_xcom.py
[2025-07-30T21:04:53.813+0000] {processor.py:830} INFO - Processing file /home/azureuser/.pyenv/versions/3.11.9/envs/airflow-venv/lib/python3.11/site-packages/airflow/example_dags/example_xcom.py for tasks to queue
[2025-07-30T21:04:53.814+0000] {logging_mixin.py:188} INFO - [2025-07-30T21:04:53.814+0000] {dagbag.py:538} INFO - Filling up the DagBag from /home/azureuser/.pyenv/versions/3.11.9/envs/airflow-venv/lib/python3.11/site-packages/airflow/example_dags/example_xcom.py
[2025-07-30T21:04:53.824+0000] {processor.py:840} INFO - DAG(s) 'example_xcom' retrieved from /home/azureuser/.pyenv/versions/3.11.9/envs/airflow-venv/lib/python3.11/site-packages/airflow/example_dags/example_xcom.py
[2025-07-30T21:04:53.846+0000] {logging_mixin.py:188} INFO - [2025-07-30T21:04:53.846+0000] {dag.py:3036} INFO - Sync 1 DAGs
[2025-07-30T21:04:53.867+0000] {logging_mixin.py:188} INFO - [2025-07-30T21:04:53.867+0000] {dag.py:3823} INFO - Setting next_dagrun for example_xcom to 2021-01-01 00:00:00+00:00, run_after=2021-01-01 00:00:00+00:00
[2025-07-30T21:04:53.896+0000] {processor.py:183} INFO - Processing /home/azureuser/.pyenv/versions/3.11.9/envs/airflow-venv/lib/python3.11/site-packages/airflow/example_dags/example_xcom.py took 0.088 seconds
[2025-07-30T21:05:35.240+0000] {processor.py:161} INFO - Started process (PID=1781) to work on /home/azureuser/.pyenv/versions/3.11.9/envs/airflow-venv/lib/python3.11/site-packages/airflow/example_dags/example_xcom.py
[2025-07-30T21:05:35.242+0000] {processor.py:830} INFO - Processing file /home/azureuser/.pyenv/versions/3.11.9/envs/airflow-venv/lib/python3.11/site-packages/airflow/example_dags/example_xcom.py for tasks to queue
[2025-07-30T21:05:35.244+0000] {logging_mixin.py:188} INFO - [2025-07-30T21:05:35.243+0000] {dagbag.py:538} INFO - Filling up the DagBag from /home/azureuser/.pyenv/versions/3.11.9/envs/airflow-venv/lib/python3.11/site-packages/airflow/example_dags/example_xcom.py
[2025-07-30T21:05:35.254+0000] {processor.py:840} INFO - DAG(s) 'example_xcom' retrieved from /home/azureuser/.pyenv/versions/3.11.9/envs/airflow-venv/lib/python3.11/site-packages/airflow/example_dags/example_xcom.py
[2025-07-30T21:05:35.274+0000] {logging_mixin.py:188} INFO - [2025-07-30T21:05:35.274+0000] {dag.py:3036} INFO - Sync 1 DAGs
[2025-07-30T21:05:35.295+0000] {logging_mixin.py:188} INFO - [2025-07-30T21:05:35.295+0000] {dag.py:3823} INFO - Setting next_dagrun for example_xcom to 2021-01-01 00:00:00+00:00, run_after=2021-01-01 00:00:00+00:00
[2025-07-30T21:05:35.325+0000] {processor.py:183} INFO - Processing /home/azureuser/.pyenv/versions/3.11.9/envs/airflow-venv/lib/python3.11/site-packages/airflow/example_dags/example_xcom.py took 0.093 seconds
[2025-07-30T21:06:11.383+0000] {processor.py:161} INFO - Started process (PID=1818) to work on /home/azureuser/.pyenv/versions/3.11.9/envs/airflow-venv/lib/python3.11/site-packages/airflow/example_dags/example_xcom.py
[2025-07-30T21:06:11.384+0000] {processor.py:830} INFO - Processing file /home/azureuser/.pyenv/versions/3.11.9/envs/airflow-venv/lib/python3.11/site-packages/airflow/example_dags/example_xcom.py for tasks to queue
[2025-07-30T21:06:11.385+0000] {logging_mixin.py:188} INFO - [2025-07-30T21:06:11.385+0000] {dagbag.py:538} INFO - Filling up the DagBag from /home/azureuser/.pyenv/versions/3.11.9/envs/airflow-venv/lib/python3.11/site-packages/airflow/example_dags/example_xcom.py
[2025-07-30T21:06:11.396+0000] {processor.py:840} INFO - DAG(s) 'example_xcom' retrieved from /home/azureuser/.pyenv/versions/3.11.9/envs/airflow-venv/lib/python3.11/site-packages/airflow/example_dags/example_xcom.py
[2025-07-30T21:06:11.414+0000] {logging_mixin.py:188} INFO - [2025-07-30T21:06:11.414+0000] {dag.py:3036} INFO - Sync 1 DAGs
[2025-07-30T21:06:11.435+0000] {logging_mixin.py:188} INFO - [2025-07-30T21:06:11.435+0000] {dag.py:3823} INFO - Setting next_dagrun for example_xcom to 2021-01-01 00:00:00+00:00, run_after=2021-01-01 00:00:00+00:00
[2025-07-30T21:06:11.469+0000] {processor.py:183} INFO - Processing /home/azureuser/.pyenv/versions/3.11.9/envs/airflow-venv/lib/python3.11/site-packages/airflow/example_dags/example_xcom.py took 0.091 seconds
[2025-07-30T21:06:47.369+0000] {processor.py:161} INFO - Started process (PID=1854) to work on /home/azureuser/.pyenv/versions/3.11.9/envs/airflow-venv/lib/python3.11/site-packages/airflow/example_dags/example_xcom.py
[2025-07-30T21:06:47.370+0000] {processor.py:830} INFO - Processing file /home/azureuser/.pyenv/versions/3.11.9/envs/airflow-venv/lib/python3.11/site-packages/airflow/example_dags/example_xcom.py for tasks to queue
[2025-07-30T21:06:47.371+0000] {logging_mixin.py:188} INFO - [2025-07-30T21:06:47.371+0000] {dagbag.py:538} INFO - Filling up the DagBag from /home/azureuser/.pyenv/versions/3.11.9/envs/airflow-venv/lib/python3.11/site-packages/airflow/example_dags/example_xcom.py
[2025-07-30T21:06:47.382+0000] {processor.py:840} INFO - DAG(s) 'example_xcom' retrieved from /home/azureuser/.pyenv/versions/3.11.9/envs/airflow-venv/lib/python3.11/site-packages/airflow/example_dags/example_xcom.py
[2025-07-30T21:06:47.400+0000] {logging_mixin.py:188} INFO - [2025-07-30T21:06:47.400+0000] {dag.py:3036} INFO - Sync 1 DAGs
[2025-07-30T21:06:47.421+0000] {logging_mixin.py:188} INFO - [2025-07-30T21:06:47.421+0000] {dag.py:3823} INFO - Setting next_dagrun for example_xcom to 2021-01-01 00:00:00+00:00, run_after=2021-01-01 00:00:00+00:00
[2025-07-30T21:06:47.452+0000] {processor.py:183} INFO - Processing /home/azureuser/.pyenv/versions/3.11.9/envs/airflow-venv/lib/python3.11/site-packages/airflow/example_dags/example_xcom.py took 0.086 seconds
