[2025-07-30T00:21:30.184+0000] {processor.py:161} INFO - Started process (PID=34247) to work on /home/azureuser/.pyenv/versions/3.11.9/envs/airflow-venv/lib/python3.11/site-packages/airflow/example_dags/example_datasets.py
[2025-07-30T00:21:30.186+0000] {processor.py:830} INFO - Processing file /home/azureuser/.pyenv/versions/3.11.9/envs/airflow-venv/lib/python3.11/site-packages/airflow/example_dags/example_datasets.py for tasks to queue
[2025-07-30T00:21:30.187+0000] {logging_mixin.py:188} INFO - [2025-07-30T00:21:30.186+0000] {dagbag.py:538} INFO - Filling up the DagBag from /home/azureuser/.pyenv/versions/3.11.9/envs/airflow-venv/lib/python3.11/site-packages/airflow/example_dags/example_datasets.py
[2025-07-30T00:21:30.206+0000] {processor.py:840} INFO - DAG(s) 'dataset_produces_1', 'dataset_consumes_1_never_scheduled', 'dataset_consumes_1_and_2', 'dataset_produces_2', 'dataset_consumes_1', 'dataset_consumes_unknown_never_scheduled' retrieved from /home/azureuser/.pyenv/versions/3.11.9/envs/airflow-venv/lib/python3.11/site-packages/airflow/example_dags/example_datasets.py
[2025-07-30T00:21:30.361+0000] {logging_mixin.py:188} INFO - [2025-07-30T00:21:30.359+0000] {override.py:1769} INFO - Created Permission View: can delete on DAG:dataset_produces_1
[2025-07-30T00:21:30.394+0000] {logging_mixin.py:188} INFO - [2025-07-30T00:21:30.394+0000] {override.py:1769} INFO - Created Permission View: can read on DAG:dataset_produces_1
[2025-07-30T00:21:30.418+0000] {logging_mixin.py:188} INFO - [2025-07-30T00:21:30.417+0000] {override.py:1769} INFO - Created Permission View: can edit on DAG:dataset_produces_1
[2025-07-30T00:21:30.474+0000] {logging_mixin.py:188} INFO - [2025-07-30T00:21:30.474+0000] {override.py:1769} INFO - Created Permission View: can delete on DAG:dataset_consumes_1_never_scheduled
[2025-07-30T00:21:30.502+0000] {logging_mixin.py:188} INFO - [2025-07-30T00:21:30.502+0000] {override.py:1769} INFO - Created Permission View: can read on DAG:dataset_consumes_1_never_scheduled
[2025-07-30T00:21:30.525+0000] {logging_mixin.py:188} INFO - [2025-07-30T00:21:30.525+0000] {override.py:1769} INFO - Created Permission View: can edit on DAG:dataset_consumes_1_never_scheduled
[2025-07-30T00:21:30.577+0000] {logging_mixin.py:188} INFO - [2025-07-30T00:21:30.577+0000] {override.py:1769} INFO - Created Permission View: can delete on DAG:dataset_consumes_1_and_2
[2025-07-30T00:21:30.602+0000] {logging_mixin.py:188} INFO - [2025-07-30T00:21:30.602+0000] {override.py:1769} INFO - Created Permission View: can read on DAG:dataset_consumes_1_and_2
[2025-07-30T00:21:30.625+0000] {logging_mixin.py:188} INFO - [2025-07-30T00:21:30.624+0000] {override.py:1769} INFO - Created Permission View: can edit on DAG:dataset_consumes_1_and_2
[2025-07-30T00:21:30.681+0000] {logging_mixin.py:188} INFO - [2025-07-30T00:21:30.679+0000] {override.py:1769} INFO - Created Permission View: can delete on DAG:dataset_produces_2
[2025-07-30T00:21:30.707+0000] {logging_mixin.py:188} INFO - [2025-07-30T00:21:30.705+0000] {override.py:1769} INFO - Created Permission View: can read on DAG:dataset_produces_2
[2025-07-30T00:21:30.732+0000] {logging_mixin.py:188} INFO - [2025-07-30T00:21:30.732+0000] {override.py:1769} INFO - Created Permission View: can edit on DAG:dataset_produces_2
[2025-07-30T00:21:30.784+0000] {logging_mixin.py:188} INFO - [2025-07-30T00:21:30.783+0000] {override.py:1769} INFO - Created Permission View: can delete on DAG:dataset_consumes_1
[2025-07-30T00:21:30.808+0000] {logging_mixin.py:188} INFO - [2025-07-30T00:21:30.807+0000] {override.py:1769} INFO - Created Permission View: can read on DAG:dataset_consumes_1
[2025-07-30T00:21:30.832+0000] {logging_mixin.py:188} INFO - [2025-07-30T00:21:30.831+0000] {override.py:1769} INFO - Created Permission View: can edit on DAG:dataset_consumes_1
[2025-07-30T00:21:30.885+0000] {logging_mixin.py:188} INFO - [2025-07-30T00:21:30.884+0000] {override.py:1769} INFO - Created Permission View: can delete on DAG:dataset_consumes_unknown_never_scheduled
[2025-07-30T00:21:30.910+0000] {logging_mixin.py:188} INFO - [2025-07-30T00:21:30.909+0000] {override.py:1769} INFO - Created Permission View: can read on DAG:dataset_consumes_unknown_never_scheduled
[2025-07-30T00:21:30.938+0000] {logging_mixin.py:188} INFO - [2025-07-30T00:21:30.937+0000] {override.py:1769} INFO - Created Permission View: can edit on DAG:dataset_consumes_unknown_never_scheduled
[2025-07-30T00:21:30.939+0000] {logging_mixin.py:188} INFO - [2025-07-30T00:21:30.939+0000] {dag.py:3036} INFO - Sync 6 DAGs
[2025-07-30T00:21:30.953+0000] {logging_mixin.py:188} INFO - [2025-07-30T00:21:30.953+0000] {dag.py:3058} INFO - Creating ORM DAG for dataset_produces_1
[2025-07-30T00:21:30.954+0000] {logging_mixin.py:188} INFO - [2025-07-30T00:21:30.954+0000] {dag.py:3058} INFO - Creating ORM DAG for dataset_consumes_unknown_never_scheduled
[2025-07-30T00:21:30.955+0000] {logging_mixin.py:188} INFO - [2025-07-30T00:21:30.955+0000] {dag.py:3058} INFO - Creating ORM DAG for dataset_produces_2
[2025-07-30T00:21:30.955+0000] {logging_mixin.py:188} INFO - [2025-07-30T00:21:30.955+0000] {dag.py:3058} INFO - Creating ORM DAG for dataset_consumes_1_and_2
[2025-07-30T00:21:30.956+0000] {logging_mixin.py:188} INFO - [2025-07-30T00:21:30.956+0000] {dag.py:3058} INFO - Creating ORM DAG for dataset_consumes_1_never_scheduled
[2025-07-30T00:21:30.956+0000] {logging_mixin.py:188} INFO - [2025-07-30T00:21:30.956+0000] {dag.py:3058} INFO - Creating ORM DAG for dataset_consumes_1
[2025-07-30T00:21:30.966+0000] {logging_mixin.py:188} INFO - [2025-07-30T00:21:30.966+0000] {dag.py:3823} INFO - Setting next_dagrun for dataset_consumes_1 to None, run_after=None
[2025-07-30T00:21:30.969+0000] {logging_mixin.py:188} INFO - [2025-07-30T00:21:30.969+0000] {dag.py:3823} INFO - Setting next_dagrun for dataset_consumes_1_and_2 to None, run_after=None
[2025-07-30T00:21:30.971+0000] {logging_mixin.py:188} INFO - [2025-07-30T00:21:30.969+0000] {dag.py:3823} INFO - Setting next_dagrun for dataset_consumes_1_never_scheduled to None, run_after=None
[2025-07-30T00:21:30.971+0000] {logging_mixin.py:188} INFO - [2025-07-30T00:21:30.971+0000] {dag.py:3823} INFO - Setting next_dagrun for dataset_consumes_unknown_never_scheduled to None, run_after=None
[2025-07-30T00:21:30.977+0000] {logging_mixin.py:188} INFO - [2025-07-30T00:21:30.977+0000] {dag.py:3823} INFO - Setting next_dagrun for dataset_produces_1 to 2025-07-29 00:00:00+00:00, run_after=2025-07-30 00:00:00+00:00
[2025-07-30T00:21:30.979+0000] {logging_mixin.py:188} INFO - [2025-07-30T00:21:30.979+0000] {dag.py:3823} INFO - Setting next_dagrun for dataset_produces_2 to None, run_after=None
[2025-07-30T00:21:31.073+0000] {processor.py:183} INFO - Processing /home/azureuser/.pyenv/versions/3.11.9/envs/airflow-venv/lib/python3.11/site-packages/airflow/example_dags/example_datasets.py took 0.893 seconds
[2025-07-30T00:22:22.955+0000] {processor.py:161} INFO - Started process (PID=34332) to work on /home/azureuser/.pyenv/versions/3.11.9/envs/airflow-venv/lib/python3.11/site-packages/airflow/example_dags/example_datasets.py
[2025-07-30T00:22:22.957+0000] {processor.py:830} INFO - Processing file /home/azureuser/.pyenv/versions/3.11.9/envs/airflow-venv/lib/python3.11/site-packages/airflow/example_dags/example_datasets.py for tasks to queue
[2025-07-30T00:22:22.958+0000] {logging_mixin.py:188} INFO - [2025-07-30T00:22:22.958+0000] {dagbag.py:538} INFO - Filling up the DagBag from /home/azureuser/.pyenv/versions/3.11.9/envs/airflow-venv/lib/python3.11/site-packages/airflow/example_dags/example_datasets.py
[2025-07-30T00:22:22.973+0000] {processor.py:840} INFO - DAG(s) 'dataset_consumes_1_never_scheduled', 'dataset_consumes_1', 'dataset_produces_2', 'dataset_produces_1', 'dataset_consumes_unknown_never_scheduled', 'dataset_consumes_1_and_2' retrieved from /home/azureuser/.pyenv/versions/3.11.9/envs/airflow-venv/lib/python3.11/site-packages/airflow/example_dags/example_datasets.py
[2025-07-30T00:22:23.005+0000] {logging_mixin.py:188} INFO - [2025-07-30T00:22:23.004+0000] {dag.py:3036} INFO - Sync 6 DAGs
[2025-07-30T00:22:23.029+0000] {logging_mixin.py:188} INFO - [2025-07-30T00:22:23.029+0000] {dag.py:3823} INFO - Setting next_dagrun for dataset_consumes_1 to None, run_after=None
[2025-07-30T00:22:23.033+0000] {logging_mixin.py:188} INFO - [2025-07-30T00:22:23.033+0000] {dag.py:3823} INFO - Setting next_dagrun for dataset_consumes_1_and_2 to None, run_after=None
[2025-07-30T00:22:23.034+0000] {logging_mixin.py:188} INFO - [2025-07-30T00:22:23.034+0000] {dag.py:3823} INFO - Setting next_dagrun for dataset_consumes_1_never_scheduled to None, run_after=None
[2025-07-30T00:22:23.035+0000] {logging_mixin.py:188} INFO - [2025-07-30T00:22:23.035+0000] {dag.py:3823} INFO - Setting next_dagrun for dataset_consumes_unknown_never_scheduled to None, run_after=None
[2025-07-30T00:22:23.038+0000] {logging_mixin.py:188} INFO - [2025-07-30T00:22:23.038+0000] {dag.py:3823} INFO - Setting next_dagrun for dataset_produces_1 to 2025-07-29 00:00:00+00:00, run_after=2025-07-30 00:00:00+00:00
[2025-07-30T00:22:23.039+0000] {logging_mixin.py:188} INFO - [2025-07-30T00:22:23.039+0000] {dag.py:3823} INFO - Setting next_dagrun for dataset_produces_2 to None, run_after=None
[2025-07-30T00:22:23.088+0000] {processor.py:183} INFO - Processing /home/azureuser/.pyenv/versions/3.11.9/envs/airflow-venv/lib/python3.11/site-packages/airflow/example_dags/example_datasets.py took 0.137 seconds
[2025-07-30T00:23:13.574+0000] {processor.py:161} INFO - Started process (PID=34402) to work on /home/azureuser/.pyenv/versions/3.11.9/envs/airflow-venv/lib/python3.11/site-packages/airflow/example_dags/example_datasets.py
[2025-07-30T00:23:13.576+0000] {processor.py:830} INFO - Processing file /home/azureuser/.pyenv/versions/3.11.9/envs/airflow-venv/lib/python3.11/site-packages/airflow/example_dags/example_datasets.py for tasks to queue
[2025-07-30T00:23:13.577+0000] {logging_mixin.py:188} INFO - [2025-07-30T00:23:13.577+0000] {dagbag.py:538} INFO - Filling up the DagBag from /home/azureuser/.pyenv/versions/3.11.9/envs/airflow-venv/lib/python3.11/site-packages/airflow/example_dags/example_datasets.py
[2025-07-30T00:23:13.593+0000] {processor.py:840} INFO - DAG(s) 'dataset_produces_2', 'dataset_consumes_unknown_never_scheduled', 'dataset_consumes_1', 'dataset_produces_1', 'dataset_consumes_1_and_2', 'dataset_consumes_1_never_scheduled' retrieved from /home/azureuser/.pyenv/versions/3.11.9/envs/airflow-venv/lib/python3.11/site-packages/airflow/example_dags/example_datasets.py
[2025-07-30T00:23:13.625+0000] {logging_mixin.py:188} INFO - [2025-07-30T00:23:13.624+0000] {dag.py:3036} INFO - Sync 6 DAGs
[2025-07-30T00:23:13.652+0000] {logging_mixin.py:188} INFO - [2025-07-30T00:23:13.652+0000] {dag.py:3823} INFO - Setting next_dagrun for dataset_consumes_1 to None, run_after=None
[2025-07-30T00:23:13.656+0000] {logging_mixin.py:188} INFO - [2025-07-30T00:23:13.655+0000] {dag.py:3823} INFO - Setting next_dagrun for dataset_consumes_1_and_2 to None, run_after=None
[2025-07-30T00:23:13.657+0000] {logging_mixin.py:188} INFO - [2025-07-30T00:23:13.657+0000] {dag.py:3823} INFO - Setting next_dagrun for dataset_consumes_1_never_scheduled to None, run_after=None
[2025-07-30T00:23:13.658+0000] {logging_mixin.py:188} INFO - [2025-07-30T00:23:13.658+0000] {dag.py:3823} INFO - Setting next_dagrun for dataset_consumes_unknown_never_scheduled to None, run_after=None
[2025-07-30T00:23:13.661+0000] {logging_mixin.py:188} INFO - [2025-07-30T00:23:13.661+0000] {dag.py:3823} INFO - Setting next_dagrun for dataset_produces_1 to 2025-07-29 00:00:00+00:00, run_after=2025-07-30 00:00:00+00:00
[2025-07-30T00:23:13.662+0000] {logging_mixin.py:188} INFO - [2025-07-30T00:23:13.662+0000] {dag.py:3823} INFO - Setting next_dagrun for dataset_produces_2 to None, run_after=None
[2025-07-30T00:23:13.713+0000] {processor.py:183} INFO - Processing /home/azureuser/.pyenv/versions/3.11.9/envs/airflow-venv/lib/python3.11/site-packages/airflow/example_dags/example_datasets.py took 0.143 seconds
[2025-07-30T00:24:15.229+0000] {processor.py:161} INFO - Started process (PID=34493) to work on /home/azureuser/.pyenv/versions/3.11.9/envs/airflow-venv/lib/python3.11/site-packages/airflow/example_dags/example_datasets.py
[2025-07-30T00:24:15.231+0000] {processor.py:830} INFO - Processing file /home/azureuser/.pyenv/versions/3.11.9/envs/airflow-venv/lib/python3.11/site-packages/airflow/example_dags/example_datasets.py for tasks to queue
[2025-07-30T00:24:15.232+0000] {logging_mixin.py:188} INFO - [2025-07-30T00:24:15.232+0000] {dagbag.py:538} INFO - Filling up the DagBag from /home/azureuser/.pyenv/versions/3.11.9/envs/airflow-venv/lib/python3.11/site-packages/airflow/example_dags/example_datasets.py
[2025-07-30T00:24:15.245+0000] {processor.py:840} INFO - DAG(s) 'dataset_consumes_1_never_scheduled', 'dataset_consumes_1_and_2', 'dataset_produces_2', 'dataset_consumes_1', 'dataset_produces_1', 'dataset_consumes_unknown_never_scheduled' retrieved from /home/azureuser/.pyenv/versions/3.11.9/envs/airflow-venv/lib/python3.11/site-packages/airflow/example_dags/example_datasets.py
[2025-07-30T00:24:15.277+0000] {logging_mixin.py:188} INFO - [2025-07-30T00:24:15.276+0000] {dag.py:3036} INFO - Sync 6 DAGs
[2025-07-30T00:24:15.458+0000] {logging_mixin.py:188} INFO - [2025-07-30T00:24:15.457+0000] {dag.py:3823} INFO - Setting next_dagrun for dataset_consumes_1 to None, run_after=None
[2025-07-30T00:24:15.461+0000] {logging_mixin.py:188} INFO - [2025-07-30T00:24:15.461+0000] {dag.py:3823} INFO - Setting next_dagrun for dataset_consumes_1_and_2 to None, run_after=None
[2025-07-30T00:24:15.462+0000] {logging_mixin.py:188} INFO - [2025-07-30T00:24:15.462+0000] {dag.py:3823} INFO - Setting next_dagrun for dataset_consumes_1_never_scheduled to None, run_after=None
[2025-07-30T00:24:15.463+0000] {logging_mixin.py:188} INFO - [2025-07-30T00:24:15.463+0000] {dag.py:3823} INFO - Setting next_dagrun for dataset_consumes_unknown_never_scheduled to None, run_after=None
[2025-07-30T00:24:15.466+0000] {logging_mixin.py:188} INFO - [2025-07-30T00:24:15.466+0000] {dag.py:3823} INFO - Setting next_dagrun for dataset_produces_1 to 2025-07-29 00:00:00+00:00, run_after=2025-07-30 00:00:00+00:00
[2025-07-30T00:24:15.467+0000] {logging_mixin.py:188} INFO - [2025-07-30T00:24:15.467+0000] {dag.py:3823} INFO - Setting next_dagrun for dataset_produces_2 to None, run_after=None
[2025-07-30T00:24:15.518+0000] {processor.py:183} INFO - Processing /home/azureuser/.pyenv/versions/3.11.9/envs/airflow-venv/lib/python3.11/site-packages/airflow/example_dags/example_datasets.py took 0.293 seconds
[2025-07-30T00:25:24.794+0000] {processor.py:161} INFO - Started process (PID=34595) to work on /home/azureuser/.pyenv/versions/3.11.9/envs/airflow-venv/lib/python3.11/site-packages/airflow/example_dags/example_datasets.py
[2025-07-30T00:25:24.795+0000] {processor.py:830} INFO - Processing file /home/azureuser/.pyenv/versions/3.11.9/envs/airflow-venv/lib/python3.11/site-packages/airflow/example_dags/example_datasets.py for tasks to queue
[2025-07-30T00:25:24.796+0000] {logging_mixin.py:188} INFO - [2025-07-30T00:25:24.796+0000] {dagbag.py:538} INFO - Filling up the DagBag from /home/azureuser/.pyenv/versions/3.11.9/envs/airflow-venv/lib/python3.11/site-packages/airflow/example_dags/example_datasets.py
[2025-07-30T00:25:24.810+0000] {processor.py:840} INFO - DAG(s) 'dataset_produces_2', 'dataset_consumes_unknown_never_scheduled', 'dataset_produces_1', 'dataset_consumes_1', 'dataset_consumes_1_never_scheduled', 'dataset_consumes_1_and_2' retrieved from /home/azureuser/.pyenv/versions/3.11.9/envs/airflow-venv/lib/python3.11/site-packages/airflow/example_dags/example_datasets.py
[2025-07-30T00:25:24.842+0000] {logging_mixin.py:188} INFO - [2025-07-30T00:25:24.842+0000] {dag.py:3036} INFO - Sync 6 DAGs
[2025-07-30T00:25:24.868+0000] {logging_mixin.py:188} INFO - [2025-07-30T00:25:24.868+0000] {dag.py:3823} INFO - Setting next_dagrun for dataset_consumes_1 to None, run_after=None
[2025-07-30T00:25:24.872+0000] {logging_mixin.py:188} INFO - [2025-07-30T00:25:24.872+0000] {dag.py:3823} INFO - Setting next_dagrun for dataset_consumes_1_and_2 to None, run_after=None
[2025-07-30T00:25:24.873+0000] {logging_mixin.py:188} INFO - [2025-07-30T00:25:24.873+0000] {dag.py:3823} INFO - Setting next_dagrun for dataset_consumes_1_never_scheduled to None, run_after=None
[2025-07-30T00:25:24.874+0000] {logging_mixin.py:188} INFO - [2025-07-30T00:25:24.874+0000] {dag.py:3823} INFO - Setting next_dagrun for dataset_consumes_unknown_never_scheduled to None, run_after=None
[2025-07-30T00:25:24.878+0000] {logging_mixin.py:188} INFO - [2025-07-30T00:25:24.877+0000] {dag.py:3823} INFO - Setting next_dagrun for dataset_produces_1 to 2025-07-29 00:00:00+00:00, run_after=2025-07-30 00:00:00+00:00
[2025-07-30T00:25:24.879+0000] {logging_mixin.py:188} INFO - [2025-07-30T00:25:24.878+0000] {dag.py:3823} INFO - Setting next_dagrun for dataset_produces_2 to None, run_after=None
[2025-07-30T00:25:24.923+0000] {processor.py:183} INFO - Processing /home/azureuser/.pyenv/versions/3.11.9/envs/airflow-venv/lib/python3.11/site-packages/airflow/example_dags/example_datasets.py took 0.133 seconds
[2025-07-30T00:26:45.329+0000] {processor.py:161} INFO - Started process (PID=34700) to work on /home/azureuser/.pyenv/versions/3.11.9/envs/airflow-venv/lib/python3.11/site-packages/airflow/example_dags/example_datasets.py
[2025-07-30T00:26:45.330+0000] {processor.py:830} INFO - Processing file /home/azureuser/.pyenv/versions/3.11.9/envs/airflow-venv/lib/python3.11/site-packages/airflow/example_dags/example_datasets.py for tasks to queue
[2025-07-30T00:26:45.331+0000] {logging_mixin.py:188} INFO - [2025-07-30T00:26:45.331+0000] {dagbag.py:538} INFO - Filling up the DagBag from /home/azureuser/.pyenv/versions/3.11.9/envs/airflow-venv/lib/python3.11/site-packages/airflow/example_dags/example_datasets.py
[2025-07-30T00:26:45.347+0000] {processor.py:840} INFO - DAG(s) 'dataset_consumes_unknown_never_scheduled', 'dataset_produces_2', 'dataset_consumes_1_and_2', 'dataset_consumes_1_never_scheduled', 'dataset_consumes_1', 'dataset_produces_1' retrieved from /home/azureuser/.pyenv/versions/3.11.9/envs/airflow-venv/lib/python3.11/site-packages/airflow/example_dags/example_datasets.py
[2025-07-30T00:26:46.362+0000] {logging_mixin.py:188} INFO - [2025-07-30T00:26:46.358+0000] {dag.py:3036} INFO - Sync 6 DAGs
[2025-07-30T00:26:46.394+0000] {logging_mixin.py:188} INFO - [2025-07-30T00:26:46.393+0000] {dag.py:3823} INFO - Setting next_dagrun for dataset_consumes_1 to None, run_after=None
[2025-07-30T00:26:46.401+0000] {logging_mixin.py:188} INFO - [2025-07-30T00:26:46.400+0000] {dag.py:3823} INFO - Setting next_dagrun for dataset_consumes_1_and_2 to None, run_after=None
[2025-07-30T00:26:46.402+0000] {logging_mixin.py:188} INFO - [2025-07-30T00:26:46.402+0000] {dag.py:3823} INFO - Setting next_dagrun for dataset_consumes_1_never_scheduled to None, run_after=None
[2025-07-30T00:26:46.403+0000] {logging_mixin.py:188} INFO - [2025-07-30T00:26:46.403+0000] {dag.py:3823} INFO - Setting next_dagrun for dataset_consumes_unknown_never_scheduled to None, run_after=None
[2025-07-30T00:26:46.570+0000] {logging_mixin.py:188} INFO - [2025-07-30T00:26:46.408+0000] {dag.py:3823} INFO - Setting next_dagrun for dataset_produces_1 to 2025-07-29 00:00:00+00:00, run_after=2025-07-30 00:00:00+00:00
[2025-07-30T00:26:46.638+0000] {logging_mixin.py:188} INFO - [2025-07-30T00:26:46.638+0000] {dag.py:3823} INFO - Setting next_dagrun for dataset_produces_2 to None, run_after=None
[2025-07-30T00:26:46.820+0000] {processor.py:183} INFO - Processing /home/azureuser/.pyenv/versions/3.11.9/envs/airflow-venv/lib/python3.11/site-packages/airflow/example_dags/example_datasets.py took 1.496 seconds
[2025-07-30T20:46:05.995+0000] {processor.py:161} INFO - Started process (PID=1362) to work on /home/azureuser/.pyenv/versions/3.11.9/envs/airflow-venv/lib/python3.11/site-packages/airflow/example_dags/example_datasets.py
[2025-07-30T20:46:05.999+0000] {processor.py:830} INFO - Processing file /home/azureuser/.pyenv/versions/3.11.9/envs/airflow-venv/lib/python3.11/site-packages/airflow/example_dags/example_datasets.py for tasks to queue
[2025-07-30T20:46:06.000+0000] {logging_mixin.py:188} INFO - [2025-07-30T20:46:05.999+0000] {dagbag.py:538} INFO - Filling up the DagBag from /home/azureuser/.pyenv/versions/3.11.9/envs/airflow-venv/lib/python3.11/site-packages/airflow/example_dags/example_datasets.py
[2025-07-30T20:46:06.012+0000] {processor.py:840} INFO - DAG(s) 'dataset_consumes_1', 'dataset_consumes_1_and_2', 'dataset_consumes_1_never_scheduled', 'dataset_produces_2', 'dataset_produces_1', 'dataset_consumes_unknown_never_scheduled' retrieved from /home/azureuser/.pyenv/versions/3.11.9/envs/airflow-venv/lib/python3.11/site-packages/airflow/example_dags/example_datasets.py
[2025-07-30T20:46:06.038+0000] {logging_mixin.py:188} INFO - [2025-07-30T20:46:06.038+0000] {dag.py:3036} INFO - Sync 6 DAGs
[2025-07-30T20:46:06.059+0000] {logging_mixin.py:188} INFO - [2025-07-30T20:46:06.059+0000] {dag.py:3823} INFO - Setting next_dagrun for dataset_consumes_1 to None, run_after=None
[2025-07-30T20:46:06.062+0000] {logging_mixin.py:188} INFO - [2025-07-30T20:46:06.062+0000] {dag.py:3823} INFO - Setting next_dagrun for dataset_consumes_1_and_2 to None, run_after=None
[2025-07-30T20:46:06.063+0000] {logging_mixin.py:188} INFO - [2025-07-30T20:46:06.063+0000] {dag.py:3823} INFO - Setting next_dagrun for dataset_consumes_1_never_scheduled to None, run_after=None
[2025-07-30T20:46:06.064+0000] {logging_mixin.py:188} INFO - [2025-07-30T20:46:06.064+0000] {dag.py:3823} INFO - Setting next_dagrun for dataset_consumes_unknown_never_scheduled to None, run_after=None
[2025-07-30T20:46:06.066+0000] {logging_mixin.py:188} INFO - [2025-07-30T20:46:06.066+0000] {dag.py:3823} INFO - Setting next_dagrun for dataset_produces_1 to 2025-07-29 00:00:00+00:00, run_after=2025-07-30 00:00:00+00:00
[2025-07-30T20:46:06.067+0000] {logging_mixin.py:188} INFO - [2025-07-30T20:46:06.067+0000] {dag.py:3823} INFO - Setting next_dagrun for dataset_produces_2 to None, run_after=None
[2025-07-30T20:46:06.102+0000] {processor.py:183} INFO - Processing /home/azureuser/.pyenv/versions/3.11.9/envs/airflow-venv/lib/python3.11/site-packages/airflow/example_dags/example_datasets.py took 0.111 seconds
[2025-07-30T20:46:55.156+0000] {processor.py:161} INFO - Started process (PID=1417) to work on /home/azureuser/.pyenv/versions/3.11.9/envs/airflow-venv/lib/python3.11/site-packages/airflow/example_dags/example_datasets.py
[2025-07-30T20:46:55.158+0000] {processor.py:830} INFO - Processing file /home/azureuser/.pyenv/versions/3.11.9/envs/airflow-venv/lib/python3.11/site-packages/airflow/example_dags/example_datasets.py for tasks to queue
[2025-07-30T20:46:55.159+0000] {logging_mixin.py:188} INFO - [2025-07-30T20:46:55.158+0000] {dagbag.py:538} INFO - Filling up the DagBag from /home/azureuser/.pyenv/versions/3.11.9/envs/airflow-venv/lib/python3.11/site-packages/airflow/example_dags/example_datasets.py
[2025-07-30T20:46:55.170+0000] {processor.py:840} INFO - DAG(s) 'dataset_consumes_1_and_2', 'dataset_produces_1', 'dataset_consumes_1_never_scheduled', 'dataset_consumes_unknown_never_scheduled', 'dataset_produces_2', 'dataset_consumes_1' retrieved from /home/azureuser/.pyenv/versions/3.11.9/envs/airflow-venv/lib/python3.11/site-packages/airflow/example_dags/example_datasets.py
[2025-07-30T20:46:55.197+0000] {logging_mixin.py:188} INFO - [2025-07-30T20:46:55.197+0000] {dag.py:3036} INFO - Sync 6 DAGs
[2025-07-30T20:46:55.219+0000] {logging_mixin.py:188} INFO - [2025-07-30T20:46:55.218+0000] {dag.py:3823} INFO - Setting next_dagrun for dataset_consumes_1 to None, run_after=None
[2025-07-30T20:46:55.222+0000] {logging_mixin.py:188} INFO - [2025-07-30T20:46:55.222+0000] {dag.py:3823} INFO - Setting next_dagrun for dataset_consumes_1_and_2 to None, run_after=None
[2025-07-30T20:46:55.223+0000] {logging_mixin.py:188} INFO - [2025-07-30T20:46:55.223+0000] {dag.py:3823} INFO - Setting next_dagrun for dataset_consumes_1_never_scheduled to None, run_after=None
[2025-07-30T20:46:55.224+0000] {logging_mixin.py:188} INFO - [2025-07-30T20:46:55.224+0000] {dag.py:3823} INFO - Setting next_dagrun for dataset_consumes_unknown_never_scheduled to None, run_after=None
[2025-07-30T20:46:55.226+0000] {logging_mixin.py:188} INFO - [2025-07-30T20:46:55.226+0000] {dag.py:3823} INFO - Setting next_dagrun for dataset_produces_1 to 2025-07-29 00:00:00+00:00, run_after=2025-07-30 00:00:00+00:00
[2025-07-30T20:46:55.227+0000] {logging_mixin.py:188} INFO - [2025-07-30T20:46:55.227+0000] {dag.py:3823} INFO - Setting next_dagrun for dataset_produces_2 to None, run_after=None
[2025-07-30T20:46:55.262+0000] {processor.py:183} INFO - Processing /home/azureuser/.pyenv/versions/3.11.9/envs/airflow-venv/lib/python3.11/site-packages/airflow/example_dags/example_datasets.py took 0.109 seconds
[2025-07-30T21:03:13.733+0000] {processor.py:161} INFO - Started process (PID=1640) to work on /home/azureuser/.pyenv/versions/3.11.9/envs/airflow-venv/lib/python3.11/site-packages/airflow/example_dags/example_datasets.py
[2025-07-30T21:03:13.735+0000] {processor.py:830} INFO - Processing file /home/azureuser/.pyenv/versions/3.11.9/envs/airflow-venv/lib/python3.11/site-packages/airflow/example_dags/example_datasets.py for tasks to queue
[2025-07-30T21:03:13.736+0000] {logging_mixin.py:188} INFO - [2025-07-30T21:03:13.735+0000] {dagbag.py:538} INFO - Filling up the DagBag from /home/azureuser/.pyenv/versions/3.11.9/envs/airflow-venv/lib/python3.11/site-packages/airflow/example_dags/example_datasets.py
[2025-07-30T21:03:13.748+0000] {processor.py:840} INFO - DAG(s) 'dataset_consumes_1_and_2', 'dataset_consumes_1', 'dataset_produces_1', 'dataset_produces_2', 'dataset_consumes_1_never_scheduled', 'dataset_consumes_unknown_never_scheduled' retrieved from /home/azureuser/.pyenv/versions/3.11.9/envs/airflow-venv/lib/python3.11/site-packages/airflow/example_dags/example_datasets.py
[2025-07-30T21:03:13.776+0000] {logging_mixin.py:188} INFO - [2025-07-30T21:03:13.776+0000] {dag.py:3036} INFO - Sync 6 DAGs
[2025-07-30T21:03:13.800+0000] {logging_mixin.py:188} INFO - [2025-07-30T21:03:13.799+0000] {dag.py:3823} INFO - Setting next_dagrun for dataset_consumes_1 to None, run_after=None
[2025-07-30T21:03:13.803+0000] {logging_mixin.py:188} INFO - [2025-07-30T21:03:13.803+0000] {dag.py:3823} INFO - Setting next_dagrun for dataset_consumes_1_and_2 to None, run_after=None
[2025-07-30T21:03:13.804+0000] {logging_mixin.py:188} INFO - [2025-07-30T21:03:13.804+0000] {dag.py:3823} INFO - Setting next_dagrun for dataset_consumes_1_never_scheduled to None, run_after=None
[2025-07-30T21:03:13.805+0000] {logging_mixin.py:188} INFO - [2025-07-30T21:03:13.804+0000] {dag.py:3823} INFO - Setting next_dagrun for dataset_consumes_unknown_never_scheduled to None, run_after=None
[2025-07-30T21:03:13.807+0000] {logging_mixin.py:188} INFO - [2025-07-30T21:03:13.807+0000] {dag.py:3823} INFO - Setting next_dagrun for dataset_produces_1 to 2025-07-29 00:00:00+00:00, run_after=2025-07-30 00:00:00+00:00
[2025-07-30T21:03:13.808+0000] {logging_mixin.py:188} INFO - [2025-07-30T21:03:13.808+0000] {dag.py:3823} INFO - Setting next_dagrun for dataset_produces_2 to None, run_after=None
[2025-07-30T21:03:13.845+0000] {processor.py:183} INFO - Processing /home/azureuser/.pyenv/versions/3.11.9/envs/airflow-venv/lib/python3.11/site-packages/airflow/example_dags/example_datasets.py took 0.117 seconds
[2025-07-30T21:04:15.264+0000] {processor.py:161} INFO - Started process (PID=1704) to work on /home/azureuser/.pyenv/versions/3.11.9/envs/airflow-venv/lib/python3.11/site-packages/airflow/example_dags/example_datasets.py
[2025-07-30T21:04:15.265+0000] {processor.py:830} INFO - Processing file /home/azureuser/.pyenv/versions/3.11.9/envs/airflow-venv/lib/python3.11/site-packages/airflow/example_dags/example_datasets.py for tasks to queue
[2025-07-30T21:04:15.266+0000] {logging_mixin.py:188} INFO - [2025-07-30T21:04:15.266+0000] {dagbag.py:538} INFO - Filling up the DagBag from /home/azureuser/.pyenv/versions/3.11.9/envs/airflow-venv/lib/python3.11/site-packages/airflow/example_dags/example_datasets.py
[2025-07-30T21:04:15.280+0000] {processor.py:840} INFO - DAG(s) 'dataset_consumes_1_never_scheduled', 'dataset_consumes_unknown_never_scheduled', 'dataset_consumes_1', 'dataset_produces_1', 'dataset_consumes_1_and_2', 'dataset_produces_2' retrieved from /home/azureuser/.pyenv/versions/3.11.9/envs/airflow-venv/lib/python3.11/site-packages/airflow/example_dags/example_datasets.py
[2025-07-30T21:04:15.312+0000] {logging_mixin.py:188} INFO - [2025-07-30T21:04:15.311+0000] {dag.py:3036} INFO - Sync 6 DAGs
[2025-07-30T21:04:15.477+0000] {logging_mixin.py:188} INFO - [2025-07-30T21:04:15.474+0000] {dag.py:3823} INFO - Setting next_dagrun for dataset_consumes_1 to None, run_after=None
[2025-07-30T21:04:15.481+0000] {logging_mixin.py:188} INFO - [2025-07-30T21:04:15.481+0000] {dag.py:3823} INFO - Setting next_dagrun for dataset_consumes_1_and_2 to None, run_after=None
[2025-07-30T21:04:15.482+0000] {logging_mixin.py:188} INFO - [2025-07-30T21:04:15.482+0000] {dag.py:3823} INFO - Setting next_dagrun for dataset_consumes_1_never_scheduled to None, run_after=None
[2025-07-30T21:04:15.483+0000] {logging_mixin.py:188} INFO - [2025-07-30T21:04:15.483+0000] {dag.py:3823} INFO - Setting next_dagrun for dataset_consumes_unknown_never_scheduled to None, run_after=None
[2025-07-30T21:04:15.488+0000] {logging_mixin.py:188} INFO - [2025-07-30T21:04:15.485+0000] {dag.py:3823} INFO - Setting next_dagrun for dataset_produces_1 to 2025-07-29 00:00:00+00:00, run_after=2025-07-30 00:00:00+00:00
[2025-07-30T21:04:15.489+0000] {logging_mixin.py:188} INFO - [2025-07-30T21:04:15.488+0000] {dag.py:3823} INFO - Setting next_dagrun for dataset_produces_2 to None, run_after=None
[2025-07-30T21:04:15.535+0000] {processor.py:183} INFO - Processing /home/azureuser/.pyenv/versions/3.11.9/envs/airflow-venv/lib/python3.11/site-packages/airflow/example_dags/example_datasets.py took 0.275 seconds
[2025-07-30T21:05:05.469+0000] {processor.py:161} INFO - Started process (PID=1752) to work on /home/azureuser/.pyenv/versions/3.11.9/envs/airflow-venv/lib/python3.11/site-packages/airflow/example_dags/example_datasets.py
[2025-07-30T21:05:05.471+0000] {processor.py:830} INFO - Processing file /home/azureuser/.pyenv/versions/3.11.9/envs/airflow-venv/lib/python3.11/site-packages/airflow/example_dags/example_datasets.py for tasks to queue
[2025-07-30T21:05:05.472+0000] {logging_mixin.py:188} INFO - [2025-07-30T21:05:05.471+0000] {dagbag.py:538} INFO - Filling up the DagBag from /home/azureuser/.pyenv/versions/3.11.9/envs/airflow-venv/lib/python3.11/site-packages/airflow/example_dags/example_datasets.py
[2025-07-30T21:05:05.485+0000] {processor.py:840} INFO - DAG(s) 'dataset_consumes_1', 'dataset_consumes_unknown_never_scheduled', 'dataset_produces_1', 'dataset_produces_2', 'dataset_consumes_1_and_2', 'dataset_consumes_1_never_scheduled' retrieved from /home/azureuser/.pyenv/versions/3.11.9/envs/airflow-venv/lib/python3.11/site-packages/airflow/example_dags/example_datasets.py
[2025-07-30T21:05:05.515+0000] {logging_mixin.py:188} INFO - [2025-07-30T21:05:05.514+0000] {dag.py:3036} INFO - Sync 6 DAGs
[2025-07-30T21:05:05.538+0000] {logging_mixin.py:188} INFO - [2025-07-30T21:05:05.537+0000] {dag.py:3823} INFO - Setting next_dagrun for dataset_consumes_1 to None, run_after=None
[2025-07-30T21:05:05.541+0000] {logging_mixin.py:188} INFO - [2025-07-30T21:05:05.541+0000] {dag.py:3823} INFO - Setting next_dagrun for dataset_consumes_1_and_2 to None, run_after=None
[2025-07-30T21:05:05.542+0000] {logging_mixin.py:188} INFO - [2025-07-30T21:05:05.542+0000] {dag.py:3823} INFO - Setting next_dagrun for dataset_consumes_1_never_scheduled to None, run_after=None
[2025-07-30T21:05:05.543+0000] {logging_mixin.py:188} INFO - [2025-07-30T21:05:05.543+0000] {dag.py:3823} INFO - Setting next_dagrun for dataset_consumes_unknown_never_scheduled to None, run_after=None
[2025-07-30T21:05:05.546+0000] {logging_mixin.py:188} INFO - [2025-07-30T21:05:05.545+0000] {dag.py:3823} INFO - Setting next_dagrun for dataset_produces_1 to 2025-07-29 00:00:00+00:00, run_after=2025-07-30 00:00:00+00:00
[2025-07-30T21:05:05.547+0000] {logging_mixin.py:188} INFO - [2025-07-30T21:05:05.546+0000] {dag.py:3823} INFO - Setting next_dagrun for dataset_produces_2 to None, run_after=None
[2025-07-30T21:05:05.590+0000] {processor.py:183} INFO - Processing /home/azureuser/.pyenv/versions/3.11.9/envs/airflow-venv/lib/python3.11/site-packages/airflow/example_dags/example_datasets.py took 0.125 seconds
[2025-07-30T21:06:00.993+0000] {processor.py:161} INFO - Started process (PID=1808) to work on /home/azureuser/.pyenv/versions/3.11.9/envs/airflow-venv/lib/python3.11/site-packages/airflow/example_dags/example_datasets.py
[2025-07-30T21:06:00.994+0000] {processor.py:830} INFO - Processing file /home/azureuser/.pyenv/versions/3.11.9/envs/airflow-venv/lib/python3.11/site-packages/airflow/example_dags/example_datasets.py for tasks to queue
[2025-07-30T21:06:00.996+0000] {logging_mixin.py:188} INFO - [2025-07-30T21:06:00.995+0000] {dagbag.py:538} INFO - Filling up the DagBag from /home/azureuser/.pyenv/versions/3.11.9/envs/airflow-venv/lib/python3.11/site-packages/airflow/example_dags/example_datasets.py
[2025-07-30T21:06:01.012+0000] {processor.py:840} INFO - DAG(s) 'dataset_consumes_1_and_2', 'dataset_consumes_1_never_scheduled', 'dataset_produces_1', 'dataset_consumes_1', 'dataset_produces_2', 'dataset_consumes_unknown_never_scheduled' retrieved from /home/azureuser/.pyenv/versions/3.11.9/envs/airflow-venv/lib/python3.11/site-packages/airflow/example_dags/example_datasets.py
[2025-07-30T21:06:01.045+0000] {logging_mixin.py:188} INFO - [2025-07-30T21:06:01.045+0000] {dag.py:3036} INFO - Sync 6 DAGs
[2025-07-30T21:06:01.069+0000] {logging_mixin.py:188} INFO - [2025-07-30T21:06:01.068+0000] {dag.py:3823} INFO - Setting next_dagrun for dataset_consumes_1 to None, run_after=None
[2025-07-30T21:06:01.072+0000] {logging_mixin.py:188} INFO - [2025-07-30T21:06:01.072+0000] {dag.py:3823} INFO - Setting next_dagrun for dataset_consumes_1_and_2 to None, run_after=None
[2025-07-30T21:06:01.073+0000] {logging_mixin.py:188} INFO - [2025-07-30T21:06:01.073+0000] {dag.py:3823} INFO - Setting next_dagrun for dataset_consumes_1_never_scheduled to None, run_after=None
[2025-07-30T21:06:01.074+0000] {logging_mixin.py:188} INFO - [2025-07-30T21:06:01.074+0000] {dag.py:3823} INFO - Setting next_dagrun for dataset_consumes_unknown_never_scheduled to None, run_after=None
[2025-07-30T21:06:01.077+0000] {logging_mixin.py:188} INFO - [2025-07-30T21:06:01.076+0000] {dag.py:3823} INFO - Setting next_dagrun for dataset_produces_1 to 2025-07-29 00:00:00+00:00, run_after=2025-07-30 00:00:00+00:00
[2025-07-30T21:06:01.078+0000] {logging_mixin.py:188} INFO - [2025-07-30T21:06:01.077+0000] {dag.py:3823} INFO - Setting next_dagrun for dataset_produces_2 to None, run_after=None
[2025-07-30T21:06:01.118+0000] {processor.py:183} INFO - Processing /home/azureuser/.pyenv/versions/3.11.9/envs/airflow-venv/lib/python3.11/site-packages/airflow/example_dags/example_datasets.py took 0.137 seconds
[2025-07-30T21:06:55.416+0000] {processor.py:161} INFO - Started process (PID=1862) to work on /home/azureuser/.pyenv/versions/3.11.9/envs/airflow-venv/lib/python3.11/site-packages/airflow/example_dags/example_datasets.py
[2025-07-30T21:06:55.418+0000] {processor.py:830} INFO - Processing file /home/azureuser/.pyenv/versions/3.11.9/envs/airflow-venv/lib/python3.11/site-packages/airflow/example_dags/example_datasets.py for tasks to queue
[2025-07-30T21:06:55.419+0000] {logging_mixin.py:188} INFO - [2025-07-30T21:06:55.418+0000] {dagbag.py:538} INFO - Filling up the DagBag from /home/azureuser/.pyenv/versions/3.11.9/envs/airflow-venv/lib/python3.11/site-packages/airflow/example_dags/example_datasets.py
[2025-07-30T21:06:55.432+0000] {processor.py:840} INFO - DAG(s) 'dataset_consumes_1', 'dataset_produces_1', 'dataset_consumes_1_and_2', 'dataset_consumes_unknown_never_scheduled', 'dataset_consumes_1_never_scheduled', 'dataset_produces_2' retrieved from /home/azureuser/.pyenv/versions/3.11.9/envs/airflow-venv/lib/python3.11/site-packages/airflow/example_dags/example_datasets.py
[2025-07-30T21:06:55.461+0000] {logging_mixin.py:188} INFO - [2025-07-30T21:06:55.460+0000] {dag.py:3036} INFO - Sync 6 DAGs
[2025-07-30T21:06:55.484+0000] {logging_mixin.py:188} INFO - [2025-07-30T21:06:55.484+0000] {dag.py:3823} INFO - Setting next_dagrun for dataset_consumes_1 to None, run_after=None
[2025-07-30T21:06:55.488+0000] {logging_mixin.py:188} INFO - [2025-07-30T21:06:55.487+0000] {dag.py:3823} INFO - Setting next_dagrun for dataset_consumes_1_and_2 to None, run_after=None
[2025-07-30T21:06:55.489+0000] {logging_mixin.py:188} INFO - [2025-07-30T21:06:55.488+0000] {dag.py:3823} INFO - Setting next_dagrun for dataset_consumes_1_never_scheduled to None, run_after=None
[2025-07-30T21:06:55.489+0000] {logging_mixin.py:188} INFO - [2025-07-30T21:06:55.489+0000] {dag.py:3823} INFO - Setting next_dagrun for dataset_consumes_unknown_never_scheduled to None, run_after=None
[2025-07-30T21:06:55.492+0000] {logging_mixin.py:188} INFO - [2025-07-30T21:06:55.492+0000] {dag.py:3823} INFO - Setting next_dagrun for dataset_produces_1 to 2025-07-29 00:00:00+00:00, run_after=2025-07-30 00:00:00+00:00
[2025-07-30T21:06:55.493+0000] {logging_mixin.py:188} INFO - [2025-07-30T21:06:55.493+0000] {dag.py:3823} INFO - Setting next_dagrun for dataset_produces_2 to None, run_after=None
[2025-07-30T21:06:55.555+0000] {processor.py:183} INFO - Processing /home/azureuser/.pyenv/versions/3.11.9/envs/airflow-venv/lib/python3.11/site-packages/airflow/example_dags/example_datasets.py took 0.143 seconds
