[2025-07-30T00:21:29.741+0000] {processor.py:161} INFO - Started process (PID=34246) to work on /home/azureuser/.pyenv/versions/3.11.9/envs/airflow-venv/lib/python3.11/site-packages/airflow/example_dags/example_kubernetes_executor.py
[2025-07-30T00:21:29.742+0000] {processor.py:830} INFO - Processing file /home/azureuser/.pyenv/versions/3.11.9/envs/airflow-venv/lib/python3.11/site-packages/airflow/example_dags/example_kubernetes_executor.py for tasks to queue
[2025-07-30T00:21:29.743+0000] {logging_mixin.py:188} INFO - [2025-07-30T00:21:29.743+0000] {dagbag.py:538} INFO - Filling up the DagBag from /home/azureuser/.pyenv/versions/3.11.9/envs/airflow-venv/lib/python3.11/site-packages/airflow/example_dags/example_kubernetes_executor.py
[2025-07-30T00:21:29.747+0000] {logging_mixin.py:188} INFO - [2025-07-30T00:21:29.747+0000] {example_kubernetes_executor.py:38} WARNING - The example_kubernetes_executor example DAG requires the kubernetes provider. Please install it with: pip install apache-airflow[cncf.kubernetes]
[2025-07-30T00:21:29.748+0000] {processor.py:842} WARNING - No viable dags retrieved from /home/azureuser/.pyenv/versions/3.11.9/envs/airflow-venv/lib/python3.11/site-packages/airflow/example_dags/example_kubernetes_executor.py
[2025-07-30T00:21:29.761+0000] {processor.py:183} INFO - Processing /home/azureuser/.pyenv/versions/3.11.9/envs/airflow-venv/lib/python3.11/site-packages/airflow/example_dags/example_kubernetes_executor.py took 0.025 seconds
[2025-07-30T00:22:21.808+0000] {processor.py:161} INFO - Started process (PID=34331) to work on /home/azureuser/.pyenv/versions/3.11.9/envs/airflow-venv/lib/python3.11/site-packages/airflow/example_dags/example_kubernetes_executor.py
[2025-07-30T00:22:21.810+0000] {processor.py:830} INFO - Processing file /home/azureuser/.pyenv/versions/3.11.9/envs/airflow-venv/lib/python3.11/site-packages/airflow/example_dags/example_kubernetes_executor.py for tasks to queue
[2025-07-30T00:22:21.811+0000] {logging_mixin.py:188} INFO - [2025-07-30T00:22:21.810+0000] {dagbag.py:538} INFO - Filling up the DagBag from /home/azureuser/.pyenv/versions/3.11.9/envs/airflow-venv/lib/python3.11/site-packages/airflow/example_dags/example_kubernetes_executor.py
[2025-07-30T00:22:21.815+0000] {logging_mixin.py:188} INFO - [2025-07-30T00:22:21.815+0000] {example_kubernetes_executor.py:38} WARNING - The example_kubernetes_executor example DAG requires the kubernetes provider. Please install it with: pip install apache-airflow[cncf.kubernetes]
[2025-07-30T00:22:21.815+0000] {processor.py:842} WARNING - No viable dags retrieved from /home/azureuser/.pyenv/versions/3.11.9/envs/airflow-venv/lib/python3.11/site-packages/airflow/example_dags/example_kubernetes_executor.py
[2025-07-30T00:22:21.828+0000] {processor.py:183} INFO - Processing /home/azureuser/.pyenv/versions/3.11.9/envs/airflow-venv/lib/python3.11/site-packages/airflow/example_dags/example_kubernetes_executor.py took 0.025 seconds
[2025-07-30T00:23:12.430+0000] {processor.py:161} INFO - Started process (PID=34401) to work on /home/azureuser/.pyenv/versions/3.11.9/envs/airflow-venv/lib/python3.11/site-packages/airflow/example_dags/example_kubernetes_executor.py
[2025-07-30T00:23:12.432+0000] {processor.py:830} INFO - Processing file /home/azureuser/.pyenv/versions/3.11.9/envs/airflow-venv/lib/python3.11/site-packages/airflow/example_dags/example_kubernetes_executor.py for tasks to queue
[2025-07-30T00:23:12.433+0000] {logging_mixin.py:188} INFO - [2025-07-30T00:23:12.433+0000] {dagbag.py:538} INFO - Filling up the DagBag from /home/azureuser/.pyenv/versions/3.11.9/envs/airflow-venv/lib/python3.11/site-packages/airflow/example_dags/example_kubernetes_executor.py
[2025-07-30T00:23:12.437+0000] {logging_mixin.py:188} INFO - [2025-07-30T00:23:12.437+0000] {example_kubernetes_executor.py:38} WARNING - The example_kubernetes_executor example DAG requires the kubernetes provider. Please install it with: pip install apache-airflow[cncf.kubernetes]
[2025-07-30T00:23:12.437+0000] {processor.py:842} WARNING - No viable dags retrieved from /home/azureuser/.pyenv/versions/3.11.9/envs/airflow-venv/lib/python3.11/site-packages/airflow/example_dags/example_kubernetes_executor.py
[2025-07-30T00:23:12.451+0000] {processor.py:183} INFO - Processing /home/azureuser/.pyenv/versions/3.11.9/envs/airflow-venv/lib/python3.11/site-packages/airflow/example_dags/example_kubernetes_executor.py took 0.025 seconds
[2025-07-30T00:24:14.086+0000] {processor.py:161} INFO - Started process (PID=34492) to work on /home/azureuser/.pyenv/versions/3.11.9/envs/airflow-venv/lib/python3.11/site-packages/airflow/example_dags/example_kubernetes_executor.py
[2025-07-30T00:24:14.088+0000] {processor.py:830} INFO - Processing file /home/azureuser/.pyenv/versions/3.11.9/envs/airflow-venv/lib/python3.11/site-packages/airflow/example_dags/example_kubernetes_executor.py for tasks to queue
[2025-07-30T00:24:14.089+0000] {logging_mixin.py:188} INFO - [2025-07-30T00:24:14.089+0000] {dagbag.py:538} INFO - Filling up the DagBag from /home/azureuser/.pyenv/versions/3.11.9/envs/airflow-venv/lib/python3.11/site-packages/airflow/example_dags/example_kubernetes_executor.py
[2025-07-30T00:24:14.093+0000] {logging_mixin.py:188} INFO - [2025-07-30T00:24:14.093+0000] {example_kubernetes_executor.py:38} WARNING - The example_kubernetes_executor example DAG requires the kubernetes provider. Please install it with: pip install apache-airflow[cncf.kubernetes]
[2025-07-30T00:24:14.093+0000] {processor.py:842} WARNING - No viable dags retrieved from /home/azureuser/.pyenv/versions/3.11.9/envs/airflow-venv/lib/python3.11/site-packages/airflow/example_dags/example_kubernetes_executor.py
[2025-07-30T00:24:14.107+0000] {processor.py:183} INFO - Processing /home/azureuser/.pyenv/versions/3.11.9/envs/airflow-venv/lib/python3.11/site-packages/airflow/example_dags/example_kubernetes_executor.py took 0.025 seconds
[2025-07-30T00:25:23.650+0000] {processor.py:161} INFO - Started process (PID=34594) to work on /home/azureuser/.pyenv/versions/3.11.9/envs/airflow-venv/lib/python3.11/site-packages/airflow/example_dags/example_kubernetes_executor.py
[2025-07-30T00:25:23.652+0000] {processor.py:830} INFO - Processing file /home/azureuser/.pyenv/versions/3.11.9/envs/airflow-venv/lib/python3.11/site-packages/airflow/example_dags/example_kubernetes_executor.py for tasks to queue
[2025-07-30T00:25:23.653+0000] {logging_mixin.py:188} INFO - [2025-07-30T00:25:23.653+0000] {dagbag.py:538} INFO - Filling up the DagBag from /home/azureuser/.pyenv/versions/3.11.9/envs/airflow-venv/lib/python3.11/site-packages/airflow/example_dags/example_kubernetes_executor.py
[2025-07-30T00:25:23.657+0000] {logging_mixin.py:188} INFO - [2025-07-30T00:25:23.657+0000] {example_kubernetes_executor.py:38} WARNING - The example_kubernetes_executor example DAG requires the kubernetes provider. Please install it with: pip install apache-airflow[cncf.kubernetes]
[2025-07-30T00:25:23.657+0000] {processor.py:842} WARNING - No viable dags retrieved from /home/azureuser/.pyenv/versions/3.11.9/envs/airflow-venv/lib/python3.11/site-packages/airflow/example_dags/example_kubernetes_executor.py
[2025-07-30T00:25:23.670+0000] {processor.py:183} INFO - Processing /home/azureuser/.pyenv/versions/3.11.9/envs/airflow-venv/lib/python3.11/site-packages/airflow/example_dags/example_kubernetes_executor.py took 0.024 seconds
[2025-07-30T00:26:44.186+0000] {processor.py:161} INFO - Started process (PID=34699) to work on /home/azureuser/.pyenv/versions/3.11.9/envs/airflow-venv/lib/python3.11/site-packages/airflow/example_dags/example_kubernetes_executor.py
[2025-07-30T00:26:44.188+0000] {processor.py:830} INFO - Processing file /home/azureuser/.pyenv/versions/3.11.9/envs/airflow-venv/lib/python3.11/site-packages/airflow/example_dags/example_kubernetes_executor.py for tasks to queue
[2025-07-30T00:26:44.189+0000] {logging_mixin.py:188} INFO - [2025-07-30T00:26:44.188+0000] {dagbag.py:538} INFO - Filling up the DagBag from /home/azureuser/.pyenv/versions/3.11.9/envs/airflow-venv/lib/python3.11/site-packages/airflow/example_dags/example_kubernetes_executor.py
[2025-07-30T00:26:44.197+0000] {logging_mixin.py:188} INFO - [2025-07-30T00:26:44.197+0000] {example_kubernetes_executor.py:38} WARNING - The example_kubernetes_executor example DAG requires the kubernetes provider. Please install it with: pip install apache-airflow[cncf.kubernetes]
[2025-07-30T00:26:44.198+0000] {processor.py:842} WARNING - No viable dags retrieved from /home/azureuser/.pyenv/versions/3.11.9/envs/airflow-venv/lib/python3.11/site-packages/airflow/example_dags/example_kubernetes_executor.py
[2025-07-30T00:26:44.212+0000] {processor.py:183} INFO - Processing /home/azureuser/.pyenv/versions/3.11.9/envs/airflow-venv/lib/python3.11/site-packages/airflow/example_dags/example_kubernetes_executor.py took 0.030 seconds
[2025-07-30T20:46:04.845+0000] {processor.py:161} INFO - Started process (PID=1361) to work on /home/azureuser/.pyenv/versions/3.11.9/envs/airflow-venv/lib/python3.11/site-packages/airflow/example_dags/example_kubernetes_executor.py
[2025-07-30T20:46:04.846+0000] {processor.py:830} INFO - Processing file /home/azureuser/.pyenv/versions/3.11.9/envs/airflow-venv/lib/python3.11/site-packages/airflow/example_dags/example_kubernetes_executor.py for tasks to queue
[2025-07-30T20:46:04.847+0000] {logging_mixin.py:188} INFO - [2025-07-30T20:46:04.846+0000] {dagbag.py:538} INFO - Filling up the DagBag from /home/azureuser/.pyenv/versions/3.11.9/envs/airflow-venv/lib/python3.11/site-packages/airflow/example_dags/example_kubernetes_executor.py
[2025-07-30T20:46:04.850+0000] {logging_mixin.py:188} INFO - [2025-07-30T20:46:04.850+0000] {example_kubernetes_executor.py:38} WARNING - The example_kubernetes_executor example DAG requires the kubernetes provider. Please install it with: pip install apache-airflow[cncf.kubernetes]
[2025-07-30T20:46:04.850+0000] {processor.py:842} WARNING - No viable dags retrieved from /home/azureuser/.pyenv/versions/3.11.9/envs/airflow-venv/lib/python3.11/site-packages/airflow/example_dags/example_kubernetes_executor.py
[2025-07-30T20:46:04.862+0000] {processor.py:183} INFO - Processing /home/azureuser/.pyenv/versions/3.11.9/envs/airflow-venv/lib/python3.11/site-packages/airflow/example_dags/example_kubernetes_executor.py took 0.020 seconds
[2025-07-30T20:46:54.022+0000] {processor.py:161} INFO - Started process (PID=1416) to work on /home/azureuser/.pyenv/versions/3.11.9/envs/airflow-venv/lib/python3.11/site-packages/airflow/example_dags/example_kubernetes_executor.py
[2025-07-30T20:46:54.024+0000] {processor.py:830} INFO - Processing file /home/azureuser/.pyenv/versions/3.11.9/envs/airflow-venv/lib/python3.11/site-packages/airflow/example_dags/example_kubernetes_executor.py for tasks to queue
[2025-07-30T20:46:54.025+0000] {logging_mixin.py:188} INFO - [2025-07-30T20:46:54.024+0000] {dagbag.py:538} INFO - Filling up the DagBag from /home/azureuser/.pyenv/versions/3.11.9/envs/airflow-venv/lib/python3.11/site-packages/airflow/example_dags/example_kubernetes_executor.py
[2025-07-30T20:46:54.028+0000] {logging_mixin.py:188} INFO - [2025-07-30T20:46:54.028+0000] {example_kubernetes_executor.py:38} WARNING - The example_kubernetes_executor example DAG requires the kubernetes provider. Please install it with: pip install apache-airflow[cncf.kubernetes]
[2025-07-30T20:46:54.029+0000] {processor.py:842} WARNING - No viable dags retrieved from /home/azureuser/.pyenv/versions/3.11.9/envs/airflow-venv/lib/python3.11/site-packages/airflow/example_dags/example_kubernetes_executor.py
[2025-07-30T20:46:54.040+0000] {processor.py:183} INFO - Processing /home/azureuser/.pyenv/versions/3.11.9/envs/airflow-venv/lib/python3.11/site-packages/airflow/example_dags/example_kubernetes_executor.py took 0.022 seconds
[2025-07-30T21:03:12.597+0000] {processor.py:161} INFO - Started process (PID=1639) to work on /home/azureuser/.pyenv/versions/3.11.9/envs/airflow-venv/lib/python3.11/site-packages/airflow/example_dags/example_kubernetes_executor.py
[2025-07-30T21:03:12.598+0000] {processor.py:830} INFO - Processing file /home/azureuser/.pyenv/versions/3.11.9/envs/airflow-venv/lib/python3.11/site-packages/airflow/example_dags/example_kubernetes_executor.py for tasks to queue
[2025-07-30T21:03:12.599+0000] {logging_mixin.py:188} INFO - [2025-07-30T21:03:12.599+0000] {dagbag.py:538} INFO - Filling up the DagBag from /home/azureuser/.pyenv/versions/3.11.9/envs/airflow-venv/lib/python3.11/site-packages/airflow/example_dags/example_kubernetes_executor.py
[2025-07-30T21:03:12.603+0000] {logging_mixin.py:188} INFO - [2025-07-30T21:03:12.602+0000] {example_kubernetes_executor.py:38} WARNING - The example_kubernetes_executor example DAG requires the kubernetes provider. Please install it with: pip install apache-airflow[cncf.kubernetes]
[2025-07-30T21:03:12.603+0000] {processor.py:842} WARNING - No viable dags retrieved from /home/azureuser/.pyenv/versions/3.11.9/envs/airflow-venv/lib/python3.11/site-packages/airflow/example_dags/example_kubernetes_executor.py
[2025-07-30T21:03:12.615+0000] {processor.py:183} INFO - Processing /home/azureuser/.pyenv/versions/3.11.9/envs/airflow-venv/lib/python3.11/site-packages/airflow/example_dags/example_kubernetes_executor.py took 0.021 seconds
[2025-07-30T21:04:14.262+0000] {processor.py:161} INFO - Started process (PID=1703) to work on /home/azureuser/.pyenv/versions/3.11.9/envs/airflow-venv/lib/python3.11/site-packages/airflow/example_dags/example_kubernetes_executor.py
[2025-07-30T21:04:14.264+0000] {processor.py:830} INFO - Processing file /home/azureuser/.pyenv/versions/3.11.9/envs/airflow-venv/lib/python3.11/site-packages/airflow/example_dags/example_kubernetes_executor.py for tasks to queue
[2025-07-30T21:04:14.267+0000] {logging_mixin.py:188} INFO - [2025-07-30T21:04:14.264+0000] {dagbag.py:538} INFO - Filling up the DagBag from /home/azureuser/.pyenv/versions/3.11.9/envs/airflow-venv/lib/python3.11/site-packages/airflow/example_dags/example_kubernetes_executor.py
[2025-07-30T21:04:14.274+0000] {logging_mixin.py:188} INFO - [2025-07-30T21:04:14.274+0000] {example_kubernetes_executor.py:38} WARNING - The example_kubernetes_executor example DAG requires the kubernetes provider. Please install it with: pip install apache-airflow[cncf.kubernetes]
[2025-07-30T21:04:14.274+0000] {processor.py:842} WARNING - No viable dags retrieved from /home/azureuser/.pyenv/versions/3.11.9/envs/airflow-venv/lib/python3.11/site-packages/airflow/example_dags/example_kubernetes_executor.py
[2025-07-30T21:04:14.286+0000] {processor.py:183} INFO - Processing /home/azureuser/.pyenv/versions/3.11.9/envs/airflow-venv/lib/python3.11/site-packages/airflow/example_dags/example_kubernetes_executor.py took 0.028 seconds
[2025-07-30T21:05:04.643+0000] {processor.py:161} INFO - Started process (PID=1751) to work on /home/azureuser/.pyenv/versions/3.11.9/envs/airflow-venv/lib/python3.11/site-packages/airflow/example_dags/example_kubernetes_executor.py
[2025-07-30T21:05:04.644+0000] {processor.py:830} INFO - Processing file /home/azureuser/.pyenv/versions/3.11.9/envs/airflow-venv/lib/python3.11/site-packages/airflow/example_dags/example_kubernetes_executor.py for tasks to queue
[2025-07-30T21:05:04.645+0000] {logging_mixin.py:188} INFO - [2025-07-30T21:05:04.645+0000] {dagbag.py:538} INFO - Filling up the DagBag from /home/azureuser/.pyenv/versions/3.11.9/envs/airflow-venv/lib/python3.11/site-packages/airflow/example_dags/example_kubernetes_executor.py
[2025-07-30T21:05:04.649+0000] {logging_mixin.py:188} INFO - [2025-07-30T21:05:04.649+0000] {example_kubernetes_executor.py:38} WARNING - The example_kubernetes_executor example DAG requires the kubernetes provider. Please install it with: pip install apache-airflow[cncf.kubernetes]
[2025-07-30T21:05:04.649+0000] {processor.py:842} WARNING - No viable dags retrieved from /home/azureuser/.pyenv/versions/3.11.9/envs/airflow-venv/lib/python3.11/site-packages/airflow/example_dags/example_kubernetes_executor.py
[2025-07-30T21:05:04.661+0000] {processor.py:183} INFO - Processing /home/azureuser/.pyenv/versions/3.11.9/envs/airflow-venv/lib/python3.11/site-packages/airflow/example_dags/example_kubernetes_executor.py took 0.022 seconds
[2025-07-30T21:06:00.681+0000] {processor.py:161} INFO - Started process (PID=1807) to work on /home/azureuser/.pyenv/versions/3.11.9/envs/airflow-venv/lib/python3.11/site-packages/airflow/example_dags/example_kubernetes_executor.py
[2025-07-30T21:06:00.682+0000] {processor.py:830} INFO - Processing file /home/azureuser/.pyenv/versions/3.11.9/envs/airflow-venv/lib/python3.11/site-packages/airflow/example_dags/example_kubernetes_executor.py for tasks to queue
[2025-07-30T21:06:00.683+0000] {logging_mixin.py:188} INFO - [2025-07-30T21:06:00.682+0000] {dagbag.py:538} INFO - Filling up the DagBag from /home/azureuser/.pyenv/versions/3.11.9/envs/airflow-venv/lib/python3.11/site-packages/airflow/example_dags/example_kubernetes_executor.py
[2025-07-30T21:06:00.689+0000] {logging_mixin.py:188} INFO - [2025-07-30T21:06:00.689+0000] {example_kubernetes_executor.py:38} WARNING - The example_kubernetes_executor example DAG requires the kubernetes provider. Please install it with: pip install apache-airflow[cncf.kubernetes]
[2025-07-30T21:06:00.690+0000] {processor.py:842} WARNING - No viable dags retrieved from /home/azureuser/.pyenv/versions/3.11.9/envs/airflow-venv/lib/python3.11/site-packages/airflow/example_dags/example_kubernetes_executor.py
[2025-07-30T21:06:00.702+0000] {processor.py:183} INFO - Processing /home/azureuser/.pyenv/versions/3.11.9/envs/airflow-venv/lib/python3.11/site-packages/airflow/example_dags/example_kubernetes_executor.py took 0.025 seconds
[2025-07-30T21:06:54.280+0000] {processor.py:161} INFO - Started process (PID=1861) to work on /home/azureuser/.pyenv/versions/3.11.9/envs/airflow-venv/lib/python3.11/site-packages/airflow/example_dags/example_kubernetes_executor.py
[2025-07-30T21:06:54.281+0000] {processor.py:830} INFO - Processing file /home/azureuser/.pyenv/versions/3.11.9/envs/airflow-venv/lib/python3.11/site-packages/airflow/example_dags/example_kubernetes_executor.py for tasks to queue
[2025-07-30T21:06:54.282+0000] {logging_mixin.py:188} INFO - [2025-07-30T21:06:54.281+0000] {dagbag.py:538} INFO - Filling up the DagBag from /home/azureuser/.pyenv/versions/3.11.9/envs/airflow-venv/lib/python3.11/site-packages/airflow/example_dags/example_kubernetes_executor.py
[2025-07-30T21:06:54.286+0000] {logging_mixin.py:188} INFO - [2025-07-30T21:06:54.286+0000] {example_kubernetes_executor.py:38} WARNING - The example_kubernetes_executor example DAG requires the kubernetes provider. Please install it with: pip install apache-airflow[cncf.kubernetes]
[2025-07-30T21:06:54.286+0000] {processor.py:842} WARNING - No viable dags retrieved from /home/azureuser/.pyenv/versions/3.11.9/envs/airflow-venv/lib/python3.11/site-packages/airflow/example_dags/example_kubernetes_executor.py
[2025-07-30T21:06:54.298+0000] {processor.py:183} INFO - Processing /home/azureuser/.pyenv/versions/3.11.9/envs/airflow-venv/lib/python3.11/site-packages/airflow/example_dags/example_kubernetes_executor.py took 0.023 seconds
