[2025-07-30T00:20:55.036+0000] {processor.py:161} INFO - Started process (PID=34136) to work on /home/azureuser/.pyenv/versions/3.11.9/envs/airflow-venv/lib/python3.11/site-packages/airflow/example_dags/tutorial_objectstorage.py
[2025-07-30T00:20:55.037+0000] {processor.py:830} INFO - Processing file /home/azureuser/.pyenv/versions/3.11.9/envs/airflow-venv/lib/python3.11/site-packages/airflow/example_dags/tutorial_objectstorage.py for tasks to queue
[2025-07-30T00:20:55.038+0000] {logging_mixin.py:188} INFO - [2025-07-30T00:20:55.038+0000] {dagbag.py:538} INFO - Filling up the DagBag from /home/azureuser/.pyenv/versions/3.11.9/envs/airflow-venv/lib/python3.11/site-packages/airflow/example_dags/tutorial_objectstorage.py
[2025-07-30T00:20:55.052+0000] {processor.py:840} INFO - DAG(s) 'tutorial_objectstorage' retrieved from /home/azureuser/.pyenv/versions/3.11.9/envs/airflow-venv/lib/python3.11/site-packages/airflow/example_dags/tutorial_objectstorage.py
[2025-07-30T00:20:55.262+0000] {logging_mixin.py:188} INFO - [2025-07-30T00:20:55.261+0000] {override.py:1769} INFO - Created Permission View: can delete on DAG:tutorial_objectstorage
[2025-07-30T00:20:55.291+0000] {logging_mixin.py:188} INFO - [2025-07-30T00:20:55.290+0000] {override.py:1769} INFO - Created Permission View: can read on DAG:tutorial_objectstorage
[2025-07-30T00:20:55.314+0000] {logging_mixin.py:188} INFO - [2025-07-30T00:20:55.313+0000] {override.py:1769} INFO - Created Permission View: can edit on DAG:tutorial_objectstorage
[2025-07-30T00:20:55.314+0000] {logging_mixin.py:188} INFO - [2025-07-30T00:20:55.314+0000] {dag.py:3036} INFO - Sync 1 DAGs
[2025-07-30T00:20:55.327+0000] {logging_mixin.py:188} INFO - [2025-07-30T00:20:55.327+0000] {dag.py:3058} INFO - Creating ORM DAG for tutorial_objectstorage
[2025-07-30T00:20:55.328+0000] {logging_mixin.py:188} INFO - [2025-07-30T00:20:55.328+0000] {dag.py:3823} INFO - Setting next_dagrun for tutorial_objectstorage to None, run_after=None
[2025-07-30T00:20:55.370+0000] {processor.py:183} INFO - Processing /home/azureuser/.pyenv/versions/3.11.9/envs/airflow-venv/lib/python3.11/site-packages/airflow/example_dags/tutorial_objectstorage.py took 0.338 seconds
[2025-07-30T00:21:52.740+0000] {processor.py:161} INFO - Started process (PID=34284) to work on /home/azureuser/.pyenv/versions/3.11.9/envs/airflow-venv/lib/python3.11/site-packages/airflow/example_dags/tutorial_objectstorage.py
[2025-07-30T00:21:52.742+0000] {processor.py:830} INFO - Processing file /home/azureuser/.pyenv/versions/3.11.9/envs/airflow-venv/lib/python3.11/site-packages/airflow/example_dags/tutorial_objectstorage.py for tasks to queue
[2025-07-30T00:21:52.743+0000] {logging_mixin.py:188} INFO - [2025-07-30T00:21:52.742+0000] {dagbag.py:538} INFO - Filling up the DagBag from /home/azureuser/.pyenv/versions/3.11.9/envs/airflow-venv/lib/python3.11/site-packages/airflow/example_dags/tutorial_objectstorage.py
[2025-07-30T00:21:52.757+0000] {processor.py:840} INFO - DAG(s) 'tutorial_objectstorage' retrieved from /home/azureuser/.pyenv/versions/3.11.9/envs/airflow-venv/lib/python3.11/site-packages/airflow/example_dags/tutorial_objectstorage.py
[2025-07-30T00:21:52.776+0000] {logging_mixin.py:188} INFO - [2025-07-30T00:21:52.776+0000] {dag.py:3036} INFO - Sync 1 DAGs
[2025-07-30T00:21:52.790+0000] {logging_mixin.py:188} INFO - [2025-07-30T00:21:52.790+0000] {dag.py:3823} INFO - Setting next_dagrun for tutorial_objectstorage to None, run_after=None
[2025-07-30T00:21:52.830+0000] {processor.py:183} INFO - Processing /home/azureuser/.pyenv/versions/3.11.9/envs/airflow-venv/lib/python3.11/site-packages/airflow/example_dags/tutorial_objectstorage.py took 0.094 seconds
[2025-07-30T00:22:39.643+0000] {processor.py:161} INFO - Started process (PID=34355) to work on /home/azureuser/.pyenv/versions/3.11.9/envs/airflow-venv/lib/python3.11/site-packages/airflow/example_dags/tutorial_objectstorage.py
[2025-07-30T00:22:39.645+0000] {processor.py:830} INFO - Processing file /home/azureuser/.pyenv/versions/3.11.9/envs/airflow-venv/lib/python3.11/site-packages/airflow/example_dags/tutorial_objectstorage.py for tasks to queue
[2025-07-30T00:22:39.646+0000] {logging_mixin.py:188} INFO - [2025-07-30T00:22:39.645+0000] {dagbag.py:538} INFO - Filling up the DagBag from /home/azureuser/.pyenv/versions/3.11.9/envs/airflow-venv/lib/python3.11/site-packages/airflow/example_dags/tutorial_objectstorage.py
[2025-07-30T00:22:39.657+0000] {processor.py:840} INFO - DAG(s) 'tutorial_objectstorage' retrieved from /home/azureuser/.pyenv/versions/3.11.9/envs/airflow-venv/lib/python3.11/site-packages/airflow/example_dags/tutorial_objectstorage.py
[2025-07-30T00:22:39.675+0000] {logging_mixin.py:188} INFO - [2025-07-30T00:22:39.675+0000] {dag.py:3036} INFO - Sync 1 DAGs
[2025-07-30T00:22:39.689+0000] {logging_mixin.py:188} INFO - [2025-07-30T00:22:39.689+0000] {dag.py:3823} INFO - Setting next_dagrun for tutorial_objectstorage to None, run_after=None
[2025-07-30T00:22:39.726+0000] {processor.py:183} INFO - Processing /home/azureuser/.pyenv/versions/3.11.9/envs/airflow-venv/lib/python3.11/site-packages/airflow/example_dags/tutorial_objectstorage.py took 0.087 seconds
[2025-07-30T00:23:21.455+0000] {processor.py:161} INFO - Started process (PID=34414) to work on /home/azureuser/.pyenv/versions/3.11.9/envs/airflow-venv/lib/python3.11/site-packages/airflow/example_dags/tutorial_objectstorage.py
[2025-07-30T00:23:21.456+0000] {processor.py:830} INFO - Processing file /home/azureuser/.pyenv/versions/3.11.9/envs/airflow-venv/lib/python3.11/site-packages/airflow/example_dags/tutorial_objectstorage.py for tasks to queue
[2025-07-30T00:23:21.458+0000] {logging_mixin.py:188} INFO - [2025-07-30T00:23:21.457+0000] {dagbag.py:538} INFO - Filling up the DagBag from /home/azureuser/.pyenv/versions/3.11.9/envs/airflow-venv/lib/python3.11/site-packages/airflow/example_dags/tutorial_objectstorage.py
[2025-07-30T00:23:21.468+0000] {processor.py:840} INFO - DAG(s) 'tutorial_objectstorage' retrieved from /home/azureuser/.pyenv/versions/3.11.9/envs/airflow-venv/lib/python3.11/site-packages/airflow/example_dags/tutorial_objectstorage.py
[2025-07-30T00:23:21.487+0000] {logging_mixin.py:188} INFO - [2025-07-30T00:23:21.486+0000] {dag.py:3036} INFO - Sync 1 DAGs
[2025-07-30T00:23:21.500+0000] {logging_mixin.py:188} INFO - [2025-07-30T00:23:21.500+0000] {dag.py:3823} INFO - Setting next_dagrun for tutorial_objectstorage to None, run_after=None
[2025-07-30T00:23:21.540+0000] {processor.py:183} INFO - Processing /home/azureuser/.pyenv/versions/3.11.9/envs/airflow-venv/lib/python3.11/site-packages/airflow/example_dags/tutorial_objectstorage.py took 0.089 seconds
[2025-07-30T00:24:01.224+0000] {processor.py:161} INFO - Started process (PID=34476) to work on /home/azureuser/.pyenv/versions/3.11.9/envs/airflow-venv/lib/python3.11/site-packages/airflow/example_dags/tutorial_objectstorage.py
[2025-07-30T00:24:01.225+0000] {processor.py:830} INFO - Processing file /home/azureuser/.pyenv/versions/3.11.9/envs/airflow-venv/lib/python3.11/site-packages/airflow/example_dags/tutorial_objectstorage.py for tasks to queue
[2025-07-30T00:24:01.226+0000] {logging_mixin.py:188} INFO - [2025-07-30T00:24:01.226+0000] {dagbag.py:538} INFO - Filling up the DagBag from /home/azureuser/.pyenv/versions/3.11.9/envs/airflow-venv/lib/python3.11/site-packages/airflow/example_dags/tutorial_objectstorage.py
[2025-07-30T00:24:01.237+0000] {processor.py:840} INFO - DAG(s) 'tutorial_objectstorage' retrieved from /home/azureuser/.pyenv/versions/3.11.9/envs/airflow-venv/lib/python3.11/site-packages/airflow/example_dags/tutorial_objectstorage.py
[2025-07-30T00:24:01.256+0000] {logging_mixin.py:188} INFO - [2025-07-30T00:24:01.256+0000] {dag.py:3036} INFO - Sync 1 DAGs
[2025-07-30T00:24:01.269+0000] {logging_mixin.py:188} INFO - [2025-07-30T00:24:01.269+0000] {dag.py:3823} INFO - Setting next_dagrun for tutorial_objectstorage to None, run_after=None
[2025-07-30T00:24:01.315+0000] {processor.py:183} INFO - Processing /home/azureuser/.pyenv/versions/3.11.9/envs/airflow-venv/lib/python3.11/site-packages/airflow/example_dags/tutorial_objectstorage.py took 0.095 seconds
[2025-07-30T00:24:49.609+0000] {processor.py:161} INFO - Started process (PID=34537) to work on /home/azureuser/.pyenv/versions/3.11.9/envs/airflow-venv/lib/python3.11/site-packages/airflow/example_dags/tutorial_objectstorage.py
[2025-07-30T00:24:49.610+0000] {processor.py:830} INFO - Processing file /home/azureuser/.pyenv/versions/3.11.9/envs/airflow-venv/lib/python3.11/site-packages/airflow/example_dags/tutorial_objectstorage.py for tasks to queue
[2025-07-30T00:24:49.612+0000] {logging_mixin.py:188} INFO - [2025-07-30T00:24:49.611+0000] {dagbag.py:538} INFO - Filling up the DagBag from /home/azureuser/.pyenv/versions/3.11.9/envs/airflow-venv/lib/python3.11/site-packages/airflow/example_dags/tutorial_objectstorage.py
[2025-07-30T00:24:49.774+0000] {processor.py:840} INFO - DAG(s) 'tutorial_objectstorage' retrieved from /home/azureuser/.pyenv/versions/3.11.9/envs/airflow-venv/lib/python3.11/site-packages/airflow/example_dags/tutorial_objectstorage.py
[2025-07-30T00:24:49.787+0000] {logging_mixin.py:188} INFO - [2025-07-30T00:24:49.786+0000] {dag.py:3036} INFO - Sync 1 DAGs
[2025-07-30T00:24:49.797+0000] {logging_mixin.py:188} INFO - [2025-07-30T00:24:49.797+0000] {dag.py:3823} INFO - Setting next_dagrun for tutorial_objectstorage to None, run_after=None
[2025-07-30T00:24:49.834+0000] {processor.py:183} INFO - Processing /home/azureuser/.pyenv/versions/3.11.9/envs/airflow-venv/lib/python3.11/site-packages/airflow/example_dags/tutorial_objectstorage.py took 0.229 seconds
[2025-07-30T00:25:36.182+0000] {processor.py:161} INFO - Started process (PID=34612) to work on /home/azureuser/.pyenv/versions/3.11.9/envs/airflow-venv/lib/python3.11/site-packages/airflow/example_dags/tutorial_objectstorage.py
[2025-07-30T00:25:36.183+0000] {processor.py:830} INFO - Processing file /home/azureuser/.pyenv/versions/3.11.9/envs/airflow-venv/lib/python3.11/site-packages/airflow/example_dags/tutorial_objectstorage.py for tasks to queue
[2025-07-30T00:25:36.184+0000] {logging_mixin.py:188} INFO - [2025-07-30T00:25:36.184+0000] {dagbag.py:538} INFO - Filling up the DagBag from /home/azureuser/.pyenv/versions/3.11.9/envs/airflow-venv/lib/python3.11/site-packages/airflow/example_dags/tutorial_objectstorage.py
[2025-07-30T00:25:36.195+0000] {processor.py:840} INFO - DAG(s) 'tutorial_objectstorage' retrieved from /home/azureuser/.pyenv/versions/3.11.9/envs/airflow-venv/lib/python3.11/site-packages/airflow/example_dags/tutorial_objectstorage.py
[2025-07-30T00:25:36.213+0000] {logging_mixin.py:188} INFO - [2025-07-30T00:25:36.213+0000] {dag.py:3036} INFO - Sync 1 DAGs
[2025-07-30T00:25:36.227+0000] {logging_mixin.py:188} INFO - [2025-07-30T00:25:36.227+0000] {dag.py:3823} INFO - Setting next_dagrun for tutorial_objectstorage to None, run_after=None
[2025-07-30T00:25:36.268+0000] {processor.py:183} INFO - Processing /home/azureuser/.pyenv/versions/3.11.9/envs/airflow-venv/lib/python3.11/site-packages/airflow/example_dags/tutorial_objectstorage.py took 0.091 seconds
[2025-07-30T00:26:22.107+0000] {processor.py:161} INFO - Started process (PID=34681) to work on /home/azureuser/.pyenv/versions/3.11.9/envs/airflow-venv/lib/python3.11/site-packages/airflow/example_dags/tutorial_objectstorage.py
[2025-07-30T00:26:22.108+0000] {processor.py:830} INFO - Processing file /home/azureuser/.pyenv/versions/3.11.9/envs/airflow-venv/lib/python3.11/site-packages/airflow/example_dags/tutorial_objectstorage.py for tasks to queue
[2025-07-30T00:26:22.110+0000] {logging_mixin.py:188} INFO - [2025-07-30T00:26:22.109+0000] {dagbag.py:538} INFO - Filling up the DagBag from /home/azureuser/.pyenv/versions/3.11.9/envs/airflow-venv/lib/python3.11/site-packages/airflow/example_dags/tutorial_objectstorage.py
[2025-07-30T00:26:22.121+0000] {processor.py:840} INFO - DAG(s) 'tutorial_objectstorage' retrieved from /home/azureuser/.pyenv/versions/3.11.9/envs/airflow-venv/lib/python3.11/site-packages/airflow/example_dags/tutorial_objectstorage.py
[2025-07-30T00:26:22.134+0000] {logging_mixin.py:188} INFO - [2025-07-30T00:26:22.134+0000] {dag.py:3036} INFO - Sync 1 DAGs
[2025-07-30T00:26:22.159+0000] {logging_mixin.py:188} INFO - [2025-07-30T00:26:22.159+0000] {dag.py:3823} INFO - Setting next_dagrun for tutorial_objectstorage to None, run_after=None
[2025-07-30T00:26:22.208+0000] {processor.py:183} INFO - Processing /home/azureuser/.pyenv/versions/3.11.9/envs/airflow-venv/lib/python3.11/site-packages/airflow/example_dags/tutorial_objectstorage.py took 0.105 seconds
[2025-07-30T20:45:35.811+0000] {processor.py:161} INFO - Started process (PID=1263) to work on /home/azureuser/.pyenv/versions/3.11.9/envs/airflow-venv/lib/python3.11/site-packages/airflow/example_dags/tutorial_objectstorage.py
[2025-07-30T20:45:35.814+0000] {processor.py:830} INFO - Processing file /home/azureuser/.pyenv/versions/3.11.9/envs/airflow-venv/lib/python3.11/site-packages/airflow/example_dags/tutorial_objectstorage.py for tasks to queue
[2025-07-30T20:45:35.815+0000] {logging_mixin.py:188} INFO - [2025-07-30T20:45:35.815+0000] {dagbag.py:538} INFO - Filling up the DagBag from /home/azureuser/.pyenv/versions/3.11.9/envs/airflow-venv/lib/python3.11/site-packages/airflow/example_dags/tutorial_objectstorage.py
[2025-07-30T20:45:35.826+0000] {processor.py:840} INFO - DAG(s) 'tutorial_objectstorage' retrieved from /home/azureuser/.pyenv/versions/3.11.9/envs/airflow-venv/lib/python3.11/site-packages/airflow/example_dags/tutorial_objectstorage.py
[2025-07-30T20:45:35.931+0000] {logging_mixin.py:188} INFO - [2025-07-30T20:45:35.931+0000] {dag.py:3036} INFO - Sync 1 DAGs
[2025-07-30T20:45:35.940+0000] {logging_mixin.py:188} INFO - [2025-07-30T20:45:35.940+0000] {dag.py:3823} INFO - Setting next_dagrun for tutorial_objectstorage to None, run_after=None
[2025-07-30T20:45:35.970+0000] {processor.py:183} INFO - Processing /home/azureuser/.pyenv/versions/3.11.9/envs/airflow-venv/lib/python3.11/site-packages/airflow/example_dags/tutorial_objectstorage.py took 0.166 seconds
[2025-07-30T20:46:27.134+0000] {processor.py:161} INFO - Started process (PID=1388) to work on /home/azureuser/.pyenv/versions/3.11.9/envs/airflow-venv/lib/python3.11/site-packages/airflow/example_dags/tutorial_objectstorage.py
[2025-07-30T20:46:27.135+0000] {processor.py:830} INFO - Processing file /home/azureuser/.pyenv/versions/3.11.9/envs/airflow-venv/lib/python3.11/site-packages/airflow/example_dags/tutorial_objectstorage.py for tasks to queue
[2025-07-30T20:46:27.136+0000] {logging_mixin.py:188} INFO - [2025-07-30T20:46:27.136+0000] {dagbag.py:538} INFO - Filling up the DagBag from /home/azureuser/.pyenv/versions/3.11.9/envs/airflow-venv/lib/python3.11/site-packages/airflow/example_dags/tutorial_objectstorage.py
[2025-07-30T20:46:27.146+0000] {processor.py:840} INFO - DAG(s) 'tutorial_objectstorage' retrieved from /home/azureuser/.pyenv/versions/3.11.9/envs/airflow-venv/lib/python3.11/site-packages/airflow/example_dags/tutorial_objectstorage.py
[2025-07-30T20:46:27.162+0000] {logging_mixin.py:188} INFO - [2025-07-30T20:46:27.162+0000] {dag.py:3036} INFO - Sync 1 DAGs
[2025-07-30T20:46:27.174+0000] {logging_mixin.py:188} INFO - [2025-07-30T20:46:27.174+0000] {dag.py:3823} INFO - Setting next_dagrun for tutorial_objectstorage to None, run_after=None
[2025-07-30T20:46:27.204+0000] {processor.py:183} INFO - Processing /home/azureuser/.pyenv/versions/3.11.9/envs/airflow-venv/lib/python3.11/site-packages/airflow/example_dags/tutorial_objectstorage.py took 0.074 seconds
[2025-07-30T20:47:05.754+0000] {processor.py:161} INFO - Started process (PID=1428) to work on /home/azureuser/.pyenv/versions/3.11.9/envs/airflow-venv/lib/python3.11/site-packages/airflow/example_dags/tutorial_objectstorage.py
[2025-07-30T20:47:05.756+0000] {processor.py:830} INFO - Processing file /home/azureuser/.pyenv/versions/3.11.9/envs/airflow-venv/lib/python3.11/site-packages/airflow/example_dags/tutorial_objectstorage.py for tasks to queue
[2025-07-30T20:47:05.757+0000] {logging_mixin.py:188} INFO - [2025-07-30T20:47:05.756+0000] {dagbag.py:538} INFO - Filling up the DagBag from /home/azureuser/.pyenv/versions/3.11.9/envs/airflow-venv/lib/python3.11/site-packages/airflow/example_dags/tutorial_objectstorage.py
[2025-07-30T20:47:05.766+0000] {processor.py:840} INFO - DAG(s) 'tutorial_objectstorage' retrieved from /home/azureuser/.pyenv/versions/3.11.9/envs/airflow-venv/lib/python3.11/site-packages/airflow/example_dags/tutorial_objectstorage.py
[2025-07-30T20:47:05.782+0000] {logging_mixin.py:188} INFO - [2025-07-30T20:47:05.782+0000] {dag.py:3036} INFO - Sync 1 DAGs
[2025-07-30T20:47:05.794+0000] {logging_mixin.py:188} INFO - [2025-07-30T20:47:05.794+0000] {dag.py:3823} INFO - Setting next_dagrun for tutorial_objectstorage to None, run_after=None
[2025-07-30T20:47:05.824+0000] {processor.py:183} INFO - Processing /home/azureuser/.pyenv/versions/3.11.9/envs/airflow-venv/lib/python3.11/site-packages/airflow/example_dags/tutorial_objectstorage.py took 0.074 seconds
[2025-07-30T21:03:24.215+0000] {processor.py:161} INFO - Started process (PID=1651) to work on /home/azureuser/.pyenv/versions/3.11.9/envs/airflow-venv/lib/python3.11/site-packages/airflow/example_dags/tutorial_objectstorage.py
[2025-07-30T21:03:24.216+0000] {processor.py:830} INFO - Processing file /home/azureuser/.pyenv/versions/3.11.9/envs/airflow-venv/lib/python3.11/site-packages/airflow/example_dags/tutorial_objectstorage.py for tasks to queue
[2025-07-30T21:03:24.217+0000] {logging_mixin.py:188} INFO - [2025-07-30T21:03:24.216+0000] {dagbag.py:538} INFO - Filling up the DagBag from /home/azureuser/.pyenv/versions/3.11.9/envs/airflow-venv/lib/python3.11/site-packages/airflow/example_dags/tutorial_objectstorage.py
[2025-07-30T21:03:24.226+0000] {processor.py:840} INFO - DAG(s) 'tutorial_objectstorage' retrieved from /home/azureuser/.pyenv/versions/3.11.9/envs/airflow-venv/lib/python3.11/site-packages/airflow/example_dags/tutorial_objectstorage.py
[2025-07-30T21:03:24.243+0000] {logging_mixin.py:188} INFO - [2025-07-30T21:03:24.243+0000] {dag.py:3036} INFO - Sync 1 DAGs
[2025-07-30T21:03:24.255+0000] {logging_mixin.py:188} INFO - [2025-07-30T21:03:24.255+0000] {dag.py:3823} INFO - Setting next_dagrun for tutorial_objectstorage to None, run_after=None
[2025-07-30T21:03:24.281+0000] {processor.py:183} INFO - Processing /home/azureuser/.pyenv/versions/3.11.9/envs/airflow-venv/lib/python3.11/site-packages/airflow/example_dags/tutorial_objectstorage.py took 0.070 seconds
[2025-07-30T21:04:03.507+0000] {processor.py:161} INFO - Started process (PID=1694) to work on /home/azureuser/.pyenv/versions/3.11.9/envs/airflow-venv/lib/python3.11/site-packages/airflow/example_dags/tutorial_objectstorage.py
[2025-07-30T21:04:03.508+0000] {processor.py:830} INFO - Processing file /home/azureuser/.pyenv/versions/3.11.9/envs/airflow-venv/lib/python3.11/site-packages/airflow/example_dags/tutorial_objectstorage.py for tasks to queue
[2025-07-30T21:04:03.509+0000] {logging_mixin.py:188} INFO - [2025-07-30T21:04:03.509+0000] {dagbag.py:538} INFO - Filling up the DagBag from /home/azureuser/.pyenv/versions/3.11.9/envs/airflow-venv/lib/python3.11/site-packages/airflow/example_dags/tutorial_objectstorage.py
[2025-07-30T21:04:03.519+0000] {processor.py:840} INFO - DAG(s) 'tutorial_objectstorage' retrieved from /home/azureuser/.pyenv/versions/3.11.9/envs/airflow-venv/lib/python3.11/site-packages/airflow/example_dags/tutorial_objectstorage.py
[2025-07-30T21:04:03.536+0000] {logging_mixin.py:188} INFO - [2025-07-30T21:04:03.536+0000] {dag.py:3036} INFO - Sync 1 DAGs
[2025-07-30T21:04:03.549+0000] {logging_mixin.py:188} INFO - [2025-07-30T21:04:03.549+0000] {dag.py:3823} INFO - Setting next_dagrun for tutorial_objectstorage to None, run_after=None
[2025-07-30T21:04:03.581+0000] {processor.py:183} INFO - Processing /home/azureuser/.pyenv/versions/3.11.9/envs/airflow-venv/lib/python3.11/site-packages/airflow/example_dags/tutorial_objectstorage.py took 0.078 seconds
[2025-07-30T21:04:56.098+0000] {processor.py:161} INFO - Started process (PID=1739) to work on /home/azureuser/.pyenv/versions/3.11.9/envs/airflow-venv/lib/python3.11/site-packages/airflow/example_dags/tutorial_objectstorage.py
[2025-07-30T21:04:56.099+0000] {processor.py:830} INFO - Processing file /home/azureuser/.pyenv/versions/3.11.9/envs/airflow-venv/lib/python3.11/site-packages/airflow/example_dags/tutorial_objectstorage.py for tasks to queue
[2025-07-30T21:04:56.100+0000] {logging_mixin.py:188} INFO - [2025-07-30T21:04:56.100+0000] {dagbag.py:538} INFO - Filling up the DagBag from /home/azureuser/.pyenv/versions/3.11.9/envs/airflow-venv/lib/python3.11/site-packages/airflow/example_dags/tutorial_objectstorage.py
[2025-07-30T21:04:56.110+0000] {processor.py:840} INFO - DAG(s) 'tutorial_objectstorage' retrieved from /home/azureuser/.pyenv/versions/3.11.9/envs/airflow-venv/lib/python3.11/site-packages/airflow/example_dags/tutorial_objectstorage.py
[2025-07-30T21:04:56.128+0000] {logging_mixin.py:188} INFO - [2025-07-30T21:04:56.128+0000] {dag.py:3036} INFO - Sync 1 DAGs
[2025-07-30T21:04:56.140+0000] {logging_mixin.py:188} INFO - [2025-07-30T21:04:56.140+0000] {dag.py:3823} INFO - Setting next_dagrun for tutorial_objectstorage to None, run_after=None
[2025-07-30T21:04:56.168+0000] {processor.py:183} INFO - Processing /home/azureuser/.pyenv/versions/3.11.9/envs/airflow-venv/lib/python3.11/site-packages/airflow/example_dags/tutorial_objectstorage.py took 0.074 seconds
[2025-07-30T21:05:36.992+0000] {processor.py:161} INFO - Started process (PID=1783) to work on /home/azureuser/.pyenv/versions/3.11.9/envs/airflow-venv/lib/python3.11/site-packages/airflow/example_dags/tutorial_objectstorage.py
[2025-07-30T21:05:36.993+0000] {processor.py:830} INFO - Processing file /home/azureuser/.pyenv/versions/3.11.9/envs/airflow-venv/lib/python3.11/site-packages/airflow/example_dags/tutorial_objectstorage.py for tasks to queue
[2025-07-30T21:05:36.994+0000] {logging_mixin.py:188} INFO - [2025-07-30T21:05:36.993+0000] {dagbag.py:538} INFO - Filling up the DagBag from /home/azureuser/.pyenv/versions/3.11.9/envs/airflow-venv/lib/python3.11/site-packages/airflow/example_dags/tutorial_objectstorage.py
[2025-07-30T21:05:37.004+0000] {processor.py:840} INFO - DAG(s) 'tutorial_objectstorage' retrieved from /home/azureuser/.pyenv/versions/3.11.9/envs/airflow-venv/lib/python3.11/site-packages/airflow/example_dags/tutorial_objectstorage.py
[2025-07-30T21:05:37.022+0000] {logging_mixin.py:188} INFO - [2025-07-30T21:05:37.022+0000] {dag.py:3036} INFO - Sync 1 DAGs
[2025-07-30T21:05:37.035+0000] {logging_mixin.py:188} INFO - [2025-07-30T21:05:37.034+0000] {dag.py:3823} INFO - Setting next_dagrun for tutorial_objectstorage to None, run_after=None
[2025-07-30T21:05:37.074+0000] {processor.py:183} INFO - Processing /home/azureuser/.pyenv/versions/3.11.9/envs/airflow-venv/lib/python3.11/site-packages/airflow/example_dags/tutorial_objectstorage.py took 0.086 seconds
[2025-07-30T21:06:24.691+0000] {processor.py:161} INFO - Started process (PID=1831) to work on /home/azureuser/.pyenv/versions/3.11.9/envs/airflow-venv/lib/python3.11/site-packages/airflow/example_dags/tutorial_objectstorage.py
[2025-07-30T21:06:24.693+0000] {processor.py:830} INFO - Processing file /home/azureuser/.pyenv/versions/3.11.9/envs/airflow-venv/lib/python3.11/site-packages/airflow/example_dags/tutorial_objectstorage.py for tasks to queue
[2025-07-30T21:06:24.694+0000] {logging_mixin.py:188} INFO - [2025-07-30T21:06:24.693+0000] {dagbag.py:538} INFO - Filling up the DagBag from /home/azureuser/.pyenv/versions/3.11.9/envs/airflow-venv/lib/python3.11/site-packages/airflow/example_dags/tutorial_objectstorage.py
[2025-07-30T21:06:24.704+0000] {processor.py:840} INFO - DAG(s) 'tutorial_objectstorage' retrieved from /home/azureuser/.pyenv/versions/3.11.9/envs/airflow-venv/lib/python3.11/site-packages/airflow/example_dags/tutorial_objectstorage.py
[2025-07-30T21:06:24.721+0000] {logging_mixin.py:188} INFO - [2025-07-30T21:06:24.721+0000] {dag.py:3036} INFO - Sync 1 DAGs
[2025-07-30T21:06:24.733+0000] {logging_mixin.py:188} INFO - [2025-07-30T21:06:24.733+0000] {dag.py:3823} INFO - Setting next_dagrun for tutorial_objectstorage to None, run_after=None
[2025-07-30T21:06:24.761+0000] {processor.py:183} INFO - Processing /home/azureuser/.pyenv/versions/3.11.9/envs/airflow-venv/lib/python3.11/site-packages/airflow/example_dags/tutorial_objectstorage.py took 0.074 seconds
[2025-07-30T21:07:01.866+0000] {processor.py:161} INFO - Started process (PID=1870) to work on /home/azureuser/.pyenv/versions/3.11.9/envs/airflow-venv/lib/python3.11/site-packages/airflow/example_dags/tutorial_objectstorage.py
[2025-07-30T21:07:01.869+0000] {processor.py:830} INFO - Processing file /home/azureuser/.pyenv/versions/3.11.9/envs/airflow-venv/lib/python3.11/site-packages/airflow/example_dags/tutorial_objectstorage.py for tasks to queue
[2025-07-30T21:07:01.870+0000] {logging_mixin.py:188} INFO - [2025-07-30T21:07:01.870+0000] {dagbag.py:538} INFO - Filling up the DagBag from /home/azureuser/.pyenv/versions/3.11.9/envs/airflow-venv/lib/python3.11/site-packages/airflow/example_dags/tutorial_objectstorage.py
[2025-07-30T21:07:01.882+0000] {processor.py:840} INFO - DAG(s) 'tutorial_objectstorage' retrieved from /home/azureuser/.pyenv/versions/3.11.9/envs/airflow-venv/lib/python3.11/site-packages/airflow/example_dags/tutorial_objectstorage.py
[2025-07-30T21:07:01.905+0000] {logging_mixin.py:188} INFO - [2025-07-30T21:07:01.904+0000] {dag.py:3036} INFO - Sync 1 DAGs
[2025-07-30T21:07:01.918+0000] {logging_mixin.py:188} INFO - [2025-07-30T21:07:01.918+0000] {dag.py:3823} INFO - Setting next_dagrun for tutorial_objectstorage to None, run_after=None
[2025-07-30T21:07:01.981+0000] {processor.py:183} INFO - Processing /home/azureuser/.pyenv/versions/3.11.9/envs/airflow-venv/lib/python3.11/site-packages/airflow/example_dags/tutorial_objectstorage.py took 0.119 seconds
