[2025-07-30T00:20:53.637+0000] {processor.py:161} INFO - Started process (PID=34135) to work on /home/azureuser/.pyenv/versions/3.11.9/envs/airflow-venv/lib/python3.11/site-packages/airflow/example_dags/tutorial_taskflow_api.py
[2025-07-30T00:20:53.639+0000] {processor.py:830} INFO - Processing file /home/azureuser/.pyenv/versions/3.11.9/envs/airflow-venv/lib/python3.11/site-packages/airflow/example_dags/tutorial_taskflow_api.py for tasks to queue
[2025-07-30T00:20:53.640+0000] {logging_mixin.py:188} INFO - [2025-07-30T00:20:53.639+0000] {dagbag.py:538} INFO - Filling up the DagBag from /home/azureuser/.pyenv/versions/3.11.9/envs/airflow-venv/lib/python3.11/site-packages/airflow/example_dags/tutorial_taskflow_api.py
[2025-07-30T00:20:53.656+0000] {processor.py:840} INFO - DAG(s) 'tutorial_taskflow_api' retrieved from /home/azureuser/.pyenv/versions/3.11.9/envs/airflow-venv/lib/python3.11/site-packages/airflow/example_dags/tutorial_taskflow_api.py
[2025-07-30T00:20:53.817+0000] {logging_mixin.py:188} INFO - [2025-07-30T00:20:53.817+0000] {override.py:1769} INFO - Created Permission View: can delete on DAG:tutorial_taskflow_api
[2025-07-30T00:20:53.844+0000] {logging_mixin.py:188} INFO - [2025-07-30T00:20:53.843+0000] {override.py:1769} INFO - Created Permission View: can read on DAG:tutorial_taskflow_api
[2025-07-30T00:20:53.865+0000] {logging_mixin.py:188} INFO - [2025-07-30T00:20:53.865+0000] {override.py:1769} INFO - Created Permission View: can edit on DAG:tutorial_taskflow_api
[2025-07-30T00:20:53.866+0000] {logging_mixin.py:188} INFO - [2025-07-30T00:20:53.866+0000] {dag.py:3036} INFO - Sync 1 DAGs
[2025-07-30T00:20:53.877+0000] {logging_mixin.py:188} INFO - [2025-07-30T00:20:53.877+0000] {dag.py:3058} INFO - Creating ORM DAG for tutorial_taskflow_api
[2025-07-30T00:20:53.878+0000] {logging_mixin.py:188} INFO - [2025-07-30T00:20:53.877+0000] {dag.py:3823} INFO - Setting next_dagrun for tutorial_taskflow_api to None, run_after=None
[2025-07-30T00:20:53.919+0000] {processor.py:183} INFO - Processing /home/azureuser/.pyenv/versions/3.11.9/envs/airflow-venv/lib/python3.11/site-packages/airflow/example_dags/tutorial_taskflow_api.py took 0.286 seconds
[2025-07-30T00:21:51.570+0000] {processor.py:161} INFO - Started process (PID=34283) to work on /home/azureuser/.pyenv/versions/3.11.9/envs/airflow-venv/lib/python3.11/site-packages/airflow/example_dags/tutorial_taskflow_api.py
[2025-07-30T00:21:51.572+0000] {processor.py:830} INFO - Processing file /home/azureuser/.pyenv/versions/3.11.9/envs/airflow-venv/lib/python3.11/site-packages/airflow/example_dags/tutorial_taskflow_api.py for tasks to queue
[2025-07-30T00:21:51.574+0000] {logging_mixin.py:188} INFO - [2025-07-30T00:21:51.573+0000] {dagbag.py:538} INFO - Filling up the DagBag from /home/azureuser/.pyenv/versions/3.11.9/envs/airflow-venv/lib/python3.11/site-packages/airflow/example_dags/tutorial_taskflow_api.py
[2025-07-30T00:21:51.583+0000] {processor.py:840} INFO - DAG(s) 'tutorial_taskflow_api' retrieved from /home/azureuser/.pyenv/versions/3.11.9/envs/airflow-venv/lib/python3.11/site-packages/airflow/example_dags/tutorial_taskflow_api.py
[2025-07-30T00:21:51.605+0000] {logging_mixin.py:188} INFO - [2025-07-30T00:21:51.605+0000] {dag.py:3036} INFO - Sync 1 DAGs
[2025-07-30T00:21:51.618+0000] {logging_mixin.py:188} INFO - [2025-07-30T00:21:51.618+0000] {dag.py:3823} INFO - Setting next_dagrun for tutorial_taskflow_api to None, run_after=None
[2025-07-30T00:21:51.662+0000] {processor.py:183} INFO - Processing /home/azureuser/.pyenv/versions/3.11.9/envs/airflow-venv/lib/python3.11/site-packages/airflow/example_dags/tutorial_taskflow_api.py took 0.096 seconds
[2025-07-30T00:22:38.662+0000] {processor.py:161} INFO - Started process (PID=34354) to work on /home/azureuser/.pyenv/versions/3.11.9/envs/airflow-venv/lib/python3.11/site-packages/airflow/example_dags/tutorial_taskflow_api.py
[2025-07-30T00:22:38.664+0000] {processor.py:830} INFO - Processing file /home/azureuser/.pyenv/versions/3.11.9/envs/airflow-venv/lib/python3.11/site-packages/airflow/example_dags/tutorial_taskflow_api.py for tasks to queue
[2025-07-30T00:22:38.665+0000] {logging_mixin.py:188} INFO - [2025-07-30T00:22:38.664+0000] {dagbag.py:538} INFO - Filling up the DagBag from /home/azureuser/.pyenv/versions/3.11.9/envs/airflow-venv/lib/python3.11/site-packages/airflow/example_dags/tutorial_taskflow_api.py
[2025-07-30T00:22:38.673+0000] {processor.py:840} INFO - DAG(s) 'tutorial_taskflow_api' retrieved from /home/azureuser/.pyenv/versions/3.11.9/envs/airflow-venv/lib/python3.11/site-packages/airflow/example_dags/tutorial_taskflow_api.py
[2025-07-30T00:22:38.693+0000] {logging_mixin.py:188} INFO - [2025-07-30T00:22:38.693+0000] {dag.py:3036} INFO - Sync 1 DAGs
[2025-07-30T00:22:38.706+0000] {logging_mixin.py:188} INFO - [2025-07-30T00:22:38.706+0000] {dag.py:3823} INFO - Setting next_dagrun for tutorial_taskflow_api to None, run_after=None
[2025-07-30T00:22:38.745+0000] {processor.py:183} INFO - Processing /home/azureuser/.pyenv/versions/3.11.9/envs/airflow-venv/lib/python3.11/site-packages/airflow/example_dags/tutorial_taskflow_api.py took 0.087 seconds
[2025-07-30T00:23:20.288+0000] {processor.py:161} INFO - Started process (PID=34413) to work on /home/azureuser/.pyenv/versions/3.11.9/envs/airflow-venv/lib/python3.11/site-packages/airflow/example_dags/tutorial_taskflow_api.py
[2025-07-30T00:23:20.289+0000] {processor.py:830} INFO - Processing file /home/azureuser/.pyenv/versions/3.11.9/envs/airflow-venv/lib/python3.11/site-packages/airflow/example_dags/tutorial_taskflow_api.py for tasks to queue
[2025-07-30T00:23:20.291+0000] {logging_mixin.py:188} INFO - [2025-07-30T00:23:20.290+0000] {dagbag.py:538} INFO - Filling up the DagBag from /home/azureuser/.pyenv/versions/3.11.9/envs/airflow-venv/lib/python3.11/site-packages/airflow/example_dags/tutorial_taskflow_api.py
[2025-07-30T00:23:20.299+0000] {processor.py:840} INFO - DAG(s) 'tutorial_taskflow_api' retrieved from /home/azureuser/.pyenv/versions/3.11.9/envs/airflow-venv/lib/python3.11/site-packages/airflow/example_dags/tutorial_taskflow_api.py
[2025-07-30T00:23:20.320+0000] {logging_mixin.py:188} INFO - [2025-07-30T00:23:20.319+0000] {dag.py:3036} INFO - Sync 1 DAGs
[2025-07-30T00:23:20.333+0000] {logging_mixin.py:188} INFO - [2025-07-30T00:23:20.333+0000] {dag.py:3823} INFO - Setting next_dagrun for tutorial_taskflow_api to None, run_after=None
[2025-07-30T00:23:20.369+0000] {processor.py:183} INFO - Processing /home/azureuser/.pyenv/versions/3.11.9/envs/airflow-venv/lib/python3.11/site-packages/airflow/example_dags/tutorial_taskflow_api.py took 0.086 seconds
[2025-07-30T00:24:00.538+0000] {processor.py:161} INFO - Started process (PID=34473) to work on /home/azureuser/.pyenv/versions/3.11.9/envs/airflow-venv/lib/python3.11/site-packages/airflow/example_dags/tutorial_taskflow_api.py
[2025-07-30T00:24:00.540+0000] {processor.py:830} INFO - Processing file /home/azureuser/.pyenv/versions/3.11.9/envs/airflow-venv/lib/python3.11/site-packages/airflow/example_dags/tutorial_taskflow_api.py for tasks to queue
[2025-07-30T00:24:00.541+0000] {logging_mixin.py:188} INFO - [2025-07-30T00:24:00.540+0000] {dagbag.py:538} INFO - Filling up the DagBag from /home/azureuser/.pyenv/versions/3.11.9/envs/airflow-venv/lib/python3.11/site-packages/airflow/example_dags/tutorial_taskflow_api.py
[2025-07-30T00:24:00.550+0000] {processor.py:840} INFO - DAG(s) 'tutorial_taskflow_api' retrieved from /home/azureuser/.pyenv/versions/3.11.9/envs/airflow-venv/lib/python3.11/site-packages/airflow/example_dags/tutorial_taskflow_api.py
[2025-07-30T00:24:00.570+0000] {logging_mixin.py:188} INFO - [2025-07-30T00:24:00.570+0000] {dag.py:3036} INFO - Sync 1 DAGs
[2025-07-30T00:24:00.583+0000] {logging_mixin.py:188} INFO - [2025-07-30T00:24:00.583+0000] {dag.py:3823} INFO - Setting next_dagrun for tutorial_taskflow_api to None, run_after=None
[2025-07-30T00:24:00.625+0000] {processor.py:183} INFO - Processing /home/azureuser/.pyenv/versions/3.11.9/envs/airflow-venv/lib/python3.11/site-packages/airflow/example_dags/tutorial_taskflow_api.py took 0.091 seconds
[2025-07-30T00:24:49.037+0000] {processor.py:161} INFO - Started process (PID=34536) to work on /home/azureuser/.pyenv/versions/3.11.9/envs/airflow-venv/lib/python3.11/site-packages/airflow/example_dags/tutorial_taskflow_api.py
[2025-07-30T00:24:49.039+0000] {processor.py:830} INFO - Processing file /home/azureuser/.pyenv/versions/3.11.9/envs/airflow-venv/lib/python3.11/site-packages/airflow/example_dags/tutorial_taskflow_api.py for tasks to queue
[2025-07-30T00:24:49.040+0000] {logging_mixin.py:188} INFO - [2025-07-30T00:24:49.040+0000] {dagbag.py:538} INFO - Filling up the DagBag from /home/azureuser/.pyenv/versions/3.11.9/envs/airflow-venv/lib/python3.11/site-packages/airflow/example_dags/tutorial_taskflow_api.py
[2025-07-30T00:24:49.049+0000] {processor.py:840} INFO - DAG(s) 'tutorial_taskflow_api' retrieved from /home/azureuser/.pyenv/versions/3.11.9/envs/airflow-venv/lib/python3.11/site-packages/airflow/example_dags/tutorial_taskflow_api.py
[2025-07-30T00:24:49.233+0000] {logging_mixin.py:188} INFO - [2025-07-30T00:24:49.233+0000] {dag.py:3036} INFO - Sync 1 DAGs
[2025-07-30T00:24:49.245+0000] {logging_mixin.py:188} INFO - [2025-07-30T00:24:49.244+0000] {dag.py:3823} INFO - Setting next_dagrun for tutorial_taskflow_api to None, run_after=None
[2025-07-30T00:24:49.286+0000] {processor.py:183} INFO - Processing /home/azureuser/.pyenv/versions/3.11.9/envs/airflow-venv/lib/python3.11/site-packages/airflow/example_dags/tutorial_taskflow_api.py took 0.253 seconds
[2025-07-30T00:25:35.037+0000] {processor.py:161} INFO - Started process (PID=34611) to work on /home/azureuser/.pyenv/versions/3.11.9/envs/airflow-venv/lib/python3.11/site-packages/airflow/example_dags/tutorial_taskflow_api.py
[2025-07-30T00:25:35.038+0000] {processor.py:830} INFO - Processing file /home/azureuser/.pyenv/versions/3.11.9/envs/airflow-venv/lib/python3.11/site-packages/airflow/example_dags/tutorial_taskflow_api.py for tasks to queue
[2025-07-30T00:25:35.039+0000] {logging_mixin.py:188} INFO - [2025-07-30T00:25:35.039+0000] {dagbag.py:538} INFO - Filling up the DagBag from /home/azureuser/.pyenv/versions/3.11.9/envs/airflow-venv/lib/python3.11/site-packages/airflow/example_dags/tutorial_taskflow_api.py
[2025-07-30T00:25:35.048+0000] {processor.py:840} INFO - DAG(s) 'tutorial_taskflow_api' retrieved from /home/azureuser/.pyenv/versions/3.11.9/envs/airflow-venv/lib/python3.11/site-packages/airflow/example_dags/tutorial_taskflow_api.py
[2025-07-30T00:25:35.069+0000] {logging_mixin.py:188} INFO - [2025-07-30T00:25:35.069+0000] {dag.py:3036} INFO - Sync 1 DAGs
[2025-07-30T00:25:35.083+0000] {logging_mixin.py:188} INFO - [2025-07-30T00:25:35.082+0000] {dag.py:3823} INFO - Setting next_dagrun for tutorial_taskflow_api to None, run_after=None
[2025-07-30T00:25:35.127+0000] {processor.py:183} INFO - Processing /home/azureuser/.pyenv/versions/3.11.9/envs/airflow-venv/lib/python3.11/site-packages/airflow/example_dags/tutorial_taskflow_api.py took 0.094 seconds
[2025-07-30T00:26:20.862+0000] {processor.py:161} INFO - Started process (PID=34680) to work on /home/azureuser/.pyenv/versions/3.11.9/envs/airflow-venv/lib/python3.11/site-packages/airflow/example_dags/tutorial_taskflow_api.py
[2025-07-30T00:26:20.865+0000] {processor.py:830} INFO - Processing file /home/azureuser/.pyenv/versions/3.11.9/envs/airflow-venv/lib/python3.11/site-packages/airflow/example_dags/tutorial_taskflow_api.py for tasks to queue
[2025-07-30T00:26:20.872+0000] {logging_mixin.py:188} INFO - [2025-07-30T00:26:20.866+0000] {dagbag.py:538} INFO - Filling up the DagBag from /home/azureuser/.pyenv/versions/3.11.9/envs/airflow-venv/lib/python3.11/site-packages/airflow/example_dags/tutorial_taskflow_api.py
[2025-07-30T00:26:20.897+0000] {processor.py:840} INFO - DAG(s) 'tutorial_taskflow_api' retrieved from /home/azureuser/.pyenv/versions/3.11.9/envs/airflow-venv/lib/python3.11/site-packages/airflow/example_dags/tutorial_taskflow_api.py
[2025-07-30T00:26:20.924+0000] {logging_mixin.py:188} INFO - [2025-07-30T00:26:20.923+0000] {dag.py:3036} INFO - Sync 1 DAGs
[2025-07-30T00:26:20.966+0000] {logging_mixin.py:188} INFO - [2025-07-30T00:26:20.965+0000] {dag.py:3823} INFO - Setting next_dagrun for tutorial_taskflow_api to None, run_after=None
[2025-07-30T00:26:21.019+0000] {processor.py:183} INFO - Processing /home/azureuser/.pyenv/versions/3.11.9/envs/airflow-venv/lib/python3.11/site-packages/airflow/example_dags/tutorial_taskflow_api.py took 0.164 seconds
[2025-07-30T20:45:34.466+0000] {processor.py:161} INFO - Started process (PID=1262) to work on /home/azureuser/.pyenv/versions/3.11.9/envs/airflow-venv/lib/python3.11/site-packages/airflow/example_dags/tutorial_taskflow_api.py
[2025-07-30T20:45:34.467+0000] {processor.py:830} INFO - Processing file /home/azureuser/.pyenv/versions/3.11.9/envs/airflow-venv/lib/python3.11/site-packages/airflow/example_dags/tutorial_taskflow_api.py for tasks to queue
[2025-07-30T20:45:34.468+0000] {logging_mixin.py:188} INFO - [2025-07-30T20:45:34.468+0000] {dagbag.py:538} INFO - Filling up the DagBag from /home/azureuser/.pyenv/versions/3.11.9/envs/airflow-venv/lib/python3.11/site-packages/airflow/example_dags/tutorial_taskflow_api.py
[2025-07-30T20:45:34.482+0000] {processor.py:840} INFO - DAG(s) 'tutorial_taskflow_api' retrieved from /home/azureuser/.pyenv/versions/3.11.9/envs/airflow-venv/lib/python3.11/site-packages/airflow/example_dags/tutorial_taskflow_api.py
[2025-07-30T20:45:34.587+0000] {logging_mixin.py:188} INFO - [2025-07-30T20:45:34.587+0000] {dag.py:3036} INFO - Sync 1 DAGs
[2025-07-30T20:45:34.596+0000] {logging_mixin.py:188} INFO - [2025-07-30T20:45:34.596+0000] {dag.py:3823} INFO - Setting next_dagrun for tutorial_taskflow_api to None, run_after=None
[2025-07-30T20:45:34.625+0000] {processor.py:183} INFO - Processing /home/azureuser/.pyenv/versions/3.11.9/envs/airflow-venv/lib/python3.11/site-packages/airflow/example_dags/tutorial_taskflow_api.py took 0.162 seconds
[2025-07-30T20:46:25.983+0000] {processor.py:161} INFO - Started process (PID=1387) to work on /home/azureuser/.pyenv/versions/3.11.9/envs/airflow-venv/lib/python3.11/site-packages/airflow/example_dags/tutorial_taskflow_api.py
[2025-07-30T20:46:25.985+0000] {processor.py:830} INFO - Processing file /home/azureuser/.pyenv/versions/3.11.9/envs/airflow-venv/lib/python3.11/site-packages/airflow/example_dags/tutorial_taskflow_api.py for tasks to queue
[2025-07-30T20:46:25.986+0000] {logging_mixin.py:188} INFO - [2025-07-30T20:46:25.986+0000] {dagbag.py:538} INFO - Filling up the DagBag from /home/azureuser/.pyenv/versions/3.11.9/envs/airflow-venv/lib/python3.11/site-packages/airflow/example_dags/tutorial_taskflow_api.py
[2025-07-30T20:46:25.994+0000] {processor.py:840} INFO - DAG(s) 'tutorial_taskflow_api' retrieved from /home/azureuser/.pyenv/versions/3.11.9/envs/airflow-venv/lib/python3.11/site-packages/airflow/example_dags/tutorial_taskflow_api.py
[2025-07-30T20:46:26.012+0000] {logging_mixin.py:188} INFO - [2025-07-30T20:46:26.012+0000] {dag.py:3036} INFO - Sync 1 DAGs
[2025-07-30T20:46:26.024+0000] {logging_mixin.py:188} INFO - [2025-07-30T20:46:26.024+0000] {dag.py:3823} INFO - Setting next_dagrun for tutorial_taskflow_api to None, run_after=None
[2025-07-30T20:46:26.052+0000] {processor.py:183} INFO - Processing /home/azureuser/.pyenv/versions/3.11.9/envs/airflow-venv/lib/python3.11/site-packages/airflow/example_dags/tutorial_taskflow_api.py took 0.073 seconds
[2025-07-30T20:47:04.620+0000] {processor.py:161} INFO - Started process (PID=1427) to work on /home/azureuser/.pyenv/versions/3.11.9/envs/airflow-venv/lib/python3.11/site-packages/airflow/example_dags/tutorial_taskflow_api.py
[2025-07-30T20:47:04.622+0000] {processor.py:830} INFO - Processing file /home/azureuser/.pyenv/versions/3.11.9/envs/airflow-venv/lib/python3.11/site-packages/airflow/example_dags/tutorial_taskflow_api.py for tasks to queue
[2025-07-30T20:47:04.623+0000] {logging_mixin.py:188} INFO - [2025-07-30T20:47:04.622+0000] {dagbag.py:538} INFO - Filling up the DagBag from /home/azureuser/.pyenv/versions/3.11.9/envs/airflow-venv/lib/python3.11/site-packages/airflow/example_dags/tutorial_taskflow_api.py
[2025-07-30T20:47:04.630+0000] {processor.py:840} INFO - DAG(s) 'tutorial_taskflow_api' retrieved from /home/azureuser/.pyenv/versions/3.11.9/envs/airflow-venv/lib/python3.11/site-packages/airflow/example_dags/tutorial_taskflow_api.py
[2025-07-30T20:47:04.648+0000] {logging_mixin.py:188} INFO - [2025-07-30T20:47:04.648+0000] {dag.py:3036} INFO - Sync 1 DAGs
[2025-07-30T20:47:04.660+0000] {logging_mixin.py:188} INFO - [2025-07-30T20:47:04.660+0000] {dag.py:3823} INFO - Setting next_dagrun for tutorial_taskflow_api to None, run_after=None
[2025-07-30T20:47:04.687+0000] {processor.py:183} INFO - Processing /home/azureuser/.pyenv/versions/3.11.9/envs/airflow-venv/lib/python3.11/site-packages/airflow/example_dags/tutorial_taskflow_api.py took 0.071 seconds
[2025-07-30T21:03:23.202+0000] {processor.py:161} INFO - Started process (PID=1650) to work on /home/azureuser/.pyenv/versions/3.11.9/envs/airflow-venv/lib/python3.11/site-packages/airflow/example_dags/tutorial_taskflow_api.py
[2025-07-30T21:03:23.203+0000] {processor.py:830} INFO - Processing file /home/azureuser/.pyenv/versions/3.11.9/envs/airflow-venv/lib/python3.11/site-packages/airflow/example_dags/tutorial_taskflow_api.py for tasks to queue
[2025-07-30T21:03:23.204+0000] {logging_mixin.py:188} INFO - [2025-07-30T21:03:23.203+0000] {dagbag.py:538} INFO - Filling up the DagBag from /home/azureuser/.pyenv/versions/3.11.9/envs/airflow-venv/lib/python3.11/site-packages/airflow/example_dags/tutorial_taskflow_api.py
[2025-07-30T21:03:23.212+0000] {processor.py:840} INFO - DAG(s) 'tutorial_taskflow_api' retrieved from /home/azureuser/.pyenv/versions/3.11.9/envs/airflow-venv/lib/python3.11/site-packages/airflow/example_dags/tutorial_taskflow_api.py
[2025-07-30T21:03:23.230+0000] {logging_mixin.py:188} INFO - [2025-07-30T21:03:23.229+0000] {dag.py:3036} INFO - Sync 1 DAGs
[2025-07-30T21:03:23.242+0000] {logging_mixin.py:188} INFO - [2025-07-30T21:03:23.241+0000] {dag.py:3823} INFO - Setting next_dagrun for tutorial_taskflow_api to None, run_after=None
[2025-07-30T21:03:23.270+0000] {processor.py:183} INFO - Processing /home/azureuser/.pyenv/versions/3.11.9/envs/airflow-venv/lib/python3.11/site-packages/airflow/example_dags/tutorial_taskflow_api.py took 0.072 seconds
[2025-07-30T21:04:02.276+0000] {processor.py:161} INFO - Started process (PID=1692) to work on /home/azureuser/.pyenv/versions/3.11.9/envs/airflow-venv/lib/python3.11/site-packages/airflow/example_dags/tutorial_taskflow_api.py
[2025-07-30T21:04:02.280+0000] {processor.py:830} INFO - Processing file /home/azureuser/.pyenv/versions/3.11.9/envs/airflow-venv/lib/python3.11/site-packages/airflow/example_dags/tutorial_taskflow_api.py for tasks to queue
[2025-07-30T21:04:02.281+0000] {logging_mixin.py:188} INFO - [2025-07-30T21:04:02.280+0000] {dagbag.py:538} INFO - Filling up the DagBag from /home/azureuser/.pyenv/versions/3.11.9/envs/airflow-venv/lib/python3.11/site-packages/airflow/example_dags/tutorial_taskflow_api.py
[2025-07-30T21:04:02.303+0000] {processor.py:840} INFO - DAG(s) 'tutorial_taskflow_api' retrieved from /home/azureuser/.pyenv/versions/3.11.9/envs/airflow-venv/lib/python3.11/site-packages/airflow/example_dags/tutorial_taskflow_api.py
[2025-07-30T21:04:02.342+0000] {logging_mixin.py:188} INFO - [2025-07-30T21:04:02.341+0000] {dag.py:3036} INFO - Sync 1 DAGs
[2025-07-30T21:04:02.367+0000] {logging_mixin.py:188} INFO - [2025-07-30T21:04:02.367+0000] {dag.py:3823} INFO - Setting next_dagrun for tutorial_taskflow_api to None, run_after=None
[2025-07-30T21:04:02.440+0000] {processor.py:183} INFO - Processing /home/azureuser/.pyenv/versions/3.11.9/envs/airflow-venv/lib/python3.11/site-packages/airflow/example_dags/tutorial_taskflow_api.py took 0.172 seconds
[2025-07-30T21:04:54.962+0000] {processor.py:161} INFO - Started process (PID=1738) to work on /home/azureuser/.pyenv/versions/3.11.9/envs/airflow-venv/lib/python3.11/site-packages/airflow/example_dags/tutorial_taskflow_api.py
[2025-07-30T21:04:54.963+0000] {processor.py:830} INFO - Processing file /home/azureuser/.pyenv/versions/3.11.9/envs/airflow-venv/lib/python3.11/site-packages/airflow/example_dags/tutorial_taskflow_api.py for tasks to queue
[2025-07-30T21:04:54.964+0000] {logging_mixin.py:188} INFO - [2025-07-30T21:04:54.963+0000] {dagbag.py:538} INFO - Filling up the DagBag from /home/azureuser/.pyenv/versions/3.11.9/envs/airflow-venv/lib/python3.11/site-packages/airflow/example_dags/tutorial_taskflow_api.py
[2025-07-30T21:04:54.975+0000] {processor.py:840} INFO - DAG(s) 'tutorial_taskflow_api' retrieved from /home/azureuser/.pyenv/versions/3.11.9/envs/airflow-venv/lib/python3.11/site-packages/airflow/example_dags/tutorial_taskflow_api.py
[2025-07-30T21:04:54.997+0000] {logging_mixin.py:188} INFO - [2025-07-30T21:04:54.997+0000] {dag.py:3036} INFO - Sync 1 DAGs
[2025-07-30T21:04:55.010+0000] {logging_mixin.py:188} INFO - [2025-07-30T21:04:55.010+0000] {dag.py:3823} INFO - Setting next_dagrun for tutorial_taskflow_api to None, run_after=None
[2025-07-30T21:04:55.038+0000] {processor.py:183} INFO - Processing /home/azureuser/.pyenv/versions/3.11.9/envs/airflow-venv/lib/python3.11/site-packages/airflow/example_dags/tutorial_taskflow_api.py took 0.080 seconds
[2025-07-30T21:05:35.849+0000] {processor.py:161} INFO - Started process (PID=1782) to work on /home/azureuser/.pyenv/versions/3.11.9/envs/airflow-venv/lib/python3.11/site-packages/airflow/example_dags/tutorial_taskflow_api.py
[2025-07-30T21:05:35.850+0000] {processor.py:830} INFO - Processing file /home/azureuser/.pyenv/versions/3.11.9/envs/airflow-venv/lib/python3.11/site-packages/airflow/example_dags/tutorial_taskflow_api.py for tasks to queue
[2025-07-30T21:05:35.851+0000] {logging_mixin.py:188} INFO - [2025-07-30T21:05:35.850+0000] {dagbag.py:538} INFO - Filling up the DagBag from /home/azureuser/.pyenv/versions/3.11.9/envs/airflow-venv/lib/python3.11/site-packages/airflow/example_dags/tutorial_taskflow_api.py
[2025-07-30T21:05:35.859+0000] {processor.py:840} INFO - DAG(s) 'tutorial_taskflow_api' retrieved from /home/azureuser/.pyenv/versions/3.11.9/envs/airflow-venv/lib/python3.11/site-packages/airflow/example_dags/tutorial_taskflow_api.py
[2025-07-30T21:05:35.879+0000] {logging_mixin.py:188} INFO - [2025-07-30T21:05:35.878+0000] {dag.py:3036} INFO - Sync 1 DAGs
[2025-07-30T21:05:35.891+0000] {logging_mixin.py:188} INFO - [2025-07-30T21:05:35.891+0000] {dag.py:3823} INFO - Setting next_dagrun for tutorial_taskflow_api to None, run_after=None
[2025-07-30T21:05:35.934+0000] {processor.py:183} INFO - Processing /home/azureuser/.pyenv/versions/3.11.9/envs/airflow-venv/lib/python3.11/site-packages/airflow/example_dags/tutorial_taskflow_api.py took 0.089 seconds
[2025-07-30T21:06:12.532+0000] {processor.py:161} INFO - Started process (PID=1819) to work on /home/azureuser/.pyenv/versions/3.11.9/envs/airflow-venv/lib/python3.11/site-packages/airflow/example_dags/tutorial_taskflow_api.py
[2025-07-30T21:06:12.533+0000] {processor.py:830} INFO - Processing file /home/azureuser/.pyenv/versions/3.11.9/envs/airflow-venv/lib/python3.11/site-packages/airflow/example_dags/tutorial_taskflow_api.py for tasks to queue
[2025-07-30T21:06:12.534+0000] {logging_mixin.py:188} INFO - [2025-07-30T21:06:12.534+0000] {dagbag.py:538} INFO - Filling up the DagBag from /home/azureuser/.pyenv/versions/3.11.9/envs/airflow-venv/lib/python3.11/site-packages/airflow/example_dags/tutorial_taskflow_api.py
[2025-07-30T21:06:12.542+0000] {processor.py:840} INFO - DAG(s) 'tutorial_taskflow_api' retrieved from /home/azureuser/.pyenv/versions/3.11.9/envs/airflow-venv/lib/python3.11/site-packages/airflow/example_dags/tutorial_taskflow_api.py
[2025-07-30T21:06:12.562+0000] {logging_mixin.py:188} INFO - [2025-07-30T21:06:12.561+0000] {dag.py:3036} INFO - Sync 1 DAGs
[2025-07-30T21:06:12.574+0000] {logging_mixin.py:188} INFO - [2025-07-30T21:06:12.574+0000] {dag.py:3823} INFO - Setting next_dagrun for tutorial_taskflow_api to None, run_after=None
[2025-07-30T21:06:12.602+0000] {processor.py:183} INFO - Processing /home/azureuser/.pyenv/versions/3.11.9/envs/airflow-venv/lib/python3.11/site-packages/airflow/example_dags/tutorial_taskflow_api.py took 0.074 seconds
[2025-07-30T21:07:00.627+0000] {processor.py:161} INFO - Started process (PID=1868) to work on /home/azureuser/.pyenv/versions/3.11.9/envs/airflow-venv/lib/python3.11/site-packages/airflow/example_dags/tutorial_taskflow_api.py
[2025-07-30T21:07:00.630+0000] {processor.py:830} INFO - Processing file /home/azureuser/.pyenv/versions/3.11.9/envs/airflow-venv/lib/python3.11/site-packages/airflow/example_dags/tutorial_taskflow_api.py for tasks to queue
[2025-07-30T21:07:00.631+0000] {logging_mixin.py:188} INFO - [2025-07-30T21:07:00.630+0000] {dagbag.py:538} INFO - Filling up the DagBag from /home/azureuser/.pyenv/versions/3.11.9/envs/airflow-venv/lib/python3.11/site-packages/airflow/example_dags/tutorial_taskflow_api.py
[2025-07-30T21:07:00.646+0000] {processor.py:840} INFO - DAG(s) 'tutorial_taskflow_api' retrieved from /home/azureuser/.pyenv/versions/3.11.9/envs/airflow-venv/lib/python3.11/site-packages/airflow/example_dags/tutorial_taskflow_api.py
[2025-07-30T21:07:00.674+0000] {logging_mixin.py:188} INFO - [2025-07-30T21:07:00.674+0000] {dag.py:3036} INFO - Sync 1 DAGs
[2025-07-30T21:07:00.694+0000] {logging_mixin.py:188} INFO - [2025-07-30T21:07:00.694+0000] {dag.py:3823} INFO - Setting next_dagrun for tutorial_taskflow_api to None, run_after=None
[2025-07-30T21:07:00.727+0000] {processor.py:183} INFO - Processing /home/azureuser/.pyenv/versions/3.11.9/envs/airflow-venv/lib/python3.11/site-packages/airflow/example_dags/tutorial_taskflow_api.py took 0.107 seconds
