[2025-07-30T00:20:57.187+0000] {processor.py:161} INFO - Started process (PID=34138) to work on /home/azureuser/.pyenv/versions/3.11.9/envs/airflow-venv/lib/python3.11/site-packages/airflow/example_dags/tutorial_dag.py
[2025-07-30T00:20:57.188+0000] {processor.py:830} INFO - Processing file /home/azureuser/.pyenv/versions/3.11.9/envs/airflow-venv/lib/python3.11/site-packages/airflow/example_dags/tutorial_dag.py for tasks to queue
[2025-07-30T00:20:57.190+0000] {logging_mixin.py:188} INFO - [2025-07-30T00:20:57.189+0000] {dagbag.py:538} INFO - Filling up the DagBag from /home/azureuser/.pyenv/versions/3.11.9/envs/airflow-venv/lib/python3.11/site-packages/airflow/example_dags/tutorial_dag.py
[2025-07-30T00:20:57.200+0000] {processor.py:840} INFO - DAG(s) 'tutorial_dag' retrieved from /home/azureuser/.pyenv/versions/3.11.9/envs/airflow-venv/lib/python3.11/site-packages/airflow/example_dags/tutorial_dag.py
[2025-07-30T00:20:57.369+0000] {logging_mixin.py:188} INFO - [2025-07-30T00:20:57.368+0000] {override.py:1769} INFO - Created Permission View: can delete on DAG:tutorial_dag
[2025-07-30T00:20:57.401+0000] {logging_mixin.py:188} INFO - [2025-07-30T00:20:57.400+0000] {override.py:1769} INFO - Created Permission View: can read on DAG:tutorial_dag
[2025-07-30T00:20:57.425+0000] {logging_mixin.py:188} INFO - [2025-07-30T00:20:57.424+0000] {override.py:1769} INFO - Created Permission View: can edit on DAG:tutorial_dag
[2025-07-30T00:20:57.426+0000] {logging_mixin.py:188} INFO - [2025-07-30T00:20:57.426+0000] {dag.py:3036} INFO - Sync 1 DAGs
[2025-07-30T00:20:57.439+0000] {logging_mixin.py:188} INFO - [2025-07-30T00:20:57.439+0000] {dag.py:3058} INFO - Creating ORM DAG for tutorial_dag
[2025-07-30T00:20:57.440+0000] {logging_mixin.py:188} INFO - [2025-07-30T00:20:57.440+0000] {dag.py:3823} INFO - Setting next_dagrun for tutorial_dag to None, run_after=None
[2025-07-30T00:20:57.482+0000] {processor.py:183} INFO - Processing /home/azureuser/.pyenv/versions/3.11.9/envs/airflow-venv/lib/python3.11/site-packages/airflow/example_dags/tutorial_dag.py took 0.299 seconds
[2025-07-30T00:21:55.131+0000] {processor.py:161} INFO - Started process (PID=34288) to work on /home/azureuser/.pyenv/versions/3.11.9/envs/airflow-venv/lib/python3.11/site-packages/airflow/example_dags/tutorial_dag.py
[2025-07-30T00:21:55.132+0000] {processor.py:830} INFO - Processing file /home/azureuser/.pyenv/versions/3.11.9/envs/airflow-venv/lib/python3.11/site-packages/airflow/example_dags/tutorial_dag.py for tasks to queue
[2025-07-30T00:21:55.134+0000] {logging_mixin.py:188} INFO - [2025-07-30T00:21:55.133+0000] {dagbag.py:538} INFO - Filling up the DagBag from /home/azureuser/.pyenv/versions/3.11.9/envs/airflow-venv/lib/python3.11/site-packages/airflow/example_dags/tutorial_dag.py
[2025-07-30T00:21:55.142+0000] {processor.py:840} INFO - DAG(s) 'tutorial_dag' retrieved from /home/azureuser/.pyenv/versions/3.11.9/envs/airflow-venv/lib/python3.11/site-packages/airflow/example_dags/tutorial_dag.py
[2025-07-30T00:21:55.165+0000] {logging_mixin.py:188} INFO - [2025-07-30T00:21:55.165+0000] {dag.py:3036} INFO - Sync 1 DAGs
[2025-07-30T00:21:55.179+0000] {logging_mixin.py:188} INFO - [2025-07-30T00:21:55.179+0000] {dag.py:3823} INFO - Setting next_dagrun for tutorial_dag to None, run_after=None
[2025-07-30T00:21:55.220+0000] {processor.py:183} INFO - Processing /home/azureuser/.pyenv/versions/3.11.9/envs/airflow-venv/lib/python3.11/site-packages/airflow/example_dags/tutorial_dag.py took 0.094 seconds
[2025-07-30T00:22:42.026+0000] {processor.py:161} INFO - Started process (PID=34357) to work on /home/azureuser/.pyenv/versions/3.11.9/envs/airflow-venv/lib/python3.11/site-packages/airflow/example_dags/tutorial_dag.py
[2025-07-30T00:22:42.028+0000] {processor.py:830} INFO - Processing file /home/azureuser/.pyenv/versions/3.11.9/envs/airflow-venv/lib/python3.11/site-packages/airflow/example_dags/tutorial_dag.py for tasks to queue
[2025-07-30T00:22:42.029+0000] {logging_mixin.py:188} INFO - [2025-07-30T00:22:42.029+0000] {dagbag.py:538} INFO - Filling up the DagBag from /home/azureuser/.pyenv/versions/3.11.9/envs/airflow-venv/lib/python3.11/site-packages/airflow/example_dags/tutorial_dag.py
[2025-07-30T00:22:42.037+0000] {processor.py:840} INFO - DAG(s) 'tutorial_dag' retrieved from /home/azureuser/.pyenv/versions/3.11.9/envs/airflow-venv/lib/python3.11/site-packages/airflow/example_dags/tutorial_dag.py
[2025-07-30T00:22:42.058+0000] {logging_mixin.py:188} INFO - [2025-07-30T00:22:42.057+0000] {dag.py:3036} INFO - Sync 1 DAGs
[2025-07-30T00:22:42.072+0000] {logging_mixin.py:188} INFO - [2025-07-30T00:22:42.071+0000] {dag.py:3823} INFO - Setting next_dagrun for tutorial_dag to None, run_after=None
[2025-07-30T00:22:42.109+0000] {processor.py:183} INFO - Processing /home/azureuser/.pyenv/versions/3.11.9/envs/airflow-venv/lib/python3.11/site-packages/airflow/example_dags/tutorial_dag.py took 0.087 seconds
[2025-07-30T00:23:23.835+0000] {processor.py:161} INFO - Started process (PID=34418) to work on /home/azureuser/.pyenv/versions/3.11.9/envs/airflow-venv/lib/python3.11/site-packages/airflow/example_dags/tutorial_dag.py
[2025-07-30T00:23:23.836+0000] {processor.py:830} INFO - Processing file /home/azureuser/.pyenv/versions/3.11.9/envs/airflow-venv/lib/python3.11/site-packages/airflow/example_dags/tutorial_dag.py for tasks to queue
[2025-07-30T00:23:23.837+0000] {logging_mixin.py:188} INFO - [2025-07-30T00:23:23.837+0000] {dagbag.py:538} INFO - Filling up the DagBag from /home/azureuser/.pyenv/versions/3.11.9/envs/airflow-venv/lib/python3.11/site-packages/airflow/example_dags/tutorial_dag.py
[2025-07-30T00:23:23.845+0000] {processor.py:840} INFO - DAG(s) 'tutorial_dag' retrieved from /home/azureuser/.pyenv/versions/3.11.9/envs/airflow-venv/lib/python3.11/site-packages/airflow/example_dags/tutorial_dag.py
[2025-07-30T00:23:23.866+0000] {logging_mixin.py:188} INFO - [2025-07-30T00:23:23.865+0000] {dag.py:3036} INFO - Sync 1 DAGs
[2025-07-30T00:23:23.879+0000] {logging_mixin.py:188} INFO - [2025-07-30T00:23:23.879+0000] {dag.py:3823} INFO - Setting next_dagrun for tutorial_dag to None, run_after=None
[2025-07-30T00:23:23.920+0000] {processor.py:183} INFO - Processing /home/azureuser/.pyenv/versions/3.11.9/envs/airflow-venv/lib/python3.11/site-packages/airflow/example_dags/tutorial_dag.py took 0.089 seconds
[2025-07-30T00:24:03.328+0000] {processor.py:161} INFO - Started process (PID=34479) to work on /home/azureuser/.pyenv/versions/3.11.9/envs/airflow-venv/lib/python3.11/site-packages/airflow/example_dags/tutorial_dag.py
[2025-07-30T00:24:03.330+0000] {processor.py:830} INFO - Processing file /home/azureuser/.pyenv/versions/3.11.9/envs/airflow-venv/lib/python3.11/site-packages/airflow/example_dags/tutorial_dag.py for tasks to queue
[2025-07-30T00:24:03.331+0000] {logging_mixin.py:188} INFO - [2025-07-30T00:24:03.331+0000] {dagbag.py:538} INFO - Filling up the DagBag from /home/azureuser/.pyenv/versions/3.11.9/envs/airflow-venv/lib/python3.11/site-packages/airflow/example_dags/tutorial_dag.py
[2025-07-30T00:24:03.341+0000] {processor.py:840} INFO - DAG(s) 'tutorial_dag' retrieved from /home/azureuser/.pyenv/versions/3.11.9/envs/airflow-venv/lib/python3.11/site-packages/airflow/example_dags/tutorial_dag.py
[2025-07-30T00:24:03.366+0000] {logging_mixin.py:188} INFO - [2025-07-30T00:24:03.365+0000] {dag.py:3036} INFO - Sync 1 DAGs
[2025-07-30T00:24:03.385+0000] {logging_mixin.py:188} INFO - [2025-07-30T00:24:03.385+0000] {dag.py:3823} INFO - Setting next_dagrun for tutorial_dag to None, run_after=None
[2025-07-30T00:24:03.466+0000] {processor.py:183} INFO - Processing /home/azureuser/.pyenv/versions/3.11.9/envs/airflow-venv/lib/python3.11/site-packages/airflow/example_dags/tutorial_dag.py took 0.142 seconds
[2025-07-30T00:24:51.528+0000] {processor.py:161} INFO - Started process (PID=34539) to work on /home/azureuser/.pyenv/versions/3.11.9/envs/airflow-venv/lib/python3.11/site-packages/airflow/example_dags/tutorial_dag.py
[2025-07-30T00:24:51.529+0000] {processor.py:830} INFO - Processing file /home/azureuser/.pyenv/versions/3.11.9/envs/airflow-venv/lib/python3.11/site-packages/airflow/example_dags/tutorial_dag.py for tasks to queue
[2025-07-30T00:24:51.531+0000] {logging_mixin.py:188} INFO - [2025-07-30T00:24:51.530+0000] {dagbag.py:538} INFO - Filling up the DagBag from /home/azureuser/.pyenv/versions/3.11.9/envs/airflow-venv/lib/python3.11/site-packages/airflow/example_dags/tutorial_dag.py
[2025-07-30T00:24:51.538+0000] {processor.py:840} INFO - DAG(s) 'tutorial_dag' retrieved from /home/azureuser/.pyenv/versions/3.11.9/envs/airflow-venv/lib/python3.11/site-packages/airflow/example_dags/tutorial_dag.py
[2025-07-30T00:24:51.727+0000] {logging_mixin.py:188} INFO - [2025-07-30T00:24:51.726+0000] {dag.py:3036} INFO - Sync 1 DAGs
[2025-07-30T00:24:51.737+0000] {logging_mixin.py:188} INFO - [2025-07-30T00:24:51.737+0000] {dag.py:3823} INFO - Setting next_dagrun for tutorial_dag to None, run_after=None
[2025-07-30T00:24:51.780+0000] {processor.py:183} INFO - Processing /home/azureuser/.pyenv/versions/3.11.9/envs/airflow-venv/lib/python3.11/site-packages/airflow/example_dags/tutorial_dag.py took 0.256 seconds
[2025-07-30T00:25:37.368+0000] {processor.py:161} INFO - Started process (PID=34614) to work on /home/azureuser/.pyenv/versions/3.11.9/envs/airflow-venv/lib/python3.11/site-packages/airflow/example_dags/tutorial_dag.py
[2025-07-30T00:25:37.370+0000] {processor.py:830} INFO - Processing file /home/azureuser/.pyenv/versions/3.11.9/envs/airflow-venv/lib/python3.11/site-packages/airflow/example_dags/tutorial_dag.py for tasks to queue
[2025-07-30T00:25:37.371+0000] {logging_mixin.py:188} INFO - [2025-07-30T00:25:37.370+0000] {dagbag.py:538} INFO - Filling up the DagBag from /home/azureuser/.pyenv/versions/3.11.9/envs/airflow-venv/lib/python3.11/site-packages/airflow/example_dags/tutorial_dag.py
[2025-07-30T00:25:37.378+0000] {processor.py:840} INFO - DAG(s) 'tutorial_dag' retrieved from /home/azureuser/.pyenv/versions/3.11.9/envs/airflow-venv/lib/python3.11/site-packages/airflow/example_dags/tutorial_dag.py
[2025-07-30T00:25:37.401+0000] {logging_mixin.py:188} INFO - [2025-07-30T00:25:37.401+0000] {dag.py:3036} INFO - Sync 1 DAGs
[2025-07-30T00:25:37.416+0000] {logging_mixin.py:188} INFO - [2025-07-30T00:25:37.416+0000] {dag.py:3823} INFO - Setting next_dagrun for tutorial_dag to None, run_after=None
[2025-07-30T00:25:37.460+0000] {processor.py:183} INFO - Processing /home/azureuser/.pyenv/versions/3.11.9/envs/airflow-venv/lib/python3.11/site-packages/airflow/example_dags/tutorial_dag.py took 0.097 seconds
[2025-07-30T00:26:24.510+0000] {processor.py:161} INFO - Started process (PID=34685) to work on /home/azureuser/.pyenv/versions/3.11.9/envs/airflow-venv/lib/python3.11/site-packages/airflow/example_dags/tutorial_dag.py
[2025-07-30T00:26:24.514+0000] {processor.py:830} INFO - Processing file /home/azureuser/.pyenv/versions/3.11.9/envs/airflow-venv/lib/python3.11/site-packages/airflow/example_dags/tutorial_dag.py for tasks to queue
[2025-07-30T00:26:24.522+0000] {logging_mixin.py:188} INFO - [2025-07-30T00:26:24.516+0000] {dagbag.py:538} INFO - Filling up the DagBag from /home/azureuser/.pyenv/versions/3.11.9/envs/airflow-venv/lib/python3.11/site-packages/airflow/example_dags/tutorial_dag.py
[2025-07-30T00:26:24.537+0000] {processor.py:840} INFO - DAG(s) 'tutorial_dag' retrieved from /home/azureuser/.pyenv/versions/3.11.9/envs/airflow-venv/lib/python3.11/site-packages/airflow/example_dags/tutorial_dag.py
[2025-07-30T00:26:24.557+0000] {logging_mixin.py:188} INFO - [2025-07-30T00:26:24.557+0000] {dag.py:3036} INFO - Sync 1 DAGs
[2025-07-30T00:26:24.583+0000] {logging_mixin.py:188} INFO - [2025-07-30T00:26:24.583+0000] {dag.py:3823} INFO - Setting next_dagrun for tutorial_dag to None, run_after=None
[2025-07-30T00:26:24.636+0000] {processor.py:183} INFO - Processing /home/azureuser/.pyenv/versions/3.11.9/envs/airflow-venv/lib/python3.11/site-packages/airflow/example_dags/tutorial_dag.py took 0.132 seconds
[2025-07-30T20:45:38.028+0000] {processor.py:161} INFO - Started process (PID=1272) to work on /home/azureuser/.pyenv/versions/3.11.9/envs/airflow-venv/lib/python3.11/site-packages/airflow/example_dags/tutorial_dag.py
[2025-07-30T20:45:38.032+0000] {processor.py:830} INFO - Processing file /home/azureuser/.pyenv/versions/3.11.9/envs/airflow-venv/lib/python3.11/site-packages/airflow/example_dags/tutorial_dag.py for tasks to queue
[2025-07-30T20:45:38.033+0000] {logging_mixin.py:188} INFO - [2025-07-30T20:45:38.033+0000] {dagbag.py:538} INFO - Filling up the DagBag from /home/azureuser/.pyenv/versions/3.11.9/envs/airflow-venv/lib/python3.11/site-packages/airflow/example_dags/tutorial_dag.py
[2025-07-30T20:45:38.043+0000] {processor.py:840} INFO - DAG(s) 'tutorial_dag' retrieved from /home/azureuser/.pyenv/versions/3.11.9/envs/airflow-venv/lib/python3.11/site-packages/airflow/example_dags/tutorial_dag.py
[2025-07-30T20:45:38.152+0000] {logging_mixin.py:188} INFO - [2025-07-30T20:45:38.151+0000] {dag.py:3036} INFO - Sync 1 DAGs
[2025-07-30T20:45:38.161+0000] {logging_mixin.py:188} INFO - [2025-07-30T20:45:38.160+0000] {dag.py:3823} INFO - Setting next_dagrun for tutorial_dag to None, run_after=None
[2025-07-30T20:45:38.191+0000] {processor.py:183} INFO - Processing /home/azureuser/.pyenv/versions/3.11.9/envs/airflow-venv/lib/python3.11/site-packages/airflow/example_dags/tutorial_dag.py took 0.167 seconds
[2025-07-30T20:46:28.775+0000] {processor.py:161} INFO - Started process (PID=1390) to work on /home/azureuser/.pyenv/versions/3.11.9/envs/airflow-venv/lib/python3.11/site-packages/airflow/example_dags/tutorial_dag.py
[2025-07-30T20:46:28.776+0000] {processor.py:830} INFO - Processing file /home/azureuser/.pyenv/versions/3.11.9/envs/airflow-venv/lib/python3.11/site-packages/airflow/example_dags/tutorial_dag.py for tasks to queue
[2025-07-30T20:46:28.778+0000] {logging_mixin.py:188} INFO - [2025-07-30T20:46:28.777+0000] {dagbag.py:538} INFO - Filling up the DagBag from /home/azureuser/.pyenv/versions/3.11.9/envs/airflow-venv/lib/python3.11/site-packages/airflow/example_dags/tutorial_dag.py
[2025-07-30T20:46:28.785+0000] {processor.py:840} INFO - DAG(s) 'tutorial_dag' retrieved from /home/azureuser/.pyenv/versions/3.11.9/envs/airflow-venv/lib/python3.11/site-packages/airflow/example_dags/tutorial_dag.py
[2025-07-30T20:46:28.802+0000] {logging_mixin.py:188} INFO - [2025-07-30T20:46:28.802+0000] {dag.py:3036} INFO - Sync 1 DAGs
[2025-07-30T20:46:28.814+0000] {logging_mixin.py:188} INFO - [2025-07-30T20:46:28.814+0000] {dag.py:3823} INFO - Setting next_dagrun for tutorial_dag to None, run_after=None
[2025-07-30T20:46:28.843+0000] {processor.py:183} INFO - Processing /home/azureuser/.pyenv/versions/3.11.9/envs/airflow-venv/lib/python3.11/site-packages/airflow/example_dags/tutorial_dag.py took 0.072 seconds
[2025-07-30T20:47:07.482+0000] {processor.py:161} INFO - Started process (PID=1430) to work on /home/azureuser/.pyenv/versions/3.11.9/envs/airflow-venv/lib/python3.11/site-packages/airflow/example_dags/tutorial_dag.py
[2025-07-30T20:47:07.483+0000] {processor.py:830} INFO - Processing file /home/azureuser/.pyenv/versions/3.11.9/envs/airflow-venv/lib/python3.11/site-packages/airflow/example_dags/tutorial_dag.py for tasks to queue
[2025-07-30T20:47:07.484+0000] {logging_mixin.py:188} INFO - [2025-07-30T20:47:07.484+0000] {dagbag.py:538} INFO - Filling up the DagBag from /home/azureuser/.pyenv/versions/3.11.9/envs/airflow-venv/lib/python3.11/site-packages/airflow/example_dags/tutorial_dag.py
[2025-07-30T20:47:07.491+0000] {processor.py:840} INFO - DAG(s) 'tutorial_dag' retrieved from /home/azureuser/.pyenv/versions/3.11.9/envs/airflow-venv/lib/python3.11/site-packages/airflow/example_dags/tutorial_dag.py
[2025-07-30T20:47:07.515+0000] {logging_mixin.py:188} INFO - [2025-07-30T20:47:07.514+0000] {dag.py:3036} INFO - Sync 1 DAGs
[2025-07-30T20:47:07.527+0000] {logging_mixin.py:188} INFO - [2025-07-30T20:47:07.526+0000] {dag.py:3823} INFO - Setting next_dagrun for tutorial_dag to None, run_after=None
[2025-07-30T20:47:07.558+0000] {processor.py:183} INFO - Processing /home/azureuser/.pyenv/versions/3.11.9/envs/airflow-venv/lib/python3.11/site-packages/airflow/example_dags/tutorial_dag.py took 0.080 seconds
[2025-07-30T21:03:26.082+0000] {processor.py:161} INFO - Started process (PID=1653) to work on /home/azureuser/.pyenv/versions/3.11.9/envs/airflow-venv/lib/python3.11/site-packages/airflow/example_dags/tutorial_dag.py
[2025-07-30T21:03:26.083+0000] {processor.py:830} INFO - Processing file /home/azureuser/.pyenv/versions/3.11.9/envs/airflow-venv/lib/python3.11/site-packages/airflow/example_dags/tutorial_dag.py for tasks to queue
[2025-07-30T21:03:26.084+0000] {logging_mixin.py:188} INFO - [2025-07-30T21:03:26.084+0000] {dagbag.py:538} INFO - Filling up the DagBag from /home/azureuser/.pyenv/versions/3.11.9/envs/airflow-venv/lib/python3.11/site-packages/airflow/example_dags/tutorial_dag.py
[2025-07-30T21:03:26.091+0000] {processor.py:840} INFO - DAG(s) 'tutorial_dag' retrieved from /home/azureuser/.pyenv/versions/3.11.9/envs/airflow-venv/lib/python3.11/site-packages/airflow/example_dags/tutorial_dag.py
[2025-07-30T21:03:26.109+0000] {logging_mixin.py:188} INFO - [2025-07-30T21:03:26.109+0000] {dag.py:3036} INFO - Sync 1 DAGs
[2025-07-30T21:03:26.121+0000] {logging_mixin.py:188} INFO - [2025-07-30T21:03:26.121+0000] {dag.py:3823} INFO - Setting next_dagrun for tutorial_dag to None, run_after=None
[2025-07-30T21:03:26.148+0000] {processor.py:183} INFO - Processing /home/azureuser/.pyenv/versions/3.11.9/envs/airflow-venv/lib/python3.11/site-packages/airflow/example_dags/tutorial_dag.py took 0.070 seconds
[2025-07-30T21:04:20.990+0000] {processor.py:161} INFO - Started process (PID=1708) to work on /home/azureuser/.pyenv/versions/3.11.9/envs/airflow-venv/lib/python3.11/site-packages/airflow/example_dags/tutorial_dag.py
[2025-07-30T21:04:20.991+0000] {processor.py:830} INFO - Processing file /home/azureuser/.pyenv/versions/3.11.9/envs/airflow-venv/lib/python3.11/site-packages/airflow/example_dags/tutorial_dag.py for tasks to queue
[2025-07-30T21:04:20.992+0000] {logging_mixin.py:188} INFO - [2025-07-30T21:04:20.992+0000] {dagbag.py:538} INFO - Filling up the DagBag from /home/azureuser/.pyenv/versions/3.11.9/envs/airflow-venv/lib/python3.11/site-packages/airflow/example_dags/tutorial_dag.py
[2025-07-30T21:04:20.999+0000] {processor.py:840} INFO - DAG(s) 'tutorial_dag' retrieved from /home/azureuser/.pyenv/versions/3.11.9/envs/airflow-venv/lib/python3.11/site-packages/airflow/example_dags/tutorial_dag.py
[2025-07-30T21:04:21.018+0000] {logging_mixin.py:188} INFO - [2025-07-30T21:04:21.017+0000] {dag.py:3036} INFO - Sync 1 DAGs
[2025-07-30T21:04:21.165+0000] {logging_mixin.py:188} INFO - [2025-07-30T21:04:21.165+0000] {dag.py:3823} INFO - Setting next_dagrun for tutorial_dag to None, run_after=None
[2025-07-30T21:04:21.195+0000] {processor.py:183} INFO - Processing /home/azureuser/.pyenv/versions/3.11.9/envs/airflow-venv/lib/python3.11/site-packages/airflow/example_dags/tutorial_dag.py took 0.209 seconds
[2025-07-30T21:05:10.520+0000] {processor.py:161} INFO - Started process (PID=1757) to work on /home/azureuser/.pyenv/versions/3.11.9/envs/airflow-venv/lib/python3.11/site-packages/airflow/example_dags/tutorial_dag.py
[2025-07-30T21:05:10.521+0000] {processor.py:830} INFO - Processing file /home/azureuser/.pyenv/versions/3.11.9/envs/airflow-venv/lib/python3.11/site-packages/airflow/example_dags/tutorial_dag.py for tasks to queue
[2025-07-30T21:05:10.522+0000] {logging_mixin.py:188} INFO - [2025-07-30T21:05:10.521+0000] {dagbag.py:538} INFO - Filling up the DagBag from /home/azureuser/.pyenv/versions/3.11.9/envs/airflow-venv/lib/python3.11/site-packages/airflow/example_dags/tutorial_dag.py
[2025-07-30T21:05:10.529+0000] {processor.py:840} INFO - DAG(s) 'tutorial_dag' retrieved from /home/azureuser/.pyenv/versions/3.11.9/envs/airflow-venv/lib/python3.11/site-packages/airflow/example_dags/tutorial_dag.py
[2025-07-30T21:05:10.548+0000] {logging_mixin.py:188} INFO - [2025-07-30T21:05:10.548+0000] {dag.py:3036} INFO - Sync 1 DAGs
[2025-07-30T21:05:10.560+0000] {logging_mixin.py:188} INFO - [2025-07-30T21:05:10.560+0000] {dag.py:3823} INFO - Setting next_dagrun for tutorial_dag to None, run_after=None
[2025-07-30T21:05:10.588+0000] {processor.py:183} INFO - Processing /home/azureuser/.pyenv/versions/3.11.9/envs/airflow-venv/lib/python3.11/site-packages/airflow/example_dags/tutorial_dag.py took 0.072 seconds
[2025-07-30T21:05:48.267+0000] {processor.py:161} INFO - Started process (PID=1794) to work on /home/azureuser/.pyenv/versions/3.11.9/envs/airflow-venv/lib/python3.11/site-packages/airflow/example_dags/tutorial_dag.py
[2025-07-30T21:05:48.268+0000] {processor.py:830} INFO - Processing file /home/azureuser/.pyenv/versions/3.11.9/envs/airflow-venv/lib/python3.11/site-packages/airflow/example_dags/tutorial_dag.py for tasks to queue
[2025-07-30T21:05:48.269+0000] {logging_mixin.py:188} INFO - [2025-07-30T21:05:48.269+0000] {dagbag.py:538} INFO - Filling up the DagBag from /home/azureuser/.pyenv/versions/3.11.9/envs/airflow-venv/lib/python3.11/site-packages/airflow/example_dags/tutorial_dag.py
[2025-07-30T21:05:48.276+0000] {processor.py:840} INFO - DAG(s) 'tutorial_dag' retrieved from /home/azureuser/.pyenv/versions/3.11.9/envs/airflow-venv/lib/python3.11/site-packages/airflow/example_dags/tutorial_dag.py
[2025-07-30T21:05:48.295+0000] {logging_mixin.py:188} INFO - [2025-07-30T21:05:48.295+0000] {dag.py:3036} INFO - Sync 1 DAGs
[2025-07-30T21:05:48.308+0000] {logging_mixin.py:188} INFO - [2025-07-30T21:05:48.308+0000] {dag.py:3823} INFO - Setting next_dagrun for tutorial_dag to None, run_after=None
[2025-07-30T21:05:48.345+0000] {processor.py:183} INFO - Processing /home/azureuser/.pyenv/versions/3.11.9/envs/airflow-venv/lib/python3.11/site-packages/airflow/example_dags/tutorial_dag.py took 0.082 seconds
[2025-07-30T21:06:26.964+0000] {processor.py:161} INFO - Started process (PID=1833) to work on /home/azureuser/.pyenv/versions/3.11.9/envs/airflow-venv/lib/python3.11/site-packages/airflow/example_dags/tutorial_dag.py
[2025-07-30T21:06:26.965+0000] {processor.py:830} INFO - Processing file /home/azureuser/.pyenv/versions/3.11.9/envs/airflow-venv/lib/python3.11/site-packages/airflow/example_dags/tutorial_dag.py for tasks to queue
[2025-07-30T21:06:26.966+0000] {logging_mixin.py:188} INFO - [2025-07-30T21:06:26.966+0000] {dagbag.py:538} INFO - Filling up the DagBag from /home/azureuser/.pyenv/versions/3.11.9/envs/airflow-venv/lib/python3.11/site-packages/airflow/example_dags/tutorial_dag.py
[2025-07-30T21:06:26.974+0000] {processor.py:840} INFO - DAG(s) 'tutorial_dag' retrieved from /home/azureuser/.pyenv/versions/3.11.9/envs/airflow-venv/lib/python3.11/site-packages/airflow/example_dags/tutorial_dag.py
[2025-07-30T21:06:26.993+0000] {logging_mixin.py:188} INFO - [2025-07-30T21:06:26.993+0000] {dag.py:3036} INFO - Sync 1 DAGs
[2025-07-30T21:06:27.005+0000] {logging_mixin.py:188} INFO - [2025-07-30T21:06:27.005+0000] {dag.py:3823} INFO - Setting next_dagrun for tutorial_dag to None, run_after=None
[2025-07-30T21:06:27.035+0000] {processor.py:183} INFO - Processing /home/azureuser/.pyenv/versions/3.11.9/envs/airflow-venv/lib/python3.11/site-packages/airflow/example_dags/tutorial_dag.py took 0.075 seconds
[2025-07-30T21:07:03.387+0000] {processor.py:161} INFO - Started process (PID=1872) to work on /home/azureuser/.pyenv/versions/3.11.9/envs/airflow-venv/lib/python3.11/site-packages/airflow/example_dags/tutorial_dag.py
[2025-07-30T21:07:03.388+0000] {processor.py:830} INFO - Processing file /home/azureuser/.pyenv/versions/3.11.9/envs/airflow-venv/lib/python3.11/site-packages/airflow/example_dags/tutorial_dag.py for tasks to queue
[2025-07-30T21:07:03.390+0000] {logging_mixin.py:188} INFO - [2025-07-30T21:07:03.389+0000] {dagbag.py:538} INFO - Filling up the DagBag from /home/azureuser/.pyenv/versions/3.11.9/envs/airflow-venv/lib/python3.11/site-packages/airflow/example_dags/tutorial_dag.py
[2025-07-30T21:07:03.398+0000] {processor.py:840} INFO - DAG(s) 'tutorial_dag' retrieved from /home/azureuser/.pyenv/versions/3.11.9/envs/airflow-venv/lib/python3.11/site-packages/airflow/example_dags/tutorial_dag.py
[2025-07-30T21:07:03.422+0000] {logging_mixin.py:188} INFO - [2025-07-30T21:07:03.422+0000] {dag.py:3036} INFO - Sync 1 DAGs
[2025-07-30T21:07:03.436+0000] {logging_mixin.py:188} INFO - [2025-07-30T21:07:03.435+0000] {dag.py:3823} INFO - Setting next_dagrun for tutorial_dag to None, run_after=None
[2025-07-30T21:07:03.480+0000] {processor.py:183} INFO - Processing /home/azureuser/.pyenv/versions/3.11.9/envs/airflow-venv/lib/python3.11/site-packages/airflow/example_dags/tutorial_dag.py took 0.097 seconds
