[2025-07-30T00:20:57.637+0000] {processor.py:161} INFO - Started process (PID=34139) to work on /home/azureuser/.pyenv/versions/3.11.9/envs/airflow-venv/lib/python3.11/site-packages/airflow/example_dags/tutorial.py
[2025-07-30T00:20:57.638+0000] {processor.py:830} INFO - Processing file /home/azureuser/.pyenv/versions/3.11.9/envs/airflow-venv/lib/python3.11/site-packages/airflow/example_dags/tutorial.py for tasks to queue
[2025-07-30T00:20:57.639+0000] {logging_mixin.py:188} INFO - [2025-07-30T00:20:57.639+0000] {dagbag.py:538} INFO - Filling up the DagBag from /home/azureuser/.pyenv/versions/3.11.9/envs/airflow-venv/lib/python3.11/site-packages/airflow/example_dags/tutorial.py
[2025-07-30T00:20:57.652+0000] {processor.py:840} INFO - DAG(s) 'tutorial' retrieved from /home/azureuser/.pyenv/versions/3.11.9/envs/airflow-venv/lib/python3.11/site-packages/airflow/example_dags/tutorial.py
[2025-07-30T00:20:57.812+0000] {logging_mixin.py:188} INFO - [2025-07-30T00:20:57.811+0000] {override.py:1769} INFO - Created Permission View: can delete on DAG:tutorial
[2025-07-30T00:20:57.839+0000] {logging_mixin.py:188} INFO - [2025-07-30T00:20:57.838+0000] {override.py:1769} INFO - Created Permission View: can read on DAG:tutorial
[2025-07-30T00:20:57.862+0000] {logging_mixin.py:188} INFO - [2025-07-30T00:20:57.861+0000] {override.py:1769} INFO - Created Permission View: can edit on DAG:tutorial
[2025-07-30T00:20:57.862+0000] {logging_mixin.py:188} INFO - [2025-07-30T00:20:57.862+0000] {dag.py:3036} INFO - Sync 1 DAGs
[2025-07-30T00:20:57.876+0000] {logging_mixin.py:188} INFO - [2025-07-30T00:20:57.876+0000] {dag.py:3058} INFO - Creating ORM DAG for tutorial
[2025-07-30T00:20:57.886+0000] {logging_mixin.py:188} INFO - [2025-07-30T00:20:57.886+0000] {dag.py:3823} INFO - Setting next_dagrun for tutorial to 2025-07-29 00:00:00+00:00, run_after=2025-07-30 00:00:00+00:00
[2025-07-30T00:20:57.928+0000] {processor.py:183} INFO - Processing /home/azureuser/.pyenv/versions/3.11.9/envs/airflow-venv/lib/python3.11/site-packages/airflow/example_dags/tutorial.py took 0.296 seconds
[2025-07-30T00:21:56.276+0000] {processor.py:161} INFO - Started process (PID=34289) to work on /home/azureuser/.pyenv/versions/3.11.9/envs/airflow-venv/lib/python3.11/site-packages/airflow/example_dags/tutorial.py
[2025-07-30T00:21:56.278+0000] {processor.py:830} INFO - Processing file /home/azureuser/.pyenv/versions/3.11.9/envs/airflow-venv/lib/python3.11/site-packages/airflow/example_dags/tutorial.py for tasks to queue
[2025-07-30T00:21:56.279+0000] {logging_mixin.py:188} INFO - [2025-07-30T00:21:56.278+0000] {dagbag.py:538} INFO - Filling up the DagBag from /home/azureuser/.pyenv/versions/3.11.9/envs/airflow-venv/lib/python3.11/site-packages/airflow/example_dags/tutorial.py
[2025-07-30T00:21:56.288+0000] {processor.py:840} INFO - DAG(s) 'tutorial' retrieved from /home/azureuser/.pyenv/versions/3.11.9/envs/airflow-venv/lib/python3.11/site-packages/airflow/example_dags/tutorial.py
[2025-07-30T00:21:56.307+0000] {logging_mixin.py:188} INFO - [2025-07-30T00:21:56.307+0000] {dag.py:3036} INFO - Sync 1 DAGs
[2025-07-30T00:21:56.330+0000] {logging_mixin.py:188} INFO - [2025-07-30T00:21:56.330+0000] {dag.py:3823} INFO - Setting next_dagrun for tutorial to 2025-07-29 00:00:00+00:00, run_after=2025-07-30 00:00:00+00:00
[2025-07-30T00:21:56.369+0000] {processor.py:183} INFO - Processing /home/azureuser/.pyenv/versions/3.11.9/envs/airflow-venv/lib/python3.11/site-packages/airflow/example_dags/tutorial.py took 0.097 seconds
[2025-07-30T00:22:43.166+0000] {processor.py:161} INFO - Started process (PID=34358) to work on /home/azureuser/.pyenv/versions/3.11.9/envs/airflow-venv/lib/python3.11/site-packages/airflow/example_dags/tutorial.py
[2025-07-30T00:22:43.168+0000] {processor.py:830} INFO - Processing file /home/azureuser/.pyenv/versions/3.11.9/envs/airflow-venv/lib/python3.11/site-packages/airflow/example_dags/tutorial.py for tasks to queue
[2025-07-30T00:22:43.169+0000] {logging_mixin.py:188} INFO - [2025-07-30T00:22:43.169+0000] {dagbag.py:538} INFO - Filling up the DagBag from /home/azureuser/.pyenv/versions/3.11.9/envs/airflow-venv/lib/python3.11/site-packages/airflow/example_dags/tutorial.py
[2025-07-30T00:22:43.179+0000] {processor.py:840} INFO - DAG(s) 'tutorial' retrieved from /home/azureuser/.pyenv/versions/3.11.9/envs/airflow-venv/lib/python3.11/site-packages/airflow/example_dags/tutorial.py
[2025-07-30T00:22:43.199+0000] {logging_mixin.py:188} INFO - [2025-07-30T00:22:43.198+0000] {dag.py:3036} INFO - Sync 1 DAGs
[2025-07-30T00:22:43.222+0000] {logging_mixin.py:188} INFO - [2025-07-30T00:22:43.222+0000] {dag.py:3823} INFO - Setting next_dagrun for tutorial to 2025-07-29 00:00:00+00:00, run_after=2025-07-30 00:00:00+00:00
[2025-07-30T00:22:43.261+0000] {processor.py:183} INFO - Processing /home/azureuser/.pyenv/versions/3.11.9/envs/airflow-venv/lib/python3.11/site-packages/airflow/example_dags/tutorial.py took 0.099 seconds
[2025-07-30T00:23:24.978+0000] {processor.py:161} INFO - Started process (PID=34419) to work on /home/azureuser/.pyenv/versions/3.11.9/envs/airflow-venv/lib/python3.11/site-packages/airflow/example_dags/tutorial.py
[2025-07-30T00:23:24.980+0000] {processor.py:830} INFO - Processing file /home/azureuser/.pyenv/versions/3.11.9/envs/airflow-venv/lib/python3.11/site-packages/airflow/example_dags/tutorial.py for tasks to queue
[2025-07-30T00:23:24.981+0000] {logging_mixin.py:188} INFO - [2025-07-30T00:23:24.980+0000] {dagbag.py:538} INFO - Filling up the DagBag from /home/azureuser/.pyenv/versions/3.11.9/envs/airflow-venv/lib/python3.11/site-packages/airflow/example_dags/tutorial.py
[2025-07-30T00:23:24.991+0000] {processor.py:840} INFO - DAG(s) 'tutorial' retrieved from /home/azureuser/.pyenv/versions/3.11.9/envs/airflow-venv/lib/python3.11/site-packages/airflow/example_dags/tutorial.py
[2025-07-30T00:23:25.010+0000] {logging_mixin.py:188} INFO - [2025-07-30T00:23:25.010+0000] {dag.py:3036} INFO - Sync 1 DAGs
[2025-07-30T00:23:25.035+0000] {logging_mixin.py:188} INFO - [2025-07-30T00:23:25.034+0000] {dag.py:3823} INFO - Setting next_dagrun for tutorial to 2025-07-29 00:00:00+00:00, run_after=2025-07-30 00:00:00+00:00
[2025-07-30T00:23:25.081+0000] {processor.py:183} INFO - Processing /home/azureuser/.pyenv/versions/3.11.9/envs/airflow-venv/lib/python3.11/site-packages/airflow/example_dags/tutorial.py took 0.108 seconds
[2025-07-30T00:24:16.575+0000] {processor.py:161} INFO - Started process (PID=34494) to work on /home/azureuser/.pyenv/versions/3.11.9/envs/airflow-venv/lib/python3.11/site-packages/airflow/example_dags/tutorial.py
[2025-07-30T00:24:16.577+0000] {processor.py:830} INFO - Processing file /home/azureuser/.pyenv/versions/3.11.9/envs/airflow-venv/lib/python3.11/site-packages/airflow/example_dags/tutorial.py for tasks to queue
[2025-07-30T00:24:16.578+0000] {logging_mixin.py:188} INFO - [2025-07-30T00:24:16.578+0000] {dagbag.py:538} INFO - Filling up the DagBag from /home/azureuser/.pyenv/versions/3.11.9/envs/airflow-venv/lib/python3.11/site-packages/airflow/example_dags/tutorial.py
[2025-07-30T00:24:16.587+0000] {processor.py:840} INFO - DAG(s) 'tutorial' retrieved from /home/azureuser/.pyenv/versions/3.11.9/envs/airflow-venv/lib/python3.11/site-packages/airflow/example_dags/tutorial.py
[2025-07-30T00:24:16.606+0000] {logging_mixin.py:188} INFO - [2025-07-30T00:24:16.606+0000] {dag.py:3036} INFO - Sync 1 DAGs
[2025-07-30T00:24:16.788+0000] {logging_mixin.py:188} INFO - [2025-07-30T00:24:16.788+0000] {dag.py:3823} INFO - Setting next_dagrun for tutorial to 2025-07-29 00:00:00+00:00, run_after=2025-07-30 00:00:00+00:00
[2025-07-30T00:24:16.823+0000] {processor.py:183} INFO - Processing /home/azureuser/.pyenv/versions/3.11.9/envs/airflow-venv/lib/python3.11/site-packages/airflow/example_dags/tutorial.py took 0.253 seconds
[2025-07-30T00:25:08.120+0000] {processor.py:161} INFO - Started process (PID=34571) to work on /home/azureuser/.pyenv/versions/3.11.9/envs/airflow-venv/lib/python3.11/site-packages/airflow/example_dags/tutorial.py
[2025-07-30T00:25:08.121+0000] {processor.py:830} INFO - Processing file /home/azureuser/.pyenv/versions/3.11.9/envs/airflow-venv/lib/python3.11/site-packages/airflow/example_dags/tutorial.py for tasks to queue
[2025-07-30T00:25:08.122+0000] {logging_mixin.py:188} INFO - [2025-07-30T00:25:08.122+0000] {dagbag.py:538} INFO - Filling up the DagBag from /home/azureuser/.pyenv/versions/3.11.9/envs/airflow-venv/lib/python3.11/site-packages/airflow/example_dags/tutorial.py
[2025-07-30T00:25:08.132+0000] {processor.py:840} INFO - DAG(s) 'tutorial' retrieved from /home/azureuser/.pyenv/versions/3.11.9/envs/airflow-venv/lib/python3.11/site-packages/airflow/example_dags/tutorial.py
[2025-07-30T00:25:08.152+0000] {logging_mixin.py:188} INFO - [2025-07-30T00:25:08.152+0000] {dag.py:3036} INFO - Sync 1 DAGs
[2025-07-30T00:25:08.177+0000] {logging_mixin.py:188} INFO - [2025-07-30T00:25:08.177+0000] {dag.py:3823} INFO - Setting next_dagrun for tutorial to 2025-07-29 00:00:00+00:00, run_after=2025-07-30 00:00:00+00:00
[2025-07-30T00:25:08.218+0000] {processor.py:183} INFO - Processing /home/azureuser/.pyenv/versions/3.11.9/envs/airflow-venv/lib/python3.11/site-packages/airflow/example_dags/tutorial.py took 0.103 seconds
[2025-07-30T00:25:49.220+0000] {processor.py:161} INFO - Started process (PID=34631) to work on /home/azureuser/.pyenv/versions/3.11.9/envs/airflow-venv/lib/python3.11/site-packages/airflow/example_dags/tutorial.py
[2025-07-30T00:25:49.222+0000] {processor.py:830} INFO - Processing file /home/azureuser/.pyenv/versions/3.11.9/envs/airflow-venv/lib/python3.11/site-packages/airflow/example_dags/tutorial.py for tasks to queue
[2025-07-30T00:25:49.223+0000] {logging_mixin.py:188} INFO - [2025-07-30T00:25:49.222+0000] {dagbag.py:538} INFO - Filling up the DagBag from /home/azureuser/.pyenv/versions/3.11.9/envs/airflow-venv/lib/python3.11/site-packages/airflow/example_dags/tutorial.py
[2025-07-30T00:25:49.232+0000] {processor.py:840} INFO - DAG(s) 'tutorial' retrieved from /home/azureuser/.pyenv/versions/3.11.9/envs/airflow-venv/lib/python3.11/site-packages/airflow/example_dags/tutorial.py
[2025-07-30T00:25:49.252+0000] {logging_mixin.py:188} INFO - [2025-07-30T00:25:49.251+0000] {dag.py:3036} INFO - Sync 1 DAGs
[2025-07-30T00:25:49.275+0000] {logging_mixin.py:188} INFO - [2025-07-30T00:25:49.275+0000] {dag.py:3823} INFO - Setting next_dagrun for tutorial to 2025-07-29 00:00:00+00:00, run_after=2025-07-30 00:00:00+00:00
[2025-07-30T00:25:49.316+0000] {processor.py:183} INFO - Processing /home/azureuser/.pyenv/versions/3.11.9/envs/airflow-venv/lib/python3.11/site-packages/airflow/example_dags/tutorial.py took 0.100 seconds
[2025-07-30T20:45:38.466+0000] {processor.py:161} INFO - Started process (PID=1273) to work on /home/azureuser/.pyenv/versions/3.11.9/envs/airflow-venv/lib/python3.11/site-packages/airflow/example_dags/tutorial.py
[2025-07-30T20:45:38.470+0000] {processor.py:830} INFO - Processing file /home/azureuser/.pyenv/versions/3.11.9/envs/airflow-venv/lib/python3.11/site-packages/airflow/example_dags/tutorial.py for tasks to queue
[2025-07-30T20:45:38.471+0000] {logging_mixin.py:188} INFO - [2025-07-30T20:45:38.470+0000] {dagbag.py:538} INFO - Filling up the DagBag from /home/azureuser/.pyenv/versions/3.11.9/envs/airflow-venv/lib/python3.11/site-packages/airflow/example_dags/tutorial.py
[2025-07-30T20:45:38.481+0000] {processor.py:840} INFO - DAG(s) 'tutorial' retrieved from /home/azureuser/.pyenv/versions/3.11.9/envs/airflow-venv/lib/python3.11/site-packages/airflow/example_dags/tutorial.py
[2025-07-30T20:45:38.589+0000] {logging_mixin.py:188} INFO - [2025-07-30T20:45:38.589+0000] {dag.py:3036} INFO - Sync 1 DAGs
[2025-07-30T20:45:38.610+0000] {logging_mixin.py:188} INFO - [2025-07-30T20:45:38.609+0000] {dag.py:3823} INFO - Setting next_dagrun for tutorial to 2025-07-29 00:00:00+00:00, run_after=2025-07-30 00:00:00+00:00
[2025-07-30T20:45:38.648+0000] {processor.py:183} INFO - Processing /home/azureuser/.pyenv/versions/3.11.9/envs/airflow-venv/lib/python3.11/site-packages/airflow/example_dags/tutorial.py took 0.185 seconds
[2025-07-30T20:46:29.359+0000] {processor.py:161} INFO - Started process (PID=1391) to work on /home/azureuser/.pyenv/versions/3.11.9/envs/airflow-venv/lib/python3.11/site-packages/airflow/example_dags/tutorial.py
[2025-07-30T20:46:29.360+0000] {processor.py:830} INFO - Processing file /home/azureuser/.pyenv/versions/3.11.9/envs/airflow-venv/lib/python3.11/site-packages/airflow/example_dags/tutorial.py for tasks to queue
[2025-07-30T20:46:29.361+0000] {logging_mixin.py:188} INFO - [2025-07-30T20:46:29.360+0000] {dagbag.py:538} INFO - Filling up the DagBag from /home/azureuser/.pyenv/versions/3.11.9/envs/airflow-venv/lib/python3.11/site-packages/airflow/example_dags/tutorial.py
[2025-07-30T20:46:29.372+0000] {processor.py:840} INFO - DAG(s) 'tutorial' retrieved from /home/azureuser/.pyenv/versions/3.11.9/envs/airflow-venv/lib/python3.11/site-packages/airflow/example_dags/tutorial.py
[2025-07-30T20:46:29.392+0000] {logging_mixin.py:188} INFO - [2025-07-30T20:46:29.392+0000] {dag.py:3036} INFO - Sync 1 DAGs
[2025-07-30T20:46:29.414+0000] {logging_mixin.py:188} INFO - [2025-07-30T20:46:29.414+0000] {dag.py:3823} INFO - Setting next_dagrun for tutorial to 2025-07-29 00:00:00+00:00, run_after=2025-07-30 00:00:00+00:00
[2025-07-30T20:46:29.444+0000] {processor.py:183} INFO - Processing /home/azureuser/.pyenv/versions/3.11.9/envs/airflow-venv/lib/python3.11/site-packages/airflow/example_dags/tutorial.py took 0.089 seconds
[2025-07-30T20:47:16.668+0000] {processor.py:161} INFO - Started process (PID=1439) to work on /home/azureuser/.pyenv/versions/3.11.9/envs/airflow-venv/lib/python3.11/site-packages/airflow/example_dags/tutorial.py
[2025-07-30T20:47:16.669+0000] {processor.py:830} INFO - Processing file /home/azureuser/.pyenv/versions/3.11.9/envs/airflow-venv/lib/python3.11/site-packages/airflow/example_dags/tutorial.py for tasks to queue
[2025-07-30T20:47:16.670+0000] {logging_mixin.py:188} INFO - [2025-07-30T20:47:16.670+0000] {dagbag.py:538} INFO - Filling up the DagBag from /home/azureuser/.pyenv/versions/3.11.9/envs/airflow-venv/lib/python3.11/site-packages/airflow/example_dags/tutorial.py
[2025-07-30T20:47:16.678+0000] {processor.py:840} INFO - DAG(s) 'tutorial' retrieved from /home/azureuser/.pyenv/versions/3.11.9/envs/airflow-venv/lib/python3.11/site-packages/airflow/example_dags/tutorial.py
[2025-07-30T20:47:16.695+0000] {logging_mixin.py:188} INFO - [2025-07-30T20:47:16.695+0000] {dag.py:3036} INFO - Sync 1 DAGs
[2025-07-30T20:47:16.715+0000] {logging_mixin.py:188} INFO - [2025-07-30T20:47:16.715+0000] {dag.py:3823} INFO - Setting next_dagrun for tutorial to 2025-07-29 00:00:00+00:00, run_after=2025-07-30 00:00:00+00:00
[2025-07-30T20:47:16.742+0000] {processor.py:183} INFO - Processing /home/azureuser/.pyenv/versions/3.11.9/envs/airflow-venv/lib/python3.11/site-packages/airflow/example_dags/tutorial.py took 0.077 seconds
[2025-07-30T21:03:27.216+0000] {processor.py:161} INFO - Started process (PID=1654) to work on /home/azureuser/.pyenv/versions/3.11.9/envs/airflow-venv/lib/python3.11/site-packages/airflow/example_dags/tutorial.py
[2025-07-30T21:03:27.218+0000] {processor.py:830} INFO - Processing file /home/azureuser/.pyenv/versions/3.11.9/envs/airflow-venv/lib/python3.11/site-packages/airflow/example_dags/tutorial.py for tasks to queue
[2025-07-30T21:03:27.219+0000] {logging_mixin.py:188} INFO - [2025-07-30T21:03:27.218+0000] {dagbag.py:538} INFO - Filling up the DagBag from /home/azureuser/.pyenv/versions/3.11.9/envs/airflow-venv/lib/python3.11/site-packages/airflow/example_dags/tutorial.py
[2025-07-30T21:03:27.227+0000] {processor.py:840} INFO - DAG(s) 'tutorial' retrieved from /home/azureuser/.pyenv/versions/3.11.9/envs/airflow-venv/lib/python3.11/site-packages/airflow/example_dags/tutorial.py
[2025-07-30T21:03:27.244+0000] {logging_mixin.py:188} INFO - [2025-07-30T21:03:27.244+0000] {dag.py:3036} INFO - Sync 1 DAGs
[2025-07-30T21:03:27.264+0000] {logging_mixin.py:188} INFO - [2025-07-30T21:03:27.264+0000] {dag.py:3823} INFO - Setting next_dagrun for tutorial to 2025-07-29 00:00:00+00:00, run_after=2025-07-30 00:00:00+00:00
[2025-07-30T21:03:27.295+0000] {processor.py:183} INFO - Processing /home/azureuser/.pyenv/versions/3.11.9/envs/airflow-venv/lib/python3.11/site-packages/airflow/example_dags/tutorial.py took 0.083 seconds
[2025-07-30T21:04:21.966+0000] {processor.py:161} INFO - Started process (PID=1709) to work on /home/azureuser/.pyenv/versions/3.11.9/envs/airflow-venv/lib/python3.11/site-packages/airflow/example_dags/tutorial.py
[2025-07-30T21:04:21.968+0000] {processor.py:830} INFO - Processing file /home/azureuser/.pyenv/versions/3.11.9/envs/airflow-venv/lib/python3.11/site-packages/airflow/example_dags/tutorial.py for tasks to queue
[2025-07-30T21:04:21.969+0000] {logging_mixin.py:188} INFO - [2025-07-30T21:04:21.968+0000] {dagbag.py:538} INFO - Filling up the DagBag from /home/azureuser/.pyenv/versions/3.11.9/envs/airflow-venv/lib/python3.11/site-packages/airflow/example_dags/tutorial.py
[2025-07-30T21:04:21.978+0000] {processor.py:840} INFO - DAG(s) 'tutorial' retrieved from /home/azureuser/.pyenv/versions/3.11.9/envs/airflow-venv/lib/python3.11/site-packages/airflow/example_dags/tutorial.py
[2025-07-30T21:04:21.995+0000] {logging_mixin.py:188} INFO - [2025-07-30T21:04:21.995+0000] {dag.py:3036} INFO - Sync 1 DAGs
[2025-07-30T21:04:22.148+0000] {logging_mixin.py:188} INFO - [2025-07-30T21:04:22.148+0000] {dag.py:3823} INFO - Setting next_dagrun for tutorial to 2025-07-29 00:00:00+00:00, run_after=2025-07-30 00:00:00+00:00
[2025-07-30T21:04:22.174+0000] {processor.py:183} INFO - Processing /home/azureuser/.pyenv/versions/3.11.9/envs/airflow-venv/lib/python3.11/site-packages/airflow/example_dags/tutorial.py took 0.211 seconds
[2025-07-30T21:05:11.655+0000] {processor.py:161} INFO - Started process (PID=1758) to work on /home/azureuser/.pyenv/versions/3.11.9/envs/airflow-venv/lib/python3.11/site-packages/airflow/example_dags/tutorial.py
[2025-07-30T21:05:11.657+0000] {processor.py:830} INFO - Processing file /home/azureuser/.pyenv/versions/3.11.9/envs/airflow-venv/lib/python3.11/site-packages/airflow/example_dags/tutorial.py for tasks to queue
[2025-07-30T21:05:11.658+0000] {logging_mixin.py:188} INFO - [2025-07-30T21:05:11.658+0000] {dagbag.py:538} INFO - Filling up the DagBag from /home/azureuser/.pyenv/versions/3.11.9/envs/airflow-venv/lib/python3.11/site-packages/airflow/example_dags/tutorial.py
[2025-07-30T21:05:11.667+0000] {processor.py:840} INFO - DAG(s) 'tutorial' retrieved from /home/azureuser/.pyenv/versions/3.11.9/envs/airflow-venv/lib/python3.11/site-packages/airflow/example_dags/tutorial.py
[2025-07-30T21:05:11.685+0000] {logging_mixin.py:188} INFO - [2025-07-30T21:05:11.684+0000] {dag.py:3036} INFO - Sync 1 DAGs
[2025-07-30T21:05:11.705+0000] {logging_mixin.py:188} INFO - [2025-07-30T21:05:11.705+0000] {dag.py:3823} INFO - Setting next_dagrun for tutorial to 2025-07-29 00:00:00+00:00, run_after=2025-07-30 00:00:00+00:00
[2025-07-30T21:05:11.735+0000] {processor.py:183} INFO - Processing /home/azureuser/.pyenv/versions/3.11.9/envs/airflow-venv/lib/python3.11/site-packages/airflow/example_dags/tutorial.py took 0.084 seconds
[2025-07-30T21:05:49.401+0000] {processor.py:161} INFO - Started process (PID=1795) to work on /home/azureuser/.pyenv/versions/3.11.9/envs/airflow-venv/lib/python3.11/site-packages/airflow/example_dags/tutorial.py
[2025-07-30T21:05:49.403+0000] {processor.py:830} INFO - Processing file /home/azureuser/.pyenv/versions/3.11.9/envs/airflow-venv/lib/python3.11/site-packages/airflow/example_dags/tutorial.py for tasks to queue
[2025-07-30T21:05:49.404+0000] {logging_mixin.py:188} INFO - [2025-07-30T21:05:49.403+0000] {dagbag.py:538} INFO - Filling up the DagBag from /home/azureuser/.pyenv/versions/3.11.9/envs/airflow-venv/lib/python3.11/site-packages/airflow/example_dags/tutorial.py
[2025-07-30T21:05:49.413+0000] {processor.py:840} INFO - DAG(s) 'tutorial' retrieved from /home/azureuser/.pyenv/versions/3.11.9/envs/airflow-venv/lib/python3.11/site-packages/airflow/example_dags/tutorial.py
[2025-07-30T21:05:49.431+0000] {logging_mixin.py:188} INFO - [2025-07-30T21:05:49.431+0000] {dag.py:3036} INFO - Sync 1 DAGs
[2025-07-30T21:05:49.453+0000] {logging_mixin.py:188} INFO - [2025-07-30T21:05:49.453+0000] {dag.py:3823} INFO - Setting next_dagrun for tutorial to 2025-07-29 00:00:00+00:00, run_after=2025-07-30 00:00:00+00:00
[2025-07-30T21:05:49.481+0000] {processor.py:183} INFO - Processing /home/azureuser/.pyenv/versions/3.11.9/envs/airflow-venv/lib/python3.11/site-packages/airflow/example_dags/tutorial.py took 0.084 seconds
[2025-07-30T21:06:27.454+0000] {processor.py:161} INFO - Started process (PID=1834) to work on /home/azureuser/.pyenv/versions/3.11.9/envs/airflow-venv/lib/python3.11/site-packages/airflow/example_dags/tutorial.py
[2025-07-30T21:06:27.455+0000] {processor.py:830} INFO - Processing file /home/azureuser/.pyenv/versions/3.11.9/envs/airflow-venv/lib/python3.11/site-packages/airflow/example_dags/tutorial.py for tasks to queue
[2025-07-30T21:06:27.456+0000] {logging_mixin.py:188} INFO - [2025-07-30T21:06:27.455+0000] {dagbag.py:538} INFO - Filling up the DagBag from /home/azureuser/.pyenv/versions/3.11.9/envs/airflow-venv/lib/python3.11/site-packages/airflow/example_dags/tutorial.py
[2025-07-30T21:06:27.466+0000] {processor.py:840} INFO - DAG(s) 'tutorial' retrieved from /home/azureuser/.pyenv/versions/3.11.9/envs/airflow-venv/lib/python3.11/site-packages/airflow/example_dags/tutorial.py
[2025-07-30T21:06:27.483+0000] {logging_mixin.py:188} INFO - [2025-07-30T21:06:27.483+0000] {dag.py:3036} INFO - Sync 1 DAGs
[2025-07-30T21:06:27.504+0000] {logging_mixin.py:188} INFO - [2025-07-30T21:06:27.504+0000] {dag.py:3823} INFO - Setting next_dagrun for tutorial to 2025-07-29 00:00:00+00:00, run_after=2025-07-30 00:00:00+00:00
[2025-07-30T21:06:27.534+0000] {processor.py:183} INFO - Processing /home/azureuser/.pyenv/versions/3.11.9/envs/airflow-venv/lib/python3.11/site-packages/airflow/example_dags/tutorial.py took 0.085 seconds
[2025-07-30T21:07:04.266+0000] {processor.py:161} INFO - Started process (PID=1873) to work on /home/azureuser/.pyenv/versions/3.11.9/envs/airflow-venv/lib/python3.11/site-packages/airflow/example_dags/tutorial.py
[2025-07-30T21:07:04.268+0000] {processor.py:830} INFO - Processing file /home/azureuser/.pyenv/versions/3.11.9/envs/airflow-venv/lib/python3.11/site-packages/airflow/example_dags/tutorial.py for tasks to queue
[2025-07-30T21:07:04.269+0000] {logging_mixin.py:188} INFO - [2025-07-30T21:07:04.268+0000] {dagbag.py:538} INFO - Filling up the DagBag from /home/azureuser/.pyenv/versions/3.11.9/envs/airflow-venv/lib/python3.11/site-packages/airflow/example_dags/tutorial.py
[2025-07-30T21:07:04.278+0000] {processor.py:840} INFO - DAG(s) 'tutorial' retrieved from /home/azureuser/.pyenv/versions/3.11.9/envs/airflow-venv/lib/python3.11/site-packages/airflow/example_dags/tutorial.py
[2025-07-30T21:07:04.296+0000] {logging_mixin.py:188} INFO - [2025-07-30T21:07:04.296+0000] {dag.py:3036} INFO - Sync 1 DAGs
[2025-07-30T21:07:04.320+0000] {logging_mixin.py:188} INFO - [2025-07-30T21:07:04.319+0000] {dag.py:3823} INFO - Setting next_dagrun for tutorial to 2025-07-29 00:00:00+00:00, run_after=2025-07-30 00:00:00+00:00
[2025-07-30T21:07:04.349+0000] {processor.py:183} INFO - Processing /home/azureuser/.pyenv/versions/3.11.9/envs/airflow-venv/lib/python3.11/site-packages/airflow/example_dags/tutorial.py took 0.086 seconds
