[2025-07-31T22:50:33.390+0000] {processor.py:161} INFO - Started process (PID=60093) to work on /home/azureuser/airflow/dags/etl_pipeline.py
[2025-07-31T22:50:33.392+0000] {processor.py:830} INFO - Processing file /home/azureuser/airflow/dags/etl_pipeline.py for tasks to queue
[2025-07-31T22:50:33.394+0000] {logging_mixin.py:188} INFO - [2025-07-31T22:50:33.393+0000] {dagbag.py:540} INFO - Filling up the DagBag from /home/azureuser/airflow/dags/etl_pipeline.py
[2025-07-31T22:50:33.419+0000] {processor.py:840} INFO - DAG(s) 'azure_etl_pipeline' retrieved from /home/azureuser/airflow/dags/etl_pipeline.py
[2025-07-31T22:50:33.434+0000] {logging_mixin.py:188} INFO - [2025-07-31T22:50:33.434+0000] {dag.py:3047} INFO - Sync 1 DAGs
[2025-07-31T22:50:33.454+0000] {logging_mixin.py:188} INFO - [2025-07-31T22:50:33.453+0000] {dag.py:3834} INFO - Setting next_dagrun for azure_etl_pipeline to None, run_after=None
[2025-07-31T22:50:33.495+0000] {processor.py:183} INFO - Processing /home/azureuser/airflow/dags/etl_pipeline.py took 0.108 seconds
[2025-07-31T23:18:09.979+0000] {processor.py:161} INFO - Started process (PID=60208) to work on /home/azureuser/airflow/dags/etl_pipeline.py
[2025-07-31T23:18:09.981+0000] {processor.py:830} INFO - Processing file /home/azureuser/airflow/dags/etl_pipeline.py for tasks to queue
[2025-07-31T23:18:09.982+0000] {logging_mixin.py:188} INFO - [2025-07-31T23:18:09.982+0000] {dagbag.py:540} INFO - Filling up the DagBag from /home/azureuser/airflow/dags/etl_pipeline.py
[2025-07-31T23:18:09.989+0000] {processor.py:840} INFO - DAG(s) 'azure_etl_pipeline' retrieved from /home/azureuser/airflow/dags/etl_pipeline.py
[2025-07-31T23:18:10.160+0000] {logging_mixin.py:188} INFO - [2025-07-31T23:18:10.159+0000] {dag.py:3047} INFO - Sync 1 DAGs
[2025-07-31T23:18:10.172+0000] {logging_mixin.py:188} INFO - [2025-07-31T23:18:10.172+0000] {dag.py:3834} INFO - Setting next_dagrun for azure_etl_pipeline to None, run_after=None
[2025-07-31T23:18:10.200+0000] {processor.py:183} INFO - Processing /home/azureuser/airflow/dags/etl_pipeline.py took 0.224 seconds
[2025-07-31T23:24:21.953+0000] {processor.py:161} INFO - Started process (PID=60295) to work on /home/azureuser/airflow/dags/etl_pipeline.py
[2025-07-31T23:24:21.955+0000] {processor.py:830} INFO - Processing file /home/azureuser/airflow/dags/etl_pipeline.py for tasks to queue
[2025-07-31T23:24:21.963+0000] {logging_mixin.py:188} INFO - [2025-07-31T23:24:21.957+0000] {dagbag.py:540} INFO - Filling up the DagBag from /home/azureuser/airflow/dags/etl_pipeline.py
[2025-07-31T23:24:21.982+0000] {processor.py:840} INFO - DAG(s) 'azure_etl_pipeline' retrieved from /home/azureuser/airflow/dags/etl_pipeline.py
[2025-07-31T23:24:22.084+0000] {logging_mixin.py:188} INFO - [2025-07-31T23:24:22.084+0000] {dag.py:3047} INFO - Sync 1 DAGs
[2025-07-31T23:24:22.126+0000] {logging_mixin.py:188} INFO - [2025-07-31T23:24:22.125+0000] {dag.py:3834} INFO - Setting next_dagrun for azure_etl_pipeline to None, run_after=None
[2025-07-31T23:24:22.184+0000] {processor.py:183} INFO - Processing /home/azureuser/airflow/dags/etl_pipeline.py took 0.234 seconds
[2025-07-31T23:28:48.308+0000] {processor.py:161} INFO - Started process (PID=60324) to work on /home/azureuser/airflow/dags/etl_pipeline.py
[2025-07-31T23:28:48.310+0000] {processor.py:830} INFO - Processing file /home/azureuser/airflow/dags/etl_pipeline.py for tasks to queue
[2025-07-31T23:28:48.311+0000] {logging_mixin.py:188} INFO - [2025-07-31T23:28:48.310+0000] {dagbag.py:540} INFO - Filling up the DagBag from /home/azureuser/airflow/dags/etl_pipeline.py
[2025-07-31T23:28:48.331+0000] {processor.py:840} INFO - DAG(s) 'azure_etl_pipeline' retrieved from /home/azureuser/airflow/dags/etl_pipeline.py
[2025-07-31T23:28:48.372+0000] {logging_mixin.py:188} INFO - [2025-07-31T23:28:48.371+0000] {dag.py:3047} INFO - Sync 1 DAGs
[2025-07-31T23:28:48.384+0000] {logging_mixin.py:188} INFO - [2025-07-31T23:28:48.384+0000] {dag.py:3834} INFO - Setting next_dagrun for azure_etl_pipeline to None, run_after=None
[2025-07-31T23:28:48.462+0000] {processor.py:183} INFO - Processing /home/azureuser/airflow/dags/etl_pipeline.py took 0.157 seconds
[2025-07-31T23:29:22.495+0000] {processor.py:161} INFO - Started process (PID=60329) to work on /home/azureuser/airflow/dags/etl_pipeline.py
[2025-07-31T23:29:22.497+0000] {processor.py:830} INFO - Processing file /home/azureuser/airflow/dags/etl_pipeline.py for tasks to queue
[2025-07-31T23:29:22.506+0000] {logging_mixin.py:188} INFO - [2025-07-31T23:29:22.499+0000] {dagbag.py:540} INFO - Filling up the DagBag from /home/azureuser/airflow/dags/etl_pipeline.py
[2025-07-31T23:29:22.628+0000] {processor.py:840} INFO - DAG(s) 'azure_etl_pipeline' retrieved from /home/azureuser/airflow/dags/etl_pipeline.py
[2025-07-31T23:29:22.980+0000] {logging_mixin.py:188} INFO - [2025-07-31T23:29:22.980+0000] {dag.py:3047} INFO - Sync 1 DAGs
[2025-07-31T23:29:23.086+0000] {logging_mixin.py:188} INFO - [2025-07-31T23:29:23.086+0000] {dag.py:3834} INFO - Setting next_dagrun for azure_etl_pipeline to None, run_after=None
[2025-07-31T23:29:23.164+0000] {processor.py:183} INFO - Processing /home/azureuser/airflow/dags/etl_pipeline.py took 0.673 seconds
[2025-07-31T23:29:49.270+0000] {processor.py:161} INFO - Started process (PID=60330) to work on /home/azureuser/airflow/dags/etl_pipeline.py
[2025-07-31T23:29:49.271+0000] {processor.py:830} INFO - Processing file /home/azureuser/airflow/dags/etl_pipeline.py for tasks to queue
[2025-07-31T23:29:49.272+0000] {logging_mixin.py:188} INFO - [2025-07-31T23:29:49.271+0000] {dagbag.py:540} INFO - Filling up the DagBag from /home/azureuser/airflow/dags/etl_pipeline.py
[2025-07-31T23:29:49.289+0000] {processor.py:840} INFO - DAG(s) 'azure_etl_pipeline' retrieved from /home/azureuser/airflow/dags/etl_pipeline.py
[2025-07-31T23:29:49.313+0000] {logging_mixin.py:188} INFO - [2025-07-31T23:29:49.313+0000] {dag.py:3047} INFO - Sync 1 DAGs
[2025-07-31T23:29:49.326+0000] {logging_mixin.py:188} INFO - [2025-07-31T23:29:49.326+0000] {dag.py:3834} INFO - Setting next_dagrun for azure_etl_pipeline to None, run_after=None
[2025-07-31T23:29:49.357+0000] {processor.py:183} INFO - Processing /home/azureuser/airflow/dags/etl_pipeline.py took 0.091 seconds
[2025-07-31T23:30:23.917+0000] {processor.py:161} INFO - Started process (PID=60336) to work on /home/azureuser/airflow/dags/etl_pipeline.py
[2025-07-31T23:30:23.919+0000] {processor.py:830} INFO - Processing file /home/azureuser/airflow/dags/etl_pipeline.py for tasks to queue
[2025-07-31T23:30:23.920+0000] {logging_mixin.py:188} INFO - [2025-07-31T23:30:23.919+0000] {dagbag.py:540} INFO - Filling up the DagBag from /home/azureuser/airflow/dags/etl_pipeline.py
[2025-07-31T23:30:23.927+0000] {processor.py:840} INFO - DAG(s) 'azure_etl_pipeline' retrieved from /home/azureuser/airflow/dags/etl_pipeline.py
[2025-07-31T23:30:23.956+0000] {logging_mixin.py:188} INFO - [2025-07-31T23:30:23.956+0000] {dag.py:3047} INFO - Sync 1 DAGs
[2025-07-31T23:30:23.968+0000] {logging_mixin.py:188} INFO - [2025-07-31T23:30:23.967+0000] {dag.py:3834} INFO - Setting next_dagrun for azure_etl_pipeline to None, run_after=None
[2025-07-31T23:30:24.000+0000] {processor.py:183} INFO - Processing /home/azureuser/airflow/dags/etl_pipeline.py took 0.087 seconds
[2025-07-31T23:30:49.918+0000] {processor.py:161} INFO - Started process (PID=60338) to work on /home/azureuser/airflow/dags/etl_pipeline.py
[2025-07-31T23:30:49.919+0000] {processor.py:830} INFO - Processing file /home/azureuser/airflow/dags/etl_pipeline.py for tasks to queue
[2025-07-31T23:30:49.920+0000] {logging_mixin.py:188} INFO - [2025-07-31T23:30:49.919+0000] {dagbag.py:540} INFO - Filling up the DagBag from /home/azureuser/airflow/dags/etl_pipeline.py
[2025-07-31T23:30:49.933+0000] {processor.py:840} INFO - DAG(s) 'azure_etl_pipeline' retrieved from /home/azureuser/airflow/dags/etl_pipeline.py
[2025-07-31T23:30:49.959+0000] {logging_mixin.py:188} INFO - [2025-07-31T23:30:49.958+0000] {dag.py:3047} INFO - Sync 1 DAGs
[2025-07-31T23:30:49.971+0000] {logging_mixin.py:188} INFO - [2025-07-31T23:30:49.970+0000] {dag.py:3834} INFO - Setting next_dagrun for azure_etl_pipeline to None, run_after=None
[2025-07-31T23:30:49.997+0000] {processor.py:183} INFO - Processing /home/azureuser/airflow/dags/etl_pipeline.py took 0.084 seconds
[2025-07-31T23:31:24.535+0000] {processor.py:161} INFO - Started process (PID=60339) to work on /home/azureuser/airflow/dags/etl_pipeline.py
[2025-07-31T23:31:24.537+0000] {processor.py:830} INFO - Processing file /home/azureuser/airflow/dags/etl_pipeline.py for tasks to queue
[2025-07-31T23:31:24.538+0000] {logging_mixin.py:188} INFO - [2025-07-31T23:31:24.537+0000] {dagbag.py:540} INFO - Filling up the DagBag from /home/azureuser/airflow/dags/etl_pipeline.py
[2025-07-31T23:31:24.544+0000] {processor.py:840} INFO - DAG(s) 'azure_etl_pipeline' retrieved from /home/azureuser/airflow/dags/etl_pipeline.py
[2025-07-31T23:31:24.571+0000] {logging_mixin.py:188} INFO - [2025-07-31T23:31:24.571+0000] {dag.py:3047} INFO - Sync 1 DAGs
[2025-07-31T23:31:24.583+0000] {logging_mixin.py:188} INFO - [2025-07-31T23:31:24.583+0000] {dag.py:3834} INFO - Setting next_dagrun for azure_etl_pipeline to None, run_after=None
[2025-07-31T23:31:24.610+0000] {processor.py:183} INFO - Processing /home/azureuser/airflow/dags/etl_pipeline.py took 0.078 seconds
[2025-07-31T23:31:50.543+0000] {processor.py:161} INFO - Started process (PID=60340) to work on /home/azureuser/airflow/dags/etl_pipeline.py
[2025-07-31T23:31:50.545+0000] {processor.py:830} INFO - Processing file /home/azureuser/airflow/dags/etl_pipeline.py for tasks to queue
[2025-07-31T23:31:50.546+0000] {logging_mixin.py:188} INFO - [2025-07-31T23:31:50.545+0000] {dagbag.py:540} INFO - Filling up the DagBag from /home/azureuser/airflow/dags/etl_pipeline.py
[2025-07-31T23:31:50.558+0000] {processor.py:840} INFO - DAG(s) 'azure_etl_pipeline' retrieved from /home/azureuser/airflow/dags/etl_pipeline.py
[2025-07-31T23:31:50.582+0000] {logging_mixin.py:188} INFO - [2025-07-31T23:31:50.581+0000] {dag.py:3047} INFO - Sync 1 DAGs
[2025-07-31T23:31:50.594+0000] {logging_mixin.py:188} INFO - [2025-07-31T23:31:50.594+0000] {dag.py:3834} INFO - Setting next_dagrun for azure_etl_pipeline to None, run_after=None
[2025-07-31T23:31:50.630+0000] {processor.py:183} INFO - Processing /home/azureuser/airflow/dags/etl_pipeline.py took 0.091 seconds
[2025-07-31T23:32:25.007+0000] {processor.py:161} INFO - Started process (PID=60342) to work on /home/azureuser/airflow/dags/etl_pipeline.py
[2025-07-31T23:32:25.011+0000] {processor.py:830} INFO - Processing file /home/azureuser/airflow/dags/etl_pipeline.py for tasks to queue
[2025-07-31T23:32:25.012+0000] {logging_mixin.py:188} INFO - [2025-07-31T23:32:25.012+0000] {dagbag.py:540} INFO - Filling up the DagBag from /home/azureuser/airflow/dags/etl_pipeline.py
[2025-07-31T23:32:25.019+0000] {processor.py:840} INFO - DAG(s) 'azure_etl_pipeline' retrieved from /home/azureuser/airflow/dags/etl_pipeline.py
[2025-07-31T23:32:25.046+0000] {logging_mixin.py:188} INFO - [2025-07-31T23:32:25.046+0000] {dag.py:3047} INFO - Sync 1 DAGs
[2025-07-31T23:32:25.058+0000] {logging_mixin.py:188} INFO - [2025-07-31T23:32:25.058+0000] {dag.py:3834} INFO - Setting next_dagrun for azure_etl_pipeline to None, run_after=None
[2025-07-31T23:32:25.089+0000] {processor.py:183} INFO - Processing /home/azureuser/airflow/dags/etl_pipeline.py took 0.086 seconds
[2025-07-31T23:32:51.156+0000] {processor.py:161} INFO - Started process (PID=60343) to work on /home/azureuser/airflow/dags/etl_pipeline.py
[2025-07-31T23:32:51.157+0000] {processor.py:830} INFO - Processing file /home/azureuser/airflow/dags/etl_pipeline.py for tasks to queue
[2025-07-31T23:32:51.158+0000] {logging_mixin.py:188} INFO - [2025-07-31T23:32:51.157+0000] {dagbag.py:540} INFO - Filling up the DagBag from /home/azureuser/airflow/dags/etl_pipeline.py
[2025-07-31T23:32:51.171+0000] {processor.py:840} INFO - DAG(s) 'azure_etl_pipeline' retrieved from /home/azureuser/airflow/dags/etl_pipeline.py
[2025-07-31T23:32:51.196+0000] {logging_mixin.py:188} INFO - [2025-07-31T23:32:51.195+0000] {dag.py:3047} INFO - Sync 1 DAGs
[2025-07-31T23:32:51.208+0000] {logging_mixin.py:188} INFO - [2025-07-31T23:32:51.207+0000] {dag.py:3834} INFO - Setting next_dagrun for azure_etl_pipeline to None, run_after=None
[2025-07-31T23:32:51.250+0000] {processor.py:183} INFO - Processing /home/azureuser/airflow/dags/etl_pipeline.py took 0.098 seconds
[2025-07-31T23:33:25.613+0000] {processor.py:161} INFO - Started process (PID=60347) to work on /home/azureuser/airflow/dags/etl_pipeline.py
[2025-07-31T23:33:25.615+0000] {processor.py:830} INFO - Processing file /home/azureuser/airflow/dags/etl_pipeline.py for tasks to queue
[2025-07-31T23:33:25.616+0000] {logging_mixin.py:188} INFO - [2025-07-31T23:33:25.615+0000] {dagbag.py:540} INFO - Filling up the DagBag from /home/azureuser/airflow/dags/etl_pipeline.py
[2025-07-31T23:33:25.625+0000] {processor.py:840} INFO - DAG(s) 'azure_etl_pipeline' retrieved from /home/azureuser/airflow/dags/etl_pipeline.py
[2025-07-31T23:33:25.652+0000] {logging_mixin.py:188} INFO - [2025-07-31T23:33:25.652+0000] {dag.py:3047} INFO - Sync 1 DAGs
[2025-07-31T23:33:25.664+0000] {logging_mixin.py:188} INFO - [2025-07-31T23:33:25.664+0000] {dag.py:3834} INFO - Setting next_dagrun for azure_etl_pipeline to None, run_after=None
[2025-07-31T23:33:25.693+0000] {processor.py:183} INFO - Processing /home/azureuser/airflow/dags/etl_pipeline.py took 0.084 seconds
[2025-07-31T23:33:51.759+0000] {processor.py:161} INFO - Started process (PID=60350) to work on /home/azureuser/airflow/dags/etl_pipeline.py
[2025-07-31T23:33:51.760+0000] {processor.py:830} INFO - Processing file /home/azureuser/airflow/dags/etl_pipeline.py for tasks to queue
[2025-07-31T23:33:51.763+0000] {logging_mixin.py:188} INFO - [2025-07-31T23:33:51.761+0000] {dagbag.py:540} INFO - Filling up the DagBag from /home/azureuser/airflow/dags/etl_pipeline.py
[2025-07-31T23:33:51.774+0000] {processor.py:840} INFO - DAG(s) 'azure_etl_pipeline' retrieved from /home/azureuser/airflow/dags/etl_pipeline.py
[2025-07-31T23:33:51.798+0000] {logging_mixin.py:188} INFO - [2025-07-31T23:33:51.798+0000] {dag.py:3047} INFO - Sync 1 DAGs
[2025-07-31T23:33:51.810+0000] {logging_mixin.py:188} INFO - [2025-07-31T23:33:51.810+0000] {dag.py:3834} INFO - Setting next_dagrun for azure_etl_pipeline to None, run_after=None
[2025-07-31T23:33:51.847+0000] {processor.py:183} INFO - Processing /home/azureuser/airflow/dags/etl_pipeline.py took 0.092 seconds
[2025-07-31T23:34:26.220+0000] {processor.py:161} INFO - Started process (PID=60351) to work on /home/azureuser/airflow/dags/etl_pipeline.py
[2025-07-31T23:34:26.221+0000] {processor.py:830} INFO - Processing file /home/azureuser/airflow/dags/etl_pipeline.py for tasks to queue
[2025-07-31T23:34:26.223+0000] {logging_mixin.py:188} INFO - [2025-07-31T23:34:26.222+0000] {dagbag.py:540} INFO - Filling up the DagBag from /home/azureuser/airflow/dags/etl_pipeline.py
[2025-07-31T23:34:26.230+0000] {processor.py:840} INFO - DAG(s) 'azure_etl_pipeline' retrieved from /home/azureuser/airflow/dags/etl_pipeline.py
[2025-07-31T23:34:26.257+0000] {logging_mixin.py:188} INFO - [2025-07-31T23:34:26.257+0000] {dag.py:3047} INFO - Sync 1 DAGs
[2025-07-31T23:34:26.269+0000] {logging_mixin.py:188} INFO - [2025-07-31T23:34:26.268+0000] {dag.py:3834} INFO - Setting next_dagrun for azure_etl_pipeline to None, run_after=None
[2025-07-31T23:34:26.306+0000] {processor.py:183} INFO - Processing /home/azureuser/airflow/dags/etl_pipeline.py took 0.090 seconds
[2025-07-31T23:34:52.320+0000] {processor.py:161} INFO - Started process (PID=60352) to work on /home/azureuser/airflow/dags/etl_pipeline.py
[2025-07-31T23:34:52.322+0000] {processor.py:830} INFO - Processing file /home/azureuser/airflow/dags/etl_pipeline.py for tasks to queue
[2025-07-31T23:34:52.323+0000] {logging_mixin.py:188} INFO - [2025-07-31T23:34:52.323+0000] {dagbag.py:540} INFO - Filling up the DagBag from /home/azureuser/airflow/dags/etl_pipeline.py
[2025-07-31T23:34:52.339+0000] {processor.py:840} INFO - DAG(s) 'azure_etl_pipeline' retrieved from /home/azureuser/airflow/dags/etl_pipeline.py
[2025-07-31T23:34:52.363+0000] {logging_mixin.py:188} INFO - [2025-07-31T23:34:52.363+0000] {dag.py:3047} INFO - Sync 1 DAGs
[2025-07-31T23:34:52.375+0000] {logging_mixin.py:188} INFO - [2025-07-31T23:34:52.375+0000] {dag.py:3834} INFO - Setting next_dagrun for azure_etl_pipeline to None, run_after=None
[2025-07-31T23:34:52.408+0000] {processor.py:183} INFO - Processing /home/azureuser/airflow/dags/etl_pipeline.py took 0.093 seconds
[2025-07-31T23:35:26.852+0000] {processor.py:161} INFO - Started process (PID=60357) to work on /home/azureuser/airflow/dags/etl_pipeline.py
[2025-07-31T23:35:26.854+0000] {processor.py:830} INFO - Processing file /home/azureuser/airflow/dags/etl_pipeline.py for tasks to queue
[2025-07-31T23:35:26.855+0000] {logging_mixin.py:188} INFO - [2025-07-31T23:35:26.854+0000] {dagbag.py:540} INFO - Filling up the DagBag from /home/azureuser/airflow/dags/etl_pipeline.py
[2025-07-31T23:35:26.866+0000] {processor.py:840} INFO - DAG(s) 'azure_etl_pipeline' retrieved from /home/azureuser/airflow/dags/etl_pipeline.py
[2025-07-31T23:35:26.893+0000] {logging_mixin.py:188} INFO - [2025-07-31T23:35:26.893+0000] {dag.py:3047} INFO - Sync 1 DAGs
[2025-07-31T23:35:26.905+0000] {logging_mixin.py:188} INFO - [2025-07-31T23:35:26.905+0000] {dag.py:3834} INFO - Setting next_dagrun for azure_etl_pipeline to None, run_after=None
[2025-07-31T23:35:26.936+0000] {processor.py:183} INFO - Processing /home/azureuser/airflow/dags/etl_pipeline.py took 0.088 seconds
[2025-07-31T23:35:52.904+0000] {processor.py:161} INFO - Started process (PID=60358) to work on /home/azureuser/airflow/dags/etl_pipeline.py
[2025-07-31T23:35:52.905+0000] {processor.py:830} INFO - Processing file /home/azureuser/airflow/dags/etl_pipeline.py for tasks to queue
[2025-07-31T23:35:52.906+0000] {logging_mixin.py:188} INFO - [2025-07-31T23:35:52.906+0000] {dagbag.py:540} INFO - Filling up the DagBag from /home/azureuser/airflow/dags/etl_pipeline.py
[2025-07-31T23:35:52.918+0000] {processor.py:840} INFO - DAG(s) 'azure_etl_pipeline' retrieved from /home/azureuser/airflow/dags/etl_pipeline.py
[2025-07-31T23:35:52.942+0000] {logging_mixin.py:188} INFO - [2025-07-31T23:35:52.942+0000] {dag.py:3047} INFO - Sync 1 DAGs
[2025-07-31T23:35:52.954+0000] {logging_mixin.py:188} INFO - [2025-07-31T23:35:52.954+0000] {dag.py:3834} INFO - Setting next_dagrun for azure_etl_pipeline to None, run_after=None
[2025-07-31T23:35:52.982+0000] {processor.py:183} INFO - Processing /home/azureuser/airflow/dags/etl_pipeline.py took 0.084 seconds
[2025-07-31T23:36:27.457+0000] {processor.py:161} INFO - Started process (PID=60463) to work on /home/azureuser/airflow/dags/etl_pipeline.py
[2025-07-31T23:36:27.458+0000] {processor.py:830} INFO - Processing file /home/azureuser/airflow/dags/etl_pipeline.py for tasks to queue
[2025-07-31T23:36:27.459+0000] {logging_mixin.py:188} INFO - [2025-07-31T23:36:27.459+0000] {dagbag.py:540} INFO - Filling up the DagBag from /home/azureuser/airflow/dags/etl_pipeline.py
[2025-07-31T23:36:27.467+0000] {processor.py:840} INFO - DAG(s) 'azure_etl_pipeline' retrieved from /home/azureuser/airflow/dags/etl_pipeline.py
[2025-07-31T23:36:27.495+0000] {logging_mixin.py:188} INFO - [2025-07-31T23:36:27.495+0000] {dag.py:3047} INFO - Sync 1 DAGs
[2025-07-31T23:36:27.509+0000] {logging_mixin.py:188} INFO - [2025-07-31T23:36:27.508+0000] {dag.py:3834} INFO - Setting next_dagrun for azure_etl_pipeline to None, run_after=None
[2025-07-31T23:36:27.538+0000] {processor.py:183} INFO - Processing /home/azureuser/airflow/dags/etl_pipeline.py took 0.085 seconds
[2025-07-31T23:36:53.618+0000] {processor.py:161} INFO - Started process (PID=60464) to work on /home/azureuser/airflow/dags/etl_pipeline.py
[2025-07-31T23:36:53.620+0000] {processor.py:830} INFO - Processing file /home/azureuser/airflow/dags/etl_pipeline.py for tasks to queue
[2025-07-31T23:36:53.621+0000] {logging_mixin.py:188} INFO - [2025-07-31T23:36:53.620+0000] {dagbag.py:540} INFO - Filling up the DagBag from /home/azureuser/airflow/dags/etl_pipeline.py
[2025-07-31T23:36:53.635+0000] {processor.py:840} INFO - DAG(s) 'azure_etl_pipeline' retrieved from /home/azureuser/airflow/dags/etl_pipeline.py
[2025-07-31T23:36:53.674+0000] {logging_mixin.py:188} INFO - [2025-07-31T23:36:53.674+0000] {dag.py:3047} INFO - Sync 1 DAGs
[2025-07-31T23:36:53.695+0000] {logging_mixin.py:188} INFO - [2025-07-31T23:36:53.694+0000] {dag.py:3834} INFO - Setting next_dagrun for azure_etl_pipeline to None, run_after=None
[2025-07-31T23:36:53.725+0000] {processor.py:183} INFO - Processing /home/azureuser/airflow/dags/etl_pipeline.py took 0.112 seconds
[2025-07-31T23:37:28.045+0000] {processor.py:161} INFO - Started process (PID=60465) to work on /home/azureuser/airflow/dags/etl_pipeline.py
[2025-07-31T23:37:28.051+0000] {processor.py:830} INFO - Processing file /home/azureuser/airflow/dags/etl_pipeline.py for tasks to queue
[2025-07-31T23:37:28.052+0000] {logging_mixin.py:188} INFO - [2025-07-31T23:37:28.051+0000] {dagbag.py:540} INFO - Filling up the DagBag from /home/azureuser/airflow/dags/etl_pipeline.py
[2025-07-31T23:37:28.059+0000] {processor.py:840} INFO - DAG(s) 'azure_etl_pipeline' retrieved from /home/azureuser/airflow/dags/etl_pipeline.py
[2025-07-31T23:37:28.086+0000] {logging_mixin.py:188} INFO - [2025-07-31T23:37:28.086+0000] {dag.py:3047} INFO - Sync 1 DAGs
[2025-07-31T23:37:28.099+0000] {logging_mixin.py:188} INFO - [2025-07-31T23:37:28.099+0000] {dag.py:3834} INFO - Setting next_dagrun for azure_etl_pipeline to None, run_after=None
[2025-07-31T23:37:28.551+0000] {processor.py:183} INFO - Processing /home/azureuser/airflow/dags/etl_pipeline.py took 0.512 seconds
[2025-07-31T23:37:54.172+0000] {processor.py:161} INFO - Started process (PID=60466) to work on /home/azureuser/airflow/dags/etl_pipeline.py
[2025-07-31T23:37:54.174+0000] {processor.py:830} INFO - Processing file /home/azureuser/airflow/dags/etl_pipeline.py for tasks to queue
[2025-07-31T23:37:54.176+0000] {logging_mixin.py:188} INFO - [2025-07-31T23:37:54.175+0000] {dagbag.py:540} INFO - Filling up the DagBag from /home/azureuser/airflow/dags/etl_pipeline.py
[2025-07-31T23:37:54.192+0000] {processor.py:840} INFO - DAG(s) 'azure_etl_pipeline' retrieved from /home/azureuser/airflow/dags/etl_pipeline.py
[2025-07-31T23:37:54.219+0000] {logging_mixin.py:188} INFO - [2025-07-31T23:37:54.219+0000] {dag.py:3047} INFO - Sync 1 DAGs
[2025-07-31T23:37:54.234+0000] {logging_mixin.py:188} INFO - [2025-07-31T23:37:54.234+0000] {dag.py:3834} INFO - Setting next_dagrun for azure_etl_pipeline to None, run_after=None
[2025-07-31T23:37:54.263+0000] {processor.py:183} INFO - Processing /home/azureuser/airflow/dags/etl_pipeline.py took 0.095 seconds
[2025-07-31T23:38:29.646+0000] {processor.py:161} INFO - Started process (PID=60470) to work on /home/azureuser/airflow/dags/etl_pipeline.py
[2025-07-31T23:38:29.647+0000] {processor.py:830} INFO - Processing file /home/azureuser/airflow/dags/etl_pipeline.py for tasks to queue
[2025-07-31T23:38:29.648+0000] {logging_mixin.py:188} INFO - [2025-07-31T23:38:29.648+0000] {dagbag.py:540} INFO - Filling up the DagBag from /home/azureuser/airflow/dags/etl_pipeline.py
[2025-07-31T23:38:29.655+0000] {processor.py:840} INFO - DAG(s) 'azure_etl_pipeline' retrieved from /home/azureuser/airflow/dags/etl_pipeline.py
[2025-07-31T23:38:29.681+0000] {logging_mixin.py:188} INFO - [2025-07-31T23:38:29.681+0000] {dag.py:3047} INFO - Sync 1 DAGs
[2025-07-31T23:38:29.693+0000] {logging_mixin.py:188} INFO - [2025-07-31T23:38:29.692+0000] {dag.py:3834} INFO - Setting next_dagrun for azure_etl_pipeline to None, run_after=None
[2025-07-31T23:38:29.724+0000] {processor.py:183} INFO - Processing /home/azureuser/airflow/dags/etl_pipeline.py took 0.083 seconds
[2025-07-31T23:38:54.752+0000] {processor.py:161} INFO - Started process (PID=60471) to work on /home/azureuser/airflow/dags/etl_pipeline.py
[2025-07-31T23:38:54.753+0000] {processor.py:830} INFO - Processing file /home/azureuser/airflow/dags/etl_pipeline.py for tasks to queue
[2025-07-31T23:38:54.754+0000] {logging_mixin.py:188} INFO - [2025-07-31T23:38:54.754+0000] {dagbag.py:540} INFO - Filling up the DagBag from /home/azureuser/airflow/dags/etl_pipeline.py
[2025-07-31T23:38:54.767+0000] {processor.py:840} INFO - DAG(s) 'azure_etl_pipeline' retrieved from /home/azureuser/airflow/dags/etl_pipeline.py
[2025-07-31T23:38:54.790+0000] {logging_mixin.py:188} INFO - [2025-07-31T23:38:54.790+0000] {dag.py:3047} INFO - Sync 1 DAGs
[2025-07-31T23:38:54.802+0000] {logging_mixin.py:188} INFO - [2025-07-31T23:38:54.802+0000] {dag.py:3834} INFO - Setting next_dagrun for azure_etl_pipeline to None, run_after=None
[2025-07-31T23:38:54.828+0000] {processor.py:183} INFO - Processing /home/azureuser/airflow/dags/etl_pipeline.py took 0.080 seconds
[2025-07-31T23:39:30.243+0000] {processor.py:161} INFO - Started process (PID=60474) to work on /home/azureuser/airflow/dags/etl_pipeline.py
[2025-07-31T23:39:30.246+0000] {processor.py:830} INFO - Processing file /home/azureuser/airflow/dags/etl_pipeline.py for tasks to queue
[2025-07-31T23:39:30.247+0000] {logging_mixin.py:188} INFO - [2025-07-31T23:39:30.247+0000] {dagbag.py:540} INFO - Filling up the DagBag from /home/azureuser/airflow/dags/etl_pipeline.py
[2025-07-31T23:39:30.254+0000] {processor.py:840} INFO - DAG(s) 'azure_etl_pipeline' retrieved from /home/azureuser/airflow/dags/etl_pipeline.py
[2025-07-31T23:39:30.280+0000] {logging_mixin.py:188} INFO - [2025-07-31T23:39:30.280+0000] {dag.py:3047} INFO - Sync 1 DAGs
[2025-07-31T23:39:30.292+0000] {logging_mixin.py:188} INFO - [2025-07-31T23:39:30.292+0000] {dag.py:3834} INFO - Setting next_dagrun for azure_etl_pipeline to None, run_after=None
[2025-07-31T23:39:30.319+0000] {processor.py:183} INFO - Processing /home/azureuser/airflow/dags/etl_pipeline.py took 0.080 seconds
[2025-07-31T23:39:55.282+0000] {processor.py:161} INFO - Started process (PID=60475) to work on /home/azureuser/airflow/dags/etl_pipeline.py
[2025-07-31T23:39:55.283+0000] {processor.py:830} INFO - Processing file /home/azureuser/airflow/dags/etl_pipeline.py for tasks to queue
[2025-07-31T23:39:55.284+0000] {logging_mixin.py:188} INFO - [2025-07-31T23:39:55.284+0000] {dagbag.py:540} INFO - Filling up the DagBag from /home/azureuser/airflow/dags/etl_pipeline.py
[2025-07-31T23:39:55.297+0000] {processor.py:840} INFO - DAG(s) 'azure_etl_pipeline' retrieved from /home/azureuser/airflow/dags/etl_pipeline.py
[2025-07-31T23:39:55.321+0000] {logging_mixin.py:188} INFO - [2025-07-31T23:39:55.321+0000] {dag.py:3047} INFO - Sync 1 DAGs
[2025-07-31T23:39:55.333+0000] {logging_mixin.py:188} INFO - [2025-07-31T23:39:55.333+0000] {dag.py:3834} INFO - Setting next_dagrun for azure_etl_pipeline to None, run_after=None
[2025-07-31T23:39:55.362+0000] {processor.py:183} INFO - Processing /home/azureuser/airflow/dags/etl_pipeline.py took 0.083 seconds
[2025-07-31T23:40:30.828+0000] {processor.py:161} INFO - Started process (PID=60482) to work on /home/azureuser/airflow/dags/etl_pipeline.py
[2025-07-31T23:40:30.830+0000] {processor.py:830} INFO - Processing file /home/azureuser/airflow/dags/etl_pipeline.py for tasks to queue
[2025-07-31T23:40:30.831+0000] {logging_mixin.py:188} INFO - [2025-07-31T23:40:30.831+0000] {dagbag.py:540} INFO - Filling up the DagBag from /home/azureuser/airflow/dags/etl_pipeline.py
[2025-07-31T23:40:30.838+0000] {processor.py:840} INFO - DAG(s) 'azure_etl_pipeline' retrieved from /home/azureuser/airflow/dags/etl_pipeline.py
[2025-07-31T23:40:30.864+0000] {logging_mixin.py:188} INFO - [2025-07-31T23:40:30.864+0000] {dag.py:3047} INFO - Sync 1 DAGs
[2025-07-31T23:40:30.876+0000] {logging_mixin.py:188} INFO - [2025-07-31T23:40:30.876+0000] {dag.py:3834} INFO - Setting next_dagrun for azure_etl_pipeline to None, run_after=None
[2025-07-31T23:40:30.911+0000] {processor.py:183} INFO - Processing /home/azureuser/airflow/dags/etl_pipeline.py took 0.087 seconds
[2025-07-31T23:40:55.587+0000] {processor.py:161} INFO - Started process (PID=60483) to work on /home/azureuser/airflow/dags/etl_pipeline.py
[2025-07-31T23:40:55.589+0000] {processor.py:830} INFO - Processing file /home/azureuser/airflow/dags/etl_pipeline.py for tasks to queue
[2025-07-31T23:40:55.590+0000] {logging_mixin.py:188} INFO - [2025-07-31T23:40:55.589+0000] {dagbag.py:540} INFO - Filling up the DagBag from /home/azureuser/airflow/dags/etl_pipeline.py
[2025-07-31T23:40:55.602+0000] {processor.py:840} INFO - DAG(s) 'azure_etl_pipeline' retrieved from /home/azureuser/airflow/dags/etl_pipeline.py
[2025-07-31T23:40:55.627+0000] {logging_mixin.py:188} INFO - [2025-07-31T23:40:55.627+0000] {dag.py:3047} INFO - Sync 1 DAGs
[2025-07-31T23:40:55.639+0000] {logging_mixin.py:188} INFO - [2025-07-31T23:40:55.639+0000] {dag.py:3834} INFO - Setting next_dagrun for azure_etl_pipeline to None, run_after=None
[2025-07-31T23:40:55.668+0000] {processor.py:183} INFO - Processing /home/azureuser/airflow/dags/etl_pipeline.py took 0.085 seconds
[2025-07-31T23:41:31.364+0000] {processor.py:161} INFO - Started process (PID=60493) to work on /home/azureuser/airflow/dags/etl_pipeline.py
[2025-07-31T23:41:31.365+0000] {processor.py:830} INFO - Processing file /home/azureuser/airflow/dags/etl_pipeline.py for tasks to queue
[2025-07-31T23:41:31.366+0000] {logging_mixin.py:188} INFO - [2025-07-31T23:41:31.365+0000] {dagbag.py:540} INFO - Filling up the DagBag from /home/azureuser/airflow/dags/etl_pipeline.py
[2025-07-31T23:41:31.372+0000] {processor.py:840} INFO - DAG(s) 'azure_etl_pipeline' retrieved from /home/azureuser/airflow/dags/etl_pipeline.py
[2025-07-31T23:41:31.400+0000] {logging_mixin.py:188} INFO - [2025-07-31T23:41:31.399+0000] {dag.py:3047} INFO - Sync 1 DAGs
[2025-07-31T23:41:31.413+0000] {logging_mixin.py:188} INFO - [2025-07-31T23:41:31.412+0000] {dag.py:3834} INFO - Setting next_dagrun for azure_etl_pipeline to None, run_after=None
[2025-07-31T23:41:31.444+0000] {processor.py:183} INFO - Processing /home/azureuser/airflow/dags/etl_pipeline.py took 0.084 seconds
[2025-07-31T23:41:55.962+0000] {processor.py:161} INFO - Started process (PID=60494) to work on /home/azureuser/airflow/dags/etl_pipeline.py
[2025-07-31T23:41:55.963+0000] {processor.py:830} INFO - Processing file /home/azureuser/airflow/dags/etl_pipeline.py for tasks to queue
[2025-07-31T23:41:55.964+0000] {logging_mixin.py:188} INFO - [2025-07-31T23:41:55.964+0000] {dagbag.py:540} INFO - Filling up the DagBag from /home/azureuser/airflow/dags/etl_pipeline.py
[2025-07-31T23:41:55.976+0000] {processor.py:840} INFO - DAG(s) 'azure_etl_pipeline' retrieved from /home/azureuser/airflow/dags/etl_pipeline.py
[2025-07-31T23:41:56.017+0000] {logging_mixin.py:188} INFO - [2025-07-31T23:41:56.016+0000] {dag.py:3047} INFO - Sync 1 DAGs
[2025-07-31T23:41:56.033+0000] {logging_mixin.py:188} INFO - [2025-07-31T23:41:56.033+0000] {dag.py:3834} INFO - Setting next_dagrun for azure_etl_pipeline to None, run_after=None
[2025-07-31T23:41:56.065+0000] {processor.py:183} INFO - Processing /home/azureuser/airflow/dags/etl_pipeline.py took 0.108 seconds
[2025-07-31T23:42:32.364+0000] {processor.py:161} INFO - Started process (PID=60517) to work on /home/azureuser/airflow/dags/etl_pipeline.py
[2025-07-31T23:42:32.365+0000] {processor.py:830} INFO - Processing file /home/azureuser/airflow/dags/etl_pipeline.py for tasks to queue
[2025-07-31T23:42:32.366+0000] {logging_mixin.py:188} INFO - [2025-07-31T23:42:32.366+0000] {dagbag.py:540} INFO - Filling up the DagBag from /home/azureuser/airflow/dags/etl_pipeline.py
[2025-07-31T23:42:32.373+0000] {processor.py:840} INFO - DAG(s) 'azure_etl_pipeline' retrieved from /home/azureuser/airflow/dags/etl_pipeline.py
[2025-07-31T23:42:32.405+0000] {logging_mixin.py:188} INFO - [2025-07-31T23:42:32.403+0000] {dag.py:3047} INFO - Sync 1 DAGs
[2025-07-31T23:42:32.417+0000] {logging_mixin.py:188} INFO - [2025-07-31T23:42:32.417+0000] {dag.py:3834} INFO - Setting next_dagrun for azure_etl_pipeline to None, run_after=None
[2025-07-31T23:42:32.446+0000] {processor.py:183} INFO - Processing /home/azureuser/airflow/dags/etl_pipeline.py took 0.086 seconds
[2025-07-31T23:42:56.545+0000] {processor.py:161} INFO - Started process (PID=60618) to work on /home/azureuser/airflow/dags/etl_pipeline.py
[2025-07-31T23:42:56.546+0000] {processor.py:830} INFO - Processing file /home/azureuser/airflow/dags/etl_pipeline.py for tasks to queue
[2025-07-31T23:42:56.548+0000] {logging_mixin.py:188} INFO - [2025-07-31T23:42:56.547+0000] {dagbag.py:540} INFO - Filling up the DagBag from /home/azureuser/airflow/dags/etl_pipeline.py
[2025-07-31T23:42:56.563+0000] {processor.py:840} INFO - DAG(s) 'azure_etl_pipeline' retrieved from /home/azureuser/airflow/dags/etl_pipeline.py
[2025-07-31T23:42:56.590+0000] {logging_mixin.py:188} INFO - [2025-07-31T23:42:56.590+0000] {dag.py:3047} INFO - Sync 1 DAGs
[2025-07-31T23:42:56.603+0000] {logging_mixin.py:188} INFO - [2025-07-31T23:42:56.603+0000] {dag.py:3834} INFO - Setting next_dagrun for azure_etl_pipeline to None, run_after=None
[2025-07-31T23:42:56.641+0000] {processor.py:183} INFO - Processing /home/azureuser/airflow/dags/etl_pipeline.py took 0.100 seconds
[2025-07-31T23:43:33.440+0000] {processor.py:161} INFO - Started process (PID=60622) to work on /home/azureuser/airflow/dags/etl_pipeline.py
[2025-07-31T23:43:33.442+0000] {processor.py:830} INFO - Processing file /home/azureuser/airflow/dags/etl_pipeline.py for tasks to queue
[2025-07-31T23:43:33.444+0000] {logging_mixin.py:188} INFO - [2025-07-31T23:43:33.444+0000] {dagbag.py:540} INFO - Filling up the DagBag from /home/azureuser/airflow/dags/etl_pipeline.py
[2025-07-31T23:43:33.454+0000] {processor.py:840} INFO - DAG(s) 'azure_etl_pipeline' retrieved from /home/azureuser/airflow/dags/etl_pipeline.py
[2025-07-31T23:43:33.489+0000] {logging_mixin.py:188} INFO - [2025-07-31T23:43:33.489+0000] {dag.py:3047} INFO - Sync 1 DAGs
[2025-07-31T23:43:33.509+0000] {logging_mixin.py:188} INFO - [2025-07-31T23:43:33.508+0000] {dag.py:3834} INFO - Setting next_dagrun for azure_etl_pipeline to None, run_after=None
[2025-07-31T23:43:33.543+0000] {processor.py:183} INFO - Processing /home/azureuser/airflow/dags/etl_pipeline.py took 0.108 seconds
[2025-07-31T23:43:57.000+0000] {processor.py:161} INFO - Started process (PID=60625) to work on /home/azureuser/airflow/dags/etl_pipeline.py
[2025-07-31T23:43:57.001+0000] {processor.py:830} INFO - Processing file /home/azureuser/airflow/dags/etl_pipeline.py for tasks to queue
[2025-07-31T23:43:57.002+0000] {logging_mixin.py:188} INFO - [2025-07-31T23:43:57.001+0000] {dagbag.py:540} INFO - Filling up the DagBag from /home/azureuser/airflow/dags/etl_pipeline.py
[2025-07-31T23:43:57.015+0000] {processor.py:840} INFO - DAG(s) 'azure_etl_pipeline' retrieved from /home/azureuser/airflow/dags/etl_pipeline.py
[2025-07-31T23:43:57.040+0000] {logging_mixin.py:188} INFO - [2025-07-31T23:43:57.039+0000] {dag.py:3047} INFO - Sync 1 DAGs
[2025-07-31T23:43:57.052+0000] {logging_mixin.py:188} INFO - [2025-07-31T23:43:57.051+0000] {dag.py:3834} INFO - Setting next_dagrun for azure_etl_pipeline to None, run_after=None
[2025-07-31T23:43:57.078+0000] {processor.py:183} INFO - Processing /home/azureuser/airflow/dags/etl_pipeline.py took 0.084 seconds
[2025-07-31T23:44:34.055+0000] {processor.py:161} INFO - Started process (PID=60626) to work on /home/azureuser/airflow/dags/etl_pipeline.py
[2025-07-31T23:44:34.057+0000] {processor.py:830} INFO - Processing file /home/azureuser/airflow/dags/etl_pipeline.py for tasks to queue
[2025-07-31T23:44:34.058+0000] {logging_mixin.py:188} INFO - [2025-07-31T23:44:34.057+0000] {dagbag.py:540} INFO - Filling up the DagBag from /home/azureuser/airflow/dags/etl_pipeline.py
[2025-07-31T23:44:34.065+0000] {processor.py:840} INFO - DAG(s) 'azure_etl_pipeline' retrieved from /home/azureuser/airflow/dags/etl_pipeline.py
[2025-07-31T23:44:34.091+0000] {logging_mixin.py:188} INFO - [2025-07-31T23:44:34.091+0000] {dag.py:3047} INFO - Sync 1 DAGs
[2025-07-31T23:44:34.103+0000] {logging_mixin.py:188} INFO - [2025-07-31T23:44:34.102+0000] {dag.py:3834} INFO - Setting next_dagrun for azure_etl_pipeline to None, run_after=None
[2025-07-31T23:44:34.131+0000] {processor.py:183} INFO - Processing /home/azureuser/airflow/dags/etl_pipeline.py took 0.079 seconds
[2025-07-31T23:44:57.223+0000] {processor.py:161} INFO - Started process (PID=60627) to work on /home/azureuser/airflow/dags/etl_pipeline.py
[2025-07-31T23:44:57.225+0000] {processor.py:830} INFO - Processing file /home/azureuser/airflow/dags/etl_pipeline.py for tasks to queue
[2025-07-31T23:44:57.227+0000] {logging_mixin.py:188} INFO - [2025-07-31T23:44:57.226+0000] {dagbag.py:540} INFO - Filling up the DagBag from /home/azureuser/airflow/dags/etl_pipeline.py
[2025-07-31T23:44:57.243+0000] {processor.py:840} INFO - DAG(s) 'azure_etl_pipeline' retrieved from /home/azureuser/airflow/dags/etl_pipeline.py
[2025-07-31T23:44:57.285+0000] {logging_mixin.py:188} INFO - [2025-07-31T23:44:57.285+0000] {dag.py:3047} INFO - Sync 1 DAGs
[2025-07-31T23:44:57.297+0000] {logging_mixin.py:188} INFO - [2025-07-31T23:44:57.297+0000] {dag.py:3834} INFO - Setting next_dagrun for azure_etl_pipeline to None, run_after=None
[2025-07-31T23:44:57.328+0000] {processor.py:183} INFO - Processing /home/azureuser/airflow/dags/etl_pipeline.py took 0.108 seconds
[2025-07-31T23:45:34.354+0000] {processor.py:161} INFO - Started process (PID=60631) to work on /home/azureuser/airflow/dags/etl_pipeline.py
[2025-07-31T23:45:34.356+0000] {processor.py:830} INFO - Processing file /home/azureuser/airflow/dags/etl_pipeline.py for tasks to queue
[2025-07-31T23:45:34.358+0000] {logging_mixin.py:188} INFO - [2025-07-31T23:45:34.357+0000] {dagbag.py:540} INFO - Filling up the DagBag from /home/azureuser/airflow/dags/etl_pipeline.py
[2025-07-31T23:45:34.364+0000] {processor.py:840} INFO - DAG(s) 'azure_etl_pipeline' retrieved from /home/azureuser/airflow/dags/etl_pipeline.py
[2025-07-31T23:45:34.391+0000] {logging_mixin.py:188} INFO - [2025-07-31T23:45:34.390+0000] {dag.py:3047} INFO - Sync 1 DAGs
[2025-07-31T23:45:34.403+0000] {logging_mixin.py:188} INFO - [2025-07-31T23:45:34.402+0000] {dag.py:3834} INFO - Setting next_dagrun for azure_etl_pipeline to None, run_after=None
[2025-07-31T23:45:34.430+0000] {processor.py:183} INFO - Processing /home/azureuser/airflow/dags/etl_pipeline.py took 0.080 seconds
[2025-07-31T23:45:57.620+0000] {processor.py:161} INFO - Started process (PID=60632) to work on /home/azureuser/airflow/dags/etl_pipeline.py
[2025-07-31T23:45:57.621+0000] {processor.py:830} INFO - Processing file /home/azureuser/airflow/dags/etl_pipeline.py for tasks to queue
[2025-07-31T23:45:57.622+0000] {logging_mixin.py:188} INFO - [2025-07-31T23:45:57.622+0000] {dagbag.py:540} INFO - Filling up the DagBag from /home/azureuser/airflow/dags/etl_pipeline.py
[2025-07-31T23:45:57.636+0000] {processor.py:840} INFO - DAG(s) 'azure_etl_pipeline' retrieved from /home/azureuser/airflow/dags/etl_pipeline.py
[2025-07-31T23:45:57.661+0000] {logging_mixin.py:188} INFO - [2025-07-31T23:45:57.661+0000] {dag.py:3047} INFO - Sync 1 DAGs
[2025-07-31T23:45:57.674+0000] {logging_mixin.py:188} INFO - [2025-07-31T23:45:57.673+0000] {dag.py:3834} INFO - Setting next_dagrun for azure_etl_pipeline to None, run_after=None
[2025-07-31T23:45:57.723+0000] {processor.py:183} INFO - Processing /home/azureuser/airflow/dags/etl_pipeline.py took 0.107 seconds
[2025-07-31T23:46:34.654+0000] {processor.py:161} INFO - Started process (PID=60633) to work on /home/azureuser/airflow/dags/etl_pipeline.py
[2025-07-31T23:46:34.656+0000] {processor.py:830} INFO - Processing file /home/azureuser/airflow/dags/etl_pipeline.py for tasks to queue
[2025-07-31T23:46:34.657+0000] {logging_mixin.py:188} INFO - [2025-07-31T23:46:34.656+0000] {dagbag.py:540} INFO - Filling up the DagBag from /home/azureuser/airflow/dags/etl_pipeline.py
[2025-07-31T23:46:34.663+0000] {processor.py:840} INFO - DAG(s) 'azure_etl_pipeline' retrieved from /home/azureuser/airflow/dags/etl_pipeline.py
[2025-07-31T23:46:34.690+0000] {logging_mixin.py:188} INFO - [2025-07-31T23:46:34.690+0000] {dag.py:3047} INFO - Sync 1 DAGs
[2025-07-31T23:46:34.702+0000] {logging_mixin.py:188} INFO - [2025-07-31T23:46:34.702+0000] {dag.py:3834} INFO - Setting next_dagrun for azure_etl_pipeline to None, run_after=None
[2025-07-31T23:46:34.732+0000] {processor.py:183} INFO - Processing /home/azureuser/airflow/dags/etl_pipeline.py took 0.081 seconds
[2025-07-31T23:46:58.024+0000] {processor.py:161} INFO - Started process (PID=60634) to work on /home/azureuser/airflow/dags/etl_pipeline.py
[2025-07-31T23:46:58.025+0000] {processor.py:830} INFO - Processing file /home/azureuser/airflow/dags/etl_pipeline.py for tasks to queue
[2025-07-31T23:46:58.027+0000] {logging_mixin.py:188} INFO - [2025-07-31T23:46:58.026+0000] {dagbag.py:540} INFO - Filling up the DagBag from /home/azureuser/airflow/dags/etl_pipeline.py
[2025-07-31T23:46:58.040+0000] {processor.py:840} INFO - DAG(s) 'azure_etl_pipeline' retrieved from /home/azureuser/airflow/dags/etl_pipeline.py
[2025-07-31T23:46:58.065+0000] {logging_mixin.py:188} INFO - [2025-07-31T23:46:58.065+0000] {dag.py:3047} INFO - Sync 1 DAGs
[2025-07-31T23:46:58.077+0000] {logging_mixin.py:188} INFO - [2025-07-31T23:46:58.077+0000] {dag.py:3834} INFO - Setting next_dagrun for azure_etl_pipeline to None, run_after=None
[2025-07-31T23:46:58.103+0000] {processor.py:183} INFO - Processing /home/azureuser/airflow/dags/etl_pipeline.py took 0.083 seconds
[2025-07-31T23:47:34.799+0000] {processor.py:161} INFO - Started process (PID=60636) to work on /home/azureuser/airflow/dags/etl_pipeline.py
[2025-07-31T23:47:34.800+0000] {processor.py:830} INFO - Processing file /home/azureuser/airflow/dags/etl_pipeline.py for tasks to queue
[2025-07-31T23:47:34.801+0000] {logging_mixin.py:188} INFO - [2025-07-31T23:47:34.801+0000] {dagbag.py:540} INFO - Filling up the DagBag from /home/azureuser/airflow/dags/etl_pipeline.py
[2025-07-31T23:47:34.808+0000] {processor.py:840} INFO - DAG(s) 'azure_etl_pipeline' retrieved from /home/azureuser/airflow/dags/etl_pipeline.py
[2025-07-31T23:47:34.836+0000] {logging_mixin.py:188} INFO - [2025-07-31T23:47:34.836+0000] {dag.py:3047} INFO - Sync 1 DAGs
[2025-07-31T23:47:34.847+0000] {logging_mixin.py:188} INFO - [2025-07-31T23:47:34.847+0000] {dag.py:3834} INFO - Setting next_dagrun for azure_etl_pipeline to None, run_after=None
[2025-07-31T23:47:34.880+0000] {processor.py:183} INFO - Processing /home/azureuser/airflow/dags/etl_pipeline.py took 0.085 seconds
