[2025-07-30T00:20:51.859+0000] {processor.py:161} INFO - Started process (PID=34131) to work on /home/azureuser/.pyenv/versions/3.11.9/envs/airflow-venv/lib/python3.11/site-packages/airflow/example_dags/plugins/listener_plugin.py
[2025-07-30T00:20:51.861+0000] {processor.py:830} INFO - Processing file /home/azureuser/.pyenv/versions/3.11.9/envs/airflow-venv/lib/python3.11/site-packages/airflow/example_dags/plugins/listener_plugin.py for tasks to queue
[2025-07-30T00:20:51.862+0000] {logging_mixin.py:188} INFO - [2025-07-30T00:20:51.861+0000] {dagbag.py:538} INFO - Filling up the DagBag from /home/azureuser/.pyenv/versions/3.11.9/envs/airflow-venv/lib/python3.11/site-packages/airflow/example_dags/plugins/listener_plugin.py
[2025-07-30T00:20:51.865+0000] {processor.py:842} WARNING - No viable dags retrieved from /home/azureuser/.pyenv/versions/3.11.9/envs/airflow-venv/lib/python3.11/site-packages/airflow/example_dags/plugins/listener_plugin.py
[2025-07-30T00:20:51.878+0000] {processor.py:183} INFO - Processing /home/azureuser/.pyenv/versions/3.11.9/envs/airflow-venv/lib/python3.11/site-packages/airflow/example_dags/plugins/listener_plugin.py took 0.023 seconds
[2025-07-30T00:21:49.919+0000] {processor.py:161} INFO - Started process (PID=34279) to work on /home/azureuser/.pyenv/versions/3.11.9/envs/airflow-venv/lib/python3.11/site-packages/airflow/example_dags/plugins/listener_plugin.py
[2025-07-30T00:21:49.921+0000] {processor.py:830} INFO - Processing file /home/azureuser/.pyenv/versions/3.11.9/envs/airflow-venv/lib/python3.11/site-packages/airflow/example_dags/plugins/listener_plugin.py for tasks to queue
[2025-07-30T00:21:49.922+0000] {logging_mixin.py:188} INFO - [2025-07-30T00:21:49.921+0000] {dagbag.py:538} INFO - Filling up the DagBag from /home/azureuser/.pyenv/versions/3.11.9/envs/airflow-venv/lib/python3.11/site-packages/airflow/example_dags/plugins/listener_plugin.py
[2025-07-30T00:21:49.926+0000] {processor.py:842} WARNING - No viable dags retrieved from /home/azureuser/.pyenv/versions/3.11.9/envs/airflow-venv/lib/python3.11/site-packages/airflow/example_dags/plugins/listener_plugin.py
[2025-07-30T00:21:49.939+0000] {processor.py:183} INFO - Processing /home/azureuser/.pyenv/versions/3.11.9/envs/airflow-venv/lib/python3.11/site-packages/airflow/example_dags/plugins/listener_plugin.py took 0.024 seconds
[2025-07-30T00:22:36.183+0000] {processor.py:161} INFO - Started process (PID=34350) to work on /home/azureuser/.pyenv/versions/3.11.9/envs/airflow-venv/lib/python3.11/site-packages/airflow/example_dags/plugins/listener_plugin.py
[2025-07-30T00:22:36.186+0000] {processor.py:830} INFO - Processing file /home/azureuser/.pyenv/versions/3.11.9/envs/airflow-venv/lib/python3.11/site-packages/airflow/example_dags/plugins/listener_plugin.py for tasks to queue
[2025-07-30T00:22:36.189+0000] {logging_mixin.py:188} INFO - [2025-07-30T00:22:36.188+0000] {dagbag.py:538} INFO - Filling up the DagBag from /home/azureuser/.pyenv/versions/3.11.9/envs/airflow-venv/lib/python3.11/site-packages/airflow/example_dags/plugins/listener_plugin.py
[2025-07-30T00:22:36.193+0000] {processor.py:842} WARNING - No viable dags retrieved from /home/azureuser/.pyenv/versions/3.11.9/envs/airflow-venv/lib/python3.11/site-packages/airflow/example_dags/plugins/listener_plugin.py
[2025-07-30T00:22:36.211+0000] {processor.py:183} INFO - Processing /home/azureuser/.pyenv/versions/3.11.9/envs/airflow-venv/lib/python3.11/site-packages/airflow/example_dags/plugins/listener_plugin.py took 0.033 seconds
[2025-07-30T00:23:18.738+0000] {processor.py:161} INFO - Started process (PID=34409) to work on /home/azureuser/.pyenv/versions/3.11.9/envs/airflow-venv/lib/python3.11/site-packages/airflow/example_dags/plugins/listener_plugin.py
[2025-07-30T00:23:18.740+0000] {processor.py:830} INFO - Processing file /home/azureuser/.pyenv/versions/3.11.9/envs/airflow-venv/lib/python3.11/site-packages/airflow/example_dags/plugins/listener_plugin.py for tasks to queue
[2025-07-30T00:23:18.741+0000] {logging_mixin.py:188} INFO - [2025-07-30T00:23:18.740+0000] {dagbag.py:538} INFO - Filling up the DagBag from /home/azureuser/.pyenv/versions/3.11.9/envs/airflow-venv/lib/python3.11/site-packages/airflow/example_dags/plugins/listener_plugin.py
[2025-07-30T00:23:18.744+0000] {processor.py:842} WARNING - No viable dags retrieved from /home/azureuser/.pyenv/versions/3.11.9/envs/airflow-venv/lib/python3.11/site-packages/airflow/example_dags/plugins/listener_plugin.py
[2025-07-30T00:23:18.758+0000] {processor.py:183} INFO - Processing /home/azureuser/.pyenv/versions/3.11.9/envs/airflow-venv/lib/python3.11/site-packages/airflow/example_dags/plugins/listener_plugin.py took 0.024 seconds
[2025-07-30T00:23:58.053+0000] {processor.py:161} INFO - Started process (PID=34471) to work on /home/azureuser/.pyenv/versions/3.11.9/envs/airflow-venv/lib/python3.11/site-packages/airflow/example_dags/plugins/listener_plugin.py
[2025-07-30T00:23:58.055+0000] {processor.py:830} INFO - Processing file /home/azureuser/.pyenv/versions/3.11.9/envs/airflow-venv/lib/python3.11/site-packages/airflow/example_dags/plugins/listener_plugin.py for tasks to queue
[2025-07-30T00:23:58.056+0000] {logging_mixin.py:188} INFO - [2025-07-30T00:23:58.056+0000] {dagbag.py:538} INFO - Filling up the DagBag from /home/azureuser/.pyenv/versions/3.11.9/envs/airflow-venv/lib/python3.11/site-packages/airflow/example_dags/plugins/listener_plugin.py
[2025-07-30T00:23:58.060+0000] {processor.py:842} WARNING - No viable dags retrieved from /home/azureuser/.pyenv/versions/3.11.9/envs/airflow-venv/lib/python3.11/site-packages/airflow/example_dags/plugins/listener_plugin.py
[2025-07-30T00:23:58.073+0000] {processor.py:183} INFO - Processing /home/azureuser/.pyenv/versions/3.11.9/envs/airflow-venv/lib/python3.11/site-packages/airflow/example_dags/plugins/listener_plugin.py took 0.024 seconds
[2025-07-30T00:24:47.436+0000] {processor.py:161} INFO - Started process (PID=34532) to work on /home/azureuser/.pyenv/versions/3.11.9/envs/airflow-venv/lib/python3.11/site-packages/airflow/example_dags/plugins/listener_plugin.py
[2025-07-30T00:24:47.437+0000] {processor.py:830} INFO - Processing file /home/azureuser/.pyenv/versions/3.11.9/envs/airflow-venv/lib/python3.11/site-packages/airflow/example_dags/plugins/listener_plugin.py for tasks to queue
[2025-07-30T00:24:47.438+0000] {logging_mixin.py:188} INFO - [2025-07-30T00:24:47.438+0000] {dagbag.py:538} INFO - Filling up the DagBag from /home/azureuser/.pyenv/versions/3.11.9/envs/airflow-venv/lib/python3.11/site-packages/airflow/example_dags/plugins/listener_plugin.py
[2025-07-30T00:24:47.442+0000] {processor.py:842} WARNING - No viable dags retrieved from /home/azureuser/.pyenv/versions/3.11.9/envs/airflow-venv/lib/python3.11/site-packages/airflow/example_dags/plugins/listener_plugin.py
[2025-07-30T00:24:47.455+0000] {processor.py:183} INFO - Processing /home/azureuser/.pyenv/versions/3.11.9/envs/airflow-venv/lib/python3.11/site-packages/airflow/example_dags/plugins/listener_plugin.py took 0.024 seconds
[2025-07-30T00:25:33.624+0000] {processor.py:161} INFO - Started process (PID=34607) to work on /home/azureuser/.pyenv/versions/3.11.9/envs/airflow-venv/lib/python3.11/site-packages/airflow/example_dags/plugins/listener_plugin.py
[2025-07-30T00:25:33.626+0000] {processor.py:830} INFO - Processing file /home/azureuser/.pyenv/versions/3.11.9/envs/airflow-venv/lib/python3.11/site-packages/airflow/example_dags/plugins/listener_plugin.py for tasks to queue
[2025-07-30T00:25:33.628+0000] {logging_mixin.py:188} INFO - [2025-07-30T00:25:33.627+0000] {dagbag.py:538} INFO - Filling up the DagBag from /home/azureuser/.pyenv/versions/3.11.9/envs/airflow-venv/lib/python3.11/site-packages/airflow/example_dags/plugins/listener_plugin.py
[2025-07-30T00:25:33.631+0000] {processor.py:842} WARNING - No viable dags retrieved from /home/azureuser/.pyenv/versions/3.11.9/envs/airflow-venv/lib/python3.11/site-packages/airflow/example_dags/plugins/listener_plugin.py
[2025-07-30T00:25:33.645+0000] {processor.py:183} INFO - Processing /home/azureuser/.pyenv/versions/3.11.9/envs/airflow-venv/lib/python3.11/site-packages/airflow/example_dags/plugins/listener_plugin.py took 0.025 seconds
[2025-07-30T00:26:16.521+0000] {processor.py:161} INFO - Started process (PID=34675) to work on /home/azureuser/.pyenv/versions/3.11.9/envs/airflow-venv/lib/python3.11/site-packages/airflow/example_dags/plugins/listener_plugin.py
[2025-07-30T00:26:16.523+0000] {processor.py:830} INFO - Processing file /home/azureuser/.pyenv/versions/3.11.9/envs/airflow-venv/lib/python3.11/site-packages/airflow/example_dags/plugins/listener_plugin.py for tasks to queue
[2025-07-30T00:26:16.529+0000] {logging_mixin.py:188} INFO - [2025-07-30T00:26:16.524+0000] {dagbag.py:538} INFO - Filling up the DagBag from /home/azureuser/.pyenv/versions/3.11.9/envs/airflow-venv/lib/python3.11/site-packages/airflow/example_dags/plugins/listener_plugin.py
[2025-07-30T00:26:16.544+0000] {processor.py:842} WARNING - No viable dags retrieved from /home/azureuser/.pyenv/versions/3.11.9/envs/airflow-venv/lib/python3.11/site-packages/airflow/example_dags/plugins/listener_plugin.py
[2025-07-30T00:26:16.579+0000] {processor.py:183} INFO - Processing /home/azureuser/.pyenv/versions/3.11.9/envs/airflow-venv/lib/python3.11/site-packages/airflow/example_dags/plugins/listener_plugin.py took 0.071 seconds
[2025-07-30T20:45:32.790+0000] {processor.py:161} INFO - Started process (PID=1260) to work on /home/azureuser/.pyenv/versions/3.11.9/envs/airflow-venv/lib/python3.11/site-packages/airflow/example_dags/plugins/listener_plugin.py
[2025-07-30T20:45:32.791+0000] {processor.py:830} INFO - Processing file /home/azureuser/.pyenv/versions/3.11.9/envs/airflow-venv/lib/python3.11/site-packages/airflow/example_dags/plugins/listener_plugin.py for tasks to queue
[2025-07-30T20:45:32.792+0000] {logging_mixin.py:188} INFO - [2025-07-30T20:45:32.792+0000] {dagbag.py:538} INFO - Filling up the DagBag from /home/azureuser/.pyenv/versions/3.11.9/envs/airflow-venv/lib/python3.11/site-packages/airflow/example_dags/plugins/listener_plugin.py
[2025-07-30T20:45:32.795+0000] {processor.py:842} WARNING - No viable dags retrieved from /home/azureuser/.pyenv/versions/3.11.9/envs/airflow-venv/lib/python3.11/site-packages/airflow/example_dags/plugins/listener_plugin.py
[2025-07-30T20:45:32.811+0000] {processor.py:183} INFO - Processing /home/azureuser/.pyenv/versions/3.11.9/envs/airflow-venv/lib/python3.11/site-packages/airflow/example_dags/plugins/listener_plugin.py took 0.024 seconds
[2025-07-30T20:46:24.252+0000] {processor.py:161} INFO - Started process (PID=1385) to work on /home/azureuser/.pyenv/versions/3.11.9/envs/airflow-venv/lib/python3.11/site-packages/airflow/example_dags/plugins/listener_plugin.py
[2025-07-30T20:46:24.253+0000] {processor.py:830} INFO - Processing file /home/azureuser/.pyenv/versions/3.11.9/envs/airflow-venv/lib/python3.11/site-packages/airflow/example_dags/plugins/listener_plugin.py for tasks to queue
[2025-07-30T20:46:24.254+0000] {logging_mixin.py:188} INFO - [2025-07-30T20:46:24.254+0000] {dagbag.py:538} INFO - Filling up the DagBag from /home/azureuser/.pyenv/versions/3.11.9/envs/airflow-venv/lib/python3.11/site-packages/airflow/example_dags/plugins/listener_plugin.py
[2025-07-30T20:46:24.257+0000] {processor.py:842} WARNING - No viable dags retrieved from /home/azureuser/.pyenv/versions/3.11.9/envs/airflow-venv/lib/python3.11/site-packages/airflow/example_dags/plugins/listener_plugin.py
[2025-07-30T20:46:24.269+0000] {processor.py:183} INFO - Processing /home/azureuser/.pyenv/versions/3.11.9/envs/airflow-venv/lib/python3.11/site-packages/airflow/example_dags/plugins/listener_plugin.py took 0.021 seconds
[2025-07-30T20:47:02.332+0000] {processor.py:161} INFO - Started process (PID=1425) to work on /home/azureuser/.pyenv/versions/3.11.9/envs/airflow-venv/lib/python3.11/site-packages/airflow/example_dags/plugins/listener_plugin.py
[2025-07-30T20:47:02.333+0000] {processor.py:830} INFO - Processing file /home/azureuser/.pyenv/versions/3.11.9/envs/airflow-venv/lib/python3.11/site-packages/airflow/example_dags/plugins/listener_plugin.py for tasks to queue
[2025-07-30T20:47:02.334+0000] {logging_mixin.py:188} INFO - [2025-07-30T20:47:02.334+0000] {dagbag.py:538} INFO - Filling up the DagBag from /home/azureuser/.pyenv/versions/3.11.9/envs/airflow-venv/lib/python3.11/site-packages/airflow/example_dags/plugins/listener_plugin.py
[2025-07-30T20:47:02.337+0000] {processor.py:842} WARNING - No viable dags retrieved from /home/azureuser/.pyenv/versions/3.11.9/envs/airflow-venv/lib/python3.11/site-packages/airflow/example_dags/plugins/listener_plugin.py
[2025-07-30T20:47:02.349+0000] {processor.py:183} INFO - Processing /home/azureuser/.pyenv/versions/3.11.9/envs/airflow-venv/lib/python3.11/site-packages/airflow/example_dags/plugins/listener_plugin.py took 0.021 seconds
[2025-07-30T20:47:38.332+0000] {processor.py:161} INFO - Started process (PID=1461) to work on /home/azureuser/.pyenv/versions/3.11.9/envs/airflow-venv/lib/python3.11/site-packages/airflow/example_dags/plugins/listener_plugin.py
[2025-07-30T20:47:38.335+0000] {processor.py:830} INFO - Processing file /home/azureuser/.pyenv/versions/3.11.9/envs/airflow-venv/lib/python3.11/site-packages/airflow/example_dags/plugins/listener_plugin.py for tasks to queue
[2025-07-30T20:47:38.338+0000] {logging_mixin.py:188} INFO - [2025-07-30T20:47:38.336+0000] {dagbag.py:538} INFO - Filling up the DagBag from /home/azureuser/.pyenv/versions/3.11.9/envs/airflow-venv/lib/python3.11/site-packages/airflow/example_dags/plugins/listener_plugin.py
[2025-07-30T20:47:38.343+0000] {processor.py:842} WARNING - No viable dags retrieved from /home/azureuser/.pyenv/versions/3.11.9/envs/airflow-venv/lib/python3.11/site-packages/airflow/example_dags/plugins/listener_plugin.py
[2025-07-30T20:47:38.355+0000] {processor.py:183} INFO - Processing /home/azureuser/.pyenv/versions/3.11.9/envs/airflow-venv/lib/python3.11/site-packages/airflow/example_dags/plugins/listener_plugin.py took 0.026 seconds
[2025-07-30T21:03:20.932+0000] {processor.py:161} INFO - Started process (PID=1648) to work on /home/azureuser/.pyenv/versions/3.11.9/envs/airflow-venv/lib/python3.11/site-packages/airflow/example_dags/plugins/listener_plugin.py
[2025-07-30T21:03:20.933+0000] {processor.py:830} INFO - Processing file /home/azureuser/.pyenv/versions/3.11.9/envs/airflow-venv/lib/python3.11/site-packages/airflow/example_dags/plugins/listener_plugin.py for tasks to queue
[2025-07-30T21:03:20.934+0000] {logging_mixin.py:188} INFO - [2025-07-30T21:03:20.933+0000] {dagbag.py:538} INFO - Filling up the DagBag from /home/azureuser/.pyenv/versions/3.11.9/envs/airflow-venv/lib/python3.11/site-packages/airflow/example_dags/plugins/listener_plugin.py
[2025-07-30T21:03:20.937+0000] {processor.py:842} WARNING - No viable dags retrieved from /home/azureuser/.pyenv/versions/3.11.9/envs/airflow-venv/lib/python3.11/site-packages/airflow/example_dags/plugins/listener_plugin.py
[2025-07-30T21:03:20.949+0000] {processor.py:183} INFO - Processing /home/azureuser/.pyenv/versions/3.11.9/envs/airflow-venv/lib/python3.11/site-packages/airflow/example_dags/plugins/listener_plugin.py took 0.021 seconds
[2025-07-30T21:04:00.316+0000] {processor.py:161} INFO - Started process (PID=1689) to work on /home/azureuser/.pyenv/versions/3.11.9/envs/airflow-venv/lib/python3.11/site-packages/airflow/example_dags/plugins/listener_plugin.py
[2025-07-30T21:04:00.317+0000] {processor.py:830} INFO - Processing file /home/azureuser/.pyenv/versions/3.11.9/envs/airflow-venv/lib/python3.11/site-packages/airflow/example_dags/plugins/listener_plugin.py for tasks to queue
[2025-07-30T21:04:00.318+0000] {logging_mixin.py:188} INFO - [2025-07-30T21:04:00.318+0000] {dagbag.py:538} INFO - Filling up the DagBag from /home/azureuser/.pyenv/versions/3.11.9/envs/airflow-venv/lib/python3.11/site-packages/airflow/example_dags/plugins/listener_plugin.py
[2025-07-30T21:04:00.322+0000] {processor.py:842} WARNING - No viable dags retrieved from /home/azureuser/.pyenv/versions/3.11.9/envs/airflow-venv/lib/python3.11/site-packages/airflow/example_dags/plugins/listener_plugin.py
[2025-07-30T21:04:00.334+0000] {processor.py:183} INFO - Processing /home/azureuser/.pyenv/versions/3.11.9/envs/airflow-venv/lib/python3.11/site-packages/airflow/example_dags/plugins/listener_plugin.py took 0.022 seconds
[2025-07-30T21:04:52.736+0000] {processor.py:161} INFO - Started process (PID=1736) to work on /home/azureuser/.pyenv/versions/3.11.9/envs/airflow-venv/lib/python3.11/site-packages/airflow/example_dags/plugins/listener_plugin.py
[2025-07-30T21:04:52.738+0000] {processor.py:830} INFO - Processing file /home/azureuser/.pyenv/versions/3.11.9/envs/airflow-venv/lib/python3.11/site-packages/airflow/example_dags/plugins/listener_plugin.py for tasks to queue
[2025-07-30T21:04:52.739+0000] {logging_mixin.py:188} INFO - [2025-07-30T21:04:52.738+0000] {dagbag.py:538} INFO - Filling up the DagBag from /home/azureuser/.pyenv/versions/3.11.9/envs/airflow-venv/lib/python3.11/site-packages/airflow/example_dags/plugins/listener_plugin.py
[2025-07-30T21:04:52.742+0000] {processor.py:842} WARNING - No viable dags retrieved from /home/azureuser/.pyenv/versions/3.11.9/envs/airflow-venv/lib/python3.11/site-packages/airflow/example_dags/plugins/listener_plugin.py
[2025-07-30T21:04:52.755+0000] {processor.py:183} INFO - Processing /home/azureuser/.pyenv/versions/3.11.9/envs/airflow-venv/lib/python3.11/site-packages/airflow/example_dags/plugins/listener_plugin.py took 0.022 seconds
[2025-07-30T21:05:34.647+0000] {processor.py:161} INFO - Started process (PID=1780) to work on /home/azureuser/.pyenv/versions/3.11.9/envs/airflow-venv/lib/python3.11/site-packages/airflow/example_dags/plugins/listener_plugin.py
[2025-07-30T21:05:34.649+0000] {processor.py:830} INFO - Processing file /home/azureuser/.pyenv/versions/3.11.9/envs/airflow-venv/lib/python3.11/site-packages/airflow/example_dags/plugins/listener_plugin.py for tasks to queue
[2025-07-30T21:05:34.650+0000] {logging_mixin.py:188} INFO - [2025-07-30T21:05:34.650+0000] {dagbag.py:538} INFO - Filling up the DagBag from /home/azureuser/.pyenv/versions/3.11.9/envs/airflow-venv/lib/python3.11/site-packages/airflow/example_dags/plugins/listener_plugin.py
[2025-07-30T21:05:34.654+0000] {processor.py:842} WARNING - No viable dags retrieved from /home/azureuser/.pyenv/versions/3.11.9/envs/airflow-venv/lib/python3.11/site-packages/airflow/example_dags/plugins/listener_plugin.py
[2025-07-30T21:05:34.666+0000] {processor.py:183} INFO - Processing /home/azureuser/.pyenv/versions/3.11.9/envs/airflow-venv/lib/python3.11/site-packages/airflow/example_dags/plugins/listener_plugin.py took 0.023 seconds
[2025-07-30T21:06:10.796+0000] {processor.py:161} INFO - Started process (PID=1817) to work on /home/azureuser/.pyenv/versions/3.11.9/envs/airflow-venv/lib/python3.11/site-packages/airflow/example_dags/plugins/listener_plugin.py
[2025-07-30T21:06:10.797+0000] {processor.py:830} INFO - Processing file /home/azureuser/.pyenv/versions/3.11.9/envs/airflow-venv/lib/python3.11/site-packages/airflow/example_dags/plugins/listener_plugin.py for tasks to queue
[2025-07-30T21:06:10.799+0000] {logging_mixin.py:188} INFO - [2025-07-30T21:06:10.798+0000] {dagbag.py:538} INFO - Filling up the DagBag from /home/azureuser/.pyenv/versions/3.11.9/envs/airflow-venv/lib/python3.11/site-packages/airflow/example_dags/plugins/listener_plugin.py
[2025-07-30T21:06:10.802+0000] {processor.py:842} WARNING - No viable dags retrieved from /home/azureuser/.pyenv/versions/3.11.9/envs/airflow-venv/lib/python3.11/site-packages/airflow/example_dags/plugins/listener_plugin.py
[2025-07-30T21:06:10.815+0000] {processor.py:183} INFO - Processing /home/azureuser/.pyenv/versions/3.11.9/envs/airflow-venv/lib/python3.11/site-packages/airflow/example_dags/plugins/listener_plugin.py took 0.023 seconds
[2025-07-30T21:06:46.233+0000] {processor.py:161} INFO - Started process (PID=1853) to work on /home/azureuser/.pyenv/versions/3.11.9/envs/airflow-venv/lib/python3.11/site-packages/airflow/example_dags/plugins/listener_plugin.py
[2025-07-30T21:06:46.234+0000] {processor.py:830} INFO - Processing file /home/azureuser/.pyenv/versions/3.11.9/envs/airflow-venv/lib/python3.11/site-packages/airflow/example_dags/plugins/listener_plugin.py for tasks to queue
[2025-07-30T21:06:46.235+0000] {logging_mixin.py:188} INFO - [2025-07-30T21:06:46.235+0000] {dagbag.py:538} INFO - Filling up the DagBag from /home/azureuser/.pyenv/versions/3.11.9/envs/airflow-venv/lib/python3.11/site-packages/airflow/example_dags/plugins/listener_plugin.py
[2025-07-30T21:06:46.239+0000] {processor.py:842} WARNING - No viable dags retrieved from /home/azureuser/.pyenv/versions/3.11.9/envs/airflow-venv/lib/python3.11/site-packages/airflow/example_dags/plugins/listener_plugin.py
[2025-07-30T21:06:46.251+0000] {processor.py:183} INFO - Processing /home/azureuser/.pyenv/versions/3.11.9/envs/airflow-venv/lib/python3.11/site-packages/airflow/example_dags/plugins/listener_plugin.py took 0.022 seconds
