[2025-07-30T00:20:47.231+0000] {processor.py:161} INFO - Started process (PID=34125) to work on /home/azureuser/.pyenv/versions/3.11.9/envs/airflow-venv/lib/python3.11/site-packages/airflow/example_dags/plugins/workday.py
[2025-07-30T00:20:47.232+0000] {processor.py:830} INFO - Processing file /home/azureuser/.pyenv/versions/3.11.9/envs/airflow-venv/lib/python3.11/site-packages/airflow/example_dags/plugins/workday.py for tasks to queue
[2025-07-30T00:20:47.233+0000] {logging_mixin.py:188} INFO - [2025-07-30T00:20:47.233+0000] {dagbag.py:538} INFO - Filling up the DagBag from /home/azureuser/.pyenv/versions/3.11.9/envs/airflow-venv/lib/python3.11/site-packages/airflow/example_dags/plugins/workday.py
[2025-07-30T00:20:47.237+0000] {logging_mixin.py:188} INFO - [2025-07-30T00:20:47.237+0000] {workday.py:40} WARNING - Could not import pandas. Holidays will not be considered.
[2025-07-30T00:20:47.238+0000] {processor.py:842} WARNING - No viable dags retrieved from /home/azureuser/.pyenv/versions/3.11.9/envs/airflow-venv/lib/python3.11/site-packages/airflow/example_dags/plugins/workday.py
[2025-07-30T00:20:47.254+0000] {processor.py:183} INFO - Processing /home/azureuser/.pyenv/versions/3.11.9/envs/airflow-venv/lib/python3.11/site-packages/airflow/example_dags/plugins/workday.py took 0.027 seconds
[2025-07-30T00:21:46.406+0000] {processor.py:161} INFO - Started process (PID=34273) to work on /home/azureuser/.pyenv/versions/3.11.9/envs/airflow-venv/lib/python3.11/site-packages/airflow/example_dags/plugins/workday.py
[2025-07-30T00:21:46.407+0000] {processor.py:830} INFO - Processing file /home/azureuser/.pyenv/versions/3.11.9/envs/airflow-venv/lib/python3.11/site-packages/airflow/example_dags/plugins/workday.py for tasks to queue
[2025-07-30T00:21:46.408+0000] {logging_mixin.py:188} INFO - [2025-07-30T00:21:46.408+0000] {dagbag.py:538} INFO - Filling up the DagBag from /home/azureuser/.pyenv/versions/3.11.9/envs/airflow-venv/lib/python3.11/site-packages/airflow/example_dags/plugins/workday.py
[2025-07-30T00:21:46.413+0000] {logging_mixin.py:188} INFO - [2025-07-30T00:21:46.412+0000] {workday.py:40} WARNING - Could not import pandas. Holidays will not be considered.
[2025-07-30T00:21:46.413+0000] {processor.py:842} WARNING - No viable dags retrieved from /home/azureuser/.pyenv/versions/3.11.9/envs/airflow-venv/lib/python3.11/site-packages/airflow/example_dags/plugins/workday.py
[2025-07-30T00:21:46.430+0000] {processor.py:183} INFO - Processing /home/azureuser/.pyenv/versions/3.11.9/envs/airflow-venv/lib/python3.11/site-packages/airflow/example_dags/plugins/workday.py took 0.029 seconds
[2025-07-30T00:22:33.028+0000] {processor.py:161} INFO - Started process (PID=34344) to work on /home/azureuser/.pyenv/versions/3.11.9/envs/airflow-venv/lib/python3.11/site-packages/airflow/example_dags/plugins/workday.py
[2025-07-30T00:22:33.029+0000] {processor.py:830} INFO - Processing file /home/azureuser/.pyenv/versions/3.11.9/envs/airflow-venv/lib/python3.11/site-packages/airflow/example_dags/plugins/workday.py for tasks to queue
[2025-07-30T00:22:33.031+0000] {logging_mixin.py:188} INFO - [2025-07-30T00:22:33.030+0000] {dagbag.py:538} INFO - Filling up the DagBag from /home/azureuser/.pyenv/versions/3.11.9/envs/airflow-venv/lib/python3.11/site-packages/airflow/example_dags/plugins/workday.py
[2025-07-30T00:22:33.034+0000] {logging_mixin.py:188} INFO - [2025-07-30T00:22:33.034+0000] {workday.py:40} WARNING - Could not import pandas. Holidays will not be considered.
[2025-07-30T00:22:33.034+0000] {processor.py:842} WARNING - No viable dags retrieved from /home/azureuser/.pyenv/versions/3.11.9/envs/airflow-venv/lib/python3.11/site-packages/airflow/example_dags/plugins/workday.py
[2025-07-30T00:22:33.060+0000] {processor.py:183} INFO - Processing /home/azureuser/.pyenv/versions/3.11.9/envs/airflow-venv/lib/python3.11/site-packages/airflow/example_dags/plugins/workday.py took 0.036 seconds
[2025-07-30T00:23:14.819+0000] {processor.py:161} INFO - Started process (PID=34403) to work on /home/azureuser/.pyenv/versions/3.11.9/envs/airflow-venv/lib/python3.11/site-packages/airflow/example_dags/plugins/workday.py
[2025-07-30T00:23:14.820+0000] {processor.py:830} INFO - Processing file /home/azureuser/.pyenv/versions/3.11.9/envs/airflow-venv/lib/python3.11/site-packages/airflow/example_dags/plugins/workday.py for tasks to queue
[2025-07-30T00:23:14.822+0000] {logging_mixin.py:188} INFO - [2025-07-30T00:23:14.821+0000] {dagbag.py:538} INFO - Filling up the DagBag from /home/azureuser/.pyenv/versions/3.11.9/envs/airflow-venv/lib/python3.11/site-packages/airflow/example_dags/plugins/workday.py
[2025-07-30T00:23:14.825+0000] {logging_mixin.py:188} INFO - [2025-07-30T00:23:14.825+0000] {workday.py:40} WARNING - Could not import pandas. Holidays will not be considered.
[2025-07-30T00:23:14.826+0000] {processor.py:842} WARNING - No viable dags retrieved from /home/azureuser/.pyenv/versions/3.11.9/envs/airflow-venv/lib/python3.11/site-packages/airflow/example_dags/plugins/workday.py
[2025-07-30T00:23:14.839+0000] {processor.py:183} INFO - Processing /home/azureuser/.pyenv/versions/3.11.9/envs/airflow-venv/lib/python3.11/site-packages/airflow/example_dags/plugins/workday.py took 0.024 seconds
[2025-07-30T00:23:54.133+0000] {processor.py:161} INFO - Started process (PID=34465) to work on /home/azureuser/.pyenv/versions/3.11.9/envs/airflow-venv/lib/python3.11/site-packages/airflow/example_dags/plugins/workday.py
[2025-07-30T00:23:54.135+0000] {processor.py:830} INFO - Processing file /home/azureuser/.pyenv/versions/3.11.9/envs/airflow-venv/lib/python3.11/site-packages/airflow/example_dags/plugins/workday.py for tasks to queue
[2025-07-30T00:23:54.136+0000] {logging_mixin.py:188} INFO - [2025-07-30T00:23:54.136+0000] {dagbag.py:538} INFO - Filling up the DagBag from /home/azureuser/.pyenv/versions/3.11.9/envs/airflow-venv/lib/python3.11/site-packages/airflow/example_dags/plugins/workday.py
[2025-07-30T00:23:54.140+0000] {logging_mixin.py:188} INFO - [2025-07-30T00:23:54.140+0000] {workday.py:40} WARNING - Could not import pandas. Holidays will not be considered.
[2025-07-30T00:23:54.141+0000] {processor.py:842} WARNING - No viable dags retrieved from /home/azureuser/.pyenv/versions/3.11.9/envs/airflow-venv/lib/python3.11/site-packages/airflow/example_dags/plugins/workday.py
[2025-07-30T00:23:54.156+0000] {processor.py:183} INFO - Processing /home/azureuser/.pyenv/versions/3.11.9/envs/airflow-venv/lib/python3.11/site-packages/airflow/example_dags/plugins/workday.py took 0.027 seconds
[2025-07-30T00:24:43.756+0000] {processor.py:161} INFO - Started process (PID=34526) to work on /home/azureuser/.pyenv/versions/3.11.9/envs/airflow-venv/lib/python3.11/site-packages/airflow/example_dags/plugins/workday.py
[2025-07-30T00:24:43.757+0000] {processor.py:830} INFO - Processing file /home/azureuser/.pyenv/versions/3.11.9/envs/airflow-venv/lib/python3.11/site-packages/airflow/example_dags/plugins/workday.py for tasks to queue
[2025-07-30T00:24:43.758+0000] {logging_mixin.py:188} INFO - [2025-07-30T00:24:43.758+0000] {dagbag.py:538} INFO - Filling up the DagBag from /home/azureuser/.pyenv/versions/3.11.9/envs/airflow-venv/lib/python3.11/site-packages/airflow/example_dags/plugins/workday.py
[2025-07-30T00:24:43.762+0000] {logging_mixin.py:188} INFO - [2025-07-30T00:24:43.762+0000] {workday.py:40} WARNING - Could not import pandas. Holidays will not be considered.
[2025-07-30T00:24:43.762+0000] {processor.py:842} WARNING - No viable dags retrieved from /home/azureuser/.pyenv/versions/3.11.9/envs/airflow-venv/lib/python3.11/site-packages/airflow/example_dags/plugins/workday.py
[2025-07-30T00:24:43.775+0000] {processor.py:183} INFO - Processing /home/azureuser/.pyenv/versions/3.11.9/envs/airflow-venv/lib/python3.11/site-packages/airflow/example_dags/plugins/workday.py took 0.024 seconds
[2025-07-30T00:25:29.899+0000] {processor.py:161} INFO - Started process (PID=34603) to work on /home/azureuser/.pyenv/versions/3.11.9/envs/airflow-venv/lib/python3.11/site-packages/airflow/example_dags/plugins/workday.py
[2025-07-30T00:25:29.901+0000] {processor.py:830} INFO - Processing file /home/azureuser/.pyenv/versions/3.11.9/envs/airflow-venv/lib/python3.11/site-packages/airflow/example_dags/plugins/workday.py for tasks to queue
[2025-07-30T00:25:29.902+0000] {logging_mixin.py:188} INFO - [2025-07-30T00:25:29.901+0000] {dagbag.py:538} INFO - Filling up the DagBag from /home/azureuser/.pyenv/versions/3.11.9/envs/airflow-venv/lib/python3.11/site-packages/airflow/example_dags/plugins/workday.py
[2025-07-30T00:25:29.907+0000] {logging_mixin.py:188} INFO - [2025-07-30T00:25:29.907+0000] {workday.py:40} WARNING - Could not import pandas. Holidays will not be considered.
[2025-07-30T00:25:29.908+0000] {processor.py:842} WARNING - No viable dags retrieved from /home/azureuser/.pyenv/versions/3.11.9/envs/airflow-venv/lib/python3.11/site-packages/airflow/example_dags/plugins/workday.py
[2025-07-30T00:25:29.924+0000] {processor.py:183} INFO - Processing /home/azureuser/.pyenv/versions/3.11.9/envs/airflow-venv/lib/python3.11/site-packages/airflow/example_dags/plugins/workday.py took 0.029 seconds
[2025-07-30T00:26:10.663+0000] {processor.py:161} INFO - Started process (PID=34663) to work on /home/azureuser/.pyenv/versions/3.11.9/envs/airflow-venv/lib/python3.11/site-packages/airflow/example_dags/plugins/workday.py
[2025-07-30T00:26:10.667+0000] {processor.py:830} INFO - Processing file /home/azureuser/.pyenv/versions/3.11.9/envs/airflow-venv/lib/python3.11/site-packages/airflow/example_dags/plugins/workday.py for tasks to queue
[2025-07-30T00:26:10.669+0000] {logging_mixin.py:188} INFO - [2025-07-30T00:26:10.668+0000] {dagbag.py:538} INFO - Filling up the DagBag from /home/azureuser/.pyenv/versions/3.11.9/envs/airflow-venv/lib/python3.11/site-packages/airflow/example_dags/plugins/workday.py
[2025-07-30T00:26:10.676+0000] {logging_mixin.py:188} INFO - [2025-07-30T00:26:10.676+0000] {workday.py:40} WARNING - Could not import pandas. Holidays will not be considered.
[2025-07-30T00:26:10.677+0000] {processor.py:842} WARNING - No viable dags retrieved from /home/azureuser/.pyenv/versions/3.11.9/envs/airflow-venv/lib/python3.11/site-packages/airflow/example_dags/plugins/workday.py
[2025-07-30T00:26:10.716+0000] {processor.py:183} INFO - Processing /home/azureuser/.pyenv/versions/3.11.9/envs/airflow-venv/lib/python3.11/site-packages/airflow/example_dags/plugins/workday.py took 0.060 seconds
[2025-07-30T20:45:28.175+0000] {processor.py:161} INFO - Started process (PID=1240) to work on /home/azureuser/.pyenv/versions/3.11.9/envs/airflow-venv/lib/python3.11/site-packages/airflow/example_dags/plugins/workday.py
[2025-07-30T20:45:28.179+0000] {processor.py:830} INFO - Processing file /home/azureuser/.pyenv/versions/3.11.9/envs/airflow-venv/lib/python3.11/site-packages/airflow/example_dags/plugins/workday.py for tasks to queue
[2025-07-30T20:45:28.180+0000] {logging_mixin.py:188} INFO - [2025-07-30T20:45:28.180+0000] {dagbag.py:538} INFO - Filling up the DagBag from /home/azureuser/.pyenv/versions/3.11.9/envs/airflow-venv/lib/python3.11/site-packages/airflow/example_dags/plugins/workday.py
[2025-07-30T20:45:28.183+0000] {logging_mixin.py:188} INFO - [2025-07-30T20:45:28.183+0000] {workday.py:40} WARNING - Could not import pandas. Holidays will not be considered.
[2025-07-30T20:45:28.184+0000] {processor.py:842} WARNING - No viable dags retrieved from /home/azureuser/.pyenv/versions/3.11.9/envs/airflow-venv/lib/python3.11/site-packages/airflow/example_dags/plugins/workday.py
[2025-07-30T20:45:28.195+0000] {processor.py:183} INFO - Processing /home/azureuser/.pyenv/versions/3.11.9/envs/airflow-venv/lib/python3.11/site-packages/airflow/example_dags/plugins/workday.py took 0.023 seconds
[2025-07-30T20:46:20.361+0000] {processor.py:161} INFO - Started process (PID=1381) to work on /home/azureuser/.pyenv/versions/3.11.9/envs/airflow-venv/lib/python3.11/site-packages/airflow/example_dags/plugins/workday.py
[2025-07-30T20:46:20.362+0000] {processor.py:830} INFO - Processing file /home/azureuser/.pyenv/versions/3.11.9/envs/airflow-venv/lib/python3.11/site-packages/airflow/example_dags/plugins/workday.py for tasks to queue
[2025-07-30T20:46:20.363+0000] {logging_mixin.py:188} INFO - [2025-07-30T20:46:20.363+0000] {dagbag.py:538} INFO - Filling up the DagBag from /home/azureuser/.pyenv/versions/3.11.9/envs/airflow-venv/lib/python3.11/site-packages/airflow/example_dags/plugins/workday.py
[2025-07-30T20:46:20.367+0000] {logging_mixin.py:188} INFO - [2025-07-30T20:46:20.367+0000] {workday.py:40} WARNING - Could not import pandas. Holidays will not be considered.
[2025-07-30T20:46:20.367+0000] {processor.py:842} WARNING - No viable dags retrieved from /home/azureuser/.pyenv/versions/3.11.9/envs/airflow-venv/lib/python3.11/site-packages/airflow/example_dags/plugins/workday.py
[2025-07-30T20:46:20.379+0000] {processor.py:183} INFO - Processing /home/azureuser/.pyenv/versions/3.11.9/envs/airflow-venv/lib/python3.11/site-packages/airflow/example_dags/plugins/workday.py took 0.021 seconds
[2025-07-30T20:46:59.157+0000] {processor.py:161} INFO - Started process (PID=1421) to work on /home/azureuser/.pyenv/versions/3.11.9/envs/airflow-venv/lib/python3.11/site-packages/airflow/example_dags/plugins/workday.py
[2025-07-30T20:46:59.158+0000] {processor.py:830} INFO - Processing file /home/azureuser/.pyenv/versions/3.11.9/envs/airflow-venv/lib/python3.11/site-packages/airflow/example_dags/plugins/workday.py for tasks to queue
[2025-07-30T20:46:59.159+0000] {logging_mixin.py:188} INFO - [2025-07-30T20:46:59.158+0000] {dagbag.py:538} INFO - Filling up the DagBag from /home/azureuser/.pyenv/versions/3.11.9/envs/airflow-venv/lib/python3.11/site-packages/airflow/example_dags/plugins/workday.py
[2025-07-30T20:46:59.163+0000] {logging_mixin.py:188} INFO - [2025-07-30T20:46:59.163+0000] {workday.py:40} WARNING - Could not import pandas. Holidays will not be considered.
[2025-07-30T20:46:59.163+0000] {processor.py:842} WARNING - No viable dags retrieved from /home/azureuser/.pyenv/versions/3.11.9/envs/airflow-venv/lib/python3.11/site-packages/airflow/example_dags/plugins/workday.py
[2025-07-30T20:46:59.175+0000] {processor.py:183} INFO - Processing /home/azureuser/.pyenv/versions/3.11.9/envs/airflow-venv/lib/python3.11/site-packages/airflow/example_dags/plugins/workday.py took 0.022 seconds
[2025-07-30T20:47:34.326+0000] {processor.py:161} INFO - Started process (PID=1457) to work on /home/azureuser/.pyenv/versions/3.11.9/envs/airflow-venv/lib/python3.11/site-packages/airflow/example_dags/plugins/workday.py
[2025-07-30T20:47:34.328+0000] {processor.py:830} INFO - Processing file /home/azureuser/.pyenv/versions/3.11.9/envs/airflow-venv/lib/python3.11/site-packages/airflow/example_dags/plugins/workday.py for tasks to queue
[2025-07-30T20:47:34.329+0000] {logging_mixin.py:188} INFO - [2025-07-30T20:47:34.329+0000] {dagbag.py:538} INFO - Filling up the DagBag from /home/azureuser/.pyenv/versions/3.11.9/envs/airflow-venv/lib/python3.11/site-packages/airflow/example_dags/plugins/workday.py
[2025-07-30T20:47:34.332+0000] {logging_mixin.py:188} INFO - [2025-07-30T20:47:34.332+0000] {workday.py:40} WARNING - Could not import pandas. Holidays will not be considered.
[2025-07-30T20:47:34.333+0000] {processor.py:842} WARNING - No viable dags retrieved from /home/azureuser/.pyenv/versions/3.11.9/envs/airflow-venv/lib/python3.11/site-packages/airflow/example_dags/plugins/workday.py
[2025-07-30T20:47:34.344+0000] {processor.py:183} INFO - Processing /home/azureuser/.pyenv/versions/3.11.9/envs/airflow-venv/lib/python3.11/site-packages/airflow/example_dags/plugins/workday.py took 0.021 seconds
[2025-07-30T21:03:16.918+0000] {processor.py:161} INFO - Started process (PID=1644) to work on /home/azureuser/.pyenv/versions/3.11.9/envs/airflow-venv/lib/python3.11/site-packages/airflow/example_dags/plugins/workday.py
[2025-07-30T21:03:16.919+0000] {processor.py:830} INFO - Processing file /home/azureuser/.pyenv/versions/3.11.9/envs/airflow-venv/lib/python3.11/site-packages/airflow/example_dags/plugins/workday.py for tasks to queue
[2025-07-30T21:03:16.920+0000] {logging_mixin.py:188} INFO - [2025-07-30T21:03:16.920+0000] {dagbag.py:538} INFO - Filling up the DagBag from /home/azureuser/.pyenv/versions/3.11.9/envs/airflow-venv/lib/python3.11/site-packages/airflow/example_dags/plugins/workday.py
[2025-07-30T21:03:16.923+0000] {logging_mixin.py:188} INFO - [2025-07-30T21:03:16.923+0000] {workday.py:40} WARNING - Could not import pandas. Holidays will not be considered.
[2025-07-30T21:03:16.924+0000] {processor.py:842} WARNING - No viable dags retrieved from /home/azureuser/.pyenv/versions/3.11.9/envs/airflow-venv/lib/python3.11/site-packages/airflow/example_dags/plugins/workday.py
[2025-07-30T21:03:16.936+0000] {processor.py:183} INFO - Processing /home/azureuser/.pyenv/versions/3.11.9/envs/airflow-venv/lib/python3.11/site-packages/airflow/example_dags/plugins/workday.py took 0.022 seconds
[2025-07-30T21:03:55.762+0000] {processor.py:161} INFO - Started process (PID=1684) to work on /home/azureuser/.pyenv/versions/3.11.9/envs/airflow-venv/lib/python3.11/site-packages/airflow/example_dags/plugins/workday.py
[2025-07-30T21:03:55.763+0000] {processor.py:830} INFO - Processing file /home/azureuser/.pyenv/versions/3.11.9/envs/airflow-venv/lib/python3.11/site-packages/airflow/example_dags/plugins/workday.py for tasks to queue
[2025-07-30T21:03:55.764+0000] {logging_mixin.py:188} INFO - [2025-07-30T21:03:55.764+0000] {dagbag.py:538} INFO - Filling up the DagBag from /home/azureuser/.pyenv/versions/3.11.9/envs/airflow-venv/lib/python3.11/site-packages/airflow/example_dags/plugins/workday.py
[2025-07-30T21:03:55.768+0000] {logging_mixin.py:188} INFO - [2025-07-30T21:03:55.768+0000] {workday.py:40} WARNING - Could not import pandas. Holidays will not be considered.
[2025-07-30T21:03:55.769+0000] {processor.py:842} WARNING - No viable dags retrieved from /home/azureuser/.pyenv/versions/3.11.9/envs/airflow-venv/lib/python3.11/site-packages/airflow/example_dags/plugins/workday.py
[2025-07-30T21:03:55.781+0000] {processor.py:183} INFO - Processing /home/azureuser/.pyenv/versions/3.11.9/envs/airflow-venv/lib/python3.11/site-packages/airflow/example_dags/plugins/workday.py took 0.023 seconds
[2025-07-30T21:04:48.663+0000] {processor.py:161} INFO - Started process (PID=1732) to work on /home/azureuser/.pyenv/versions/3.11.9/envs/airflow-venv/lib/python3.11/site-packages/airflow/example_dags/plugins/workday.py
[2025-07-30T21:04:48.664+0000] {processor.py:830} INFO - Processing file /home/azureuser/.pyenv/versions/3.11.9/envs/airflow-venv/lib/python3.11/site-packages/airflow/example_dags/plugins/workday.py for tasks to queue
[2025-07-30T21:04:48.666+0000] {logging_mixin.py:188} INFO - [2025-07-30T21:04:48.665+0000] {dagbag.py:538} INFO - Filling up the DagBag from /home/azureuser/.pyenv/versions/3.11.9/envs/airflow-venv/lib/python3.11/site-packages/airflow/example_dags/plugins/workday.py
[2025-07-30T21:04:48.671+0000] {logging_mixin.py:188} INFO - [2025-07-30T21:04:48.671+0000] {workday.py:40} WARNING - Could not import pandas. Holidays will not be considered.
[2025-07-30T21:04:48.672+0000] {processor.py:842} WARNING - No viable dags retrieved from /home/azureuser/.pyenv/versions/3.11.9/envs/airflow-venv/lib/python3.11/site-packages/airflow/example_dags/plugins/workday.py
[2025-07-30T21:04:48.684+0000] {processor.py:183} INFO - Processing /home/azureuser/.pyenv/versions/3.11.9/envs/airflow-venv/lib/python3.11/site-packages/airflow/example_dags/plugins/workday.py took 0.025 seconds
[2025-07-30T21:05:30.082+0000] {processor.py:161} INFO - Started process (PID=1776) to work on /home/azureuser/.pyenv/versions/3.11.9/envs/airflow-venv/lib/python3.11/site-packages/airflow/example_dags/plugins/workday.py
[2025-07-30T21:05:30.084+0000] {processor.py:830} INFO - Processing file /home/azureuser/.pyenv/versions/3.11.9/envs/airflow-venv/lib/python3.11/site-packages/airflow/example_dags/plugins/workday.py for tasks to queue
[2025-07-30T21:05:30.085+0000] {logging_mixin.py:188} INFO - [2025-07-30T21:05:30.084+0000] {dagbag.py:538} INFO - Filling up the DagBag from /home/azureuser/.pyenv/versions/3.11.9/envs/airflow-venv/lib/python3.11/site-packages/airflow/example_dags/plugins/workday.py
[2025-07-30T21:05:30.091+0000] {logging_mixin.py:188} INFO - [2025-07-30T21:05:30.091+0000] {workday.py:40} WARNING - Could not import pandas. Holidays will not be considered.
[2025-07-30T21:05:30.092+0000] {processor.py:842} WARNING - No viable dags retrieved from /home/azureuser/.pyenv/versions/3.11.9/envs/airflow-venv/lib/python3.11/site-packages/airflow/example_dags/plugins/workday.py
[2025-07-30T21:05:30.104+0000] {processor.py:183} INFO - Processing /home/azureuser/.pyenv/versions/3.11.9/envs/airflow-venv/lib/python3.11/site-packages/airflow/example_dags/plugins/workday.py took 0.025 seconds
[2025-07-30T21:06:06.229+0000] {processor.py:161} INFO - Started process (PID=1813) to work on /home/azureuser/.pyenv/versions/3.11.9/envs/airflow-venv/lib/python3.11/site-packages/airflow/example_dags/plugins/workday.py
[2025-07-30T21:06:06.230+0000] {processor.py:830} INFO - Processing file /home/azureuser/.pyenv/versions/3.11.9/envs/airflow-venv/lib/python3.11/site-packages/airflow/example_dags/plugins/workday.py for tasks to queue
[2025-07-30T21:06:06.231+0000] {logging_mixin.py:188} INFO - [2025-07-30T21:06:06.231+0000] {dagbag.py:538} INFO - Filling up the DagBag from /home/azureuser/.pyenv/versions/3.11.9/envs/airflow-venv/lib/python3.11/site-packages/airflow/example_dags/plugins/workday.py
[2025-07-30T21:06:06.235+0000] {logging_mixin.py:188} INFO - [2025-07-30T21:06:06.234+0000] {workday.py:40} WARNING - Could not import pandas. Holidays will not be considered.
[2025-07-30T21:06:06.235+0000] {processor.py:842} WARNING - No viable dags retrieved from /home/azureuser/.pyenv/versions/3.11.9/envs/airflow-venv/lib/python3.11/site-packages/airflow/example_dags/plugins/workday.py
[2025-07-30T21:06:06.247+0000] {processor.py:183} INFO - Processing /home/azureuser/.pyenv/versions/3.11.9/envs/airflow-venv/lib/python3.11/site-packages/airflow/example_dags/plugins/workday.py took 0.022 seconds
[2025-07-30T21:06:42.451+0000] {processor.py:161} INFO - Started process (PID=1849) to work on /home/azureuser/.pyenv/versions/3.11.9/envs/airflow-venv/lib/python3.11/site-packages/airflow/example_dags/plugins/workday.py
[2025-07-30T21:06:42.452+0000] {processor.py:830} INFO - Processing file /home/azureuser/.pyenv/versions/3.11.9/envs/airflow-venv/lib/python3.11/site-packages/airflow/example_dags/plugins/workday.py for tasks to queue
[2025-07-30T21:06:42.453+0000] {logging_mixin.py:188} INFO - [2025-07-30T21:06:42.453+0000] {dagbag.py:538} INFO - Filling up the DagBag from /home/azureuser/.pyenv/versions/3.11.9/envs/airflow-venv/lib/python3.11/site-packages/airflow/example_dags/plugins/workday.py
[2025-07-30T21:06:42.457+0000] {logging_mixin.py:188} INFO - [2025-07-30T21:06:42.456+0000] {workday.py:40} WARNING - Could not import pandas. Holidays will not be considered.
[2025-07-30T21:06:42.457+0000] {processor.py:842} WARNING - No viable dags retrieved from /home/azureuser/.pyenv/versions/3.11.9/envs/airflow-venv/lib/python3.11/site-packages/airflow/example_dags/plugins/workday.py
[2025-07-30T21:06:42.470+0000] {processor.py:183} INFO - Processing /home/azureuser/.pyenv/versions/3.11.9/envs/airflow-venv/lib/python3.11/site-packages/airflow/example_dags/plugins/workday.py took 0.023 seconds
